[0.050s] Invoking command in '/home/chino/fabrica_ws/build/conveyorbelt_msgs': CMAKE_PREFIX_PATH=${CMAKE_PREFIX_PATH}:/home/chino/fabrica_ws/install/banda:/opt/ros/humble /usr/bin/cmake --build /home/chino/fabrica_ws/build/conveyorbelt_msgs -- -j16 -l16
[0.660s] [  2%] Built target conveyorbelt_msgs__cpp
[0.661s] [ 12%] Built target conveyorbelt_msgs__rosidl_generator_c
[0.662s] [ 12%] Built target ament_cmake_python_copy_conveyorbelt_msgs
[0.663s] [ 25%] Built target conveyorbelt_msgs__rosidl_typesupport_fastrtps_cpp
[0.663s] [ 33%] Built target conveyorbelt_msgs__rosidl_typesupport_introspection_cpp
[0.664s] [ 43%] Built target conveyorbelt_msgs__rosidl_typesupport_cpp
[0.664s] [ 58%] Built target conveyorbelt_msgs__rosidl_typesupport_c
[0.666s] [ 64%] Built target conveyorbelt_msgs__rosidl_typesupport_introspection_c
[0.668s] [ 74%] Built target conveyorbelt_msgs__rosidl_typesupport_fastrtps_c
[0.670s] [ 74%] Built target conveyorbelt_msgs
[0.671s] [ 76%] Built target conveyorbelt_msgs__py
[0.673s] [ 84%] Built target conveyorbelt_msgs__rosidl_generator_py
[0.673s] [ 94%] Built target conveyorbelt_msgs__rosidl_typesupport_introspection_c__pyext
[0.674s] [ 94%] Built target conveyorbelt_msgs__rosidl_typesupport_c__pyext
[0.677s] [100%] Built target conveyorbelt_msgs__rosidl_typesupport_fastrtps_c__pyext
[0.751s] running egg_info
[0.753s] writing conveyorbelt_msgs.egg-info/PKG-INFO
[0.753s] writing dependency_links to conveyorbelt_msgs.egg-info/dependency_links.txt
[0.754s] writing top-level names to conveyorbelt_msgs.egg-info/top_level.txt
[0.758s] reading manifest file 'conveyorbelt_msgs.egg-info/SOURCES.txt'
[0.759s] writing manifest file 'conveyorbelt_msgs.egg-info/SOURCES.txt'
[0.808s] [100%] Built target ament_cmake_python_build_conveyorbelt_msgs_egg
[0.835s] Invoked command in '/home/chino/fabrica_ws/build/conveyorbelt_msgs' returned '0': CMAKE_PREFIX_PATH=${CMAKE_PREFIX_PATH}:/home/chino/fabrica_ws/install/banda:/opt/ros/humble /usr/bin/cmake --build /home/chino/fabrica_ws/build/conveyorbelt_msgs -- -j16 -l16
[0.839s] Invoking command in '/home/chino/fabrica_ws/build/conveyorbelt_msgs': CMAKE_PREFIX_PATH=${CMAKE_PREFIX_PATH}:/home/chino/fabrica_ws/install/banda:/opt/ros/humble /usr/bin/cmake --install /home/chino/fabrica_ws/build/conveyorbelt_msgs
[0.856s] -- Install configuration: ""
[0.856s] -- Up-to-date: /home/chino/fabrica_ws/install/conveyorbelt_msgs/share/conveyorbelt_msgs/msg
[0.857s] -- Up-to-date: /home/chino/fabrica_ws/install/conveyorbelt_msgs/share/conveyorbelt_msgs/msg/ConveyorBeltState.msg
[0.857s] -- Up-to-date: /home/chino/fabrica_ws/install/conveyorbelt_msgs/share/conveyorbelt_msgs/srv
[0.858s] -- Up-to-date: /home/chino/fabrica_ws/install/conveyorbelt_msgs/share/conveyorbelt_msgs/srv/ConveyorBeltControl.srv
[0.858s] -- Up-to-date: /home/chino/fabrica_ws/install/conveyorbelt_msgs/share/ament_index/resource_index/rosidl_interfaces/conveyorbelt_msgs
[0.859s] -- Up-to-date: /home/chino/fabrica_ws/install/conveyorbelt_msgs/include/conveyorbelt_msgs/conveyorbelt_msgs
[0.859s] -- Up-to-date: /home/chino/fabrica_ws/install/conveyorbelt_msgs/include/conveyorbelt_msgs/conveyorbelt_msgs/srv
[0.859s] -- Up-to-date: /home/chino/fabrica_ws/install/conveyorbelt_msgs/include/conveyorbelt_msgs/conveyorbelt_msgs/srv/conveyor_belt_control.h
[0.860s] -- Up-to-date: /home/chino/fabrica_ws/install/conveyorbelt_msgs/include/conveyorbelt_msgs/conveyorbelt_msgs/srv/detail
[0.860s] -- Up-to-date: /home/chino/fabrica_ws/install/conveyorbelt_msgs/include/conveyorbelt_msgs/conveyorbelt_msgs/srv/detail/conveyor_belt_control__struct.h
[0.860s] -- Up-to-date: /home/chino/fabrica_ws/install/conveyorbelt_msgs/include/conveyorbelt_msgs/conveyorbelt_msgs/srv/detail/conveyor_belt_control__type_support.h
[0.861s] -- Up-to-date: /home/chino/fabrica_ws/install/conveyorbelt_msgs/include/conveyorbelt_msgs/conveyorbelt_msgs/srv/detail/conveyor_belt_control__functions.c
[0.861s] -- Up-to-date: /home/chino/fabrica_ws/install/conveyorbelt_msgs/include/conveyorbelt_msgs/conveyorbelt_msgs/srv/detail/conveyor_belt_control__functions.h
[0.862s] -- Up-to-date: /home/chino/fabrica_ws/install/conveyorbelt_msgs/include/conveyorbelt_msgs/conveyorbelt_msgs/msg
[0.862s] -- Up-to-date: /home/chino/fabrica_ws/install/conveyorbelt_msgs/include/conveyorbelt_msgs/conveyorbelt_msgs/msg/conveyor_belt_state.h
[0.863s] -- Up-to-date: /home/chino/fabrica_ws/install/conveyorbelt_msgs/include/conveyorbelt_msgs/conveyorbelt_msgs/msg/rosidl_generator_c__visibility_control.h
[0.864s] -- Up-to-date: /home/chino/fabrica_ws/install/conveyorbelt_msgs/include/conveyorbelt_msgs/conveyorbelt_msgs/msg/detail
[0.864s] -- Up-to-date: /home/chino/fabrica_ws/install/conveyorbelt_msgs/include/conveyorbelt_msgs/conveyorbelt_msgs/msg/detail/conveyor_belt_state__struct.h
[0.864s] -- Up-to-date: /home/chino/fabrica_ws/install/conveyorbelt_msgs/include/conveyorbelt_msgs/conveyorbelt_msgs/msg/detail/conveyor_belt_state__functions.h
[0.864s] -- Up-to-date: /home/chino/fabrica_ws/install/conveyorbelt_msgs/include/conveyorbelt_msgs/conveyorbelt_msgs/msg/detail/conveyor_belt_state__functions.c
[0.865s] -- Up-to-date: /home/chino/fabrica_ws/install/conveyorbelt_msgs/include/conveyorbelt_msgs/conveyorbelt_msgs/msg/detail/conveyor_belt_state__type_support.h
[0.865s] -- Up-to-date: /home/chino/fabrica_ws/install/conveyorbelt_msgs/share/conveyorbelt_msgs/environment/library_path.sh
[0.866s] -- Up-to-date: /home/chino/fabrica_ws/install/conveyorbelt_msgs/share/conveyorbelt_msgs/environment/library_path.dsv
[0.866s] -- Up-to-date: /home/chino/fabrica_ws/install/conveyorbelt_msgs/lib/libconveyorbelt_msgs__rosidl_generator_c.so
[0.867s] -- Up-to-date: /home/chino/fabrica_ws/install/conveyorbelt_msgs/include/conveyorbelt_msgs/conveyorbelt_msgs
[0.867s] -- Up-to-date: /home/chino/fabrica_ws/install/conveyorbelt_msgs/include/conveyorbelt_msgs/conveyorbelt_msgs/srv
[0.868s] -- Up-to-date: /home/chino/fabrica_ws/install/conveyorbelt_msgs/include/conveyorbelt_msgs/conveyorbelt_msgs/srv/detail
[0.868s] -- Up-to-date: /home/chino/fabrica_ws/install/conveyorbelt_msgs/include/conveyorbelt_msgs/conveyorbelt_msgs/srv/detail/conveyor_belt_control__rosidl_typesupport_fastrtps_c.h
[0.869s] -- Up-to-date: /home/chino/fabrica_ws/install/conveyorbelt_msgs/include/conveyorbelt_msgs/conveyorbelt_msgs/msg
[0.869s] -- Up-to-date: /home/chino/fabrica_ws/install/conveyorbelt_msgs/include/conveyorbelt_msgs/conveyorbelt_msgs/msg/rosidl_typesupport_fastrtps_c__visibility_control.h
[0.869s] -- Up-to-date: /home/chino/fabrica_ws/install/conveyorbelt_msgs/include/conveyorbelt_msgs/conveyorbelt_msgs/msg/detail
[0.870s] -- Up-to-date: /home/chino/fabrica_ws/install/conveyorbelt_msgs/include/conveyorbelt_msgs/conveyorbelt_msgs/msg/detail/conveyor_belt_state__rosidl_typesupport_fastrtps_c.h
[0.870s] -- Up-to-date: /home/chino/fabrica_ws/install/conveyorbelt_msgs/lib/libconveyorbelt_msgs__rosidl_typesupport_fastrtps_c.so
[0.871s] -- Up-to-date: /home/chino/fabrica_ws/install/conveyorbelt_msgs/include/conveyorbelt_msgs/conveyorbelt_msgs
[0.871s] -- Up-to-date: /home/chino/fabrica_ws/install/conveyorbelt_msgs/include/conveyorbelt_msgs/conveyorbelt_msgs/srv
[0.871s] -- Up-to-date: /home/chino/fabrica_ws/install/conveyorbelt_msgs/include/conveyorbelt_msgs/conveyorbelt_msgs/srv/detail
[0.871s] -- Up-to-date: /home/chino/fabrica_ws/install/conveyorbelt_msgs/include/conveyorbelt_msgs/conveyorbelt_msgs/srv/detail/conveyor_belt_control__rosidl_typesupport_introspection_c.h
[0.872s] -- Up-to-date: /home/chino/fabrica_ws/install/conveyorbelt_msgs/include/conveyorbelt_msgs/conveyorbelt_msgs/srv/detail/conveyor_belt_control__type_support.c
[0.872s] -- Up-to-date: /home/chino/fabrica_ws/install/conveyorbelt_msgs/include/conveyorbelt_msgs/conveyorbelt_msgs/msg
[0.872s] -- Up-to-date: /home/chino/fabrica_ws/install/conveyorbelt_msgs/include/conveyorbelt_msgs/conveyorbelt_msgs/msg/rosidl_typesupport_introspection_c__visibility_control.h
[0.873s] -- Up-to-date: /home/chino/fabrica_ws/install/conveyorbelt_msgs/include/conveyorbelt_msgs/conveyorbelt_msgs/msg/detail
[0.873s] -- Up-to-date: /home/chino/fabrica_ws/install/conveyorbelt_msgs/include/conveyorbelt_msgs/conveyorbelt_msgs/msg/detail/conveyor_belt_state__type_support.c
[0.873s] -- Up-to-date: /home/chino/fabrica_ws/install/conveyorbelt_msgs/include/conveyorbelt_msgs/conveyorbelt_msgs/msg/detail/conveyor_belt_state__rosidl_typesupport_introspection_c.h
[0.874s] -- Up-to-date: /home/chino/fabrica_ws/install/conveyorbelt_msgs/lib/libconveyorbelt_msgs__rosidl_typesupport_introspection_c.so
[0.874s] -- Up-to-date: /home/chino/fabrica_ws/install/conveyorbelt_msgs/lib/libconveyorbelt_msgs__rosidl_typesupport_c.so
[0.875s] -- Up-to-date: /home/chino/fabrica_ws/install/conveyorbelt_msgs/include/conveyorbelt_msgs/conveyorbelt_msgs
[0.875s] -- Up-to-date: /home/chino/fabrica_ws/install/conveyorbelt_msgs/include/conveyorbelt_msgs/conveyorbelt_msgs/srv
[0.876s] -- Up-to-date: /home/chino/fabrica_ws/install/conveyorbelt_msgs/include/conveyorbelt_msgs/conveyorbelt_msgs/srv/detail
[0.878s] -- Up-to-date: /home/chino/fabrica_ws/install/conveyorbelt_msgs/include/conveyorbelt_msgs/conveyorbelt_msgs/srv/detail/conveyor_belt_control__type_support.hpp
[0.878s] -- Up-to-date: /home/chino/fabrica_ws/install/conveyorbelt_msgs/include/conveyorbelt_msgs/conveyorbelt_msgs/srv/detail/conveyor_belt_control__builder.hpp
[0.879s] -- Up-to-date: /home/chino/fabrica_ws/install/conveyorbelt_msgs/include/conveyorbelt_msgs/conveyorbelt_msgs/srv/detail/conveyor_belt_control__struct.hpp
[0.879s] -- Up-to-date: /home/chino/fabrica_ws/install/conveyorbelt_msgs/include/conveyorbelt_msgs/conveyorbelt_msgs/srv/detail/conveyor_belt_control__traits.hpp
[0.880s] -- Up-to-date: /home/chino/fabrica_ws/install/conveyorbelt_msgs/include/conveyorbelt_msgs/conveyorbelt_msgs/srv/conveyor_belt_control.hpp
[0.880s] -- Up-to-date: /home/chino/fabrica_ws/install/conveyorbelt_msgs/include/conveyorbelt_msgs/conveyorbelt_msgs/msg
[0.880s] -- Up-to-date: /home/chino/fabrica_ws/install/conveyorbelt_msgs/include/conveyorbelt_msgs/conveyorbelt_msgs/msg/conveyor_belt_state.hpp
[0.880s] -- Up-to-date: /home/chino/fabrica_ws/install/conveyorbelt_msgs/include/conveyorbelt_msgs/conveyorbelt_msgs/msg/detail
[0.880s] -- Up-to-date: /home/chino/fabrica_ws/install/conveyorbelt_msgs/include/conveyorbelt_msgs/conveyorbelt_msgs/msg/detail/conveyor_belt_state__type_support.hpp
[0.880s] -- Up-to-date: /home/chino/fabrica_ws/install/conveyorbelt_msgs/include/conveyorbelt_msgs/conveyorbelt_msgs/msg/detail/conveyor_belt_state__traits.hpp
[0.880s] -- Up-to-date: /home/chino/fabrica_ws/install/conveyorbelt_msgs/include/conveyorbelt_msgs/conveyorbelt_msgs/msg/detail/conveyor_belt_state__struct.hpp
[0.880s] -- Up-to-date: /home/chino/fabrica_ws/install/conveyorbelt_msgs/include/conveyorbelt_msgs/conveyorbelt_msgs/msg/detail/conveyor_belt_state__builder.hpp
[0.881s] -- Up-to-date: /home/chino/fabrica_ws/install/conveyorbelt_msgs/include/conveyorbelt_msgs/conveyorbelt_msgs/msg/rosidl_generator_cpp__visibility_control.hpp
[0.881s] -- Up-to-date: /home/chino/fabrica_ws/install/conveyorbelt_msgs/include/conveyorbelt_msgs/conveyorbelt_msgs
[0.881s] -- Up-to-date: /home/chino/fabrica_ws/install/conveyorbelt_msgs/include/conveyorbelt_msgs/conveyorbelt_msgs/srv
[0.881s] -- Up-to-date: /home/chino/fabrica_ws/install/conveyorbelt_msgs/include/conveyorbelt_msgs/conveyorbelt_msgs/srv/detail
[0.882s] -- Up-to-date: /home/chino/fabrica_ws/install/conveyorbelt_msgs/include/conveyorbelt_msgs/conveyorbelt_msgs/srv/detail/dds_fastrtps
[0.882s] -- Up-to-date: /home/chino/fabrica_ws/install/conveyorbelt_msgs/include/conveyorbelt_msgs/conveyorbelt_msgs/srv/detail/conveyor_belt_control__rosidl_typesupport_fastrtps_cpp.hpp
[0.882s] -- Up-to-date: /home/chino/fabrica_ws/install/conveyorbelt_msgs/include/conveyorbelt_msgs/conveyorbelt_msgs/msg
[0.882s] -- Up-to-date: /home/chino/fabrica_ws/install/conveyorbelt_msgs/include/conveyorbelt_msgs/conveyorbelt_msgs/msg/rosidl_typesupport_fastrtps_cpp__visibility_control.h
[0.882s] -- Up-to-date: /home/chino/fabrica_ws/install/conveyorbelt_msgs/include/conveyorbelt_msgs/conveyorbelt_msgs/msg/detail
[0.882s] -- Up-to-date: /home/chino/fabrica_ws/install/conveyorbelt_msgs/include/conveyorbelt_msgs/conveyorbelt_msgs/msg/detail/dds_fastrtps
[0.882s] -- Up-to-date: /home/chino/fabrica_ws/install/conveyorbelt_msgs/include/conveyorbelt_msgs/conveyorbelt_msgs/msg/detail/conveyor_belt_state__rosidl_typesupport_fastrtps_cpp.hpp
[0.883s] -- Up-to-date: /home/chino/fabrica_ws/install/conveyorbelt_msgs/lib/libconveyorbelt_msgs__rosidl_typesupport_fastrtps_cpp.so
[0.883s] -- Up-to-date: /home/chino/fabrica_ws/install/conveyorbelt_msgs/include/conveyorbelt_msgs/conveyorbelt_msgs
[0.883s] -- Up-to-date: /home/chino/fabrica_ws/install/conveyorbelt_msgs/include/conveyorbelt_msgs/conveyorbelt_msgs/srv
[0.883s] -- Up-to-date: /home/chino/fabrica_ws/install/conveyorbelt_msgs/include/conveyorbelt_msgs/conveyorbelt_msgs/srv/detail
[0.883s] -- Up-to-date: /home/chino/fabrica_ws/install/conveyorbelt_msgs/include/conveyorbelt_msgs/conveyorbelt_msgs/srv/detail/conveyor_belt_control__type_support.cpp
[0.883s] -- Up-to-date: /home/chino/fabrica_ws/install/conveyorbelt_msgs/include/conveyorbelt_msgs/conveyorbelt_msgs/srv/detail/conveyor_belt_control__rosidl_typesupport_introspection_cpp.hpp
[0.883s] -- Up-to-date: /home/chino/fabrica_ws/install/conveyorbelt_msgs/include/conveyorbelt_msgs/conveyorbelt_msgs/msg
[0.883s] -- Up-to-date: /home/chino/fabrica_ws/install/conveyorbelt_msgs/include/conveyorbelt_msgs/conveyorbelt_msgs/msg/detail
[0.884s] -- Up-to-date: /home/chino/fabrica_ws/install/conveyorbelt_msgs/include/conveyorbelt_msgs/conveyorbelt_msgs/msg/detail/conveyor_belt_state__type_support.cpp
[0.884s] -- Up-to-date: /home/chino/fabrica_ws/install/conveyorbelt_msgs/include/conveyorbelt_msgs/conveyorbelt_msgs/msg/detail/conveyor_belt_state__rosidl_typesupport_introspection_cpp.hpp
[0.884s] -- Up-to-date: /home/chino/fabrica_ws/install/conveyorbelt_msgs/lib/libconveyorbelt_msgs__rosidl_typesupport_introspection_cpp.so
[0.884s] -- Up-to-date: /home/chino/fabrica_ws/install/conveyorbelt_msgs/lib/libconveyorbelt_msgs__rosidl_typesupport_cpp.so
[0.884s] -- Up-to-date: /home/chino/fabrica_ws/install/conveyorbelt_msgs/share/conveyorbelt_msgs/environment/pythonpath.sh
[0.884s] -- Up-to-date: /home/chino/fabrica_ws/install/conveyorbelt_msgs/share/conveyorbelt_msgs/environment/pythonpath.dsv
[0.884s] -- Up-to-date: /home/chino/fabrica_ws/install/conveyorbelt_msgs/local/lib/python3.10/dist-packages/conveyorbelt_msgs-0.0.0-py3.10.egg-info
[0.884s] -- Installing: /home/chino/fabrica_ws/install/conveyorbelt_msgs/local/lib/python3.10/dist-packages/conveyorbelt_msgs-0.0.0-py3.10.egg-info/dependency_links.txt
[0.885s] -- Installing: /home/chino/fabrica_ws/install/conveyorbelt_msgs/local/lib/python3.10/dist-packages/conveyorbelt_msgs-0.0.0-py3.10.egg-info/SOURCES.txt
[0.885s] -- Installing: /home/chino/fabrica_ws/install/conveyorbelt_msgs/local/lib/python3.10/dist-packages/conveyorbelt_msgs-0.0.0-py3.10.egg-info/top_level.txt
[0.885s] -- Installing: /home/chino/fabrica_ws/install/conveyorbelt_msgs/local/lib/python3.10/dist-packages/conveyorbelt_msgs-0.0.0-py3.10.egg-info/PKG-INFO
[0.885s] -- Up-to-date: /home/chino/fabrica_ws/install/conveyorbelt_msgs/local/lib/python3.10/dist-packages/conveyorbelt_msgs
[0.885s] -- Up-to-date: /home/chino/fabrica_ws/install/conveyorbelt_msgs/local/lib/python3.10/dist-packages/conveyorbelt_msgs/conveyorbelt_msgs_s__rosidl_typesupport_c.cpython-310-x86_64-linux-gnu.so
[0.885s] -- Up-to-date: /home/chino/fabrica_ws/install/conveyorbelt_msgs/local/lib/python3.10/dist-packages/conveyorbelt_msgs/_conveyorbelt_msgs_s.ep.rosidl_typesupport_introspection_c.c
[0.886s] -- Up-to-date: /home/chino/fabrica_ws/install/conveyorbelt_msgs/local/lib/python3.10/dist-packages/conveyorbelt_msgs/conveyorbelt_msgs_s__rosidl_typesupport_fastrtps_c.cpython-310-x86_64-linux-gnu.so
[0.886s] -- Up-to-date: /home/chino/fabrica_ws/install/conveyorbelt_msgs/local/lib/python3.10/dist-packages/conveyorbelt_msgs/srv
[0.886s] -- Up-to-date: /home/chino/fabrica_ws/install/conveyorbelt_msgs/local/lib/python3.10/dist-packages/conveyorbelt_msgs/srv/_conveyor_belt_control_s.c
[0.886s] -- Up-to-date: /home/chino/fabrica_ws/install/conveyorbelt_msgs/local/lib/python3.10/dist-packages/conveyorbelt_msgs/srv/_conveyor_belt_control.py
[0.886s] -- Up-to-date: /home/chino/fabrica_ws/install/conveyorbelt_msgs/local/lib/python3.10/dist-packages/conveyorbelt_msgs/srv/__init__.py
[0.886s] -- Up-to-date: /home/chino/fabrica_ws/install/conveyorbelt_msgs/local/lib/python3.10/dist-packages/conveyorbelt_msgs/__init__.py
[0.886s] -- Up-to-date: /home/chino/fabrica_ws/install/conveyorbelt_msgs/local/lib/python3.10/dist-packages/conveyorbelt_msgs/msg
[0.886s] -- Up-to-date: /home/chino/fabrica_ws/install/conveyorbelt_msgs/local/lib/python3.10/dist-packages/conveyorbelt_msgs/msg/_conveyor_belt_state.py
[0.886s] -- Up-to-date: /home/chino/fabrica_ws/install/conveyorbelt_msgs/local/lib/python3.10/dist-packages/conveyorbelt_msgs/msg/__init__.py
[0.887s] -- Up-to-date: /home/chino/fabrica_ws/install/conveyorbelt_msgs/local/lib/python3.10/dist-packages/conveyorbelt_msgs/msg/_conveyor_belt_state_s.c
[0.887s] -- Up-to-date: /home/chino/fabrica_ws/install/conveyorbelt_msgs/local/lib/python3.10/dist-packages/conveyorbelt_msgs/libconveyorbelt_msgs__rosidl_generator_py.so
[0.887s] -- Up-to-date: /home/chino/fabrica_ws/install/conveyorbelt_msgs/local/lib/python3.10/dist-packages/conveyorbelt_msgs/conveyorbelt_msgs_s__rosidl_typesupport_introspection_c.cpython-310-x86_64-linux-gnu.so
[0.887s] -- Up-to-date: /home/chino/fabrica_ws/install/conveyorbelt_msgs/local/lib/python3.10/dist-packages/conveyorbelt_msgs/_conveyorbelt_msgs_s.ep.rosidl_typesupport_fastrtps_c.c
[0.887s] -- Up-to-date: /home/chino/fabrica_ws/install/conveyorbelt_msgs/local/lib/python3.10/dist-packages/conveyorbelt_msgs/_conveyorbelt_msgs_s.ep.rosidl_typesupport_c.c
[0.942s] Listing '/home/chino/fabrica_ws/install/conveyorbelt_msgs/local/lib/python3.10/dist-packages/conveyorbelt_msgs'...
[0.942s] Listing '/home/chino/fabrica_ws/install/conveyorbelt_msgs/local/lib/python3.10/dist-packages/conveyorbelt_msgs/msg'...
[0.942s] Listing '/home/chino/fabrica_ws/install/conveyorbelt_msgs/local/lib/python3.10/dist-packages/conveyorbelt_msgs/srv'...
[0.949s] -- Up-to-date: /home/chino/fabrica_ws/install/conveyorbelt_msgs/local/lib/python3.10/dist-packages/conveyorbelt_msgs/conveyorbelt_msgs_s__rosidl_typesupport_fastrtps_c.cpython-310-x86_64-linux-gnu.so
[0.950s] -- Up-to-date: /home/chino/fabrica_ws/install/conveyorbelt_msgs/local/lib/python3.10/dist-packages/conveyorbelt_msgs/conveyorbelt_msgs_s__rosidl_typesupport_introspection_c.cpython-310-x86_64-linux-gnu.so
[0.951s] -- Up-to-date: /home/chino/fabrica_ws/install/conveyorbelt_msgs/local/lib/python3.10/dist-packages/conveyorbelt_msgs/conveyorbelt_msgs_s__rosidl_typesupport_c.cpython-310-x86_64-linux-gnu.so
[0.951s] -- Up-to-date: /home/chino/fabrica_ws/install/conveyorbelt_msgs/lib/libconveyorbelt_msgs__rosidl_generator_py.so
[0.952s] -- Up-to-date: /home/chino/fabrica_ws/install/conveyorbelt_msgs/share/conveyorbelt_msgs/msg/ConveyorBeltState.idl
[0.953s] -- Up-to-date: /home/chino/fabrica_ws/install/conveyorbelt_msgs/share/conveyorbelt_msgs/srv/ConveyorBeltControl.idl
[0.953s] -- Up-to-date: /home/chino/fabrica_ws/install/conveyorbelt_msgs/share/conveyorbelt_msgs/msg/ConveyorBeltState.msg
[0.954s] -- Up-to-date: /home/chino/fabrica_ws/install/conveyorbelt_msgs/share/conveyorbelt_msgs/srv/ConveyorBeltControl.srv
[0.954s] -- Up-to-date: /home/chino/fabrica_ws/install/conveyorbelt_msgs/share/conveyorbelt_msgs/srv/ConveyorBeltControl_Request.msg
[0.955s] -- Up-to-date: /home/chino/fabrica_ws/install/conveyorbelt_msgs/share/conveyorbelt_msgs/srv/ConveyorBeltControl_Response.msg
[0.956s] -- Up-to-date: /home/chino/fabrica_ws/install/conveyorbelt_msgs/share/ament_index/resource_index/package_run_dependencies/conveyorbelt_msgs
[0.956s] -- Up-to-date: /home/chino/fabrica_ws/install/conveyorbelt_msgs/share/ament_index/resource_index/parent_prefix_path/conveyorbelt_msgs
[0.957s] -- Up-to-date: /home/chino/fabrica_ws/install/conveyorbelt_msgs/share/conveyorbelt_msgs/environment/ament_prefix_path.sh
[0.957s] -- Up-to-date: /home/chino/fabrica_ws/install/conveyorbelt_msgs/share/conveyorbelt_msgs/environment/ament_prefix_path.dsv
[0.958s] -- Up-to-date: /home/chino/fabrica_ws/install/conveyorbelt_msgs/share/conveyorbelt_msgs/environment/path.sh
[0.959s] -- Up-to-date: /home/chino/fabrica_ws/install/conveyorbelt_msgs/share/conveyorbelt_msgs/environment/path.dsv
[0.959s] -- Up-to-date: /home/chino/fabrica_ws/install/conveyorbelt_msgs/share/conveyorbelt_msgs/local_setup.bash
[0.960s] -- Up-to-date: /home/chino/fabrica_ws/install/conveyorbelt_msgs/share/conveyorbelt_msgs/local_setup.sh
[0.960s] -- Up-to-date: /home/chino/fabrica_ws/install/conveyorbelt_msgs/share/conveyorbelt_msgs/local_setup.zsh
[0.961s] -- Up-to-date: /home/chino/fabrica_ws/install/conveyorbelt_msgs/share/conveyorbelt_msgs/local_setup.dsv
[0.961s] -- Installing: /home/chino/fabrica_ws/install/conveyorbelt_msgs/share/conveyorbelt_msgs/package.dsv
[0.961s] -- Up-to-date: /home/chino/fabrica_ws/install/conveyorbelt_msgs/share/ament_index/resource_index/packages/conveyorbelt_msgs
[0.962s] -- Up-to-date: /home/chino/fabrica_ws/install/conveyorbelt_msgs/share/conveyorbelt_msgs/cmake/export_conveyorbelt_msgs__rosidl_generator_cExport.cmake
[0.962s] -- Up-to-date: /home/chino/fabrica_ws/install/conveyorbelt_msgs/share/conveyorbelt_msgs/cmake/export_conveyorbelt_msgs__rosidl_generator_cExport-noconfig.cmake
[0.962s] -- Up-to-date: /home/chino/fabrica_ws/install/conveyorbelt_msgs/share/conveyorbelt_msgs/cmake/export_conveyorbelt_msgs__rosidl_typesupport_fastrtps_cExport.cmake
[0.962s] -- Up-to-date: /home/chino/fabrica_ws/install/conveyorbelt_msgs/share/conveyorbelt_msgs/cmake/export_conveyorbelt_msgs__rosidl_typesupport_fastrtps_cExport-noconfig.cmake
[0.962s] -- Up-to-date: /home/chino/fabrica_ws/install/conveyorbelt_msgs/share/conveyorbelt_msgs/cmake/conveyorbelt_msgs__rosidl_typesupport_introspection_cExport.cmake
[0.963s] -- Up-to-date: /home/chino/fabrica_ws/install/conveyorbelt_msgs/share/conveyorbelt_msgs/cmake/conveyorbelt_msgs__rosidl_typesupport_introspection_cExport-noconfig.cmake
[0.963s] -- Up-to-date: /home/chino/fabrica_ws/install/conveyorbelt_msgs/share/conveyorbelt_msgs/cmake/conveyorbelt_msgs__rosidl_typesupport_cExport.cmake
[0.963s] -- Up-to-date: /home/chino/fabrica_ws/install/conveyorbelt_msgs/share/conveyorbelt_msgs/cmake/conveyorbelt_msgs__rosidl_typesupport_cExport-noconfig.cmake
[0.963s] -- Up-to-date: /home/chino/fabrica_ws/install/conveyorbelt_msgs/share/conveyorbelt_msgs/cmake/export_conveyorbelt_msgs__rosidl_generator_cppExport.cmake
[0.963s] -- Up-to-date: /home/chino/fabrica_ws/install/conveyorbelt_msgs/share/conveyorbelt_msgs/cmake/export_conveyorbelt_msgs__rosidl_typesupport_fastrtps_cppExport.cmake
[0.963s] -- Up-to-date: /home/chino/fabrica_ws/install/conveyorbelt_msgs/share/conveyorbelt_msgs/cmake/export_conveyorbelt_msgs__rosidl_typesupport_fastrtps_cppExport-noconfig.cmake
[0.963s] -- Up-to-date: /home/chino/fabrica_ws/install/conveyorbelt_msgs/share/conveyorbelt_msgs/cmake/conveyorbelt_msgs__rosidl_typesupport_introspection_cppExport.cmake
[0.963s] -- Up-to-date: /home/chino/fabrica_ws/install/conveyorbelt_msgs/share/conveyorbelt_msgs/cmake/conveyorbelt_msgs__rosidl_typesupport_introspection_cppExport-noconfig.cmake
[0.963s] -- Up-to-date: /home/chino/fabrica_ws/install/conveyorbelt_msgs/share/conveyorbelt_msgs/cmake/conveyorbelt_msgs__rosidl_typesupport_cppExport.cmake
[0.964s] -- Up-to-date: /home/chino/fabrica_ws/install/conveyorbelt_msgs/share/conveyorbelt_msgs/cmake/conveyorbelt_msgs__rosidl_typesupport_cppExport-noconfig.cmake
[0.964s] -- Up-to-date: /home/chino/fabrica_ws/install/conveyorbelt_msgs/share/conveyorbelt_msgs/cmake/export_conveyorbelt_msgs__rosidl_generator_pyExport.cmake
[0.964s] -- Up-to-date: /home/chino/fabrica_ws/install/conveyorbelt_msgs/share/conveyorbelt_msgs/cmake/export_conveyorbelt_msgs__rosidl_generator_pyExport-noconfig.cmake
[0.964s] -- Up-to-date: /home/chino/fabrica_ws/install/conveyorbelt_msgs/share/conveyorbelt_msgs/cmake/rosidl_cmake-extras.cmake
[0.964s] -- Up-to-date: /home/chino/fabrica_ws/install/conveyorbelt_msgs/share/conveyorbelt_msgs/cmake/ament_cmake_export_include_directories-extras.cmake
[0.964s] -- Up-to-date: /home/chino/fabrica_ws/install/conveyorbelt_msgs/share/conveyorbelt_msgs/cmake/ament_cmake_export_libraries-extras.cmake
[0.964s] -- Up-to-date: /home/chino/fabrica_ws/install/conveyorbelt_msgs/share/conveyorbelt_msgs/cmake/ament_cmake_export_targets-extras.cmake
[0.965s] -- Up-to-date: /home/chino/fabrica_ws/install/conveyorbelt_msgs/share/conveyorbelt_msgs/cmake/rosidl_cmake_export_typesupport_targets-extras.cmake
[0.965s] -- Up-to-date: /home/chino/fabrica_ws/install/conveyorbelt_msgs/share/conveyorbelt_msgs/cmake/ament_cmake_export_dependencies-extras.cmake
[0.965s] -- Up-to-date: /home/chino/fabrica_ws/install/conveyorbelt_msgs/share/conveyorbelt_msgs/cmake/rosidl_cmake_export_typesupport_libraries-extras.cmake
[0.966s] -- Up-to-date: /home/chino/fabrica_ws/install/conveyorbelt_msgs/share/conveyorbelt_msgs/cmake/conveyorbelt_msgsConfig.cmake
[0.969s] -- Up-to-date: /home/chino/fabrica_ws/install/conveyorbelt_msgs/share/conveyorbelt_msgs/cmake/conveyorbelt_msgsConfig-version.cmake
[0.970s] -- Up-to-date: /home/chino/fabrica_ws/install/conveyorbelt_msgs/share/conveyorbelt_msgs/package.xml
[0.971s] Invoked command in '/home/chino/fabrica_ws/build/conveyorbelt_msgs' returned '0': CMAKE_PREFIX_PATH=${CMAKE_PREFIX_PATH}:/home/chino/fabrica_ws/install/banda:/opt/ros/humble /usr/bin/cmake --install /home/chino/fabrica_ws/build/conveyorbelt_msgs
