[-0.203s] DEBUG:colcon:Command line arguments: ['/usr/bin/colcon', 'build']
[-0.203s] DEBUG:colcon:Parsed command line arguments: Namespace(log_base=None, log_level=None, verb_name='build', build_base='build', install_base='install', merge_install=False, symlink_install=False, test_result_base=None, continue_on_error=False, executor='parallel', parallel_workers=16, event_handlers=None, ignore_user_meta=False, metas=['./colcon.meta'], base_paths=['.'], packages_ignore=None, packages_ignore_regex=None, paths=None, packages_up_to=None, packages_up_to_regex=None, packages_above=None, packages_above_and_dependencies=None, packages_above_depth=None, packages_select_by_dep=None, packages_skip_by_dep=None, packages_skip_up_to=None, packages_select_build_failed=False, packages_skip_build_finished=False, packages_select_test_failures=False, packages_skip_test_passed=False, packages_select=None, packages_skip=None, packages_select_regex=None, packages_skip_regex=None, packages_start=None, packages_end=None, allow_overriding=[], cmake_args=None, cmake_target=None, cmake_target_skip_unavailable=False, cmake_clean_cache=False, cmake_clean_first=False, cmake_force_configure=False, ament_cmake_args=None, catkin_cmake_args=None, catkin_skip_building_tests=False, verb_parser=<colcon_defaults.argument_parser.defaults.DefaultArgumentsDecorator object at 0x7423c136dcf0>, verb_extension=<colcon_core.verb.build.BuildVerb object at 0x7423c14df340>, main=<bound method BuildVerb.main of <colcon_core.verb.build.BuildVerb object at 0x7423c14df340>>)
[0.176s] Level 1:colcon.colcon_core.package_discovery:discover_packages(colcon_meta) check parameters
[0.176s] Level 1:colcon.colcon_core.package_discovery:discover_packages(recursive) check parameters
[0.176s] Level 1:colcon.colcon_core.package_discovery:discover_packages(ignore) check parameters
[0.176s] Level 1:colcon.colcon_core.package_discovery:discover_packages(path) check parameters
[0.176s] Level 1:colcon.colcon_core.package_discovery:discover_packages(colcon_meta) discover
[0.176s] Level 1:colcon.colcon_core.package_discovery:discover_packages(recursive) discover
[0.177s] INFO:colcon.colcon_core.package_discovery:Crawling recursively for packages in '/home/chino/fabrica_ws'
[0.177s] Level 1:colcon.colcon_core.package_identification:_identify(.) by extensions ['ignore', 'ignore_ament_install']
[0.177s] Level 1:colcon.colcon_core.package_identification:_identify(.) by extension 'ignore'
[0.177s] Level 1:colcon.colcon_core.package_identification:_identify(.) by extension 'ignore_ament_install'
[0.178s] Level 1:colcon.colcon_core.package_identification:_identify(.) by extensions ['colcon_pkg']
[0.178s] Level 1:colcon.colcon_core.package_identification:_identify(.) by extension 'colcon_pkg'
[0.178s] Level 1:colcon.colcon_core.package_identification:_identify(.) by extensions ['colcon_meta']
[0.178s] Level 1:colcon.colcon_core.package_identification:_identify(.) by extension 'colcon_meta'
[0.178s] Level 1:colcon.colcon_core.package_identification:_identify(.) by extensions ['ros']
[0.178s] Level 1:colcon.colcon_core.package_identification:_identify(.) by extension 'ros'
[0.202s] Level 1:colcon.colcon_core.package_identification:_identify(.) by extensions ['cmake', 'python']
[0.202s] Level 1:colcon.colcon_core.package_identification:_identify(.) by extension 'cmake'
[0.202s] Level 1:colcon.colcon_core.package_identification:_identify(.) by extension 'python'
[0.202s] Level 1:colcon.colcon_core.package_identification:_identify(.) by extensions ['python_setup_py']
[0.202s] Level 1:colcon.colcon_core.package_identification:_identify(.) by extension 'python_setup_py'
[0.203s] Level 1:colcon.colcon_core.package_identification:_identify(build) by extensions ['ignore', 'ignore_ament_install']
[0.203s] Level 1:colcon.colcon_core.package_identification:_identify(build) by extension 'ignore'
[0.203s] Level 1:colcon.colcon_core.package_identification:_identify(build) ignored
[0.204s] Level 1:colcon.colcon_core.package_identification:_identify(install) by extensions ['ignore', 'ignore_ament_install']
[0.204s] Level 1:colcon.colcon_core.package_identification:_identify(install) by extension 'ignore'
[0.204s] Level 1:colcon.colcon_core.package_identification:_identify(install) ignored
[0.204s] Level 1:colcon.colcon_core.package_identification:_identify(log) by extensions ['ignore', 'ignore_ament_install']
[0.204s] Level 1:colcon.colcon_core.package_identification:_identify(log) by extension 'ignore'
[0.205s] Level 1:colcon.colcon_core.package_identification:_identify(log) ignored
[0.205s] Level 1:colcon.colcon_core.package_identification:_identify(src) by extensions ['ignore', 'ignore_ament_install']
[0.205s] Level 1:colcon.colcon_core.package_identification:_identify(src) by extension 'ignore'
[0.205s] Level 1:colcon.colcon_core.package_identification:_identify(src) by extension 'ignore_ament_install'
[0.205s] Level 1:colcon.colcon_core.package_identification:_identify(src) by extensions ['colcon_pkg']
[0.205s] Level 1:colcon.colcon_core.package_identification:_identify(src) by extension 'colcon_pkg'
[0.206s] Level 1:colcon.colcon_core.package_identification:_identify(src) by extensions ['colcon_meta']
[0.206s] Level 1:colcon.colcon_core.package_identification:_identify(src) by extension 'colcon_meta'
[0.206s] Level 1:colcon.colcon_core.package_identification:_identify(src) by extensions ['ros']
[0.206s] Level 1:colcon.colcon_core.package_identification:_identify(src) by extension 'ros'
[0.206s] Level 1:colcon.colcon_core.package_identification:_identify(src) by extensions ['cmake', 'python']
[0.206s] Level 1:colcon.colcon_core.package_identification:_identify(src) by extension 'cmake'
[0.206s] Level 1:colcon.colcon_core.package_identification:_identify(src) by extension 'python'
[0.207s] Level 1:colcon.colcon_core.package_identification:_identify(src) by extensions ['python_setup_py']
[0.207s] Level 1:colcon.colcon_core.package_identification:_identify(src) by extension 'python_setup_py'
[0.207s] Level 1:colcon.colcon_core.package_identification:_identify(src/IFRA_ConveyorBelt) by extensions ['ignore', 'ignore_ament_install']
[0.207s] Level 1:colcon.colcon_core.package_identification:_identify(src/IFRA_ConveyorBelt) by extension 'ignore'
[0.208s] Level 1:colcon.colcon_core.package_identification:_identify(src/IFRA_ConveyorBelt) by extension 'ignore_ament_install'
[0.208s] Level 1:colcon.colcon_core.package_identification:_identify(src/IFRA_ConveyorBelt) by extensions ['colcon_pkg']
[0.208s] Level 1:colcon.colcon_core.package_identification:_identify(src/IFRA_ConveyorBelt) by extension 'colcon_pkg'
[0.208s] Level 1:colcon.colcon_core.package_identification:_identify(src/IFRA_ConveyorBelt) by extensions ['colcon_meta']
[0.208s] Level 1:colcon.colcon_core.package_identification:_identify(src/IFRA_ConveyorBelt) by extension 'colcon_meta'
[0.208s] Level 1:colcon.colcon_core.package_identification:_identify(src/IFRA_ConveyorBelt) by extensions ['ros']
[0.208s] Level 1:colcon.colcon_core.package_identification:_identify(src/IFRA_ConveyorBelt) by extension 'ros'
[0.209s] Level 1:colcon.colcon_core.package_identification:_identify(src/IFRA_ConveyorBelt) by extensions ['cmake', 'python']
[0.209s] Level 1:colcon.colcon_core.package_identification:_identify(src/IFRA_ConveyorBelt) by extension 'cmake'
[0.209s] Level 1:colcon.colcon_core.package_identification:_identify(src/IFRA_ConveyorBelt) by extension 'python'
[0.209s] Level 1:colcon.colcon_core.package_identification:_identify(src/IFRA_ConveyorBelt) by extensions ['python_setup_py']
[0.209s] Level 1:colcon.colcon_core.package_identification:_identify(src/IFRA_ConveyorBelt) by extension 'python_setup_py'
[0.209s] Level 1:colcon.colcon_core.package_identification:_identify(src/IFRA_ConveyorBelt/conveyorbelt_gazebo) by extensions ['ignore', 'ignore_ament_install']
[0.209s] Level 1:colcon.colcon_core.package_identification:_identify(src/IFRA_ConveyorBelt/conveyorbelt_gazebo) by extension 'ignore'
[0.210s] Level 1:colcon.colcon_core.package_identification:_identify(src/IFRA_ConveyorBelt/conveyorbelt_gazebo) by extension 'ignore_ament_install'
[0.210s] Level 1:colcon.colcon_core.package_identification:_identify(src/IFRA_ConveyorBelt/conveyorbelt_gazebo) by extensions ['colcon_pkg']
[0.210s] Level 1:colcon.colcon_core.package_identification:_identify(src/IFRA_ConveyorBelt/conveyorbelt_gazebo) by extension 'colcon_pkg'
[0.210s] Level 1:colcon.colcon_core.package_identification:_identify(src/IFRA_ConveyorBelt/conveyorbelt_gazebo) by extensions ['colcon_meta']
[0.210s] Level 1:colcon.colcon_core.package_identification:_identify(src/IFRA_ConveyorBelt/conveyorbelt_gazebo) by extension 'colcon_meta'
[0.211s] Level 1:colcon.colcon_core.package_identification:_identify(src/IFRA_ConveyorBelt/conveyorbelt_gazebo) by extensions ['ros']
[0.211s] Level 1:colcon.colcon_core.package_identification:_identify(src/IFRA_ConveyorBelt/conveyorbelt_gazebo) by extension 'ros'
[0.215s] DEBUG:colcon.colcon_core.package_identification:Package 'src/IFRA_ConveyorBelt/conveyorbelt_gazebo' with type 'ros.ament_cmake' and name 'conveyorbelt_gazebo'
[0.215s] Level 1:colcon.colcon_core.package_identification:_identify(src/IFRA_ConveyorBelt/conveyorbelt_msgs) by extensions ['ignore', 'ignore_ament_install']
[0.216s] Level 1:colcon.colcon_core.package_identification:_identify(src/IFRA_ConveyorBelt/conveyorbelt_msgs) by extension 'ignore'
[0.216s] Level 1:colcon.colcon_core.package_identification:_identify(src/IFRA_ConveyorBelt/conveyorbelt_msgs) by extension 'ignore_ament_install'
[0.216s] Level 1:colcon.colcon_core.package_identification:_identify(src/IFRA_ConveyorBelt/conveyorbelt_msgs) by extensions ['colcon_pkg']
[0.216s] Level 1:colcon.colcon_core.package_identification:_identify(src/IFRA_ConveyorBelt/conveyorbelt_msgs) by extension 'colcon_pkg'
[0.216s] Level 1:colcon.colcon_core.package_identification:_identify(src/IFRA_ConveyorBelt/conveyorbelt_msgs) by extensions ['colcon_meta']
[0.216s] Level 1:colcon.colcon_core.package_identification:_identify(src/IFRA_ConveyorBelt/conveyorbelt_msgs) by extension 'colcon_meta'
[0.217s] Level 1:colcon.colcon_core.package_identification:_identify(src/IFRA_ConveyorBelt/conveyorbelt_msgs) by extensions ['ros']
[0.217s] Level 1:colcon.colcon_core.package_identification:_identify(src/IFRA_ConveyorBelt/conveyorbelt_msgs) by extension 'ros'
[0.218s] DEBUG:colcon.colcon_core.package_identification:Package 'src/IFRA_ConveyorBelt/conveyorbelt_msgs' with type 'ros.ament_cmake' and name 'conveyorbelt_msgs'
[0.218s] Level 1:colcon.colcon_core.package_identification:_identify(src/IFRA_ConveyorBelt/ros2_conveyorbelt) by extensions ['ignore', 'ignore_ament_install']
[0.218s] Level 1:colcon.colcon_core.package_identification:_identify(src/IFRA_ConveyorBelt/ros2_conveyorbelt) by extension 'ignore'
[0.218s] Level 1:colcon.colcon_core.package_identification:_identify(src/IFRA_ConveyorBelt/ros2_conveyorbelt) by extension 'ignore_ament_install'
[0.219s] Level 1:colcon.colcon_core.package_identification:_identify(src/IFRA_ConveyorBelt/ros2_conveyorbelt) by extensions ['colcon_pkg']
[0.219s] Level 1:colcon.colcon_core.package_identification:_identify(src/IFRA_ConveyorBelt/ros2_conveyorbelt) by extension 'colcon_pkg'
[0.219s] Level 1:colcon.colcon_core.package_identification:_identify(src/IFRA_ConveyorBelt/ros2_conveyorbelt) by extensions ['colcon_meta']
[0.219s] Level 1:colcon.colcon_core.package_identification:_identify(src/IFRA_ConveyorBelt/ros2_conveyorbelt) by extension 'colcon_meta'
[0.219s] Level 1:colcon.colcon_core.package_identification:_identify(src/IFRA_ConveyorBelt/ros2_conveyorbelt) by extensions ['ros']
[0.219s] Level 1:colcon.colcon_core.package_identification:_identify(src/IFRA_ConveyorBelt/ros2_conveyorbelt) by extension 'ros'
[0.234s] DEBUG:colcon.colcon_core.package_identification:Package 'src/IFRA_ConveyorBelt/ros2_conveyorbelt' with type 'ros.ament_cmake' and name 'ros2_conveyorbelt'
[0.235s] Level 1:colcon.colcon_core.package_identification:_identify(src/banda) by extensions ['ignore', 'ignore_ament_install']
[0.235s] Level 1:colcon.colcon_core.package_identification:_identify(src/banda) by extension 'ignore'
[0.235s] Level 1:colcon.colcon_core.package_identification:_identify(src/banda) by extension 'ignore_ament_install'
[0.235s] Level 1:colcon.colcon_core.package_identification:_identify(src/banda) by extensions ['colcon_pkg']
[0.236s] Level 1:colcon.colcon_core.package_identification:_identify(src/banda) by extension 'colcon_pkg'
[0.236s] Level 1:colcon.colcon_core.package_identification:_identify(src/banda) by extensions ['colcon_meta']
[0.236s] Level 1:colcon.colcon_core.package_identification:_identify(src/banda) by extension 'colcon_meta'
[0.236s] Level 1:colcon.colcon_core.package_identification:_identify(src/banda) by extensions ['ros']
[0.236s] Level 1:colcon.colcon_core.package_identification:_identify(src/banda) by extension 'ros'
[0.237s] DEBUG:colcon.colcon_core.package_identification:Package 'src/banda' with type 'ros.ament_python' and name 'banda'
[0.237s] Level 1:colcon.colcon_core.package_discovery:discover_packages(recursive) using defaults
[0.238s] Level 1:colcon.colcon_core.package_discovery:discover_packages(ignore) discover
[0.238s] Level 1:colcon.colcon_core.package_discovery:discover_packages(ignore) using defaults
[0.238s] Level 1:colcon.colcon_core.package_discovery:discover_packages(path) discover
[0.238s] Level 1:colcon.colcon_core.package_discovery:discover_packages(path) using defaults
[0.277s] Level 1:colcon.colcon_core.package_discovery:discover_packages(prefix_path) check parameters
[0.277s] Level 1:colcon.colcon_core.package_discovery:discover_packages(prefix_path) discover
[0.281s] DEBUG:colcon.colcon_installed_package_information.package_discovery:Found 5 installed packages in /home/chino/fabrica_ws/install
[0.285s] DEBUG:colcon.colcon_installed_package_information.package_discovery:Found 507 installed packages in /opt/ros/humble
[0.291s] Level 1:colcon.colcon_core.package_discovery:discover_packages(prefix_path) using defaults
[0.419s] Level 5:colcon.colcon_core.verb:set package 'banda' build argument 'cmake_args' from command line to 'None'
[0.419s] Level 5:colcon.colcon_core.verb:set package 'banda' build argument 'cmake_target' from command line to 'None'
[0.419s] Level 5:colcon.colcon_core.verb:set package 'banda' build argument 'cmake_target_skip_unavailable' from command line to 'False'
[0.419s] Level 5:colcon.colcon_core.verb:set package 'banda' build argument 'cmake_clean_cache' from command line to 'False'
[0.419s] Level 5:colcon.colcon_core.verb:set package 'banda' build argument 'cmake_clean_first' from command line to 'False'
[0.419s] Level 5:colcon.colcon_core.verb:set package 'banda' build argument 'cmake_force_configure' from command line to 'False'
[0.419s] Level 5:colcon.colcon_core.verb:set package 'banda' build argument 'ament_cmake_args' from command line to 'None'
[0.419s] Level 5:colcon.colcon_core.verb:set package 'banda' build argument 'catkin_cmake_args' from command line to 'None'
[0.419s] Level 5:colcon.colcon_core.verb:set package 'banda' build argument 'catkin_skip_building_tests' from command line to 'False'
[0.420s] DEBUG:colcon.colcon_core.verb:Building package 'banda' with the following arguments: {'ament_cmake_args': None, 'build_base': '/home/chino/fabrica_ws/build/banda', 'catkin_cmake_args': None, 'catkin_skip_building_tests': False, 'cmake_args': None, 'cmake_clean_cache': False, 'cmake_clean_first': False, 'cmake_force_configure': False, 'cmake_target': None, 'cmake_target_skip_unavailable': False, 'install_base': '/home/chino/fabrica_ws/install/banda', 'merge_install': False, 'path': '/home/chino/fabrica_ws/src/banda', 'symlink_install': False, 'test_result_base': None}
[0.421s] Level 5:colcon.colcon_core.verb:set package 'conveyorbelt_gazebo' build argument 'cmake_args' from command line to 'None'
[0.421s] Level 5:colcon.colcon_core.verb:set package 'conveyorbelt_gazebo' build argument 'cmake_target' from command line to 'None'
[0.421s] Level 5:colcon.colcon_core.verb:set package 'conveyorbelt_gazebo' build argument 'cmake_target_skip_unavailable' from command line to 'False'
[0.421s] Level 5:colcon.colcon_core.verb:set package 'conveyorbelt_gazebo' build argument 'cmake_clean_cache' from command line to 'False'
[0.421s] Level 5:colcon.colcon_core.verb:set package 'conveyorbelt_gazebo' build argument 'cmake_clean_first' from command line to 'False'
[0.421s] Level 5:colcon.colcon_core.verb:set package 'conveyorbelt_gazebo' build argument 'cmake_force_configure' from command line to 'False'
[0.421s] Level 5:colcon.colcon_core.verb:set package 'conveyorbelt_gazebo' build argument 'ament_cmake_args' from command line to 'None'
[0.421s] Level 5:colcon.colcon_core.verb:set package 'conveyorbelt_gazebo' build argument 'catkin_cmake_args' from command line to 'None'
[0.422s] Level 5:colcon.colcon_core.verb:set package 'conveyorbelt_gazebo' build argument 'catkin_skip_building_tests' from command line to 'False'
[0.422s] DEBUG:colcon.colcon_core.verb:Building package 'conveyorbelt_gazebo' with the following arguments: {'ament_cmake_args': None, 'build_base': '/home/chino/fabrica_ws/build/conveyorbelt_gazebo', 'catkin_cmake_args': None, 'catkin_skip_building_tests': False, 'cmake_args': None, 'cmake_clean_cache': False, 'cmake_clean_first': False, 'cmake_force_configure': False, 'cmake_target': None, 'cmake_target_skip_unavailable': False, 'install_base': '/home/chino/fabrica_ws/install/conveyorbelt_gazebo', 'merge_install': False, 'path': '/home/chino/fabrica_ws/src/IFRA_ConveyorBelt/conveyorbelt_gazebo', 'symlink_install': False, 'test_result_base': None}
[0.422s] Level 5:colcon.colcon_core.verb:set package 'conveyorbelt_msgs' build argument 'cmake_args' from command line to 'None'
[0.423s] Level 5:colcon.colcon_core.verb:set package 'conveyorbelt_msgs' build argument 'cmake_target' from command line to 'None'
[0.423s] Level 5:colcon.colcon_core.verb:set package 'conveyorbelt_msgs' build argument 'cmake_target_skip_unavailable' from command line to 'False'
[0.423s] Level 5:colcon.colcon_core.verb:set package 'conveyorbelt_msgs' build argument 'cmake_clean_cache' from command line to 'False'
[0.423s] Level 5:colcon.colcon_core.verb:set package 'conveyorbelt_msgs' build argument 'cmake_clean_first' from command line to 'False'
[0.423s] Level 5:colcon.colcon_core.verb:set package 'conveyorbelt_msgs' build argument 'cmake_force_configure' from command line to 'False'
[0.423s] Level 5:colcon.colcon_core.verb:set package 'conveyorbelt_msgs' build argument 'ament_cmake_args' from command line to 'None'
[0.423s] Level 5:colcon.colcon_core.verb:set package 'conveyorbelt_msgs' build argument 'catkin_cmake_args' from command line to 'None'
[0.423s] Level 5:colcon.colcon_core.verb:set package 'conveyorbelt_msgs' build argument 'catkin_skip_building_tests' from command line to 'False'
[0.423s] DEBUG:colcon.colcon_core.verb:Building package 'conveyorbelt_msgs' with the following arguments: {'ament_cmake_args': None, 'build_base': '/home/chino/fabrica_ws/build/conveyorbelt_msgs', 'catkin_cmake_args': None, 'catkin_skip_building_tests': False, 'cmake_args': None, 'cmake_clean_cache': False, 'cmake_clean_first': False, 'cmake_force_configure': False, 'cmake_target': None, 'cmake_target_skip_unavailable': False, 'install_base': '/home/chino/fabrica_ws/install/conveyorbelt_msgs', 'merge_install': False, 'path': '/home/chino/fabrica_ws/src/IFRA_ConveyorBelt/conveyorbelt_msgs', 'symlink_install': False, 'test_result_base': None}
[0.424s] Level 5:colcon.colcon_core.verb:set package 'ros2_conveyorbelt' build argument 'cmake_args' from command line to 'None'
[0.424s] Level 5:colcon.colcon_core.verb:set package 'ros2_conveyorbelt' build argument 'cmake_target' from command line to 'None'
[0.424s] Level 5:colcon.colcon_core.verb:set package 'ros2_conveyorbelt' build argument 'cmake_target_skip_unavailable' from command line to 'False'
[0.424s] Level 5:colcon.colcon_core.verb:set package 'ros2_conveyorbelt' build argument 'cmake_clean_cache' from command line to 'False'
[0.424s] Level 5:colcon.colcon_core.verb:set package 'ros2_conveyorbelt' build argument 'cmake_clean_first' from command line to 'False'
[0.424s] Level 5:colcon.colcon_core.verb:set package 'ros2_conveyorbelt' build argument 'cmake_force_configure' from command line to 'False'
[0.424s] Level 5:colcon.colcon_core.verb:set package 'ros2_conveyorbelt' build argument 'ament_cmake_args' from command line to 'None'
[0.424s] Level 5:colcon.colcon_core.verb:set package 'ros2_conveyorbelt' build argument 'catkin_cmake_args' from command line to 'None'
[0.425s] Level 5:colcon.colcon_core.verb:set package 'ros2_conveyorbelt' build argument 'catkin_skip_building_tests' from command line to 'False'
[0.425s] DEBUG:colcon.colcon_core.verb:Building package 'ros2_conveyorbelt' with the following arguments: {'ament_cmake_args': None, 'build_base': '/home/chino/fabrica_ws/build/ros2_conveyorbelt', 'catkin_cmake_args': None, 'catkin_skip_building_tests': False, 'cmake_args': None, 'cmake_clean_cache': False, 'cmake_clean_first': False, 'cmake_force_configure': False, 'cmake_target': None, 'cmake_target_skip_unavailable': False, 'install_base': '/home/chino/fabrica_ws/install/ros2_conveyorbelt', 'merge_install': False, 'path': '/home/chino/fabrica_ws/src/IFRA_ConveyorBelt/ros2_conveyorbelt', 'symlink_install': False, 'test_result_base': None}
[0.425s] INFO:colcon.colcon_core.executor:Executing jobs using 'parallel' executor
[0.427s] DEBUG:colcon.colcon_parallel_executor.executor.parallel:run_until_complete
[0.428s] INFO:colcon.colcon_ros.task.ament_cmake.build:Building ROS package in '/home/chino/fabrica_ws/src/IFRA_ConveyorBelt/conveyorbelt_msgs' with build type 'ament_cmake'
[0.428s] INFO:colcon.colcon_cmake.task.cmake.build:Building CMake package in '/home/chino/fabrica_ws/src/IFRA_ConveyorBelt/conveyorbelt_msgs'
[0.434s] INFO:colcon.colcon_core.plugin_system:Skipping extension 'colcon_core.shell.bat': Not used on non-Windows systems
[0.434s] INFO:colcon.colcon_core.shell:Skip shell extension 'powershell' for command environment: Not usable outside of PowerShell
[0.435s] DEBUG:colcon.colcon_core.shell:Skip shell extension 'dsv' for command environment
[0.444s] INFO:colcon.colcon_ros.task.ament_python.build:Building ROS package in '/home/chino/fabrica_ws/src/banda' with build type 'ament_python'
[0.445s] Level 1:colcon.colcon_core.shell:create_environment_hook('banda', 'ament_prefix_path')
[0.446s] INFO:colcon.colcon_core.shell:Creating environment hook '/home/chino/fabrica_ws/install/banda/share/banda/hook/ament_prefix_path.ps1'
[0.447s] INFO:colcon.colcon_core.shell:Creating environment descriptor '/home/chino/fabrica_ws/install/banda/share/banda/hook/ament_prefix_path.dsv'
[0.449s] INFO:colcon.colcon_core.shell:Creating environment hook '/home/chino/fabrica_ws/install/banda/share/banda/hook/ament_prefix_path.sh'
[0.451s] INFO:colcon.colcon_core.shell:Skip shell extension 'powershell' for command environment: Not usable outside of PowerShell
[0.451s] DEBUG:colcon.colcon_core.shell:Skip shell extension 'dsv' for command environment
[0.461s] INFO:colcon.colcon_ros.task.ament_cmake.build:Building ROS package in '/home/chino/fabrica_ws/src/IFRA_ConveyorBelt/conveyorbelt_gazebo' with build type 'ament_cmake'
[0.461s] INFO:colcon.colcon_cmake.task.cmake.build:Building CMake package in '/home/chino/fabrica_ws/src/IFRA_ConveyorBelt/conveyorbelt_gazebo'
[0.462s] INFO:colcon.colcon_core.shell:Skip shell extension 'powershell' for command environment: Not usable outside of PowerShell
[0.463s] DEBUG:colcon.colcon_core.shell:Skip shell extension 'dsv' for command environment
[0.485s] DEBUG:colcon.colcon_core.event_handler.log_command:Invoking command in '/home/chino/fabrica_ws/build/conveyorbelt_msgs': CMAKE_PREFIX_PATH=${CMAKE_PREFIX_PATH}:/home/chino/fabrica_ws/install/banda:/opt/ros/humble /usr/bin/cmake --build /home/chino/fabrica_ws/build/conveyorbelt_msgs -- -j16 -l16
[1.100s] INFO:colcon.colcon_core.task.python.build:Building Python package in '/home/chino/fabrica_ws/src/banda'
[1.101s] INFO:colcon.colcon_core.shell:Skip shell extension 'powershell' for command environment: Not usable outside of PowerShell
[1.101s] DEBUG:colcon.colcon_core.shell:Skip shell extension 'dsv' for command environment
[1.137s] DEBUG:colcon.colcon_core.event_handler.log_command:Invoking command in '/home/chino/fabrica_ws/build/conveyorbelt_gazebo': CMAKE_PREFIX_PATH=${CMAKE_PREFIX_PATH}:/home/chino/fabrica_ws/install/banda:/opt/ros/humble /usr/bin/cmake --build /home/chino/fabrica_ws/build/conveyorbelt_gazebo -- -j16 -l16
[1.223s] DEBUG:colcon.colcon_core.event_handler.log_command:Invoked command in '/home/chino/fabrica_ws/build/conveyorbelt_gazebo' returned '0': CMAKE_PREFIX_PATH=${CMAKE_PREFIX_PATH}:/home/chino/fabrica_ws/install/banda:/opt/ros/humble /usr/bin/cmake --build /home/chino/fabrica_ws/build/conveyorbelt_gazebo -- -j16 -l16
[1.260s] DEBUG:colcon.colcon_core.event_handler.log_command:Invoking command in '/home/chino/fabrica_ws/build/conveyorbelt_gazebo': CMAKE_PREFIX_PATH=${CMAKE_PREFIX_PATH}:/home/chino/fabrica_ws/install/banda:/opt/ros/humble /usr/bin/cmake --install /home/chino/fabrica_ws/build/conveyorbelt_gazebo
[1.301s] Level 1:colcon.colcon_core.environment:create_environment_scripts_only(conveyorbelt_gazebo)
[1.311s] DEBUG:colcon.colcon_core.event_handler.log_command:Invoked command in '/home/chino/fabrica_ws/build/conveyorbelt_gazebo' returned '0': CMAKE_PREFIX_PATH=${CMAKE_PREFIX_PATH}:/home/chino/fabrica_ws/install/banda:/opt/ros/humble /usr/bin/cmake --install /home/chino/fabrica_ws/build/conveyorbelt_gazebo
[1.316s] Level 1:colcon.colcon_core.environment:checking '/home/chino/fabrica_ws/install/conveyorbelt_gazebo' for CMake module files
[1.318s] Level 1:colcon.colcon_core.environment:checking '/home/chino/fabrica_ws/install/conveyorbelt_gazebo' for CMake config files
[1.318s] Level 1:colcon.colcon_core.shell:create_environment_hook('conveyorbelt_gazebo', 'cmake_prefix_path')
[1.319s] INFO:colcon.colcon_core.shell:Creating environment hook '/home/chino/fabrica_ws/install/conveyorbelt_gazebo/share/conveyorbelt_gazebo/hook/cmake_prefix_path.ps1'
[1.321s] INFO:colcon.colcon_core.shell:Creating environment descriptor '/home/chino/fabrica_ws/install/conveyorbelt_gazebo/share/conveyorbelt_gazebo/hook/cmake_prefix_path.dsv'
[1.323s] INFO:colcon.colcon_core.shell:Creating environment hook '/home/chino/fabrica_ws/install/conveyorbelt_gazebo/share/conveyorbelt_gazebo/hook/cmake_prefix_path.sh'
[1.327s] Level 1:colcon.colcon_core.environment:checking '/home/chino/fabrica_ws/install/conveyorbelt_gazebo/bin'
[1.328s] Level 1:colcon.colcon_core.environment:checking '/home/chino/fabrica_ws/install/conveyorbelt_gazebo/lib/pkgconfig/conveyorbelt_gazebo.pc'
[1.329s] Level 1:colcon.colcon_core.environment:checking '/home/chino/fabrica_ws/install/conveyorbelt_gazebo/lib/python3.10/site-packages'
[1.330s] Level 1:colcon.colcon_core.environment:checking '/home/chino/fabrica_ws/install/conveyorbelt_gazebo/bin'
[1.331s] INFO:colcon.colcon_core.shell:Creating package script '/home/chino/fabrica_ws/install/conveyorbelt_gazebo/share/conveyorbelt_gazebo/package.ps1'
[1.335s] INFO:colcon.colcon_core.shell:Creating package descriptor '/home/chino/fabrica_ws/install/conveyorbelt_gazebo/share/conveyorbelt_gazebo/package.dsv'
[1.338s] INFO:colcon.colcon_core.shell:Creating package script '/home/chino/fabrica_ws/install/conveyorbelt_gazebo/share/conveyorbelt_gazebo/package.sh'
[1.341s] INFO:colcon.colcon_core.shell:Creating package script '/home/chino/fabrica_ws/install/conveyorbelt_gazebo/share/conveyorbelt_gazebo/package.bash'
[1.345s] INFO:colcon.colcon_core.shell:Creating package script '/home/chino/fabrica_ws/install/conveyorbelt_gazebo/share/conveyorbelt_gazebo/package.zsh'
[1.348s] Level 1:colcon.colcon_core.environment:create_file_with_runtime_dependencies(/home/chino/fabrica_ws/install/conveyorbelt_gazebo/share/colcon-core/packages/conveyorbelt_gazebo)
[1.352s] Level 1:colcon.colcon_core.environment:create_environment_scripts_only(conveyorbelt_gazebo)
[1.352s] Level 1:colcon.colcon_core.environment:checking '/home/chino/fabrica_ws/install/conveyorbelt_gazebo' for CMake module files
[1.357s] Level 1:colcon.colcon_core.environment:checking '/home/chino/fabrica_ws/install/conveyorbelt_gazebo' for CMake config files
[1.357s] Level 1:colcon.colcon_core.shell:create_environment_hook('conveyorbelt_gazebo', 'cmake_prefix_path')
[1.358s] INFO:colcon.colcon_core.shell:Creating environment hook '/home/chino/fabrica_ws/install/conveyorbelt_gazebo/share/conveyorbelt_gazebo/hook/cmake_prefix_path.ps1'
[1.360s] INFO:colcon.colcon_core.shell:Creating environment descriptor '/home/chino/fabrica_ws/install/conveyorbelt_gazebo/share/conveyorbelt_gazebo/hook/cmake_prefix_path.dsv'
[1.362s] INFO:colcon.colcon_core.shell:Creating environment hook '/home/chino/fabrica_ws/install/conveyorbelt_gazebo/share/conveyorbelt_gazebo/hook/cmake_prefix_path.sh'
[1.363s] Level 1:colcon.colcon_core.environment:checking '/home/chino/fabrica_ws/install/conveyorbelt_gazebo/bin'
[1.363s] Level 1:colcon.colcon_core.environment:checking '/home/chino/fabrica_ws/install/conveyorbelt_gazebo/lib/pkgconfig/conveyorbelt_gazebo.pc'
[1.364s] Level 1:colcon.colcon_core.environment:checking '/home/chino/fabrica_ws/install/conveyorbelt_gazebo/lib/python3.10/site-packages'
[1.364s] Level 1:colcon.colcon_core.environment:checking '/home/chino/fabrica_ws/install/conveyorbelt_gazebo/bin'
[1.365s] INFO:colcon.colcon_core.shell:Creating package script '/home/chino/fabrica_ws/install/conveyorbelt_gazebo/share/conveyorbelt_gazebo/package.ps1'
[1.366s] INFO:colcon.colcon_core.shell:Creating package descriptor '/home/chino/fabrica_ws/install/conveyorbelt_gazebo/share/conveyorbelt_gazebo/package.dsv'
[1.368s] INFO:colcon.colcon_core.shell:Creating package script '/home/chino/fabrica_ws/install/conveyorbelt_gazebo/share/conveyorbelt_gazebo/package.sh'
[1.369s] INFO:colcon.colcon_core.shell:Creating package script '/home/chino/fabrica_ws/install/conveyorbelt_gazebo/share/conveyorbelt_gazebo/package.bash'
[1.370s] INFO:colcon.colcon_core.shell:Creating package script '/home/chino/fabrica_ws/install/conveyorbelt_gazebo/share/conveyorbelt_gazebo/package.zsh'
[1.371s] Level 1:colcon.colcon_core.environment:create_file_with_runtime_dependencies(/home/chino/fabrica_ws/install/conveyorbelt_gazebo/share/colcon-core/packages/conveyorbelt_gazebo)
[1.441s] DEBUG:colcon.colcon_core.event_handler.log_command:Invoked command in '/home/chino/fabrica_ws/build/conveyorbelt_msgs' returned '0': CMAKE_PREFIX_PATH=${CMAKE_PREFIX_PATH}:/home/chino/fabrica_ws/install/banda:/opt/ros/humble /usr/bin/cmake --build /home/chino/fabrica_ws/build/conveyorbelt_msgs -- -j16 -l16
[1.447s] DEBUG:colcon.colcon_core.event_handler.log_command:Invoking command in '/home/chino/fabrica_ws/build/conveyorbelt_msgs': CMAKE_PREFIX_PATH=${CMAKE_PREFIX_PATH}:/home/chino/fabrica_ws/install/banda:/opt/ros/humble /usr/bin/cmake --install /home/chino/fabrica_ws/build/conveyorbelt_msgs
[1.653s] Level 1:colcon.colcon_core.environment:create_environment_scripts_only(conveyorbelt_msgs)
[1.654s] Level 1:colcon.colcon_core.environment:checking '/home/chino/fabrica_ws/install/conveyorbelt_msgs' for CMake module files
[1.656s] DEBUG:colcon.colcon_core.event_handler.log_command:Invoked command in '/home/chino/fabrica_ws/build/conveyorbelt_msgs' returned '0': CMAKE_PREFIX_PATH=${CMAKE_PREFIX_PATH}:/home/chino/fabrica_ws/install/banda:/opt/ros/humble /usr/bin/cmake --install /home/chino/fabrica_ws/build/conveyorbelt_msgs
[1.657s] Level 1:colcon.colcon_core.environment:checking '/home/chino/fabrica_ws/install/conveyorbelt_msgs' for CMake config files
[1.658s] Level 1:colcon.colcon_core.shell:create_environment_hook('conveyorbelt_msgs', 'cmake_prefix_path')
[1.659s] INFO:colcon.colcon_core.shell:Creating environment hook '/home/chino/fabrica_ws/install/conveyorbelt_msgs/share/conveyorbelt_msgs/hook/cmake_prefix_path.ps1'
[1.660s] INFO:colcon.colcon_core.shell:Creating environment descriptor '/home/chino/fabrica_ws/install/conveyorbelt_msgs/share/conveyorbelt_msgs/hook/cmake_prefix_path.dsv'
[1.661s] INFO:colcon.colcon_core.shell:Creating environment hook '/home/chino/fabrica_ws/install/conveyorbelt_msgs/share/conveyorbelt_msgs/hook/cmake_prefix_path.sh'
[1.663s] Level 1:colcon.colcon_core.environment:checking '/home/chino/fabrica_ws/install/conveyorbelt_msgs/lib'
[1.663s] Level 1:colcon.colcon_core.shell:create_environment_hook('conveyorbelt_msgs', 'ld_library_path_lib')
[1.664s] INFO:colcon.colcon_core.shell:Creating environment hook '/home/chino/fabrica_ws/install/conveyorbelt_msgs/share/conveyorbelt_msgs/hook/ld_library_path_lib.ps1'
[1.665s] INFO:colcon.colcon_core.shell:Creating environment descriptor '/home/chino/fabrica_ws/install/conveyorbelt_msgs/share/conveyorbelt_msgs/hook/ld_library_path_lib.dsv'
[1.666s] INFO:colcon.colcon_core.shell:Creating environment hook '/home/chino/fabrica_ws/install/conveyorbelt_msgs/share/conveyorbelt_msgs/hook/ld_library_path_lib.sh'
[1.667s] Level 1:colcon.colcon_core.environment:checking '/home/chino/fabrica_ws/install/conveyorbelt_msgs/bin'
[1.667s] Level 1:colcon.colcon_core.environment:checking '/home/chino/fabrica_ws/install/conveyorbelt_msgs/lib/pkgconfig/conveyorbelt_msgs.pc'
[1.668s] Level 1:colcon.colcon_core.environment:checking '/home/chino/fabrica_ws/install/conveyorbelt_msgs/lib/python3.10/site-packages'
[1.669s] Level 1:colcon.colcon_core.environment:checking '/home/chino/fabrica_ws/install/conveyorbelt_msgs/bin'
[1.670s] INFO:colcon.colcon_core.shell:Creating package script '/home/chino/fabrica_ws/install/conveyorbelt_msgs/share/conveyorbelt_msgs/package.ps1'
[1.671s] INFO:colcon.colcon_core.shell:Creating package descriptor '/home/chino/fabrica_ws/install/conveyorbelt_msgs/share/conveyorbelt_msgs/package.dsv'
[1.672s] INFO:colcon.colcon_core.shell:Creating package script '/home/chino/fabrica_ws/install/conveyorbelt_msgs/share/conveyorbelt_msgs/package.sh'
[1.674s] INFO:colcon.colcon_core.shell:Creating package script '/home/chino/fabrica_ws/install/conveyorbelt_msgs/share/conveyorbelt_msgs/package.bash'
[1.675s] INFO:colcon.colcon_core.shell:Creating package script '/home/chino/fabrica_ws/install/conveyorbelt_msgs/share/conveyorbelt_msgs/package.zsh'
[1.676s] Level 1:colcon.colcon_core.environment:create_file_with_runtime_dependencies(/home/chino/fabrica_ws/install/conveyorbelt_msgs/share/colcon-core/packages/conveyorbelt_msgs)
[1.677s] Level 1:colcon.colcon_core.environment:create_environment_scripts_only(conveyorbelt_msgs)
[1.677s] Level 1:colcon.colcon_core.environment:checking '/home/chino/fabrica_ws/install/conveyorbelt_msgs' for CMake module files
[1.679s] Level 1:colcon.colcon_core.environment:checking '/home/chino/fabrica_ws/install/conveyorbelt_msgs' for CMake config files
[1.680s] Level 1:colcon.colcon_core.shell:create_environment_hook('conveyorbelt_msgs', 'cmake_prefix_path')
[1.680s] INFO:colcon.colcon_core.shell:Creating environment hook '/home/chino/fabrica_ws/install/conveyorbelt_msgs/share/conveyorbelt_msgs/hook/cmake_prefix_path.ps1'
[1.681s] INFO:colcon.colcon_core.shell:Creating environment descriptor '/home/chino/fabrica_ws/install/conveyorbelt_msgs/share/conveyorbelt_msgs/hook/cmake_prefix_path.dsv'
[1.682s] INFO:colcon.colcon_core.shell:Creating environment hook '/home/chino/fabrica_ws/install/conveyorbelt_msgs/share/conveyorbelt_msgs/hook/cmake_prefix_path.sh'
[1.684s] Level 1:colcon.colcon_core.environment:checking '/home/chino/fabrica_ws/install/conveyorbelt_msgs/lib'
[1.684s] Level 1:colcon.colcon_core.shell:create_environment_hook('conveyorbelt_msgs', 'ld_library_path_lib')
[1.685s] INFO:colcon.colcon_core.shell:Creating environment hook '/home/chino/fabrica_ws/install/conveyorbelt_msgs/share/conveyorbelt_msgs/hook/ld_library_path_lib.ps1'
[1.686s] INFO:colcon.colcon_core.shell:Creating environment descriptor '/home/chino/fabrica_ws/install/conveyorbelt_msgs/share/conveyorbelt_msgs/hook/ld_library_path_lib.dsv'
[1.687s] INFO:colcon.colcon_core.shell:Creating environment hook '/home/chino/fabrica_ws/install/conveyorbelt_msgs/share/conveyorbelt_msgs/hook/ld_library_path_lib.sh'
[1.688s] Level 1:colcon.colcon_core.environment:checking '/home/chino/fabrica_ws/install/conveyorbelt_msgs/bin'
[1.688s] Level 1:colcon.colcon_core.environment:checking '/home/chino/fabrica_ws/install/conveyorbelt_msgs/lib/pkgconfig/conveyorbelt_msgs.pc'
[1.688s] Level 1:colcon.colcon_core.environment:checking '/home/chino/fabrica_ws/install/conveyorbelt_msgs/lib/python3.10/site-packages'
[1.689s] Level 1:colcon.colcon_core.environment:checking '/home/chino/fabrica_ws/install/conveyorbelt_msgs/bin'
[1.690s] INFO:colcon.colcon_core.shell:Creating package script '/home/chino/fabrica_ws/install/conveyorbelt_msgs/share/conveyorbelt_msgs/package.ps1'
[1.691s] INFO:colcon.colcon_core.shell:Creating package descriptor '/home/chino/fabrica_ws/install/conveyorbelt_msgs/share/conveyorbelt_msgs/package.dsv'
[1.692s] INFO:colcon.colcon_core.shell:Creating package script '/home/chino/fabrica_ws/install/conveyorbelt_msgs/share/conveyorbelt_msgs/package.sh'
[1.693s] INFO:colcon.colcon_core.shell:Creating package script '/home/chino/fabrica_ws/install/conveyorbelt_msgs/share/conveyorbelt_msgs/package.bash'
[1.694s] INFO:colcon.colcon_core.shell:Creating package script '/home/chino/fabrica_ws/install/conveyorbelt_msgs/share/conveyorbelt_msgs/package.zsh'
[1.695s] Level 1:colcon.colcon_core.environment:create_file_with_runtime_dependencies(/home/chino/fabrica_ws/install/conveyorbelt_msgs/share/colcon-core/packages/conveyorbelt_msgs)
[1.696s] INFO:colcon.colcon_ros.task.ament_cmake.build:Building ROS package in '/home/chino/fabrica_ws/src/IFRA_ConveyorBelt/ros2_conveyorbelt' with build type 'ament_cmake'
[1.697s] INFO:colcon.colcon_cmake.task.cmake.build:Building CMake package in '/home/chino/fabrica_ws/src/IFRA_ConveyorBelt/ros2_conveyorbelt'
[1.698s] INFO:colcon.colcon_core.shell:Skip shell extension 'powershell' for command environment: Not usable outside of PowerShell
[1.698s] DEBUG:colcon.colcon_core.shell:Skip shell extension 'dsv' for command environment
[2.211s] DEBUG:colcon.colcon_core.event_handler.log_command:Invoking command in '/home/chino/fabrica_ws/src/banda': PYTHONPATH=/home/chino/fabrica_ws/build/banda/prefix_override:/usr/lib/python3/dist-packages/colcon_core/task/python/colcon_distutils_commands:/home/chino/fabrica_ws/install/banda/lib/python3.10/site-packages:${PYTHONPATH} /usr/bin/python3 -W ignore:setup.py install is deprecated -W ignore:easy_install command is deprecated setup.py egg_info --egg-base ../../build/banda build --build-base /home/chino/fabrica_ws/build/banda/build install --record /home/chino/fabrica_ws/build/banda/install.log --single-version-externally-managed install_data
[2.271s] DEBUG:colcon.colcon_core.event_handler.log_command:Invoking command in '/home/chino/fabrica_ws/build/ros2_conveyorbelt': CMAKE_PREFIX_PATH=/home/chino/fabrica_ws/install/conveyorbelt_msgs:/home/chino/fabrica_ws/install/ros2_conveyorbelt:/home/chino/fabrica_ws/install/conveyorbelt_gazebo:/home/chino/fabrica_ws/install/banda:/opt/ros/humble LD_LIBRARY_PATH=/home/chino/fabrica_ws/install/conveyorbelt_msgs/lib:/home/chino/fabrica_ws/install/ros2_conveyorbelt/lib:/usr/lib/x86_64-linux-gnu/gazebo-11/plugins:/opt/ros/humble/opt/rviz_ogre_vendor/lib:/opt/ros/humble/lib/x86_64-linux-gnu:/opt/ros/humble/lib:/usr/share/gazebo/../../lib/x86_64-linux-gnu/gazebo-11/plugins /usr/bin/cmake --build /home/chino/fabrica_ws/build/ros2_conveyorbelt -- -j16 -l16
[2.476s] DEBUG:colcon.colcon_core.event_handler.log_command:Invoked command in '/home/chino/fabrica_ws/build/ros2_conveyorbelt' returned '0': CMAKE_PREFIX_PATH=/home/chino/fabrica_ws/install/conveyorbelt_msgs:/home/chino/fabrica_ws/install/ros2_conveyorbelt:/home/chino/fabrica_ws/install/conveyorbelt_gazebo:/home/chino/fabrica_ws/install/banda:/opt/ros/humble LD_LIBRARY_PATH=/home/chino/fabrica_ws/install/conveyorbelt_msgs/lib:/home/chino/fabrica_ws/install/ros2_conveyorbelt/lib:/usr/lib/x86_64-linux-gnu/gazebo-11/plugins:/opt/ros/humble/opt/rviz_ogre_vendor/lib:/opt/ros/humble/lib/x86_64-linux-gnu:/opt/ros/humble/lib:/usr/share/gazebo/../../lib/x86_64-linux-gnu/gazebo-11/plugins /usr/bin/cmake --build /home/chino/fabrica_ws/build/ros2_conveyorbelt -- -j16 -l16
[2.481s] DEBUG:colcon.colcon_core.event_handler.log_command:Invoking command in '/home/chino/fabrica_ws/build/ros2_conveyorbelt': CMAKE_PREFIX_PATH=/home/chino/fabrica_ws/install/conveyorbelt_msgs:/home/chino/fabrica_ws/install/ros2_conveyorbelt:/home/chino/fabrica_ws/install/conveyorbelt_gazebo:/home/chino/fabrica_ws/install/banda:/opt/ros/humble LD_LIBRARY_PATH=/home/chino/fabrica_ws/install/conveyorbelt_msgs/lib:/home/chino/fabrica_ws/install/ros2_conveyorbelt/lib:/usr/lib/x86_64-linux-gnu/gazebo-11/plugins:/opt/ros/humble/opt/rviz_ogre_vendor/lib:/opt/ros/humble/lib/x86_64-linux-gnu:/opt/ros/humble/lib:/usr/share/gazebo/../../lib/x86_64-linux-gnu/gazebo-11/plugins /usr/bin/cmake --install /home/chino/fabrica_ws/build/ros2_conveyorbelt
[2.518s] Level 1:colcon.colcon_core.environment:create_environment_scripts_only(ros2_conveyorbelt)
[2.519s] Level 1:colcon.colcon_core.environment:checking '/home/chino/fabrica_ws/install/ros2_conveyorbelt' for CMake module files
[2.520s] DEBUG:colcon.colcon_core.event_handler.log_command:Invoked command in '/home/chino/fabrica_ws/build/ros2_conveyorbelt' returned '0': CMAKE_PREFIX_PATH=/home/chino/fabrica_ws/install/conveyorbelt_msgs:/home/chino/fabrica_ws/install/ros2_conveyorbelt:/home/chino/fabrica_ws/install/conveyorbelt_gazebo:/home/chino/fabrica_ws/install/banda:/opt/ros/humble LD_LIBRARY_PATH=/home/chino/fabrica_ws/install/conveyorbelt_msgs/lib:/home/chino/fabrica_ws/install/ros2_conveyorbelt/lib:/usr/lib/x86_64-linux-gnu/gazebo-11/plugins:/opt/ros/humble/opt/rviz_ogre_vendor/lib:/opt/ros/humble/lib/x86_64-linux-gnu:/opt/ros/humble/lib:/usr/share/gazebo/../../lib/x86_64-linux-gnu/gazebo-11/plugins /usr/bin/cmake --install /home/chino/fabrica_ws/build/ros2_conveyorbelt
[2.522s] Level 1:colcon.colcon_core.environment:checking '/home/chino/fabrica_ws/install/ros2_conveyorbelt' for CMake config files
[2.523s] Level 1:colcon.colcon_core.shell:create_environment_hook('ros2_conveyorbelt', 'cmake_prefix_path')
[2.524s] INFO:colcon.colcon_core.shell:Creating environment hook '/home/chino/fabrica_ws/install/ros2_conveyorbelt/share/ros2_conveyorbelt/hook/cmake_prefix_path.ps1'
[2.525s] INFO:colcon.colcon_core.shell:Creating environment descriptor '/home/chino/fabrica_ws/install/ros2_conveyorbelt/share/ros2_conveyorbelt/hook/cmake_prefix_path.dsv'
[2.526s] INFO:colcon.colcon_core.shell:Creating environment hook '/home/chino/fabrica_ws/install/ros2_conveyorbelt/share/ros2_conveyorbelt/hook/cmake_prefix_path.sh'
[2.528s] Level 1:colcon.colcon_core.environment:checking '/home/chino/fabrica_ws/install/ros2_conveyorbelt/lib'
[2.528s] Level 1:colcon.colcon_core.shell:create_environment_hook('ros2_conveyorbelt', 'ld_library_path_lib')
[2.529s] INFO:colcon.colcon_core.shell:Creating environment hook '/home/chino/fabrica_ws/install/ros2_conveyorbelt/share/ros2_conveyorbelt/hook/ld_library_path_lib.ps1'
[2.531s] INFO:colcon.colcon_core.shell:Creating environment descriptor '/home/chino/fabrica_ws/install/ros2_conveyorbelt/share/ros2_conveyorbelt/hook/ld_library_path_lib.dsv'
[2.532s] INFO:colcon.colcon_core.shell:Creating environment hook '/home/chino/fabrica_ws/install/ros2_conveyorbelt/share/ros2_conveyorbelt/hook/ld_library_path_lib.sh'
[2.534s] Level 1:colcon.colcon_core.environment:checking '/home/chino/fabrica_ws/install/ros2_conveyorbelt/bin'
[2.534s] Level 1:colcon.colcon_core.environment:checking '/home/chino/fabrica_ws/install/ros2_conveyorbelt/lib/pkgconfig/ros2_conveyorbelt.pc'
[2.535s] Level 1:colcon.colcon_core.environment:checking '/home/chino/fabrica_ws/install/ros2_conveyorbelt/lib/python3.10/site-packages'
[2.536s] Level 1:colcon.colcon_core.environment:checking '/home/chino/fabrica_ws/install/ros2_conveyorbelt/bin'
[2.538s] INFO:colcon.colcon_core.shell:Creating package script '/home/chino/fabrica_ws/install/ros2_conveyorbelt/share/ros2_conveyorbelt/package.ps1'
[2.540s] INFO:colcon.colcon_core.shell:Creating package descriptor '/home/chino/fabrica_ws/install/ros2_conveyorbelt/share/ros2_conveyorbelt/package.dsv'
[2.542s] INFO:colcon.colcon_core.shell:Creating package script '/home/chino/fabrica_ws/install/ros2_conveyorbelt/share/ros2_conveyorbelt/package.sh'
[2.544s] INFO:colcon.colcon_core.shell:Creating package script '/home/chino/fabrica_ws/install/ros2_conveyorbelt/share/ros2_conveyorbelt/package.bash'
[2.546s] INFO:colcon.colcon_core.shell:Creating package script '/home/chino/fabrica_ws/install/ros2_conveyorbelt/share/ros2_conveyorbelt/package.zsh'
[2.548s] Level 1:colcon.colcon_core.environment:create_file_with_runtime_dependencies(/home/chino/fabrica_ws/install/ros2_conveyorbelt/share/colcon-core/packages/ros2_conveyorbelt)
[2.550s] Level 1:colcon.colcon_core.environment:create_environment_scripts_only(ros2_conveyorbelt)
[2.551s] Level 1:colcon.colcon_core.environment:checking '/home/chino/fabrica_ws/install/ros2_conveyorbelt' for CMake module files
[2.552s] Level 1:colcon.colcon_core.environment:checking '/home/chino/fabrica_ws/install/ros2_conveyorbelt' for CMake config files
[2.553s] Level 1:colcon.colcon_core.shell:create_environment_hook('ros2_conveyorbelt', 'cmake_prefix_path')
[2.554s] INFO:colcon.colcon_core.shell:Creating environment hook '/home/chino/fabrica_ws/install/ros2_conveyorbelt/share/ros2_conveyorbelt/hook/cmake_prefix_path.ps1'
[2.555s] INFO:colcon.colcon_core.shell:Creating environment descriptor '/home/chino/fabrica_ws/install/ros2_conveyorbelt/share/ros2_conveyorbelt/hook/cmake_prefix_path.dsv'
[2.556s] INFO:colcon.colcon_core.shell:Creating environment hook '/home/chino/fabrica_ws/install/ros2_conveyorbelt/share/ros2_conveyorbelt/hook/cmake_prefix_path.sh'
[2.558s] Level 1:colcon.colcon_core.environment:checking '/home/chino/fabrica_ws/install/ros2_conveyorbelt/lib'
[2.558s] Level 1:colcon.colcon_core.shell:create_environment_hook('ros2_conveyorbelt', 'ld_library_path_lib')
[2.559s] INFO:colcon.colcon_core.shell:Creating environment hook '/home/chino/fabrica_ws/install/ros2_conveyorbelt/share/ros2_conveyorbelt/hook/ld_library_path_lib.ps1'
[2.561s] INFO:colcon.colcon_core.shell:Creating environment descriptor '/home/chino/fabrica_ws/install/ros2_conveyorbelt/share/ros2_conveyorbelt/hook/ld_library_path_lib.dsv'
[2.562s] INFO:colcon.colcon_core.shell:Creating environment hook '/home/chino/fabrica_ws/install/ros2_conveyorbelt/share/ros2_conveyorbelt/hook/ld_library_path_lib.sh'
[2.564s] Level 1:colcon.colcon_core.environment:checking '/home/chino/fabrica_ws/install/ros2_conveyorbelt/bin'
[2.564s] Level 1:colcon.colcon_core.environment:checking '/home/chino/fabrica_ws/install/ros2_conveyorbelt/lib/pkgconfig/ros2_conveyorbelt.pc'
[2.565s] Level 1:colcon.colcon_core.environment:checking '/home/chino/fabrica_ws/install/ros2_conveyorbelt/lib/python3.10/site-packages'
[2.566s] Level 1:colcon.colcon_core.environment:checking '/home/chino/fabrica_ws/install/ros2_conveyorbelt/bin'
[2.567s] INFO:colcon.colcon_core.shell:Creating package script '/home/chino/fabrica_ws/install/ros2_conveyorbelt/share/ros2_conveyorbelt/package.ps1'
[2.570s] INFO:colcon.colcon_core.shell:Creating package descriptor '/home/chino/fabrica_ws/install/ros2_conveyorbelt/share/ros2_conveyorbelt/package.dsv'
[2.571s] INFO:colcon.colcon_core.shell:Creating package script '/home/chino/fabrica_ws/install/ros2_conveyorbelt/share/ros2_conveyorbelt/package.sh'
[2.573s] INFO:colcon.colcon_core.shell:Creating package script '/home/chino/fabrica_ws/install/ros2_conveyorbelt/share/ros2_conveyorbelt/package.bash'
[2.574s] INFO:colcon.colcon_core.shell:Creating package script '/home/chino/fabrica_ws/install/ros2_conveyorbelt/share/ros2_conveyorbelt/package.zsh'
[2.574s] Level 1:colcon.colcon_core.environment:create_file_with_runtime_dependencies(/home/chino/fabrica_ws/install/ros2_conveyorbelt/share/colcon-core/packages/ros2_conveyorbelt)
[2.893s] Level 1:colcon.colcon_core.environment:checking '/home/chino/fabrica_ws/install/banda' for CMake module files
[2.895s] DEBUG:colcon.colcon_core.event_handler.log_command:Invoked command in '/home/chino/fabrica_ws/src/banda' returned '0': PYTHONPATH=/home/chino/fabrica_ws/build/banda/prefix_override:/usr/lib/python3/dist-packages/colcon_core/task/python/colcon_distutils_commands:/home/chino/fabrica_ws/install/banda/lib/python3.10/site-packages:${PYTHONPATH} /usr/bin/python3 -W ignore:setup.py install is deprecated -W ignore:easy_install command is deprecated setup.py egg_info --egg-base ../../build/banda build --build-base /home/chino/fabrica_ws/build/banda/build install --record /home/chino/fabrica_ws/build/banda/install.log --single-version-externally-managed install_data
[2.896s] Level 1:colcon.colcon_core.environment:checking '/home/chino/fabrica_ws/install/banda' for CMake config files
[2.898s] Level 1:colcon.colcon_core.environment:checking '/home/chino/fabrica_ws/install/banda/lib'
[2.899s] Level 1:colcon.colcon_core.environment:checking '/home/chino/fabrica_ws/install/banda/bin'
[2.899s] Level 1:colcon.colcon_core.environment:checking '/home/chino/fabrica_ws/install/banda/lib/pkgconfig/banda.pc'
[2.900s] Level 1:colcon.colcon_core.environment:checking '/home/chino/fabrica_ws/install/banda/lib/python3.10/site-packages'
[2.900s] Level 1:colcon.colcon_core.shell:create_environment_hook('banda', 'pythonpath')
[2.901s] INFO:colcon.colcon_core.shell:Creating environment hook '/home/chino/fabrica_ws/install/banda/share/banda/hook/pythonpath.ps1'
[2.903s] INFO:colcon.colcon_core.shell:Creating environment descriptor '/home/chino/fabrica_ws/install/banda/share/banda/hook/pythonpath.dsv'
[2.904s] INFO:colcon.colcon_core.shell:Creating environment hook '/home/chino/fabrica_ws/install/banda/share/banda/hook/pythonpath.sh'
[2.907s] Level 1:colcon.colcon_core.environment:checking '/home/chino/fabrica_ws/install/banda/bin'
[2.907s] Level 1:colcon.colcon_core.environment:create_environment_scripts_only(banda)
[2.908s] INFO:colcon.colcon_core.shell:Creating package script '/home/chino/fabrica_ws/install/banda/share/banda/package.ps1'
[2.910s] INFO:colcon.colcon_core.shell:Creating package descriptor '/home/chino/fabrica_ws/install/banda/share/banda/package.dsv'
[2.912s] INFO:colcon.colcon_core.shell:Creating package script '/home/chino/fabrica_ws/install/banda/share/banda/package.sh'
[2.914s] INFO:colcon.colcon_core.shell:Creating package script '/home/chino/fabrica_ws/install/banda/share/banda/package.bash'
[2.916s] INFO:colcon.colcon_core.shell:Creating package script '/home/chino/fabrica_ws/install/banda/share/banda/package.zsh'
[2.917s] Level 1:colcon.colcon_core.environment:create_file_with_runtime_dependencies(/home/chino/fabrica_ws/install/banda/share/colcon-core/packages/banda)
[2.919s] DEBUG:colcon.colcon_parallel_executor.executor.parallel:closing loop
[2.920s] DEBUG:colcon.colcon_parallel_executor.executor.parallel:loop closed
[2.921s] DEBUG:colcon.colcon_parallel_executor.executor.parallel:run_until_complete finished with '0'
[2.921s] DEBUG:colcon.colcon_core.event_reactor:joining thread
[3.177s] INFO:colcon.colcon_core.plugin_system:Skipping extension 'colcon_notification.desktop_notification.notify_send': Could not find 'notify-send'
[3.177s] INFO:colcon.colcon_core.plugin_system:Skipping extension 'colcon_notification.desktop_notification.terminal_notifier': Not used on non-Darwin systems
[3.177s] INFO:colcon.colcon_core.plugin_system:Skipping extension 'colcon_notification.desktop_notification.win32': Not used on non-Windows systems
[3.177s] INFO:colcon.colcon_notification.desktop_notification:Sending desktop notification using 'notify2'
[3.178s] DEBUG:colcon.colcon_notification.desktop_notification.notify2:Failed to initialize notify2: org.freedesktop.DBus.Error.FileNotFound: Failed to connect to socket /run/user/1000/bus: No such file or directory
[3.178s] DEBUG:colcon.colcon_core.event_reactor:joined thread
[3.179s] INFO:colcon.colcon_core.shell:Creating prefix script '/home/chino/fabrica_ws/install/local_setup.ps1'
[3.180s] INFO:colcon.colcon_core.shell:Creating prefix util module '/home/chino/fabrica_ws/install/_local_setup_util_ps1.py'
[3.183s] INFO:colcon.colcon_core.shell:Creating prefix chain script '/home/chino/fabrica_ws/install/setup.ps1'
[3.185s] INFO:colcon.colcon_core.shell:Creating prefix script '/home/chino/fabrica_ws/install/local_setup.sh'
[3.187s] INFO:colcon.colcon_core.shell:Creating prefix util module '/home/chino/fabrica_ws/install/_local_setup_util_sh.py'
[3.188s] INFO:colcon.colcon_core.shell:Creating prefix chain script '/home/chino/fabrica_ws/install/setup.sh'
[3.190s] INFO:colcon.colcon_core.shell:Creating prefix script '/home/chino/fabrica_ws/install/local_setup.bash'
[3.191s] INFO:colcon.colcon_core.shell:Creating prefix chain script '/home/chino/fabrica_ws/install/setup.bash'
[3.194s] INFO:colcon.colcon_core.shell:Creating prefix script '/home/chino/fabrica_ws/install/local_setup.zsh'
[3.195s] INFO:colcon.colcon_core.shell:Creating prefix chain script '/home/chino/fabrica_ws/install/setup.zsh'
