[0.047s] Invoking command in '/home/chino/fabrica_ws/build/conveyorbelt_msgs': CMAKE_PREFIX_PATH=${CMAKE_PREFIX_PATH}:/home/chino/fabrica_ws/install/banda:/opt/ros/humble /usr/bin/cmake --build /home/chino/fabrica_ws/build/conveyorbelt_msgs -- -j16 -l16
[0.588s] [ 10%] Built target conveyorbelt_msgs__cpp
[0.590s] [ 12%] Built target conveyorbelt_msgs__rosidl_generator_c
[0.591s] [ 12%] Built target ament_cmake_python_copy_conveyorbelt_msgs
[0.591s] [ 51%] Built target conveyorbelt_msgs__rosidl_typesupport_fastrtps_cpp
[0.592s] [ 51%] Built target conveyorbelt_msgs__rosidl_typesupport_c
[0.594s] [ 51%] Built target conveyorbelt_msgs__rosidl_typesupport_introspection_c
[0.595s] [ 64%] Built target conveyorbelt_msgs__rosidl_typesupport_introspection_cpp
[0.598s] [ 64%] Built target conveyorbelt_msgs__rosidl_typesupport_fastrtps_c
[0.599s] [ 74%] Built target conveyorbelt_msgs__rosidl_typesupport_cpp
[0.601s] [ 74%] Built target conveyorbelt_msgs
[0.604s] [ 76%] Built target conveyorbelt_msgs__py
[0.605s] [ 84%] Built target conveyorbelt_msgs__rosidl_generator_py
[0.605s] [ 94%] Built target conveyorbelt_msgs__rosidl_typesupport_fastrtps_c__pyext
[0.605s] [ 94%] Built target conveyorbelt_msgs__rosidl_typesupport_c__pyext
[0.605s] [100%] Built target conveyorbelt_msgs__rosidl_typesupport_introspection_c__pyext
[0.697s] running egg_info
[0.703s] writing conveyorbelt_msgs.egg-info/PKG-INFO
[0.703s] writing dependency_links to conveyorbelt_msgs.egg-info/dependency_links.txt
[0.703s] writing top-level names to conveyorbelt_msgs.egg-info/top_level.txt
[0.707s] reading manifest file 'conveyorbelt_msgs.egg-info/SOURCES.txt'
[0.709s] writing manifest file 'conveyorbelt_msgs.egg-info/SOURCES.txt'
[0.761s] [100%] Built target ament_cmake_python_build_conveyorbelt_msgs_egg
[0.785s] Invoked command in '/home/chino/fabrica_ws/build/conveyorbelt_msgs' returned '0': CMAKE_PREFIX_PATH=${CMAKE_PREFIX_PATH}:/home/chino/fabrica_ws/install/banda:/opt/ros/humble /usr/bin/cmake --build /home/chino/fabrica_ws/build/conveyorbelt_msgs -- -j16 -l16
[0.789s] Invoking command in '/home/chino/fabrica_ws/build/conveyorbelt_msgs': CMAKE_PREFIX_PATH=${CMAKE_PREFIX_PATH}:/home/chino/fabrica_ws/install/banda:/opt/ros/humble /usr/bin/cmake --install /home/chino/fabrica_ws/build/conveyorbelt_msgs
[0.805s] -- Install configuration: ""
[0.806s] -- Up-to-date: /home/chino/fabrica_ws/install/conveyorbelt_msgs/share/conveyorbelt_msgs/msg
[0.806s] -- Up-to-date: /home/chino/fabrica_ws/install/conveyorbelt_msgs/share/conveyorbelt_msgs/msg/ConveyorBeltState.msg
[0.807s] -- Up-to-date: /home/chino/fabrica_ws/install/conveyorbelt_msgs/share/conveyorbelt_msgs/srv
[0.808s] -- Up-to-date: /home/chino/fabrica_ws/install/conveyorbelt_msgs/share/conveyorbelt_msgs/srv/ConveyorBeltControl.srv
[0.809s] -- Up-to-date: /home/chino/fabrica_ws/install/conveyorbelt_msgs/share/ament_index/resource_index/rosidl_interfaces/conveyorbelt_msgs
[0.809s] -- Up-to-date: /home/chino/fabrica_ws/install/conveyorbelt_msgs/include/conveyorbelt_msgs/conveyorbelt_msgs
[0.810s] -- Up-to-date: /home/chino/fabrica_ws/install/conveyorbelt_msgs/include/conveyorbelt_msgs/conveyorbelt_msgs/srv
[0.810s] -- Up-to-date: /home/chino/fabrica_ws/install/conveyorbelt_msgs/include/conveyorbelt_msgs/conveyorbelt_msgs/srv/conveyor_belt_control.h
[0.810s] -- Up-to-date: /home/chino/fabrica_ws/install/conveyorbelt_msgs/include/conveyorbelt_msgs/conveyorbelt_msgs/srv/detail
[0.811s] -- Up-to-date: /home/chino/fabrica_ws/install/conveyorbelt_msgs/include/conveyorbelt_msgs/conveyorbelt_msgs/srv/detail/conveyor_belt_control__struct.h
[0.811s] -- Up-to-date: /home/chino/fabrica_ws/install/conveyorbelt_msgs/include/conveyorbelt_msgs/conveyorbelt_msgs/srv/detail/conveyor_belt_control__type_support.h
[0.812s] -- Up-to-date: /home/chino/fabrica_ws/install/conveyorbelt_msgs/include/conveyorbelt_msgs/conveyorbelt_msgs/srv/detail/conveyor_belt_control__functions.c
[0.812s] -- Up-to-date: /home/chino/fabrica_ws/install/conveyorbelt_msgs/include/conveyorbelt_msgs/conveyorbelt_msgs/srv/detail/conveyor_belt_control__functions.h
[0.813s] -- Up-to-date: /home/chino/fabrica_ws/install/conveyorbelt_msgs/include/conveyorbelt_msgs/conveyorbelt_msgs/msg
[0.813s] -- Up-to-date: /home/chino/fabrica_ws/install/conveyorbelt_msgs/include/conveyorbelt_msgs/conveyorbelt_msgs/msg/conveyor_belt_state.h
[0.814s] -- Up-to-date: /home/chino/fabrica_ws/install/conveyorbelt_msgs/include/conveyorbelt_msgs/conveyorbelt_msgs/msg/rosidl_generator_c__visibility_control.h
[0.815s] -- Up-to-date: /home/chino/fabrica_ws/install/conveyorbelt_msgs/include/conveyorbelt_msgs/conveyorbelt_msgs/msg/detail
[0.815s] -- Up-to-date: /home/chino/fabrica_ws/install/conveyorbelt_msgs/include/conveyorbelt_msgs/conveyorbelt_msgs/msg/detail/conveyor_belt_state__struct.h
[0.815s] -- Up-to-date: /home/chino/fabrica_ws/install/conveyorbelt_msgs/include/conveyorbelt_msgs/conveyorbelt_msgs/msg/detail/conveyor_belt_state__functions.h
[0.815s] -- Up-to-date: /home/chino/fabrica_ws/install/conveyorbelt_msgs/include/conveyorbelt_msgs/conveyorbelt_msgs/msg/detail/conveyor_belt_state__functions.c
[0.816s] -- Up-to-date: /home/chino/fabrica_ws/install/conveyorbelt_msgs/include/conveyorbelt_msgs/conveyorbelt_msgs/msg/detail/conveyor_belt_state__type_support.h
[0.817s] -- Up-to-date: /home/chino/fabrica_ws/install/conveyorbelt_msgs/share/conveyorbelt_msgs/environment/library_path.sh
[0.817s] -- Up-to-date: /home/chino/fabrica_ws/install/conveyorbelt_msgs/share/conveyorbelt_msgs/environment/library_path.dsv
[0.818s] -- Up-to-date: /home/chino/fabrica_ws/install/conveyorbelt_msgs/lib/libconveyorbelt_msgs__rosidl_generator_c.so
[0.818s] -- Up-to-date: /home/chino/fabrica_ws/install/conveyorbelt_msgs/include/conveyorbelt_msgs/conveyorbelt_msgs
[0.819s] -- Up-to-date: /home/chino/fabrica_ws/install/conveyorbelt_msgs/include/conveyorbelt_msgs/conveyorbelt_msgs/srv
[0.819s] -- Up-to-date: /home/chino/fabrica_ws/install/conveyorbelt_msgs/include/conveyorbelt_msgs/conveyorbelt_msgs/srv/detail
[0.820s] -- Up-to-date: /home/chino/fabrica_ws/install/conveyorbelt_msgs/include/conveyorbelt_msgs/conveyorbelt_msgs/srv/detail/conveyor_belt_control__rosidl_typesupport_fastrtps_c.h
[0.820s] -- Up-to-date: /home/chino/fabrica_ws/install/conveyorbelt_msgs/include/conveyorbelt_msgs/conveyorbelt_msgs/msg
[0.820s] -- Up-to-date: /home/chino/fabrica_ws/install/conveyorbelt_msgs/include/conveyorbelt_msgs/conveyorbelt_msgs/msg/rosidl_typesupport_fastrtps_c__visibility_control.h
[0.821s] -- Up-to-date: /home/chino/fabrica_ws/install/conveyorbelt_msgs/include/conveyorbelt_msgs/conveyorbelt_msgs/msg/detail
[0.821s] -- Up-to-date: /home/chino/fabrica_ws/install/conveyorbelt_msgs/include/conveyorbelt_msgs/conveyorbelt_msgs/msg/detail/conveyor_belt_state__rosidl_typesupport_fastrtps_c.h
[0.821s] -- Up-to-date: /home/chino/fabrica_ws/install/conveyorbelt_msgs/lib/libconveyorbelt_msgs__rosidl_typesupport_fastrtps_c.so
[0.822s] -- Up-to-date: /home/chino/fabrica_ws/install/conveyorbelt_msgs/include/conveyorbelt_msgs/conveyorbelt_msgs
[0.822s] -- Up-to-date: /home/chino/fabrica_ws/install/conveyorbelt_msgs/include/conveyorbelt_msgs/conveyorbelt_msgs/srv
[0.823s] -- Up-to-date: /home/chino/fabrica_ws/install/conveyorbelt_msgs/include/conveyorbelt_msgs/conveyorbelt_msgs/srv/detail
[0.823s] -- Up-to-date: /home/chino/fabrica_ws/install/conveyorbelt_msgs/include/conveyorbelt_msgs/conveyorbelt_msgs/srv/detail/conveyor_belt_control__rosidl_typesupport_introspection_c.h
[0.823s] -- Up-to-date: /home/chino/fabrica_ws/install/conveyorbelt_msgs/include/conveyorbelt_msgs/conveyorbelt_msgs/srv/detail/conveyor_belt_control__type_support.c
[0.824s] -- Up-to-date: /home/chino/fabrica_ws/install/conveyorbelt_msgs/include/conveyorbelt_msgs/conveyorbelt_msgs/msg
[0.824s] -- Up-to-date: /home/chino/fabrica_ws/install/conveyorbelt_msgs/include/conveyorbelt_msgs/conveyorbelt_msgs/msg/rosidl_typesupport_introspection_c__visibility_control.h
[0.824s] -- Up-to-date: /home/chino/fabrica_ws/install/conveyorbelt_msgs/include/conveyorbelt_msgs/conveyorbelt_msgs/msg/detail
[0.825s] -- Up-to-date: /home/chino/fabrica_ws/install/conveyorbelt_msgs/include/conveyorbelt_msgs/conveyorbelt_msgs/msg/detail/conveyor_belt_state__type_support.c
[0.825s] -- Up-to-date: /home/chino/fabrica_ws/install/conveyorbelt_msgs/include/conveyorbelt_msgs/conveyorbelt_msgs/msg/detail/conveyor_belt_state__rosidl_typesupport_introspection_c.h
[0.825s] -- Up-to-date: /home/chino/fabrica_ws/install/conveyorbelt_msgs/lib/libconveyorbelt_msgs__rosidl_typesupport_introspection_c.so
[0.826s] -- Up-to-date: /home/chino/fabrica_ws/install/conveyorbelt_msgs/lib/libconveyorbelt_msgs__rosidl_typesupport_c.so
[0.826s] -- Up-to-date: /home/chino/fabrica_ws/install/conveyorbelt_msgs/include/conveyorbelt_msgs/conveyorbelt_msgs
[0.826s] -- Up-to-date: /home/chino/fabrica_ws/install/conveyorbelt_msgs/include/conveyorbelt_msgs/conveyorbelt_msgs/srv
[0.826s] -- Up-to-date: /home/chino/fabrica_ws/install/conveyorbelt_msgs/include/conveyorbelt_msgs/conveyorbelt_msgs/srv/detail
[0.826s] -- Up-to-date: /home/chino/fabrica_ws/install/conveyorbelt_msgs/include/conveyorbelt_msgs/conveyorbelt_msgs/srv/detail/conveyor_belt_control__type_support.hpp
[0.826s] -- Up-to-date: /home/chino/fabrica_ws/install/conveyorbelt_msgs/include/conveyorbelt_msgs/conveyorbelt_msgs/srv/detail/conveyor_belt_control__builder.hpp
[0.827s] -- Up-to-date: /home/chino/fabrica_ws/install/conveyorbelt_msgs/include/conveyorbelt_msgs/conveyorbelt_msgs/srv/detail/conveyor_belt_control__struct.hpp
[0.827s] -- Up-to-date: /home/chino/fabrica_ws/install/conveyorbelt_msgs/include/conveyorbelt_msgs/conveyorbelt_msgs/srv/detail/conveyor_belt_control__traits.hpp
[0.828s] -- Up-to-date: /home/chino/fabrica_ws/install/conveyorbelt_msgs/include/conveyorbelt_msgs/conveyorbelt_msgs/srv/conveyor_belt_control.hpp
[0.829s] -- Up-to-date: /home/chino/fabrica_ws/install/conveyorbelt_msgs/include/conveyorbelt_msgs/conveyorbelt_msgs/msg
[0.829s] -- Up-to-date: /home/chino/fabrica_ws/install/conveyorbelt_msgs/include/conveyorbelt_msgs/conveyorbelt_msgs/msg/conveyor_belt_state.hpp
[0.829s] -- Up-to-date: /home/chino/fabrica_ws/install/conveyorbelt_msgs/include/conveyorbelt_msgs/conveyorbelt_msgs/msg/detail
[0.830s] -- Up-to-date: /home/chino/fabrica_ws/install/conveyorbelt_msgs/include/conveyorbelt_msgs/conveyorbelt_msgs/msg/detail/conveyor_belt_state__type_support.hpp
[0.830s] -- Up-to-date: /home/chino/fabrica_ws/install/conveyorbelt_msgs/include/conveyorbelt_msgs/conveyorbelt_msgs/msg/detail/conveyor_belt_state__traits.hpp
[0.830s] -- Up-to-date: /home/chino/fabrica_ws/install/conveyorbelt_msgs/include/conveyorbelt_msgs/conveyorbelt_msgs/msg/detail/conveyor_belt_state__struct.hpp
[0.831s] -- Up-to-date: /home/chino/fabrica_ws/install/conveyorbelt_msgs/include/conveyorbelt_msgs/conveyorbelt_msgs/msg/detail/conveyor_belt_state__builder.hpp
[0.831s] -- Up-to-date: /home/chino/fabrica_ws/install/conveyorbelt_msgs/include/conveyorbelt_msgs/conveyorbelt_msgs/msg/rosidl_generator_cpp__visibility_control.hpp
[0.831s] -- Up-to-date: /home/chino/fabrica_ws/install/conveyorbelt_msgs/include/conveyorbelt_msgs/conveyorbelt_msgs
[0.831s] -- Up-to-date: /home/chino/fabrica_ws/install/conveyorbelt_msgs/include/conveyorbelt_msgs/conveyorbelt_msgs/srv
[0.831s] -- Up-to-date: /home/chino/fabrica_ws/install/conveyorbelt_msgs/include/conveyorbelt_msgs/conveyorbelt_msgs/srv/detail
[0.831s] -- Up-to-date: /home/chino/fabrica_ws/install/conveyorbelt_msgs/include/conveyorbelt_msgs/conveyorbelt_msgs/srv/detail/dds_fastrtps
[0.831s] -- Up-to-date: /home/chino/fabrica_ws/install/conveyorbelt_msgs/include/conveyorbelt_msgs/conveyorbelt_msgs/srv/detail/conveyor_belt_control__rosidl_typesupport_fastrtps_cpp.hpp
[0.832s] -- Up-to-date: /home/chino/fabrica_ws/install/conveyorbelt_msgs/include/conveyorbelt_msgs/conveyorbelt_msgs/msg
[0.832s] -- Up-to-date: /home/chino/fabrica_ws/install/conveyorbelt_msgs/include/conveyorbelt_msgs/conveyorbelt_msgs/msg/rosidl_typesupport_fastrtps_cpp__visibility_control.h
[0.832s] -- Up-to-date: /home/chino/fabrica_ws/install/conveyorbelt_msgs/include/conveyorbelt_msgs/conveyorbelt_msgs/msg/detail
[0.832s] -- Up-to-date: /home/chino/fabrica_ws/install/conveyorbelt_msgs/include/conveyorbelt_msgs/conveyorbelt_msgs/msg/detail/dds_fastrtps
[0.832s] -- Up-to-date: /home/chino/fabrica_ws/install/conveyorbelt_msgs/include/conveyorbelt_msgs/conveyorbelt_msgs/msg/detail/conveyor_belt_state__rosidl_typesupport_fastrtps_cpp.hpp
[0.832s] -- Up-to-date: /home/chino/fabrica_ws/install/conveyorbelt_msgs/lib/libconveyorbelt_msgs__rosidl_typesupport_fastrtps_cpp.so
[0.832s] -- Up-to-date: /home/chino/fabrica_ws/install/conveyorbelt_msgs/include/conveyorbelt_msgs/conveyorbelt_msgs
[0.832s] -- Up-to-date: /home/chino/fabrica_ws/install/conveyorbelt_msgs/include/conveyorbelt_msgs/conveyorbelt_msgs/srv
[0.833s] -- Up-to-date: /home/chino/fabrica_ws/install/conveyorbelt_msgs/include/conveyorbelt_msgs/conveyorbelt_msgs/srv/detail
[0.833s] -- Up-to-date: /home/chino/fabrica_ws/install/conveyorbelt_msgs/include/conveyorbelt_msgs/conveyorbelt_msgs/srv/detail/conveyor_belt_control__type_support.cpp
[0.833s] -- Up-to-date: /home/chino/fabrica_ws/install/conveyorbelt_msgs/include/conveyorbelt_msgs/conveyorbelt_msgs/srv/detail/conveyor_belt_control__rosidl_typesupport_introspection_cpp.hpp
[0.833s] -- Up-to-date: /home/chino/fabrica_ws/install/conveyorbelt_msgs/include/conveyorbelt_msgs/conveyorbelt_msgs/msg
[0.833s] -- Up-to-date: /home/chino/fabrica_ws/install/conveyorbelt_msgs/include/conveyorbelt_msgs/conveyorbelt_msgs/msg/detail
[0.833s] -- Up-to-date: /home/chino/fabrica_ws/install/conveyorbelt_msgs/include/conveyorbelt_msgs/conveyorbelt_msgs/msg/detail/conveyor_belt_state__type_support.cpp
[0.833s] -- Up-to-date: /home/chino/fabrica_ws/install/conveyorbelt_msgs/include/conveyorbelt_msgs/conveyorbelt_msgs/msg/detail/conveyor_belt_state__rosidl_typesupport_introspection_cpp.hpp
[0.833s] -- Up-to-date: /home/chino/fabrica_ws/install/conveyorbelt_msgs/lib/libconveyorbelt_msgs__rosidl_typesupport_introspection_cpp.so
[0.833s] -- Up-to-date: /home/chino/fabrica_ws/install/conveyorbelt_msgs/lib/libconveyorbelt_msgs__rosidl_typesupport_cpp.so
[0.833s] -- Up-to-date: /home/chino/fabrica_ws/install/conveyorbelt_msgs/share/conveyorbelt_msgs/environment/pythonpath.sh
[0.834s] -- Up-to-date: /home/chino/fabrica_ws/install/conveyorbelt_msgs/share/conveyorbelt_msgs/environment/pythonpath.dsv
[0.834s] -- Up-to-date: /home/chino/fabrica_ws/install/conveyorbelt_msgs/local/lib/python3.10/dist-packages/conveyorbelt_msgs-0.0.0-py3.10.egg-info
[0.834s] -- Installing: /home/chino/fabrica_ws/install/conveyorbelt_msgs/local/lib/python3.10/dist-packages/conveyorbelt_msgs-0.0.0-py3.10.egg-info/dependency_links.txt
[0.834s] -- Installing: /home/chino/fabrica_ws/install/conveyorbelt_msgs/local/lib/python3.10/dist-packages/conveyorbelt_msgs-0.0.0-py3.10.egg-info/SOURCES.txt
[0.834s] -- Installing: /home/chino/fabrica_ws/install/conveyorbelt_msgs/local/lib/python3.10/dist-packages/conveyorbelt_msgs-0.0.0-py3.10.egg-info/top_level.txt
[0.835s] -- Installing: /home/chino/fabrica_ws/install/conveyorbelt_msgs/local/lib/python3.10/dist-packages/conveyorbelt_msgs-0.0.0-py3.10.egg-info/PKG-INFO
[0.835s] -- Up-to-date: /home/chino/fabrica_ws/install/conveyorbelt_msgs/local/lib/python3.10/dist-packages/conveyorbelt_msgs
[0.835s] -- Up-to-date: /home/chino/fabrica_ws/install/conveyorbelt_msgs/local/lib/python3.10/dist-packages/conveyorbelt_msgs/conveyorbelt_msgs_s__rosidl_typesupport_c.cpython-310-x86_64-linux-gnu.so
[0.835s] -- Up-to-date: /home/chino/fabrica_ws/install/conveyorbelt_msgs/local/lib/python3.10/dist-packages/conveyorbelt_msgs/_conveyorbelt_msgs_s.ep.rosidl_typesupport_introspection_c.c
[0.835s] -- Up-to-date: /home/chino/fabrica_ws/install/conveyorbelt_msgs/local/lib/python3.10/dist-packages/conveyorbelt_msgs/conveyorbelt_msgs_s__rosidl_typesupport_fastrtps_c.cpython-310-x86_64-linux-gnu.so
[0.835s] -- Up-to-date: /home/chino/fabrica_ws/install/conveyorbelt_msgs/local/lib/python3.10/dist-packages/conveyorbelt_msgs/srv
[0.835s] -- Up-to-date: /home/chino/fabrica_ws/install/conveyorbelt_msgs/local/lib/python3.10/dist-packages/conveyorbelt_msgs/srv/_conveyor_belt_control_s.c
[0.835s] -- Up-to-date: /home/chino/fabrica_ws/install/conveyorbelt_msgs/local/lib/python3.10/dist-packages/conveyorbelt_msgs/srv/_conveyor_belt_control.py
[0.835s] -- Up-to-date: /home/chino/fabrica_ws/install/conveyorbelt_msgs/local/lib/python3.10/dist-packages/conveyorbelt_msgs/srv/__init__.py
[0.835s] -- Up-to-date: /home/chino/fabrica_ws/install/conveyorbelt_msgs/local/lib/python3.10/dist-packages/conveyorbelt_msgs/__init__.py
[0.836s] -- Up-to-date: /home/chino/fabrica_ws/install/conveyorbelt_msgs/local/lib/python3.10/dist-packages/conveyorbelt_msgs/msg
[0.836s] -- Up-to-date: /home/chino/fabrica_ws/install/conveyorbelt_msgs/local/lib/python3.10/dist-packages/conveyorbelt_msgs/msg/_conveyor_belt_state.py
[0.836s] -- Up-to-date: /home/chino/fabrica_ws/install/conveyorbelt_msgs/local/lib/python3.10/dist-packages/conveyorbelt_msgs/msg/__init__.py
[0.836s] -- Up-to-date: /home/chino/fabrica_ws/install/conveyorbelt_msgs/local/lib/python3.10/dist-packages/conveyorbelt_msgs/msg/_conveyor_belt_state_s.c
[0.837s] -- Up-to-date: /home/chino/fabrica_ws/install/conveyorbelt_msgs/local/lib/python3.10/dist-packages/conveyorbelt_msgs/libconveyorbelt_msgs__rosidl_generator_py.so
[0.837s] -- Up-to-date: /home/chino/fabrica_ws/install/conveyorbelt_msgs/local/lib/python3.10/dist-packages/conveyorbelt_msgs/conveyorbelt_msgs_s__rosidl_typesupport_introspection_c.cpython-310-x86_64-linux-gnu.so
[0.837s] -- Up-to-date: /home/chino/fabrica_ws/install/conveyorbelt_msgs/local/lib/python3.10/dist-packages/conveyorbelt_msgs/_conveyorbelt_msgs_s.ep.rosidl_typesupport_fastrtps_c.c
[0.837s] -- Up-to-date: /home/chino/fabrica_ws/install/conveyorbelt_msgs/local/lib/python3.10/dist-packages/conveyorbelt_msgs/_conveyorbelt_msgs_s.ep.rosidl_typesupport_c.c
[0.895s] Listing '/home/chino/fabrica_ws/install/conveyorbelt_msgs/local/lib/python3.10/dist-packages/conveyorbelt_msgs'...
[0.895s] Listing '/home/chino/fabrica_ws/install/conveyorbelt_msgs/local/lib/python3.10/dist-packages/conveyorbelt_msgs/msg'...
[0.896s] Listing '/home/chino/fabrica_ws/install/conveyorbelt_msgs/local/lib/python3.10/dist-packages/conveyorbelt_msgs/srv'...
[0.902s] -- Up-to-date: /home/chino/fabrica_ws/install/conveyorbelt_msgs/local/lib/python3.10/dist-packages/conveyorbelt_msgs/conveyorbelt_msgs_s__rosidl_typesupport_fastrtps_c.cpython-310-x86_64-linux-gnu.so
[0.903s] -- Up-to-date: /home/chino/fabrica_ws/install/conveyorbelt_msgs/local/lib/python3.10/dist-packages/conveyorbelt_msgs/conveyorbelt_msgs_s__rosidl_typesupport_introspection_c.cpython-310-x86_64-linux-gnu.so
[0.904s] -- Up-to-date: /home/chino/fabrica_ws/install/conveyorbelt_msgs/local/lib/python3.10/dist-packages/conveyorbelt_msgs/conveyorbelt_msgs_s__rosidl_typesupport_c.cpython-310-x86_64-linux-gnu.so
[0.905s] -- Up-to-date: /home/chino/fabrica_ws/install/conveyorbelt_msgs/lib/libconveyorbelt_msgs__rosidl_generator_py.so
[0.905s] -- Up-to-date: /home/chino/fabrica_ws/install/conveyorbelt_msgs/share/conveyorbelt_msgs/msg/ConveyorBeltState.idl
[0.906s] -- Up-to-date: /home/chino/fabrica_ws/install/conveyorbelt_msgs/share/conveyorbelt_msgs/srv/ConveyorBeltControl.idl
[0.907s] -- Up-to-date: /home/chino/fabrica_ws/install/conveyorbelt_msgs/share/conveyorbelt_msgs/msg/ConveyorBeltState.msg
[0.907s] -- Up-to-date: /home/chino/fabrica_ws/install/conveyorbelt_msgs/share/conveyorbelt_msgs/srv/ConveyorBeltControl.srv
[0.908s] -- Up-to-date: /home/chino/fabrica_ws/install/conveyorbelt_msgs/share/conveyorbelt_msgs/srv/ConveyorBeltControl_Request.msg
[0.909s] -- Up-to-date: /home/chino/fabrica_ws/install/conveyorbelt_msgs/share/conveyorbelt_msgs/srv/ConveyorBeltControl_Response.msg
[0.909s] -- Up-to-date: /home/chino/fabrica_ws/install/conveyorbelt_msgs/share/ament_index/resource_index/package_run_dependencies/conveyorbelt_msgs
[0.909s] -- Up-to-date: /home/chino/fabrica_ws/install/conveyorbelt_msgs/share/ament_index/resource_index/parent_prefix_path/conveyorbelt_msgs
[0.909s] -- Up-to-date: /home/chino/fabrica_ws/install/conveyorbelt_msgs/share/conveyorbelt_msgs/environment/ament_prefix_path.sh
[0.910s] -- Up-to-date: /home/chino/fabrica_ws/install/conveyorbelt_msgs/share/conveyorbelt_msgs/environment/ament_prefix_path.dsv
[0.910s] -- Up-to-date: /home/chino/fabrica_ws/install/conveyorbelt_msgs/share/conveyorbelt_msgs/environment/path.sh
[0.911s] -- Up-to-date: /home/chino/fabrica_ws/install/conveyorbelt_msgs/share/conveyorbelt_msgs/environment/path.dsv
[0.911s] -- Up-to-date: /home/chino/fabrica_ws/install/conveyorbelt_msgs/share/conveyorbelt_msgs/local_setup.bash
[0.912s] -- Up-to-date: /home/chino/fabrica_ws/install/conveyorbelt_msgs/share/conveyorbelt_msgs/local_setup.sh
[0.913s] -- Up-to-date: /home/chino/fabrica_ws/install/conveyorbelt_msgs/share/conveyorbelt_msgs/local_setup.zsh
[0.913s] -- Up-to-date: /home/chino/fabrica_ws/install/conveyorbelt_msgs/share/conveyorbelt_msgs/local_setup.dsv
[0.914s] -- Installing: /home/chino/fabrica_ws/install/conveyorbelt_msgs/share/conveyorbelt_msgs/package.dsv
[0.914s] -- Up-to-date: /home/chino/fabrica_ws/install/conveyorbelt_msgs/share/ament_index/resource_index/packages/conveyorbelt_msgs
[0.915s] -- Up-to-date: /home/chino/fabrica_ws/install/conveyorbelt_msgs/share/conveyorbelt_msgs/cmake/export_conveyorbelt_msgs__rosidl_generator_cExport.cmake
[0.916s] -- Up-to-date: /home/chino/fabrica_ws/install/conveyorbelt_msgs/share/conveyorbelt_msgs/cmake/export_conveyorbelt_msgs__rosidl_generator_cExport-noconfig.cmake
[0.916s] -- Up-to-date: /home/chino/fabrica_ws/install/conveyorbelt_msgs/share/conveyorbelt_msgs/cmake/export_conveyorbelt_msgs__rosidl_typesupport_fastrtps_cExport.cmake
[0.916s] -- Up-to-date: /home/chino/fabrica_ws/install/conveyorbelt_msgs/share/conveyorbelt_msgs/cmake/export_conveyorbelt_msgs__rosidl_typesupport_fastrtps_cExport-noconfig.cmake
[0.917s] -- Up-to-date: /home/chino/fabrica_ws/install/conveyorbelt_msgs/share/conveyorbelt_msgs/cmake/conveyorbelt_msgs__rosidl_typesupport_introspection_cExport.cmake
[0.917s] -- Up-to-date: /home/chino/fabrica_ws/install/conveyorbelt_msgs/share/conveyorbelt_msgs/cmake/conveyorbelt_msgs__rosidl_typesupport_introspection_cExport-noconfig.cmake
[0.917s] -- Up-to-date: /home/chino/fabrica_ws/install/conveyorbelt_msgs/share/conveyorbelt_msgs/cmake/conveyorbelt_msgs__rosidl_typesupport_cExport.cmake
[0.917s] -- Up-to-date: /home/chino/fabrica_ws/install/conveyorbelt_msgs/share/conveyorbelt_msgs/cmake/conveyorbelt_msgs__rosidl_typesupport_cExport-noconfig.cmake
[0.918s] -- Up-to-date: /home/chino/fabrica_ws/install/conveyorbelt_msgs/share/conveyorbelt_msgs/cmake/export_conveyorbelt_msgs__rosidl_generator_cppExport.cmake
[0.918s] -- Up-to-date: /home/chino/fabrica_ws/install/conveyorbelt_msgs/share/conveyorbelt_msgs/cmake/export_conveyorbelt_msgs__rosidl_typesupport_fastrtps_cppExport.cmake
[0.918s] -- Up-to-date: /home/chino/fabrica_ws/install/conveyorbelt_msgs/share/conveyorbelt_msgs/cmake/export_conveyorbelt_msgs__rosidl_typesupport_fastrtps_cppExport-noconfig.cmake
[0.918s] -- Up-to-date: /home/chino/fabrica_ws/install/conveyorbelt_msgs/share/conveyorbelt_msgs/cmake/conveyorbelt_msgs__rosidl_typesupport_introspection_cppExport.cmake
[0.918s] -- Up-to-date: /home/chino/fabrica_ws/install/conveyorbelt_msgs/share/conveyorbelt_msgs/cmake/conveyorbelt_msgs__rosidl_typesupport_introspection_cppExport-noconfig.cmake
[0.918s] -- Up-to-date: /home/chino/fabrica_ws/install/conveyorbelt_msgs/share/conveyorbelt_msgs/cmake/conveyorbelt_msgs__rosidl_typesupport_cppExport.cmake
[0.918s] -- Up-to-date: /home/chino/fabrica_ws/install/conveyorbelt_msgs/share/conveyorbelt_msgs/cmake/conveyorbelt_msgs__rosidl_typesupport_cppExport-noconfig.cmake
[0.918s] -- Up-to-date: /home/chino/fabrica_ws/install/conveyorbelt_msgs/share/conveyorbelt_msgs/cmake/export_conveyorbelt_msgs__rosidl_generator_pyExport.cmake
[0.918s] -- Up-to-date: /home/chino/fabrica_ws/install/conveyorbelt_msgs/share/conveyorbelt_msgs/cmake/export_conveyorbelt_msgs__rosidl_generator_pyExport-noconfig.cmake
[0.919s] -- Up-to-date: /home/chino/fabrica_ws/install/conveyorbelt_msgs/share/conveyorbelt_msgs/cmake/rosidl_cmake-extras.cmake
[0.919s] -- Up-to-date: /home/chino/fabrica_ws/install/conveyorbelt_msgs/share/conveyorbelt_msgs/cmake/ament_cmake_export_include_directories-extras.cmake
[0.919s] -- Up-to-date: /home/chino/fabrica_ws/install/conveyorbelt_msgs/share/conveyorbelt_msgs/cmake/ament_cmake_export_libraries-extras.cmake
[0.919s] -- Up-to-date: /home/chino/fabrica_ws/install/conveyorbelt_msgs/share/conveyorbelt_msgs/cmake/ament_cmake_export_targets-extras.cmake
[0.919s] -- Up-to-date: /home/chino/fabrica_ws/install/conveyorbelt_msgs/share/conveyorbelt_msgs/cmake/rosidl_cmake_export_typesupport_targets-extras.cmake
[0.919s] -- Up-to-date: /home/chino/fabrica_ws/install/conveyorbelt_msgs/share/conveyorbelt_msgs/cmake/ament_cmake_export_dependencies-extras.cmake
[0.919s] -- Up-to-date: /home/chino/fabrica_ws/install/conveyorbelt_msgs/share/conveyorbelt_msgs/cmake/rosidl_cmake_export_typesupport_libraries-extras.cmake
[0.920s] -- Up-to-date: /home/chino/fabrica_ws/install/conveyorbelt_msgs/share/conveyorbelt_msgs/cmake/conveyorbelt_msgsConfig.cmake
[0.921s] -- Up-to-date: /home/chino/fabrica_ws/install/conveyorbelt_msgs/share/conveyorbelt_msgs/cmake/conveyorbelt_msgsConfig-version.cmake
[0.923s] -- Up-to-date: /home/chino/fabrica_ws/install/conveyorbelt_msgs/share/conveyorbelt_msgs/package.xml
[0.924s] Invoked command in '/home/chino/fabrica_ws/build/conveyorbelt_msgs' returned '0': CMAKE_PREFIX_PATH=${CMAKE_PREFIX_PATH}:/home/chino/fabrica_ws/install/banda:/opt/ros/humble /usr/bin/cmake --install /home/chino/fabrica_ws/build/conveyorbelt_msgs
