[1.653s] Invoking command in '/home/chino/fabrica_ws/src/banda': PYTHONPATH=/home/chino/fabrica_ws/build/banda/prefix_override:/usr/lib/python3/dist-packages/colcon_core/task/python/colcon_distutils_commands:/home/chino/fabrica_ws/install/banda/lib/python3.10/site-packages:${PYTHONPATH} /usr/bin/python3 -W ignore:setup.py install is deprecated -W ignore:easy_install command is deprecated setup.py egg_info --egg-base ../../build/banda build --build-base /home/chino/fabrica_ws/build/banda/build install --record /home/chino/fabrica_ws/build/banda/install.log --single-version-externally-managed install_data
[2.259s] running egg_info
[2.260s] writing ../../build/banda/banda.egg-info/PKG-INFO
[2.262s] writing dependency_links to ../../build/banda/banda.egg-info/dependency_links.txt
[2.262s] writing entry points to ../../build/banda/banda.egg-info/entry_points.txt
[2.263s] writing requirements to ../../build/banda/banda.egg-info/requires.txt
[2.263s] writing top-level names to ../../build/banda/banda.egg-info/top_level.txt
[2.267s] reading manifest file '../../build/banda/banda.egg-info/SOURCES.txt'
[2.268s] adding license file 'LICENSE'
[2.269s] writing manifest file '../../build/banda/banda.egg-info/SOURCES.txt'
[2.269s] running build
[2.270s] running build_py
[2.270s] running install
[2.271s] running install_lib
[2.273s] running install_data
[2.275s] running install_egg_info
[2.279s] removing '/home/chino/fabrica_ws/install/banda/lib/python3.10/site-packages/banda-0.0.0-py3.10.egg-info' (and everything under it)
[2.280s] Copying ../../build/banda/banda.egg-info to /home/chino/fabrica_ws/install/banda/lib/python3.10/site-packages/banda-0.0.0-py3.10.egg-info
[2.285s] running install_scripts
[2.329s] writing list of installed files to '/home/chino/fabrica_ws/build/banda/install.log'
[2.371s] Invoked command in '/home/chino/fabrica_ws/src/banda' returned '0': PYTHONPATH=/home/chino/fabrica_ws/build/banda/prefix_override:/usr/lib/python3/dist-packages/colcon_core/task/python/colcon_distutils_commands:/home/chino/fabrica_ws/install/banda/lib/python3.10/site-packages:${PYTHONPATH} /usr/bin/python3 -W ignore:setup.py install is deprecated -W ignore:easy_install command is deprecated setup.py egg_info --egg-base ../../build/banda build --build-base /home/chino/fabrica_ws/build/banda/build install --record /home/chino/fabrica_ws/build/banda/install.log --single-version-externally-managed install_data
