[0.641s] DEBUG:colcon:Command line arguments: ['/usr/bin/colcon', 'build']
[0.642s] DEBUG:colcon:Parsed command line arguments: Namespace(log_base=None, log_level=None, verb_name='build', build_base='build', install_base='install', merge_install=False, symlink_install=False, test_result_base=None, continue_on_error=False, executor='parallel', parallel_workers=16, event_handlers=None, ignore_user_meta=False, metas=['./colcon.meta'], base_paths=['.'], packages_ignore=None, packages_ignore_regex=None, paths=None, packages_up_to=None, packages_up_to_regex=None, packages_above=None, packages_above_and_dependencies=None, packages_above_depth=None, packages_select_by_dep=None, packages_skip_by_dep=None, packages_skip_up_to=None, packages_select_build_failed=False, packages_skip_build_finished=False, packages_select_test_failures=False, packages_skip_test_passed=False, packages_select=None, packages_skip=None, packages_select_regex=None, packages_skip_regex=None, packages_start=None, packages_end=None, allow_overriding=[], cmake_args=None, cmake_target=None, cmake_target_skip_unavailable=False, cmake_clean_cache=False, cmake_clean_first=False, cmake_force_configure=False, ament_cmake_args=None, catkin_cmake_args=None, catkin_skip_building_tests=False, verb_parser=<colcon_defaults.argument_parser.defaults.DefaultArgumentsDecorator object at 0x7e57cea55cf0>, verb_extension=<colcon_core.verb.build.BuildVerb object at 0x7e57cebe3340>, main=<bound method BuildVerb.main of <colcon_core.verb.build.BuildVerb object at 0x7e57cebe3340>>)
[1.003s] Level 1:colcon.colcon_core.package_discovery:discover_packages(colcon_meta) check parameters
[1.003s] Level 1:colcon.colcon_core.package_discovery:discover_packages(recursive) check parameters
[1.003s] Level 1:colcon.colcon_core.package_discovery:discover_packages(ignore) check parameters
[1.003s] Level 1:colcon.colcon_core.package_discovery:discover_packages(path) check parameters
[1.003s] Level 1:colcon.colcon_core.package_discovery:discover_packages(colcon_meta) discover
[1.004s] Level 1:colcon.colcon_core.package_discovery:discover_packages(recursive) discover
[1.004s] INFO:colcon.colcon_core.package_discovery:Crawling recursively for packages in '/home/chino/fabrica_ws'
[1.004s] Level 1:colcon.colcon_core.package_identification:_identify(.) by extensions ['ignore', 'ignore_ament_install']
[1.004s] Level 1:colcon.colcon_core.package_identification:_identify(.) by extension 'ignore'
[1.005s] Level 1:colcon.colcon_core.package_identification:_identify(.) by extension 'ignore_ament_install'
[1.005s] Level 1:colcon.colcon_core.package_identification:_identify(.) by extensions ['colcon_pkg']
[1.005s] Level 1:colcon.colcon_core.package_identification:_identify(.) by extension 'colcon_pkg'
[1.005s] Level 1:colcon.colcon_core.package_identification:_identify(.) by extensions ['colcon_meta']
[1.005s] Level 1:colcon.colcon_core.package_identification:_identify(.) by extension 'colcon_meta'
[1.005s] Level 1:colcon.colcon_core.package_identification:_identify(.) by extensions ['ros']
[1.005s] Level 1:colcon.colcon_core.package_identification:_identify(.) by extension 'ros'
[1.026s] Level 1:colcon.colcon_core.package_identification:_identify(.) by extensions ['cmake', 'python']
[1.026s] Level 1:colcon.colcon_core.package_identification:_identify(.) by extension 'cmake'
[1.026s] Level 1:colcon.colcon_core.package_identification:_identify(.) by extension 'python'
[1.026s] Level 1:colcon.colcon_core.package_identification:_identify(.) by extensions ['python_setup_py']
[1.027s] Level 1:colcon.colcon_core.package_identification:_identify(.) by extension 'python_setup_py'
[1.027s] Level 1:colcon.colcon_core.package_identification:_identify(build) by extensions ['ignore', 'ignore_ament_install']
[1.027s] Level 1:colcon.colcon_core.package_identification:_identify(build) by extension 'ignore'
[1.027s] Level 1:colcon.colcon_core.package_identification:_identify(build) ignored
[1.028s] Level 1:colcon.colcon_core.package_identification:_identify(install) by extensions ['ignore', 'ignore_ament_install']
[1.028s] Level 1:colcon.colcon_core.package_identification:_identify(install) by extension 'ignore'
[1.028s] Level 1:colcon.colcon_core.package_identification:_identify(install) ignored
[1.028s] Level 1:colcon.colcon_core.package_identification:_identify(log) by extensions ['ignore', 'ignore_ament_install']
[1.029s] Level 1:colcon.colcon_core.package_identification:_identify(log) by extension 'ignore'
[1.029s] Level 1:colcon.colcon_core.package_identification:_identify(log) ignored
[1.029s] Level 1:colcon.colcon_core.package_identification:_identify(src) by extensions ['ignore', 'ignore_ament_install']
[1.029s] Level 1:colcon.colcon_core.package_identification:_identify(src) by extension 'ignore'
[1.029s] Level 1:colcon.colcon_core.package_identification:_identify(src) by extension 'ignore_ament_install'
[1.030s] Level 1:colcon.colcon_core.package_identification:_identify(src) by extensions ['colcon_pkg']
[1.030s] Level 1:colcon.colcon_core.package_identification:_identify(src) by extension 'colcon_pkg'
[1.030s] Level 1:colcon.colcon_core.package_identification:_identify(src) by extensions ['colcon_meta']
[1.030s] Level 1:colcon.colcon_core.package_identification:_identify(src) by extension 'colcon_meta'
[1.030s] Level 1:colcon.colcon_core.package_identification:_identify(src) by extensions ['ros']
[1.030s] Level 1:colcon.colcon_core.package_identification:_identify(src) by extension 'ros'
[1.031s] Level 1:colcon.colcon_core.package_identification:_identify(src) by extensions ['cmake', 'python']
[1.031s] Level 1:colcon.colcon_core.package_identification:_identify(src) by extension 'cmake'
[1.031s] Level 1:colcon.colcon_core.package_identification:_identify(src) by extension 'python'
[1.031s] Level 1:colcon.colcon_core.package_identification:_identify(src) by extensions ['python_setup_py']
[1.031s] Level 1:colcon.colcon_core.package_identification:_identify(src) by extension 'python_setup_py'
[1.031s] Level 1:colcon.colcon_core.package_identification:_identify(src/IFRA_ConveyorBelt) by extensions ['ignore', 'ignore_ament_install']
[1.032s] Level 1:colcon.colcon_core.package_identification:_identify(src/IFRA_ConveyorBelt) by extension 'ignore'
[1.032s] Level 1:colcon.colcon_core.package_identification:_identify(src/IFRA_ConveyorBelt) by extension 'ignore_ament_install'
[1.032s] Level 1:colcon.colcon_core.package_identification:_identify(src/IFRA_ConveyorBelt) by extensions ['colcon_pkg']
[1.032s] Level 1:colcon.colcon_core.package_identification:_identify(src/IFRA_ConveyorBelt) by extension 'colcon_pkg'
[1.032s] Level 1:colcon.colcon_core.package_identification:_identify(src/IFRA_ConveyorBelt) by extensions ['colcon_meta']
[1.032s] Level 1:colcon.colcon_core.package_identification:_identify(src/IFRA_ConveyorBelt) by extension 'colcon_meta'
[1.032s] Level 1:colcon.colcon_core.package_identification:_identify(src/IFRA_ConveyorBelt) by extensions ['ros']
[1.032s] Level 1:colcon.colcon_core.package_identification:_identify(src/IFRA_ConveyorBelt) by extension 'ros'
[1.033s] Level 1:colcon.colcon_core.package_identification:_identify(src/IFRA_ConveyorBelt) by extensions ['cmake', 'python']
[1.033s] Level 1:colcon.colcon_core.package_identification:_identify(src/IFRA_ConveyorBelt) by extension 'cmake'
[1.033s] Level 1:colcon.colcon_core.package_identification:_identify(src/IFRA_ConveyorBelt) by extension 'python'
[1.033s] Level 1:colcon.colcon_core.package_identification:_identify(src/IFRA_ConveyorBelt) by extensions ['python_setup_py']
[1.033s] Level 1:colcon.colcon_core.package_identification:_identify(src/IFRA_ConveyorBelt) by extension 'python_setup_py'
[1.034s] Level 1:colcon.colcon_core.package_identification:_identify(src/IFRA_ConveyorBelt/conveyorbelt_gazebo) by extensions ['ignore', 'ignore_ament_install']
[1.034s] Level 1:colcon.colcon_core.package_identification:_identify(src/IFRA_ConveyorBelt/conveyorbelt_gazebo) by extension 'ignore'
[1.034s] Level 1:colcon.colcon_core.package_identification:_identify(src/IFRA_ConveyorBelt/conveyorbelt_gazebo) by extension 'ignore_ament_install'
[1.034s] Level 1:colcon.colcon_core.package_identification:_identify(src/IFRA_ConveyorBelt/conveyorbelt_gazebo) by extensions ['colcon_pkg']
[1.035s] Level 1:colcon.colcon_core.package_identification:_identify(src/IFRA_ConveyorBelt/conveyorbelt_gazebo) by extension 'colcon_pkg'
[1.035s] Level 1:colcon.colcon_core.package_identification:_identify(src/IFRA_ConveyorBelt/conveyorbelt_gazebo) by extensions ['colcon_meta']
[1.035s] Level 1:colcon.colcon_core.package_identification:_identify(src/IFRA_ConveyorBelt/conveyorbelt_gazebo) by extension 'colcon_meta'
[1.035s] Level 1:colcon.colcon_core.package_identification:_identify(src/IFRA_ConveyorBelt/conveyorbelt_gazebo) by extensions ['ros']
[1.035s] Level 1:colcon.colcon_core.package_identification:_identify(src/IFRA_ConveyorBelt/conveyorbelt_gazebo) by extension 'ros'
[1.039s] DEBUG:colcon.colcon_core.package_identification:Package 'src/IFRA_ConveyorBelt/conveyorbelt_gazebo' with type 'ros.ament_cmake' and name 'conveyorbelt_gazebo'
[1.039s] Level 1:colcon.colcon_core.package_identification:_identify(src/IFRA_ConveyorBelt/conveyorbelt_msgs) by extensions ['ignore', 'ignore_ament_install']
[1.040s] Level 1:colcon.colcon_core.package_identification:_identify(src/IFRA_ConveyorBelt/conveyorbelt_msgs) by extension 'ignore'
[1.040s] Level 1:colcon.colcon_core.package_identification:_identify(src/IFRA_ConveyorBelt/conveyorbelt_msgs) by extension 'ignore_ament_install'
[1.040s] Level 1:colcon.colcon_core.package_identification:_identify(src/IFRA_ConveyorBelt/conveyorbelt_msgs) by extensions ['colcon_pkg']
[1.040s] Level 1:colcon.colcon_core.package_identification:_identify(src/IFRA_ConveyorBelt/conveyorbelt_msgs) by extension 'colcon_pkg'
[1.040s] Level 1:colcon.colcon_core.package_identification:_identify(src/IFRA_ConveyorBelt/conveyorbelt_msgs) by extensions ['colcon_meta']
[1.040s] Level 1:colcon.colcon_core.package_identification:_identify(src/IFRA_ConveyorBelt/conveyorbelt_msgs) by extension 'colcon_meta'
[1.040s] Level 1:colcon.colcon_core.package_identification:_identify(src/IFRA_ConveyorBelt/conveyorbelt_msgs) by extensions ['ros']
[1.041s] Level 1:colcon.colcon_core.package_identification:_identify(src/IFRA_ConveyorBelt/conveyorbelt_msgs) by extension 'ros'
[1.042s] DEBUG:colcon.colcon_core.package_identification:Package 'src/IFRA_ConveyorBelt/conveyorbelt_msgs' with type 'ros.ament_cmake' and name 'conveyorbelt_msgs'
[1.042s] Level 1:colcon.colcon_core.package_identification:_identify(src/IFRA_ConveyorBelt/ros2_conveyorbelt) by extensions ['ignore', 'ignore_ament_install']
[1.042s] Level 1:colcon.colcon_core.package_identification:_identify(src/IFRA_ConveyorBelt/ros2_conveyorbelt) by extension 'ignore'
[1.042s] Level 1:colcon.colcon_core.package_identification:_identify(src/IFRA_ConveyorBelt/ros2_conveyorbelt) by extension 'ignore_ament_install'
[1.042s] Level 1:colcon.colcon_core.package_identification:_identify(src/IFRA_ConveyorBelt/ros2_conveyorbelt) by extensions ['colcon_pkg']
[1.043s] Level 1:colcon.colcon_core.package_identification:_identify(src/IFRA_ConveyorBelt/ros2_conveyorbelt) by extension 'colcon_pkg'
[1.043s] Level 1:colcon.colcon_core.package_identification:_identify(src/IFRA_ConveyorBelt/ros2_conveyorbelt) by extensions ['colcon_meta']
[1.043s] Level 1:colcon.colcon_core.package_identification:_identify(src/IFRA_ConveyorBelt/ros2_conveyorbelt) by extension 'colcon_meta'
[1.043s] Level 1:colcon.colcon_core.package_identification:_identify(src/IFRA_ConveyorBelt/ros2_conveyorbelt) by extensions ['ros']
[1.043s] Level 1:colcon.colcon_core.package_identification:_identify(src/IFRA_ConveyorBelt/ros2_conveyorbelt) by extension 'ros'
[1.058s] DEBUG:colcon.colcon_core.package_identification:Package 'src/IFRA_ConveyorBelt/ros2_conveyorbelt' with type 'ros.ament_cmake' and name 'ros2_conveyorbelt'
[1.058s] Level 1:colcon.colcon_core.package_identification:_identify(src/banda) by extensions ['ignore', 'ignore_ament_install']
[1.058s] Level 1:colcon.colcon_core.package_identification:_identify(src/banda) by extension 'ignore'
[1.058s] Level 1:colcon.colcon_core.package_identification:_identify(src/banda) by extension 'ignore_ament_install'
[1.059s] Level 1:colcon.colcon_core.package_identification:_identify(src/banda) by extensions ['colcon_pkg']
[1.059s] Level 1:colcon.colcon_core.package_identification:_identify(src/banda) by extension 'colcon_pkg'
[1.059s] Level 1:colcon.colcon_core.package_identification:_identify(src/banda) by extensions ['colcon_meta']
[1.059s] Level 1:colcon.colcon_core.package_identification:_identify(src/banda) by extension 'colcon_meta'
[1.059s] Level 1:colcon.colcon_core.package_identification:_identify(src/banda) by extensions ['ros']
[1.059s] Level 1:colcon.colcon_core.package_identification:_identify(src/banda) by extension 'ros'
[1.060s] DEBUG:colcon.colcon_core.package_identification:Package 'src/banda' with type 'ros.ament_python' and name 'banda'
[1.061s] Level 1:colcon.colcon_core.package_discovery:discover_packages(recursive) using defaults
[1.061s] Level 1:colcon.colcon_core.package_discovery:discover_packages(ignore) discover
[1.061s] Level 1:colcon.colcon_core.package_discovery:discover_packages(ignore) using defaults
[1.061s] Level 1:colcon.colcon_core.package_discovery:discover_packages(path) discover
[1.061s] Level 1:colcon.colcon_core.package_discovery:discover_packages(path) using defaults
[1.097s] Level 1:colcon.colcon_core.package_discovery:discover_packages(prefix_path) check parameters
[1.097s] Level 1:colcon.colcon_core.package_discovery:discover_packages(prefix_path) discover
[1.101s] DEBUG:colcon.colcon_installed_package_information.package_discovery:Found 5 installed packages in /home/chino/fabrica_ws/install
[1.105s] DEBUG:colcon.colcon_installed_package_information.package_discovery:Found 507 installed packages in /opt/ros/humble
[1.110s] Level 1:colcon.colcon_core.package_discovery:discover_packages(prefix_path) using defaults
[1.227s] Level 5:colcon.colcon_core.verb:set package 'banda' build argument 'cmake_args' from command line to 'None'
[1.228s] Level 5:colcon.colcon_core.verb:set package 'banda' build argument 'cmake_target' from command line to 'None'
[1.228s] Level 5:colcon.colcon_core.verb:set package 'banda' build argument 'cmake_target_skip_unavailable' from command line to 'False'
[1.228s] Level 5:colcon.colcon_core.verb:set package 'banda' build argument 'cmake_clean_cache' from command line to 'False'
[1.228s] Level 5:colcon.colcon_core.verb:set package 'banda' build argument 'cmake_clean_first' from command line to 'False'
[1.228s] Level 5:colcon.colcon_core.verb:set package 'banda' build argument 'cmake_force_configure' from command line to 'False'
[1.228s] Level 5:colcon.colcon_core.verb:set package 'banda' build argument 'ament_cmake_args' from command line to 'None'
[1.228s] Level 5:colcon.colcon_core.verb:set package 'banda' build argument 'catkin_cmake_args' from command line to 'None'
[1.228s] Level 5:colcon.colcon_core.verb:set package 'banda' build argument 'catkin_skip_building_tests' from command line to 'False'
[1.228s] DEBUG:colcon.colcon_core.verb:Building package 'banda' with the following arguments: {'ament_cmake_args': None, 'build_base': '/home/chino/fabrica_ws/build/banda', 'catkin_cmake_args': None, 'catkin_skip_building_tests': False, 'cmake_args': None, 'cmake_clean_cache': False, 'cmake_clean_first': False, 'cmake_force_configure': False, 'cmake_target': None, 'cmake_target_skip_unavailable': False, 'install_base': '/home/chino/fabrica_ws/install/banda', 'merge_install': False, 'path': '/home/chino/fabrica_ws/src/banda', 'symlink_install': False, 'test_result_base': None}
[1.229s] Level 5:colcon.colcon_core.verb:set package 'conveyorbelt_gazebo' build argument 'cmake_args' from command line to 'None'
[1.229s] Level 5:colcon.colcon_core.verb:set package 'conveyorbelt_gazebo' build argument 'cmake_target' from command line to 'None'
[1.229s] Level 5:colcon.colcon_core.verb:set package 'conveyorbelt_gazebo' build argument 'cmake_target_skip_unavailable' from command line to 'False'
[1.229s] Level 5:colcon.colcon_core.verb:set package 'conveyorbelt_gazebo' build argument 'cmake_clean_cache' from command line to 'False'
[1.229s] Level 5:colcon.colcon_core.verb:set package 'conveyorbelt_gazebo' build argument 'cmake_clean_first' from command line to 'False'
[1.229s] Level 5:colcon.colcon_core.verb:set package 'conveyorbelt_gazebo' build argument 'cmake_force_configure' from command line to 'False'
[1.230s] Level 5:colcon.colcon_core.verb:set package 'conveyorbelt_gazebo' build argument 'ament_cmake_args' from command line to 'None'
[1.230s] Level 5:colcon.colcon_core.verb:set package 'conveyorbelt_gazebo' build argument 'catkin_cmake_args' from command line to 'None'
[1.230s] Level 5:colcon.colcon_core.verb:set package 'conveyorbelt_gazebo' build argument 'catkin_skip_building_tests' from command line to 'False'
[1.230s] DEBUG:colcon.colcon_core.verb:Building package 'conveyorbelt_gazebo' with the following arguments: {'ament_cmake_args': None, 'build_base': '/home/chino/fabrica_ws/build/conveyorbelt_gazebo', 'catkin_cmake_args': None, 'catkin_skip_building_tests': False, 'cmake_args': None, 'cmake_clean_cache': False, 'cmake_clean_first': False, 'cmake_force_configure': False, 'cmake_target': None, 'cmake_target_skip_unavailable': False, 'install_base': '/home/chino/fabrica_ws/install/conveyorbelt_gazebo', 'merge_install': False, 'path': '/home/chino/fabrica_ws/src/IFRA_ConveyorBelt/conveyorbelt_gazebo', 'symlink_install': False, 'test_result_base': None}
[1.231s] Level 5:colcon.colcon_core.verb:set package 'conveyorbelt_msgs' build argument 'cmake_args' from command line to 'None'
[1.231s] Level 5:colcon.colcon_core.verb:set package 'conveyorbelt_msgs' build argument 'cmake_target' from command line to 'None'
[1.231s] Level 5:colcon.colcon_core.verb:set package 'conveyorbelt_msgs' build argument 'cmake_target_skip_unavailable' from command line to 'False'
[1.231s] Level 5:colcon.colcon_core.verb:set package 'conveyorbelt_msgs' build argument 'cmake_clean_cache' from command line to 'False'
[1.231s] Level 5:colcon.colcon_core.verb:set package 'conveyorbelt_msgs' build argument 'cmake_clean_first' from command line to 'False'
[1.231s] Level 5:colcon.colcon_core.verb:set package 'conveyorbelt_msgs' build argument 'cmake_force_configure' from command line to 'False'
[1.231s] Level 5:colcon.colcon_core.verb:set package 'conveyorbelt_msgs' build argument 'ament_cmake_args' from command line to 'None'
[1.231s] Level 5:colcon.colcon_core.verb:set package 'conveyorbelt_msgs' build argument 'catkin_cmake_args' from command line to 'None'
[1.231s] Level 5:colcon.colcon_core.verb:set package 'conveyorbelt_msgs' build argument 'catkin_skip_building_tests' from command line to 'False'
[1.231s] DEBUG:colcon.colcon_core.verb:Building package 'conveyorbelt_msgs' with the following arguments: {'ament_cmake_args': None, 'build_base': '/home/chino/fabrica_ws/build/conveyorbelt_msgs', 'catkin_cmake_args': None, 'catkin_skip_building_tests': False, 'cmake_args': None, 'cmake_clean_cache': False, 'cmake_clean_first': False, 'cmake_force_configure': False, 'cmake_target': None, 'cmake_target_skip_unavailable': False, 'install_base': '/home/chino/fabrica_ws/install/conveyorbelt_msgs', 'merge_install': False, 'path': '/home/chino/fabrica_ws/src/IFRA_ConveyorBelt/conveyorbelt_msgs', 'symlink_install': False, 'test_result_base': None}
[1.232s] Level 5:colcon.colcon_core.verb:set package 'ros2_conveyorbelt' build argument 'cmake_args' from command line to 'None'
[1.232s] Level 5:colcon.colcon_core.verb:set package 'ros2_conveyorbelt' build argument 'cmake_target' from command line to 'None'
[1.232s] Level 5:colcon.colcon_core.verb:set package 'ros2_conveyorbelt' build argument 'cmake_target_skip_unavailable' from command line to 'False'
[1.232s] Level 5:colcon.colcon_core.verb:set package 'ros2_conveyorbelt' build argument 'cmake_clean_cache' from command line to 'False'
[1.232s] Level 5:colcon.colcon_core.verb:set package 'ros2_conveyorbelt' build argument 'cmake_clean_first' from command line to 'False'
[1.232s] Level 5:colcon.colcon_core.verb:set package 'ros2_conveyorbelt' build argument 'cmake_force_configure' from command line to 'False'
[1.232s] Level 5:colcon.colcon_core.verb:set package 'ros2_conveyorbelt' build argument 'ament_cmake_args' from command line to 'None'
[1.232s] Level 5:colcon.colcon_core.verb:set package 'ros2_conveyorbelt' build argument 'catkin_cmake_args' from command line to 'None'
[1.232s] Level 5:colcon.colcon_core.verb:set package 'ros2_conveyorbelt' build argument 'catkin_skip_building_tests' from command line to 'False'
[1.232s] DEBUG:colcon.colcon_core.verb:Building package 'ros2_conveyorbelt' with the following arguments: {'ament_cmake_args': None, 'build_base': '/home/chino/fabrica_ws/build/ros2_conveyorbelt', 'catkin_cmake_args': None, 'catkin_skip_building_tests': False, 'cmake_args': None, 'cmake_clean_cache': False, 'cmake_clean_first': False, 'cmake_force_configure': False, 'cmake_target': None, 'cmake_target_skip_unavailable': False, 'install_base': '/home/chino/fabrica_ws/install/ros2_conveyorbelt', 'merge_install': False, 'path': '/home/chino/fabrica_ws/src/IFRA_ConveyorBelt/ros2_conveyorbelt', 'symlink_install': False, 'test_result_base': None}
[1.233s] INFO:colcon.colcon_core.executor:Executing jobs using 'parallel' executor
[1.235s] DEBUG:colcon.colcon_parallel_executor.executor.parallel:run_until_complete
[1.236s] INFO:colcon.colcon_ros.task.ament_cmake.build:Building ROS package in '/home/chino/fabrica_ws/src/IFRA_ConveyorBelt/conveyorbelt_msgs' with build type 'ament_cmake'
[1.236s] INFO:colcon.colcon_cmake.task.cmake.build:Building CMake package in '/home/chino/fabrica_ws/src/IFRA_ConveyorBelt/conveyorbelt_msgs'
[1.241s] INFO:colcon.colcon_core.plugin_system:Skipping extension 'colcon_core.shell.bat': Not used on non-Windows systems
[1.242s] INFO:colcon.colcon_core.shell:Skip shell extension 'powershell' for command environment: Not usable outside of PowerShell
[1.242s] DEBUG:colcon.colcon_core.shell:Skip shell extension 'dsv' for command environment
[1.252s] INFO:colcon.colcon_ros.task.ament_python.build:Building ROS package in '/home/chino/fabrica_ws/src/banda' with build type 'ament_python'
[1.252s] Level 1:colcon.colcon_core.shell:create_environment_hook('banda', 'ament_prefix_path')
[1.253s] INFO:colcon.colcon_core.shell:Creating environment hook '/home/chino/fabrica_ws/install/banda/share/banda/hook/ament_prefix_path.ps1'
[1.255s] INFO:colcon.colcon_core.shell:Creating environment descriptor '/home/chino/fabrica_ws/install/banda/share/banda/hook/ament_prefix_path.dsv'
[1.256s] INFO:colcon.colcon_core.shell:Creating environment hook '/home/chino/fabrica_ws/install/banda/share/banda/hook/ament_prefix_path.sh'
[1.258s] INFO:colcon.colcon_core.shell:Skip shell extension 'powershell' for command environment: Not usable outside of PowerShell
[1.259s] DEBUG:colcon.colcon_core.shell:Skip shell extension 'dsv' for command environment
[1.267s] INFO:colcon.colcon_ros.task.ament_cmake.build:Building ROS package in '/home/chino/fabrica_ws/src/IFRA_ConveyorBelt/conveyorbelt_gazebo' with build type 'ament_cmake'
[1.268s] INFO:colcon.colcon_cmake.task.cmake.build:Building CMake package in '/home/chino/fabrica_ws/src/IFRA_ConveyorBelt/conveyorbelt_gazebo'
[1.268s] INFO:colcon.colcon_core.shell:Skip shell extension 'powershell' for command environment: Not usable outside of PowerShell
[1.268s] DEBUG:colcon.colcon_core.shell:Skip shell extension 'dsv' for command environment
[1.290s] DEBUG:colcon.colcon_core.event_handler.log_command:Invoking command in '/home/chino/fabrica_ws/build/conveyorbelt_msgs': CMAKE_PREFIX_PATH=${CMAKE_PREFIX_PATH}:/home/chino/fabrica_ws/install/banda:/opt/ros/humble /usr/bin/cmake --build /home/chino/fabrica_ws/build/conveyorbelt_msgs -- -j16 -l16
[1.875s] INFO:colcon.colcon_core.task.python.build:Building Python package in '/home/chino/fabrica_ws/src/banda'
[1.875s] INFO:colcon.colcon_core.shell:Skip shell extension 'powershell' for command environment: Not usable outside of PowerShell
[1.875s] DEBUG:colcon.colcon_core.shell:Skip shell extension 'dsv' for command environment
[1.912s] DEBUG:colcon.colcon_core.event_handler.log_command:Invoking command in '/home/chino/fabrica_ws/build/conveyorbelt_gazebo': CMAKE_PREFIX_PATH=${CMAKE_PREFIX_PATH}:/home/chino/fabrica_ws/install/banda:/opt/ros/humble /usr/bin/cmake --build /home/chino/fabrica_ws/build/conveyorbelt_gazebo -- -j16 -l16
[1.988s] DEBUG:colcon.colcon_core.event_handler.log_command:Invoked command in '/home/chino/fabrica_ws/build/conveyorbelt_gazebo' returned '0': CMAKE_PREFIX_PATH=${CMAKE_PREFIX_PATH}:/home/chino/fabrica_ws/install/banda:/opt/ros/humble /usr/bin/cmake --build /home/chino/fabrica_ws/build/conveyorbelt_gazebo -- -j16 -l16
[2.012s] DEBUG:colcon.colcon_core.event_handler.log_command:Invoking command in '/home/chino/fabrica_ws/build/conveyorbelt_gazebo': CMAKE_PREFIX_PATH=${CMAKE_PREFIX_PATH}:/home/chino/fabrica_ws/install/banda:/opt/ros/humble /usr/bin/cmake --install /home/chino/fabrica_ws/build/conveyorbelt_gazebo
[2.040s] Level 1:colcon.colcon_core.environment:create_environment_scripts_only(conveyorbelt_gazebo)
[2.044s] DEBUG:colcon.colcon_core.event_handler.log_command:Invoked command in '/home/chino/fabrica_ws/build/conveyorbelt_gazebo' returned '0': CMAKE_PREFIX_PATH=${CMAKE_PREFIX_PATH}:/home/chino/fabrica_ws/install/banda:/opt/ros/humble /usr/bin/cmake --install /home/chino/fabrica_ws/build/conveyorbelt_gazebo
[2.050s] Level 1:colcon.colcon_core.environment:checking '/home/chino/fabrica_ws/install/conveyorbelt_gazebo' for CMake module files
[2.051s] Level 1:colcon.colcon_core.environment:checking '/home/chino/fabrica_ws/install/conveyorbelt_gazebo' for CMake config files
[2.053s] Level 1:colcon.colcon_core.shell:create_environment_hook('conveyorbelt_gazebo', 'cmake_prefix_path')
[2.053s] INFO:colcon.colcon_core.shell:Creating environment hook '/home/chino/fabrica_ws/install/conveyorbelt_gazebo/share/conveyorbelt_gazebo/hook/cmake_prefix_path.ps1'
[2.055s] INFO:colcon.colcon_core.shell:Creating environment descriptor '/home/chino/fabrica_ws/install/conveyorbelt_gazebo/share/conveyorbelt_gazebo/hook/cmake_prefix_path.dsv'
[2.056s] INFO:colcon.colcon_core.shell:Creating environment hook '/home/chino/fabrica_ws/install/conveyorbelt_gazebo/share/conveyorbelt_gazebo/hook/cmake_prefix_path.sh'
[2.059s] Level 1:colcon.colcon_core.environment:checking '/home/chino/fabrica_ws/install/conveyorbelt_gazebo/bin'
[2.059s] Level 1:colcon.colcon_core.environment:checking '/home/chino/fabrica_ws/install/conveyorbelt_gazebo/lib/pkgconfig/conveyorbelt_gazebo.pc'
[2.060s] Level 1:colcon.colcon_core.environment:checking '/home/chino/fabrica_ws/install/conveyorbelt_gazebo/lib/python3.10/site-packages'
[2.060s] Level 1:colcon.colcon_core.environment:checking '/home/chino/fabrica_ws/install/conveyorbelt_gazebo/bin'
[2.061s] INFO:colcon.colcon_core.shell:Creating package script '/home/chino/fabrica_ws/install/conveyorbelt_gazebo/share/conveyorbelt_gazebo/package.ps1'
[2.063s] INFO:colcon.colcon_core.shell:Creating package descriptor '/home/chino/fabrica_ws/install/conveyorbelt_gazebo/share/conveyorbelt_gazebo/package.dsv'
[2.064s] INFO:colcon.colcon_core.shell:Creating package script '/home/chino/fabrica_ws/install/conveyorbelt_gazebo/share/conveyorbelt_gazebo/package.sh'
[2.066s] INFO:colcon.colcon_core.shell:Creating package script '/home/chino/fabrica_ws/install/conveyorbelt_gazebo/share/conveyorbelt_gazebo/package.bash'
[2.067s] INFO:colcon.colcon_core.shell:Creating package script '/home/chino/fabrica_ws/install/conveyorbelt_gazebo/share/conveyorbelt_gazebo/package.zsh'
[2.069s] Level 1:colcon.colcon_core.environment:create_file_with_runtime_dependencies(/home/chino/fabrica_ws/install/conveyorbelt_gazebo/share/colcon-core/packages/conveyorbelt_gazebo)
[2.071s] Level 1:colcon.colcon_core.environment:create_environment_scripts_only(conveyorbelt_gazebo)
[2.071s] Level 1:colcon.colcon_core.environment:checking '/home/chino/fabrica_ws/install/conveyorbelt_gazebo' for CMake module files
[2.072s] Level 1:colcon.colcon_core.environment:checking '/home/chino/fabrica_ws/install/conveyorbelt_gazebo' for CMake config files
[2.073s] Level 1:colcon.colcon_core.shell:create_environment_hook('conveyorbelt_gazebo', 'cmake_prefix_path')
[2.073s] INFO:colcon.colcon_core.shell:Creating environment hook '/home/chino/fabrica_ws/install/conveyorbelt_gazebo/share/conveyorbelt_gazebo/hook/cmake_prefix_path.ps1'
[2.075s] INFO:colcon.colcon_core.shell:Creating environment descriptor '/home/chino/fabrica_ws/install/conveyorbelt_gazebo/share/conveyorbelt_gazebo/hook/cmake_prefix_path.dsv'
[2.076s] INFO:colcon.colcon_core.shell:Creating environment hook '/home/chino/fabrica_ws/install/conveyorbelt_gazebo/share/conveyorbelt_gazebo/hook/cmake_prefix_path.sh'
[2.077s] Level 1:colcon.colcon_core.environment:checking '/home/chino/fabrica_ws/install/conveyorbelt_gazebo/bin'
[2.077s] Level 1:colcon.colcon_core.environment:checking '/home/chino/fabrica_ws/install/conveyorbelt_gazebo/lib/pkgconfig/conveyorbelt_gazebo.pc'
[2.078s] Level 1:colcon.colcon_core.environment:checking '/home/chino/fabrica_ws/install/conveyorbelt_gazebo/lib/python3.10/site-packages'
[2.079s] Level 1:colcon.colcon_core.environment:checking '/home/chino/fabrica_ws/install/conveyorbelt_gazebo/bin'
[2.080s] INFO:colcon.colcon_core.shell:Creating package script '/home/chino/fabrica_ws/install/conveyorbelt_gazebo/share/conveyorbelt_gazebo/package.ps1'
[2.081s] INFO:colcon.colcon_core.shell:Creating package descriptor '/home/chino/fabrica_ws/install/conveyorbelt_gazebo/share/conveyorbelt_gazebo/package.dsv'
[2.082s] INFO:colcon.colcon_core.shell:Creating package script '/home/chino/fabrica_ws/install/conveyorbelt_gazebo/share/conveyorbelt_gazebo/package.sh'
[2.083s] INFO:colcon.colcon_core.shell:Creating package script '/home/chino/fabrica_ws/install/conveyorbelt_gazebo/share/conveyorbelt_gazebo/package.bash'
[2.084s] INFO:colcon.colcon_core.shell:Creating package script '/home/chino/fabrica_ws/install/conveyorbelt_gazebo/share/conveyorbelt_gazebo/package.zsh'
[2.085s] Level 1:colcon.colcon_core.environment:create_file_with_runtime_dependencies(/home/chino/fabrica_ws/install/conveyorbelt_gazebo/share/colcon-core/packages/conveyorbelt_gazebo)
[2.094s] DEBUG:colcon.colcon_core.event_handler.log_command:Invoked command in '/home/chino/fabrica_ws/build/conveyorbelt_msgs' returned '0': CMAKE_PREFIX_PATH=${CMAKE_PREFIX_PATH}:/home/chino/fabrica_ws/install/banda:/opt/ros/humble /usr/bin/cmake --build /home/chino/fabrica_ws/build/conveyorbelt_msgs -- -j16 -l16
[2.097s] DEBUG:colcon.colcon_core.event_handler.log_command:Invoking command in '/home/chino/fabrica_ws/build/conveyorbelt_msgs': CMAKE_PREFIX_PATH=${CMAKE_PREFIX_PATH}:/home/chino/fabrica_ws/install/banda:/opt/ros/humble /usr/bin/cmake --install /home/chino/fabrica_ws/build/conveyorbelt_msgs
[2.255s] Level 1:colcon.colcon_core.environment:create_environment_scripts_only(conveyorbelt_msgs)
[2.256s] Level 1:colcon.colcon_core.environment:checking '/home/chino/fabrica_ws/install/conveyorbelt_msgs' for CMake module files
[2.261s] Level 1:colcon.colcon_core.environment:checking '/home/chino/fabrica_ws/install/conveyorbelt_msgs' for CMake config files
[2.262s] DEBUG:colcon.colcon_core.event_handler.log_command:Invoked command in '/home/chino/fabrica_ws/build/conveyorbelt_msgs' returned '0': CMAKE_PREFIX_PATH=${CMAKE_PREFIX_PATH}:/home/chino/fabrica_ws/install/banda:/opt/ros/humble /usr/bin/cmake --install /home/chino/fabrica_ws/build/conveyorbelt_msgs
[2.264s] Level 1:colcon.colcon_core.shell:create_environment_hook('conveyorbelt_msgs', 'cmake_prefix_path')
[2.265s] INFO:colcon.colcon_core.shell:Creating environment hook '/home/chino/fabrica_ws/install/conveyorbelt_msgs/share/conveyorbelt_msgs/hook/cmake_prefix_path.ps1'
[2.266s] INFO:colcon.colcon_core.shell:Creating environment descriptor '/home/chino/fabrica_ws/install/conveyorbelt_msgs/share/conveyorbelt_msgs/hook/cmake_prefix_path.dsv'
[2.267s] INFO:colcon.colcon_core.shell:Creating environment hook '/home/chino/fabrica_ws/install/conveyorbelt_msgs/share/conveyorbelt_msgs/hook/cmake_prefix_path.sh'
[2.268s] Level 1:colcon.colcon_core.environment:checking '/home/chino/fabrica_ws/install/conveyorbelt_msgs/lib'
[2.268s] Level 1:colcon.colcon_core.shell:create_environment_hook('conveyorbelt_msgs', 'ld_library_path_lib')
[2.269s] INFO:colcon.colcon_core.shell:Creating environment hook '/home/chino/fabrica_ws/install/conveyorbelt_msgs/share/conveyorbelt_msgs/hook/ld_library_path_lib.ps1'
[2.270s] INFO:colcon.colcon_core.shell:Creating environment descriptor '/home/chino/fabrica_ws/install/conveyorbelt_msgs/share/conveyorbelt_msgs/hook/ld_library_path_lib.dsv'
[2.271s] INFO:colcon.colcon_core.shell:Creating environment hook '/home/chino/fabrica_ws/install/conveyorbelt_msgs/share/conveyorbelt_msgs/hook/ld_library_path_lib.sh'
[2.272s] Level 1:colcon.colcon_core.environment:checking '/home/chino/fabrica_ws/install/conveyorbelt_msgs/bin'
[2.272s] Level 1:colcon.colcon_core.environment:checking '/home/chino/fabrica_ws/install/conveyorbelt_msgs/lib/pkgconfig/conveyorbelt_msgs.pc'
[2.272s] Level 1:colcon.colcon_core.environment:checking '/home/chino/fabrica_ws/install/conveyorbelt_msgs/lib/python3.10/site-packages'
[2.273s] Level 1:colcon.colcon_core.environment:checking '/home/chino/fabrica_ws/install/conveyorbelt_msgs/bin'
[2.274s] INFO:colcon.colcon_core.shell:Creating package script '/home/chino/fabrica_ws/install/conveyorbelt_msgs/share/conveyorbelt_msgs/package.ps1'
[2.275s] INFO:colcon.colcon_core.shell:Creating package descriptor '/home/chino/fabrica_ws/install/conveyorbelt_msgs/share/conveyorbelt_msgs/package.dsv'
[2.276s] INFO:colcon.colcon_core.shell:Creating package script '/home/chino/fabrica_ws/install/conveyorbelt_msgs/share/conveyorbelt_msgs/package.sh'
[2.277s] INFO:colcon.colcon_core.shell:Creating package script '/home/chino/fabrica_ws/install/conveyorbelt_msgs/share/conveyorbelt_msgs/package.bash'
[2.278s] INFO:colcon.colcon_core.shell:Creating package script '/home/chino/fabrica_ws/install/conveyorbelt_msgs/share/conveyorbelt_msgs/package.zsh'
[2.279s] Level 1:colcon.colcon_core.environment:create_file_with_runtime_dependencies(/home/chino/fabrica_ws/install/conveyorbelt_msgs/share/colcon-core/packages/conveyorbelt_msgs)
[2.281s] Level 1:colcon.colcon_core.environment:create_environment_scripts_only(conveyorbelt_msgs)
[2.281s] Level 1:colcon.colcon_core.environment:checking '/home/chino/fabrica_ws/install/conveyorbelt_msgs' for CMake module files
[2.283s] Level 1:colcon.colcon_core.environment:checking '/home/chino/fabrica_ws/install/conveyorbelt_msgs' for CMake config files
[2.285s] Level 1:colcon.colcon_core.shell:create_environment_hook('conveyorbelt_msgs', 'cmake_prefix_path')
[2.286s] INFO:colcon.colcon_core.shell:Creating environment hook '/home/chino/fabrica_ws/install/conveyorbelt_msgs/share/conveyorbelt_msgs/hook/cmake_prefix_path.ps1'
[2.288s] INFO:colcon.colcon_core.shell:Creating environment descriptor '/home/chino/fabrica_ws/install/conveyorbelt_msgs/share/conveyorbelt_msgs/hook/cmake_prefix_path.dsv'
[2.289s] INFO:colcon.colcon_core.shell:Creating environment hook '/home/chino/fabrica_ws/install/conveyorbelt_msgs/share/conveyorbelt_msgs/hook/cmake_prefix_path.sh'
[2.290s] Level 1:colcon.colcon_core.environment:checking '/home/chino/fabrica_ws/install/conveyorbelt_msgs/lib'
[2.291s] Level 1:colcon.colcon_core.shell:create_environment_hook('conveyorbelt_msgs', 'ld_library_path_lib')
[2.291s] INFO:colcon.colcon_core.shell:Creating environment hook '/home/chino/fabrica_ws/install/conveyorbelt_msgs/share/conveyorbelt_msgs/hook/ld_library_path_lib.ps1'
[2.292s] INFO:colcon.colcon_core.shell:Creating environment descriptor '/home/chino/fabrica_ws/install/conveyorbelt_msgs/share/conveyorbelt_msgs/hook/ld_library_path_lib.dsv'
[2.293s] INFO:colcon.colcon_core.shell:Creating environment hook '/home/chino/fabrica_ws/install/conveyorbelt_msgs/share/conveyorbelt_msgs/hook/ld_library_path_lib.sh'
[2.294s] Level 1:colcon.colcon_core.environment:checking '/home/chino/fabrica_ws/install/conveyorbelt_msgs/bin'
[2.294s] Level 1:colcon.colcon_core.environment:checking '/home/chino/fabrica_ws/install/conveyorbelt_msgs/lib/pkgconfig/conveyorbelt_msgs.pc'
[2.295s] Level 1:colcon.colcon_core.environment:checking '/home/chino/fabrica_ws/install/conveyorbelt_msgs/lib/python3.10/site-packages'
[2.295s] Level 1:colcon.colcon_core.environment:checking '/home/chino/fabrica_ws/install/conveyorbelt_msgs/bin'
[2.296s] INFO:colcon.colcon_core.shell:Creating package script '/home/chino/fabrica_ws/install/conveyorbelt_msgs/share/conveyorbelt_msgs/package.ps1'
[2.297s] INFO:colcon.colcon_core.shell:Creating package descriptor '/home/chino/fabrica_ws/install/conveyorbelt_msgs/share/conveyorbelt_msgs/package.dsv'
[2.299s] INFO:colcon.colcon_core.shell:Creating package script '/home/chino/fabrica_ws/install/conveyorbelt_msgs/share/conveyorbelt_msgs/package.sh'
[2.300s] INFO:colcon.colcon_core.shell:Creating package script '/home/chino/fabrica_ws/install/conveyorbelt_msgs/share/conveyorbelt_msgs/package.bash'
[2.301s] INFO:colcon.colcon_core.shell:Creating package script '/home/chino/fabrica_ws/install/conveyorbelt_msgs/share/conveyorbelt_msgs/package.zsh'
[2.302s] Level 1:colcon.colcon_core.environment:create_file_with_runtime_dependencies(/home/chino/fabrica_ws/install/conveyorbelt_msgs/share/colcon-core/packages/conveyorbelt_msgs)
[2.303s] INFO:colcon.colcon_ros.task.ament_cmake.build:Building ROS package in '/home/chino/fabrica_ws/src/IFRA_ConveyorBelt/ros2_conveyorbelt' with build type 'ament_cmake'
[2.304s] INFO:colcon.colcon_cmake.task.cmake.build:Building CMake package in '/home/chino/fabrica_ws/src/IFRA_ConveyorBelt/ros2_conveyorbelt'
[2.305s] INFO:colcon.colcon_core.shell:Skip shell extension 'powershell' for command environment: Not usable outside of PowerShell
[2.305s] DEBUG:colcon.colcon_core.shell:Skip shell extension 'dsv' for command environment
[2.737s] DEBUG:colcon.colcon_core.event_handler.log_command:Invoking command in '/home/chino/fabrica_ws/src/banda': PYTHONPATH=/home/chino/fabrica_ws/build/banda/prefix_override:/usr/lib/python3/dist-packages/colcon_core/task/python/colcon_distutils_commands:/home/chino/fabrica_ws/install/banda/lib/python3.10/site-packages:${PYTHONPATH} /usr/bin/python3 -W ignore:setup.py install is deprecated -W ignore:easy_install command is deprecated setup.py egg_info --egg-base ../../build/banda build --build-base /home/chino/fabrica_ws/build/banda/build install --record /home/chino/fabrica_ws/build/banda/install.log --single-version-externally-managed install_data
[2.794s] DEBUG:colcon.colcon_core.event_handler.log_command:Invoking command in '/home/chino/fabrica_ws/build/ros2_conveyorbelt': CMAKE_PREFIX_PATH=/home/chino/fabrica_ws/install/conveyorbelt_msgs:/home/chino/fabrica_ws/install/ros2_conveyorbelt:/home/chino/fabrica_ws/install/conveyorbelt_gazebo:/home/chino/fabrica_ws/install/banda:/opt/ros/humble LD_LIBRARY_PATH=/home/chino/fabrica_ws/install/conveyorbelt_msgs/lib:/home/chino/fabrica_ws/install/ros2_conveyorbelt/lib:/usr/lib/x86_64-linux-gnu/gazebo-11/plugins:/opt/ros/humble/opt/rviz_ogre_vendor/lib:/opt/ros/humble/lib/x86_64-linux-gnu:/opt/ros/humble/lib:/usr/share/gazebo/../../lib/x86_64-linux-gnu/gazebo-11/plugins /usr/bin/cmake --build /home/chino/fabrica_ws/build/ros2_conveyorbelt -- -j16 -l16
[2.963s] DEBUG:colcon.colcon_core.event_handler.log_command:Invoked command in '/home/chino/fabrica_ws/build/ros2_conveyorbelt' returned '0': CMAKE_PREFIX_PATH=/home/chino/fabrica_ws/install/conveyorbelt_msgs:/home/chino/fabrica_ws/install/ros2_conveyorbelt:/home/chino/fabrica_ws/install/conveyorbelt_gazebo:/home/chino/fabrica_ws/install/banda:/opt/ros/humble LD_LIBRARY_PATH=/home/chino/fabrica_ws/install/conveyorbelt_msgs/lib:/home/chino/fabrica_ws/install/ros2_conveyorbelt/lib:/usr/lib/x86_64-linux-gnu/gazebo-11/plugins:/opt/ros/humble/opt/rviz_ogre_vendor/lib:/opt/ros/humble/lib/x86_64-linux-gnu:/opt/ros/humble/lib:/usr/share/gazebo/../../lib/x86_64-linux-gnu/gazebo-11/plugins /usr/bin/cmake --build /home/chino/fabrica_ws/build/ros2_conveyorbelt -- -j16 -l16
[2.967s] DEBUG:colcon.colcon_core.event_handler.log_command:Invoking command in '/home/chino/fabrica_ws/build/ros2_conveyorbelt': CMAKE_PREFIX_PATH=/home/chino/fabrica_ws/install/conveyorbelt_msgs:/home/chino/fabrica_ws/install/ros2_conveyorbelt:/home/chino/fabrica_ws/install/conveyorbelt_gazebo:/home/chino/fabrica_ws/install/banda:/opt/ros/humble LD_LIBRARY_PATH=/home/chino/fabrica_ws/install/conveyorbelt_msgs/lib:/home/chino/fabrica_ws/install/ros2_conveyorbelt/lib:/usr/lib/x86_64-linux-gnu/gazebo-11/plugins:/opt/ros/humble/opt/rviz_ogre_vendor/lib:/opt/ros/humble/lib/x86_64-linux-gnu:/opt/ros/humble/lib:/usr/share/gazebo/../../lib/x86_64-linux-gnu/gazebo-11/plugins /usr/bin/cmake --install /home/chino/fabrica_ws/build/ros2_conveyorbelt
[2.993s] Level 1:colcon.colcon_core.environment:create_environment_scripts_only(ros2_conveyorbelt)
[2.994s] Level 1:colcon.colcon_core.environment:checking '/home/chino/fabrica_ws/install/ros2_conveyorbelt' for CMake module files
[2.994s] DEBUG:colcon.colcon_core.event_handler.log_command:Invoked command in '/home/chino/fabrica_ws/build/ros2_conveyorbelt' returned '0': CMAKE_PREFIX_PATH=/home/chino/fabrica_ws/install/conveyorbelt_msgs:/home/chino/fabrica_ws/install/ros2_conveyorbelt:/home/chino/fabrica_ws/install/conveyorbelt_gazebo:/home/chino/fabrica_ws/install/banda:/opt/ros/humble LD_LIBRARY_PATH=/home/chino/fabrica_ws/install/conveyorbelt_msgs/lib:/home/chino/fabrica_ws/install/ros2_conveyorbelt/lib:/usr/lib/x86_64-linux-gnu/gazebo-11/plugins:/opt/ros/humble/opt/rviz_ogre_vendor/lib:/opt/ros/humble/lib/x86_64-linux-gnu:/opt/ros/humble/lib:/usr/share/gazebo/../../lib/x86_64-linux-gnu/gazebo-11/plugins /usr/bin/cmake --install /home/chino/fabrica_ws/build/ros2_conveyorbelt
[2.995s] Level 1:colcon.colcon_core.environment:checking '/home/chino/fabrica_ws/install/ros2_conveyorbelt' for CMake config files
[2.996s] Level 1:colcon.colcon_core.shell:create_environment_hook('ros2_conveyorbelt', 'cmake_prefix_path')
[2.997s] INFO:colcon.colcon_core.shell:Creating environment hook '/home/chino/fabrica_ws/install/ros2_conveyorbelt/share/ros2_conveyorbelt/hook/cmake_prefix_path.ps1'
[2.998s] INFO:colcon.colcon_core.shell:Creating environment descriptor '/home/chino/fabrica_ws/install/ros2_conveyorbelt/share/ros2_conveyorbelt/hook/cmake_prefix_path.dsv'
[2.999s] INFO:colcon.colcon_core.shell:Creating environment hook '/home/chino/fabrica_ws/install/ros2_conveyorbelt/share/ros2_conveyorbelt/hook/cmake_prefix_path.sh'
[3.000s] Level 1:colcon.colcon_core.environment:checking '/home/chino/fabrica_ws/install/ros2_conveyorbelt/lib'
[3.000s] Level 1:colcon.colcon_core.shell:create_environment_hook('ros2_conveyorbelt', 'ld_library_path_lib')
[3.000s] INFO:colcon.colcon_core.shell:Creating environment hook '/home/chino/fabrica_ws/install/ros2_conveyorbelt/share/ros2_conveyorbelt/hook/ld_library_path_lib.ps1'
[3.001s] INFO:colcon.colcon_core.shell:Creating environment descriptor '/home/chino/fabrica_ws/install/ros2_conveyorbelt/share/ros2_conveyorbelt/hook/ld_library_path_lib.dsv'
[3.002s] INFO:colcon.colcon_core.shell:Creating environment hook '/home/chino/fabrica_ws/install/ros2_conveyorbelt/share/ros2_conveyorbelt/hook/ld_library_path_lib.sh'
[3.003s] Level 1:colcon.colcon_core.environment:checking '/home/chino/fabrica_ws/install/ros2_conveyorbelt/bin'
[3.003s] Level 1:colcon.colcon_core.environment:checking '/home/chino/fabrica_ws/install/ros2_conveyorbelt/lib/pkgconfig/ros2_conveyorbelt.pc'
[3.003s] Level 1:colcon.colcon_core.environment:checking '/home/chino/fabrica_ws/install/ros2_conveyorbelt/lib/python3.10/site-packages'
[3.004s] Level 1:colcon.colcon_core.environment:checking '/home/chino/fabrica_ws/install/ros2_conveyorbelt/bin'
[3.005s] INFO:colcon.colcon_core.shell:Creating package script '/home/chino/fabrica_ws/install/ros2_conveyorbelt/share/ros2_conveyorbelt/package.ps1'
[3.006s] INFO:colcon.colcon_core.shell:Creating package descriptor '/home/chino/fabrica_ws/install/ros2_conveyorbelt/share/ros2_conveyorbelt/package.dsv'
[3.007s] INFO:colcon.colcon_core.shell:Creating package script '/home/chino/fabrica_ws/install/ros2_conveyorbelt/share/ros2_conveyorbelt/package.sh'
[3.008s] INFO:colcon.colcon_core.shell:Creating package script '/home/chino/fabrica_ws/install/ros2_conveyorbelt/share/ros2_conveyorbelt/package.bash'
[3.009s] INFO:colcon.colcon_core.shell:Creating package script '/home/chino/fabrica_ws/install/ros2_conveyorbelt/share/ros2_conveyorbelt/package.zsh'
[3.009s] Level 1:colcon.colcon_core.environment:create_file_with_runtime_dependencies(/home/chino/fabrica_ws/install/ros2_conveyorbelt/share/colcon-core/packages/ros2_conveyorbelt)
[3.011s] Level 1:colcon.colcon_core.environment:create_environment_scripts_only(ros2_conveyorbelt)
[3.011s] Level 1:colcon.colcon_core.environment:checking '/home/chino/fabrica_ws/install/ros2_conveyorbelt' for CMake module files
[3.012s] Level 1:colcon.colcon_core.environment:checking '/home/chino/fabrica_ws/install/ros2_conveyorbelt' for CMake config files
[3.013s] Level 1:colcon.colcon_core.shell:create_environment_hook('ros2_conveyorbelt', 'cmake_prefix_path')
[3.013s] INFO:colcon.colcon_core.shell:Creating environment hook '/home/chino/fabrica_ws/install/ros2_conveyorbelt/share/ros2_conveyorbelt/hook/cmake_prefix_path.ps1'
[3.014s] INFO:colcon.colcon_core.shell:Creating environment descriptor '/home/chino/fabrica_ws/install/ros2_conveyorbelt/share/ros2_conveyorbelt/hook/cmake_prefix_path.dsv'
[3.015s] INFO:colcon.colcon_core.shell:Creating environment hook '/home/chino/fabrica_ws/install/ros2_conveyorbelt/share/ros2_conveyorbelt/hook/cmake_prefix_path.sh'
[3.016s] Level 1:colcon.colcon_core.environment:checking '/home/chino/fabrica_ws/install/ros2_conveyorbelt/lib'
[3.016s] Level 1:colcon.colcon_core.shell:create_environment_hook('ros2_conveyorbelt', 'ld_library_path_lib')
[3.017s] INFO:colcon.colcon_core.shell:Creating environment hook '/home/chino/fabrica_ws/install/ros2_conveyorbelt/share/ros2_conveyorbelt/hook/ld_library_path_lib.ps1'
[3.018s] INFO:colcon.colcon_core.shell:Creating environment descriptor '/home/chino/fabrica_ws/install/ros2_conveyorbelt/share/ros2_conveyorbelt/hook/ld_library_path_lib.dsv'
[3.019s] INFO:colcon.colcon_core.shell:Creating environment hook '/home/chino/fabrica_ws/install/ros2_conveyorbelt/share/ros2_conveyorbelt/hook/ld_library_path_lib.sh'
[3.019s] Level 1:colcon.colcon_core.environment:checking '/home/chino/fabrica_ws/install/ros2_conveyorbelt/bin'
[3.019s] Level 1:colcon.colcon_core.environment:checking '/home/chino/fabrica_ws/install/ros2_conveyorbelt/lib/pkgconfig/ros2_conveyorbelt.pc'
[3.020s] Level 1:colcon.colcon_core.environment:checking '/home/chino/fabrica_ws/install/ros2_conveyorbelt/lib/python3.10/site-packages'
[3.021s] Level 1:colcon.colcon_core.environment:checking '/home/chino/fabrica_ws/install/ros2_conveyorbelt/bin'
[3.021s] INFO:colcon.colcon_core.shell:Creating package script '/home/chino/fabrica_ws/install/ros2_conveyorbelt/share/ros2_conveyorbelt/package.ps1'
[3.023s] INFO:colcon.colcon_core.shell:Creating package descriptor '/home/chino/fabrica_ws/install/ros2_conveyorbelt/share/ros2_conveyorbelt/package.dsv'
[3.024s] INFO:colcon.colcon_core.shell:Creating package script '/home/chino/fabrica_ws/install/ros2_conveyorbelt/share/ros2_conveyorbelt/package.sh'
[3.025s] INFO:colcon.colcon_core.shell:Creating package script '/home/chino/fabrica_ws/install/ros2_conveyorbelt/share/ros2_conveyorbelt/package.bash'
[3.025s] INFO:colcon.colcon_core.shell:Creating package script '/home/chino/fabrica_ws/install/ros2_conveyorbelt/share/ros2_conveyorbelt/package.zsh'
[3.026s] Level 1:colcon.colcon_core.environment:create_file_with_runtime_dependencies(/home/chino/fabrica_ws/install/ros2_conveyorbelt/share/colcon-core/packages/ros2_conveyorbelt)
[3.377s] Level 1:colcon.colcon_core.environment:checking '/home/chino/fabrica_ws/install/banda' for CMake module files
[3.379s] DEBUG:colcon.colcon_core.event_handler.log_command:Invoked command in '/home/chino/fabrica_ws/src/banda' returned '0': PYTHONPATH=/home/chino/fabrica_ws/build/banda/prefix_override:/usr/lib/python3/dist-packages/colcon_core/task/python/colcon_distutils_commands:/home/chino/fabrica_ws/install/banda/lib/python3.10/site-packages:${PYTHONPATH} /usr/bin/python3 -W ignore:setup.py install is deprecated -W ignore:easy_install command is deprecated setup.py egg_info --egg-base ../../build/banda build --build-base /home/chino/fabrica_ws/build/banda/build install --record /home/chino/fabrica_ws/build/banda/install.log --single-version-externally-managed install_data
[3.380s] Level 1:colcon.colcon_core.environment:checking '/home/chino/fabrica_ws/install/banda' for CMake config files
[3.382s] Level 1:colcon.colcon_core.environment:checking '/home/chino/fabrica_ws/install/banda/lib'
[3.382s] Level 1:colcon.colcon_core.environment:checking '/home/chino/fabrica_ws/install/banda/bin'
[3.382s] Level 1:colcon.colcon_core.environment:checking '/home/chino/fabrica_ws/install/banda/lib/pkgconfig/banda.pc'
[3.383s] Level 1:colcon.colcon_core.environment:checking '/home/chino/fabrica_ws/install/banda/lib/python3.10/site-packages'
[3.383s] Level 1:colcon.colcon_core.shell:create_environment_hook('banda', 'pythonpath')
[3.384s] INFO:colcon.colcon_core.shell:Creating environment hook '/home/chino/fabrica_ws/install/banda/share/banda/hook/pythonpath.ps1'
[3.385s] INFO:colcon.colcon_core.shell:Creating environment descriptor '/home/chino/fabrica_ws/install/banda/share/banda/hook/pythonpath.dsv'
[3.387s] INFO:colcon.colcon_core.shell:Creating environment hook '/home/chino/fabrica_ws/install/banda/share/banda/hook/pythonpath.sh'
[3.388s] Level 1:colcon.colcon_core.environment:checking '/home/chino/fabrica_ws/install/banda/bin'
[3.388s] Level 1:colcon.colcon_core.environment:create_environment_scripts_only(banda)
[3.389s] INFO:colcon.colcon_core.shell:Creating package script '/home/chino/fabrica_ws/install/banda/share/banda/package.ps1'
[3.391s] INFO:colcon.colcon_core.shell:Creating package descriptor '/home/chino/fabrica_ws/install/banda/share/banda/package.dsv'
[3.393s] INFO:colcon.colcon_core.shell:Creating package script '/home/chino/fabrica_ws/install/banda/share/banda/package.sh'
[3.394s] INFO:colcon.colcon_core.shell:Creating package script '/home/chino/fabrica_ws/install/banda/share/banda/package.bash'
[3.395s] INFO:colcon.colcon_core.shell:Creating package script '/home/chino/fabrica_ws/install/banda/share/banda/package.zsh'
[3.396s] Level 1:colcon.colcon_core.environment:create_file_with_runtime_dependencies(/home/chino/fabrica_ws/install/banda/share/colcon-core/packages/banda)
[3.398s] DEBUG:colcon.colcon_parallel_executor.executor.parallel:closing loop
[3.399s] DEBUG:colcon.colcon_parallel_executor.executor.parallel:loop closed
[3.399s] DEBUG:colcon.colcon_parallel_executor.executor.parallel:run_until_complete finished with '0'
[3.400s] DEBUG:colcon.colcon_core.event_reactor:joining thread
[3.633s] INFO:colcon.colcon_core.plugin_system:Skipping extension 'colcon_notification.desktop_notification.notify_send': Could not find 'notify-send'
[3.633s] INFO:colcon.colcon_core.plugin_system:Skipping extension 'colcon_notification.desktop_notification.terminal_notifier': Not used on non-Darwin systems
[3.633s] INFO:colcon.colcon_core.plugin_system:Skipping extension 'colcon_notification.desktop_notification.win32': Not used on non-Windows systems
[3.633s] INFO:colcon.colcon_notification.desktop_notification:Sending desktop notification using 'notify2'
[3.634s] DEBUG:colcon.colcon_notification.desktop_notification.notify2:Failed to initialize notify2: org.freedesktop.DBus.Error.FileNotFound: Failed to connect to socket /run/user/1000/bus: No such file or directory
[3.634s] DEBUG:colcon.colcon_core.event_reactor:joined thread
[3.635s] INFO:colcon.colcon_core.shell:Creating prefix script '/home/chino/fabrica_ws/install/local_setup.ps1'
[3.636s] INFO:colcon.colcon_core.shell:Creating prefix util module '/home/chino/fabrica_ws/install/_local_setup_util_ps1.py'
[3.639s] INFO:colcon.colcon_core.shell:Creating prefix chain script '/home/chino/fabrica_ws/install/setup.ps1'
[3.641s] INFO:colcon.colcon_core.shell:Creating prefix script '/home/chino/fabrica_ws/install/local_setup.sh'
[3.642s] INFO:colcon.colcon_core.shell:Creating prefix util module '/home/chino/fabrica_ws/install/_local_setup_util_sh.py'
[3.643s] INFO:colcon.colcon_core.shell:Creating prefix chain script '/home/chino/fabrica_ws/install/setup.sh'
[3.646s] INFO:colcon.colcon_core.shell:Creating prefix script '/home/chino/fabrica_ws/install/local_setup.bash'
[3.647s] INFO:colcon.colcon_core.shell:Creating prefix chain script '/home/chino/fabrica_ws/install/setup.bash'
[3.649s] INFO:colcon.colcon_core.shell:Creating prefix script '/home/chino/fabrica_ws/install/local_setup.zsh'
[3.650s] INFO:colcon.colcon_core.shell:Creating prefix chain script '/home/chino/fabrica_ws/install/setup.zsh'
