[1.789s] Invoking command in '/home/chino/fabrica_ws/src/banda': PYTHONPATH=/home/chino/fabrica_ws/build/banda/prefix_override:/usr/lib/python3/dist-packages/colcon_core/task/python/colcon_distutils_commands:/home/chino/fabrica_ws/install/banda/lib/python3.10/site-packages:${PYTHONPATH} /usr/bin/python3 -W ignore:setup.py install is deprecated -W ignore:easy_install command is deprecated setup.py egg_info --egg-base ../../build/banda build --build-base /home/chino/fabrica_ws/build/banda/build install --record /home/chino/fabrica_ws/build/banda/install.log --single-version-externally-managed install_data
[2.496s] running egg_info
[2.497s] writing ../../build/banda/banda.egg-info/PKG-INFO
[2.497s] writing dependency_links to ../../build/banda/banda.egg-info/dependency_links.txt
[2.498s] writing entry points to ../../build/banda/banda.egg-info/entry_points.txt
[2.498s] writing requirements to ../../build/banda/banda.egg-info/requires.txt
[2.499s] writing top-level names to ../../build/banda/banda.egg-info/top_level.txt
[2.503s] reading manifest file '../../build/banda/banda.egg-info/SOURCES.txt'
[2.503s] adding license file 'LICENSE'
[2.504s] writing manifest file '../../build/banda/banda.egg-info/SOURCES.txt'
[2.505s] running build
[2.505s] running build_py
[2.506s] running install
[2.506s] running install_lib
[2.508s] running install_data
[2.509s] copying launch/gazebo.launch.py -> /home/chino/fabrica_ws/install/banda/share/banda/launch
[2.510s] creating /home/chino/fabrica_ws/install/banda/share/banda/urdf
[2.512s] copying urdf/test_box.urdf -> /home/chino/fabrica_ws/install/banda/share/banda/urdf
[2.513s] running install_egg_info
[2.517s] removing '/home/chino/fabrica_ws/install/banda/lib/python3.10/site-packages/banda-0.0.0-py3.10.egg-info' (and everything under it)
[2.518s] Copying ../../build/banda/banda.egg-info to /home/chino/fabrica_ws/install/banda/lib/python3.10/site-packages/banda-0.0.0-py3.10.egg-info
[2.523s] running install_scripts
[2.565s] writing list of installed files to '/home/chino/fabrica_ws/build/banda/install.log'
[2.605s] Invoked command in '/home/chino/fabrica_ws/src/banda' returned '0': PYTHONPATH=/home/chino/fabrica_ws/build/banda/prefix_override:/usr/lib/python3/dist-packages/colcon_core/task/python/colcon_distutils_commands:/home/chino/fabrica_ws/install/banda/lib/python3.10/site-packages:${PYTHONPATH} /usr/bin/python3 -W ignore:setup.py install is deprecated -W ignore:easy_install command is deprecated setup.py egg_info --egg-base ../../build/banda build --build-base /home/chino/fabrica_ws/build/banda/build install --record /home/chino/fabrica_ws/build/banda/install.log --single-version-externally-managed install_data
