[0.675s] Invoking command in '/home/chino/fabrica_ws/build/conveyorbelt_gazebo': CMAKE_PREFIX_PATH=${CMAKE_PREFIX_PATH}:/home/chino/fabrica_ws/install/banda:/opt/ros/humble /usr/bin/cmake --build /home/chino/fabrica_ws/build/conveyorbelt_gazebo -- -j16 -l16
[0.760s] Invoked command in '/home/chino/fabrica_ws/build/conveyorbelt_gazebo' returned '0': CMAKE_PREFIX_PATH=${CMAKE_PREFIX_PATH}:/home/chino/fabrica_ws/install/banda:/opt/ros/humble /usr/bin/cmake --build /home/chino/fabrica_ws/build/conveyorbelt_gazebo -- -j16 -l16
[0.797s] Invoking command in '/home/chino/fabrica_ws/build/conveyorbelt_gazebo': CMAKE_PREFIX_PATH=${CMAKE_PREFIX_PATH}:/home/chino/fabrica_ws/install/banda:/opt/ros/humble /usr/bin/cmake --install /home/chino/fabrica_ws/build/conveyorbelt_gazebo
[0.823s] -- Install configuration: ""
[0.824s] -- Up-to-date: /home/chino/fabrica_ws/install/conveyorbelt_gazebo/share/conveyorbelt_gazebo/launch
[0.825s] -- Up-to-date: /home/chino/fabrica_ws/install/conveyorbelt_gazebo/share/conveyorbelt_gazebo/launch/conveyorbelt.launch.py
[0.826s] -- Up-to-date: /home/chino/fabrica_ws/install/conveyorbelt_gazebo/share/conveyorbelt_gazebo/models
[0.827s] -- Up-to-date: /home/chino/fabrica_ws/install/conveyorbelt_gazebo/share/conveyorbelt_gazebo/models/conveyor_belt
[0.827s] -- Up-to-date: /home/chino/fabrica_ws/install/conveyorbelt_gazebo/share/conveyorbelt_gazebo/models/conveyor_belt/meshes
[0.828s] -- Up-to-date: /home/chino/fabrica_ws/install/conveyorbelt_gazebo/share/conveyorbelt_gazebo/models/conveyor_belt/meshes/conveyor_belt.dae
[0.830s] -- Up-to-date: /home/chino/fabrica_ws/install/conveyorbelt_gazebo/share/conveyorbelt_gazebo/models/conveyor_belt/meshes/conveyor_belt.stl
[0.831s] -- Up-to-date: /home/chino/fabrica_ws/install/conveyorbelt_gazebo/share/conveyorbelt_gazebo/models/conveyor_belt/model.config
[0.832s] -- Up-to-date: /home/chino/fabrica_ws/install/conveyorbelt_gazebo/share/conveyorbelt_gazebo/models/conveyor_belt/model.sdf
[0.832s] -- Up-to-date: /home/chino/fabrica_ws/install/conveyorbelt_gazebo/share/conveyorbelt_gazebo/worlds
[0.833s] -- Up-to-date: /home/chino/fabrica_ws/install/conveyorbelt_gazebo/share/conveyorbelt_gazebo/worlds/conveyorbelt.world
[0.833s] -- Up-to-date: /home/chino/fabrica_ws/install/conveyorbelt_gazebo/share/conveyorbelt_gazebo/urdf
[0.834s] -- Up-to-date: /home/chino/fabrica_ws/install/conveyorbelt_gazebo/share/conveyorbelt_gazebo/urdf/box.urdf
[0.834s] -- Up-to-date: /home/chino/fabrica_ws/install/conveyorbelt_gazebo/share/ament_index/resource_index/package_run_dependencies/conveyorbelt_gazebo
[0.834s] -- Up-to-date: /home/chino/fabrica_ws/install/conveyorbelt_gazebo/share/ament_index/resource_index/parent_prefix_path/conveyorbelt_gazebo
[0.835s] -- Up-to-date: /home/chino/fabrica_ws/install/conveyorbelt_gazebo/share/conveyorbelt_gazebo/environment/ament_prefix_path.sh
[0.835s] -- Up-to-date: /home/chino/fabrica_ws/install/conveyorbelt_gazebo/share/conveyorbelt_gazebo/environment/ament_prefix_path.dsv
[0.835s] -- Up-to-date: /home/chino/fabrica_ws/install/conveyorbelt_gazebo/share/conveyorbelt_gazebo/environment/path.sh
[0.835s] -- Up-to-date: /home/chino/fabrica_ws/install/conveyorbelt_gazebo/share/conveyorbelt_gazebo/environment/path.dsv
[0.835s] -- Up-to-date: /home/chino/fabrica_ws/install/conveyorbelt_gazebo/share/conveyorbelt_gazebo/local_setup.bash
[0.835s] -- Up-to-date: /home/chino/fabrica_ws/install/conveyorbelt_gazebo/share/conveyorbelt_gazebo/local_setup.sh
[0.836s] -- Up-to-date: /home/chino/fabrica_ws/install/conveyorbelt_gazebo/share/conveyorbelt_gazebo/local_setup.zsh
[0.836s] -- Up-to-date: /home/chino/fabrica_ws/install/conveyorbelt_gazebo/share/conveyorbelt_gazebo/local_setup.dsv
[0.839s] -- Installing: /home/chino/fabrica_ws/install/conveyorbelt_gazebo/share/conveyorbelt_gazebo/package.dsv
[0.843s] -- Up-to-date: /home/chino/fabrica_ws/install/conveyorbelt_gazebo/share/ament_index/resource_index/packages/conveyorbelt_gazebo
[0.844s] -- Up-to-date: /home/chino/fabrica_ws/install/conveyorbelt_gazebo/share/conveyorbelt_gazebo/cmake/conveyorbelt_gazeboConfig.cmake
[0.845s] -- Up-to-date: /home/chino/fabrica_ws/install/conveyorbelt_gazebo/share/conveyorbelt_gazebo/cmake/conveyorbelt_gazeboConfig-version.cmake
[0.846s] -- Up-to-date: /home/chino/fabrica_ws/install/conveyorbelt_gazebo/share/conveyorbelt_gazebo/package.xml
[0.849s] Invoked command in '/home/chino/fabrica_ws/build/conveyorbelt_gazebo' returned '0': CMAKE_PREFIX_PATH=${CMAKE_PREFIX_PATH}:/home/chino/fabrica_ws/install/banda:/opt/ros/humble /usr/bin/cmake --install /home/chino/fabrica_ws/build/conveyorbelt_gazebo
