[1.310s] Invoking command in '/home/chino/fabrica_ws/src/banda': PYTHONPATH=/home/chino/fabrica_ws/build/banda/prefix_override:/usr/lib/python3/dist-packages/colcon_core/task/python/colcon_distutils_commands:/home/chino/fabrica_ws/install/banda/lib/python3.10/site-packages:${PYTHONPATH} /usr/bin/python3 -W ignore:setup.py install is deprecated -W ignore:easy_install command is deprecated setup.py egg_info --egg-base ../../build/banda build --build-base /home/chino/fabrica_ws/build/banda/build install --record /home/chino/fabrica_ws/build/banda/install.log --single-version-externally-managed install_data
[1.849s] running egg_info
[1.850s] writing ../../build/banda/banda.egg-info/PKG-INFO
[1.851s] writing dependency_links to ../../build/banda/banda.egg-info/dependency_links.txt
[1.851s] writing entry points to ../../build/banda/banda.egg-info/entry_points.txt
[1.852s] writing requirements to ../../build/banda/banda.egg-info/requires.txt
[1.852s] writing top-level names to ../../build/banda/banda.egg-info/top_level.txt
[1.856s] reading manifest file '../../build/banda/banda.egg-info/SOURCES.txt'
[1.856s] adding license file 'LICENSE'
[1.858s] writing manifest file '../../build/banda/banda.egg-info/SOURCES.txt'
[1.858s] running build
[1.858s] running build_py
[1.858s] running install
[1.859s] running install_lib
[1.862s] running install_data
[1.864s] running install_egg_info
[1.868s] removing '/home/chino/fabrica_ws/install/banda/lib/python3.10/site-packages/banda-0.0.0-py3.10.egg-info' (and everything under it)
[1.869s] Copying ../../build/banda/banda.egg-info to /home/chino/fabrica_ws/install/banda/lib/python3.10/site-packages/banda-0.0.0-py3.10.egg-info
[1.873s] running install_scripts
[1.911s] writing list of installed files to '/home/chino/fabrica_ws/build/banda/install.log'
[1.957s] Invoked command in '/home/chino/fabrica_ws/src/banda' returned '0': PYTHONPATH=/home/chino/fabrica_ws/build/banda/prefix_override:/usr/lib/python3/dist-packages/colcon_core/task/python/colcon_distutils_commands:/home/chino/fabrica_ws/install/banda/lib/python3.10/site-packages:${PYTHONPATH} /usr/bin/python3 -W ignore:setup.py install is deprecated -W ignore:easy_install command is deprecated setup.py egg_info --egg-base ../../build/banda build --build-base /home/chino/fabrica_ws/build/banda/build install --record /home/chino/fabrica_ws/build/banda/install.log --single-version-externally-managed install_data
