[0.661s] Invoking command in '/home/chino/fabrica_ws/build/conveyorbelt_gazebo': CMAKE_PREFIX_PATH=/home/chino/fabrica_ws/install/banda:/opt/ros/humble /usr/bin/cmake /home/chino/fabrica_ws/src/IFRA_ConveyorBelt/conveyorbelt_gazebo -DCMAKE_INSTALL_PREFIX=/home/chino/fabrica_ws/install/conveyorbelt_gazebo
[1.249s] -- The C compiler identification is GNU 11.4.0
[4.008s] -- The CXX compiler identification is GNU 11.4.0
[6.054s] -- Detecting C compiler ABI info
[6.559s] -- Detecting C compiler ABI info - done
[6.572s] -- Check for working C compiler: /usr/bin/cc - skipped
[6.573s] -- Detecting C compile features
[6.573s] -- Detecting C compile features - done
[6.579s] -- Detecting CXX compiler ABI info
[7.265s] -- Detecting CXX compiler ABI info - done
[7.279s] -- Check for working CXX compiler: /usr/bin/c++ - skipped
[7.279s] -- Detecting CXX compile features
[7.280s] -- Detecting CXX compile features - done
[7.287s] -- Found ament_cmake: 1.3.12 (/opt/ros/humble/share/ament_cmake/cmake)
[7.574s] -- Found Python3: /usr/bin/python3 (found version "3.10.12") found components: Interpreter 
[7.765s] -- Found ament_lint_auto: 0.12.14 (/opt/ros/humble/share/ament_lint_auto/cmake)
[7.933s] -- Added test 'copyright' to check source files copyright and LICENSE
[7.943s] -- Added test 'flake8' to check Python code syntax and style conventions
[7.946s] -- Added test 'lint_cmake' to check CMake code style
[7.949s] -- Added test 'pep257' to check Python code against some of the docstring style conventions in PEP 257
[7.955s] -- Added test 'xmllint' to check XML markup files
[7.963s] -- Configuring done
[7.980s] -- Generating done
[7.986s] -- Build files have been written to: /home/chino/fabrica_ws/build/conveyorbelt_gazebo
[7.995s] Invoked command in '/home/chino/fabrica_ws/build/conveyorbelt_gazebo' returned '0': CMAKE_PREFIX_PATH=/home/chino/fabrica_ws/install/banda:/opt/ros/humble /usr/bin/cmake /home/chino/fabrica_ws/src/IFRA_ConveyorBelt/conveyorbelt_gazebo -DCMAKE_INSTALL_PREFIX=/home/chino/fabrica_ws/install/conveyorbelt_gazebo
[7.999s] Invoking command in '/home/chino/fabrica_ws/build/conveyorbelt_gazebo': CMAKE_PREFIX_PATH=/home/chino/fabrica_ws/install/banda:/opt/ros/humble /usr/bin/cmake --build /home/chino/fabrica_ws/build/conveyorbelt_gazebo -- -j16 -l16
[8.080s] Invoked command in '/home/chino/fabrica_ws/build/conveyorbelt_gazebo' returned '0': CMAKE_PREFIX_PATH=/home/chino/fabrica_ws/install/banda:/opt/ros/humble /usr/bin/cmake --build /home/chino/fabrica_ws/build/conveyorbelt_gazebo -- -j16 -l16
[8.104s] Invoking command in '/home/chino/fabrica_ws/build/conveyorbelt_gazebo': CMAKE_PREFIX_PATH=/home/chino/fabrica_ws/install/banda:/opt/ros/humble /usr/bin/cmake --install /home/chino/fabrica_ws/build/conveyorbelt_gazebo
[8.118s] -- Install configuration: ""
[8.119s] -- Installing: /home/chino/fabrica_ws/install/conveyorbelt_gazebo/share/conveyorbelt_gazebo/launch
[8.122s] -- Installing: /home/chino/fabrica_ws/install/conveyorbelt_gazebo/share/conveyorbelt_gazebo/launch/conveyorbelt.launch.py
[8.122s] -- Installing: /home/chino/fabrica_ws/install/conveyorbelt_gazebo/share/conveyorbelt_gazebo/models
[8.123s] -- Installing: /home/chino/fabrica_ws/install/conveyorbelt_gazebo/share/conveyorbelt_gazebo/models/conveyor_belt
[8.124s] -- Installing: /home/chino/fabrica_ws/install/conveyorbelt_gazebo/share/conveyorbelt_gazebo/models/conveyor_belt/meshes
[8.125s] -- Installing: /home/chino/fabrica_ws/install/conveyorbelt_gazebo/share/conveyorbelt_gazebo/models/conveyor_belt/meshes/conveyor_belt.dae
[8.129s] -- Installing: /home/chino/fabrica_ws/install/conveyorbelt_gazebo/share/conveyorbelt_gazebo/models/conveyor_belt/meshes/conveyor_belt.stl
[8.132s] -- Installing: /home/chino/fabrica_ws/install/conveyorbelt_gazebo/share/conveyorbelt_gazebo/models/conveyor_belt/model.config
[8.132s] -- Installing: /home/chino/fabrica_ws/install/conveyorbelt_gazebo/share/conveyorbelt_gazebo/models/conveyor_belt/model.sdf
[8.133s] -- Installing: /home/chino/fabrica_ws/install/conveyorbelt_gazebo/share/conveyorbelt_gazebo/worlds
[8.134s] -- Installing: /home/chino/fabrica_ws/install/conveyorbelt_gazebo/share/conveyorbelt_gazebo/worlds/conveyorbelt.world
[8.135s] -- Installing: /home/chino/fabrica_ws/install/conveyorbelt_gazebo/share/conveyorbelt_gazebo/urdf
[8.136s] -- Installing: /home/chino/fabrica_ws/install/conveyorbelt_gazebo/share/conveyorbelt_gazebo/urdf/box.urdf
[8.139s] -- Installing: /home/chino/fabrica_ws/install/conveyorbelt_gazebo/share/ament_index/resource_index/package_run_dependencies/conveyorbelt_gazebo
[8.141s] -- Installing: /home/chino/fabrica_ws/install/conveyorbelt_gazebo/share/ament_index/resource_index/parent_prefix_path/conveyorbelt_gazebo
[8.142s] -- Installing: /home/chino/fabrica_ws/install/conveyorbelt_gazebo/share/conveyorbelt_gazebo/environment/ament_prefix_path.sh
[8.143s] -- Installing: /home/chino/fabrica_ws/install/conveyorbelt_gazebo/share/conveyorbelt_gazebo/environment/ament_prefix_path.dsv
[8.143s] -- Installing: /home/chino/fabrica_ws/install/conveyorbelt_gazebo/share/conveyorbelt_gazebo/environment/path.sh
[8.144s] -- Installing: /home/chino/fabrica_ws/install/conveyorbelt_gazebo/share/conveyorbelt_gazebo/environment/path.dsv
[8.144s] -- Installing: /home/chino/fabrica_ws/install/conveyorbelt_gazebo/share/conveyorbelt_gazebo/local_setup.bash
[8.144s] -- Installing: /home/chino/fabrica_ws/install/conveyorbelt_gazebo/share/conveyorbelt_gazebo/local_setup.sh
[8.145s] -- Installing: /home/chino/fabrica_ws/install/conveyorbelt_gazebo/share/conveyorbelt_gazebo/local_setup.zsh
[8.146s] -- Installing: /home/chino/fabrica_ws/install/conveyorbelt_gazebo/share/conveyorbelt_gazebo/local_setup.dsv
[8.146s] -- Installing: /home/chino/fabrica_ws/install/conveyorbelt_gazebo/share/conveyorbelt_gazebo/package.dsv
[8.147s] -- Installing: /home/chino/fabrica_ws/install/conveyorbelt_gazebo/share/ament_index/resource_index/packages/conveyorbelt_gazebo
[8.149s] -- Installing: /home/chino/fabrica_ws/install/conveyorbelt_gazebo/share/conveyorbelt_gazebo/cmake/conveyorbelt_gazeboConfig.cmake
[8.150s] -- Installing: /home/chino/fabrica_ws/install/conveyorbelt_gazebo/share/conveyorbelt_gazebo/cmake/conveyorbelt_gazeboConfig-version.cmake
[8.150s] -- Installing: /home/chino/fabrica_ws/install/conveyorbelt_gazebo/share/conveyorbelt_gazebo/package.xml
[8.155s] Invoked command in '/home/chino/fabrica_ws/build/conveyorbelt_gazebo' returned '0': CMAKE_PREFIX_PATH=/home/chino/fabrica_ws/install/banda:/opt/ros/humble /usr/bin/cmake --install /home/chino/fabrica_ws/build/conveyorbelt_gazebo
