[0.475s] Invoking command in '/home/chino/fabrica_ws/build/ros2_conveyorbelt': AMENT_PREFIX_PATH=/home/chino/fabrica_ws/install/conveyorbelt_msgs:${AMENT_PREFIX_PATH} CMAKE_PREFIX_PATH=/home/chino/fabrica_ws/install/conveyorbelt_msgs:/home/chino/fabrica_ws/install/banda:/opt/ros/humble LD_LIBRARY_PATH=/home/chino/fabrica_ws/install/conveyorbelt_msgs/lib:/usr/lib/x86_64-linux-gnu/gazebo-11/plugins:/opt/ros/humble/opt/rviz_ogre_vendor/lib:/opt/ros/humble/lib/x86_64-linux-gnu:/opt/ros/humble/lib:/usr/share/gazebo/../../lib/x86_64-linux-gnu/gazebo-11/plugins PYTHONPATH=/home/chino/fabrica_ws/install/conveyorbelt_msgs/local/lib/python3.10/dist-packages:${PYTHONPATH} /usr/bin/cmake /home/chino/fabrica_ws/src/IFRA_ConveyorBelt/ros2_conveyorbelt -DCMAKE_INSTALL_PREFIX=/home/chino/fabrica_ws/install/ros2_conveyorbelt
[1.034s] -- The C compiler identification is GNU 11.4.0
[3.549s] -- The CXX compiler identification is GNU 11.4.0
[5.523s] -- Detecting C compiler ABI info
[6.092s] -- Detecting C compiler ABI info - done
[6.105s] -- Check for working C compiler: /usr/bin/cc - skipped
[6.105s] -- Detecting C compile features
[6.105s] -- Detecting C compile features - done
[6.114s] -- Detecting CXX compiler ABI info
[6.707s] -- Detecting CXX compiler ABI info - done
[6.720s] -- Check for working CXX compiler: /usr/bin/c++ - skipped
[6.721s] -- Detecting CXX compile features
[6.721s] -- Detecting CXX compile features - done
[6.730s] -- Found ament_cmake: 1.3.12 (/opt/ros/humble/share/ament_cmake/cmake)
[7.020s] -- Found Python3: /usr/bin/python3 (found version "3.10.12") found components: Interpreter 
[7.220s] -- Found ament_lint_auto: 0.12.14 (/opt/ros/humble/share/ament_lint_auto/cmake)
[7.391s] -- Found gazebo_ros: 3.9.0 (/opt/ros/humble/share/gazebo_ros/cmake)
[8.165s] -- Found rosidl_generator_c: 3.1.7 (/opt/ros/humble/share/rosidl_generator_c/cmake)
[8.178s] -- Found rosidl_adapter: 3.1.7 (/opt/ros/humble/share/rosidl_adapter/cmake)
[8.199s] -- Found rosidl_generator_cpp: 3.1.7 (/opt/ros/humble/share/rosidl_generator_cpp/cmake)
[8.225s] -- Using all available rosidl_typesupport_c: rosidl_typesupport_fastrtps_c;rosidl_typesupport_introspection_c
[8.262s] -- Using all available rosidl_typesupport_cpp: rosidl_typesupport_fastrtps_cpp;rosidl_typesupport_introspection_cpp
[8.403s] -- Found rmw_implementation_cmake: 6.1.2 (/opt/ros/humble/share/rmw_implementation_cmake/cmake)
[8.414s] -- Found rmw_cyclonedds_cpp: 1.3.4 (/opt/ros/humble/share/rmw_cyclonedds_cpp/cmake)
[8.492s] -- Using RMW implementation 'rmw_cyclonedds_cpp' as default
[8.527s] -- Looking for pthread.h
[9.112s] -- Looking for pthread.h - found
[9.112s] -- Performing Test CMAKE_HAVE_LIBC_PTHREAD
[9.689s] -- Performing Test CMAKE_HAVE_LIBC_PTHREAD - Success
[9.691s] -- Found Threads: TRUE  
[9.881s] -- Found PkgConfig: /usr/bin/pkg-config (found version "0.29.2") 
[9.883s] -- Checking for module 'bullet>=2.82'
[9.917s] --   Found bullet, version 3.05
[10.406s] -- Found fcl: /usr/include (found suitable version "0.7.0", minimum required is "0.5.0") 
[10.515s] -- Found assimp: /usr/include (found version "5.2.0") 
[10.581s] -- Found DART: /usr/include (Required is at least version "6.6") found components: dart 
[10.666s] -- Found Boost: /usr/lib/x86_64-linux-gnu/cmake/Boost-1.74.0/BoostConfig.cmake (found suitable version "1.74.0", minimum required is "1.40.0") found components: thread system filesystem program_options regex iostreams date_time 
[12.949s] -- Found Protobuf: /usr/lib/x86_64-linux-gnu/libprotobuf.so (found version "3.12.4") 
[12.973s] -- Looking for ignition-math6 -- found version 6.15.1
[13.007s] -- Searching for dependencies of ignition-math6
[13.013s] -- Looking for OGRE...
[13.014s] -- OGRE_PREFIX_WATCH changed.
[13.025s] -- Checking for module 'OGRE'
[13.053s] --   Found OGRE, version 1.9.0
[13.124s] -- Found Ogre Ghadamon (1.9.0)
[15.619s] -- Found OGRE: optimized;/usr/lib/x86_64-linux-gnu/libOgreMain.so;debug;/usr/lib/x86_64-linux-gnu/libOgreMain.so
[15.638s] -- Looking for OGRE_Paging...
[17.891s] -- Found OGRE_Paging: optimized;/usr/lib/x86_64-linux-gnu/libOgrePaging.so;debug;/usr/lib/x86_64-linux-gnu/libOgrePaging.so
[17.891s] -- Looking for OGRE_Terrain...
[20.411s] -- Found OGRE_Terrain: optimized;/usr/lib/x86_64-linux-gnu/libOgreTerrain.so;debug;/usr/lib/x86_64-linux-gnu/libOgreTerrain.so
[20.411s] -- Looking for OGRE_Property...
[22.815s] -- Found OGRE_Property: optimized;/usr/lib/x86_64-linux-gnu/libOgreProperty.so;debug;/usr/lib/x86_64-linux-gnu/libOgreProperty.so
[22.816s] -- Looking for OGRE_RTShaderSystem...
[25.080s] -- Found OGRE_RTShaderSystem: optimized;/usr/lib/x86_64-linux-gnu/libOgreRTShaderSystem.so;debug;/usr/lib/x86_64-linux-gnu/libOgreRTShaderSystem.so
[25.081s] -- Looking for OGRE_Volume...
[27.290s] -- Found OGRE_Volume: optimized;/usr/lib/x86_64-linux-gnu/libOgreVolume.so;debug;/usr/lib/x86_64-linux-gnu/libOgreVolume.so
[27.290s] -- Looking for OGRE_Overlay...
[29.588s] -- Found OGRE_Overlay: optimized;/usr/lib/x86_64-linux-gnu/libOgreOverlay.so;debug;/usr/lib/x86_64-linux-gnu/libOgreOverlay.so
[153.501s] -- Looking for ignition-math6 -- found version 6.15.1
[153.516s] -- Looking for ignition-transport8 -- found version 8.2.1
[153.518s] -- Searching for dependencies of ignition-transport8
[160.790s] -- Found Protobuf: /usr/lib/x86_64-linux-gnu/libprotobuf.so (found suitable version "3.12.4", minimum required is "3") 
[167.992s] -- Config-file not installed for ZeroMQ -- checking for pkg-config
[168.003s] -- Checking for module 'libzmq >= 4'
[168.041s] --   Found libzmq , version 4.3.4
[168.121s] -- Found ZeroMQ: TRUE (Required is at least version "4") 
[168.358s] -- Checking for module 'uuid'
[168.387s] --   Found uuid, version 2.37.2
[168.464s] -- Found UUID: TRUE  
[168.475s] -- Looking for ignition-msgs5 -- found version 5.8.1
[168.476s] -- Searching for dependencies of ignition-msgs5
[175.499s] -- Looking for ignition-math6 -- found version 6.15.1
[175.511s] -- Checking for module 'tinyxml2'
[175.539s] --   Found tinyxml2, version 9.0.0
[175.613s] -- Looking for ignition-msgs5 -- found version 5.8.1
[175.626s] -- Looking for ignition-common3 -- found version 3.14.0
[175.626s] -- Searching for dependencies of ignition-common3
[175.841s] -- Looking for dlfcn.h - found
[176.044s] -- Looking for libdl - found
[176.046s] -- Found DL: TRUE  
[176.493s] -- Found tinyobjloader: /usr/lib/x86_64-linux-gnu/cmake/tinyobjloader/tinyobjloader-config.cmake (found version "2.0.0") 
[176.495s] -- Searching for <ignition-common3> component [graphics]
[176.504s] -- Looking for ignition-common3-graphics -- found version 3.14.0
[176.505s] -- Searching for dependencies of ignition-common3-graphics
[176.506s] -- Looking for ignition-math6 -- found version 6.15.1
[176.519s] -- Looking for ignition-fuel_tools4 -- found version 4.4.0
[176.519s] -- Searching for dependencies of ignition-fuel_tools4
[184.578s] -- Found CURL: /usr/lib/x86_64-linux-gnu/libcurl.so (found version "7.81.0")  
[184.603s] -- Checking for module 'jsoncpp'
[184.632s] --   Found jsoncpp, version 1.9.5
[184.705s] -- Found JSONCPP: TRUE  
[184.722s] -- Checking for module 'libzip'
[184.765s] --   Found libzip, version 1.7.3
[184.863s] -- Found ZIP: TRUE  
[184.864s] -- Looking for ignition-common3 -- found version 3.14.0
[184.866s] -- Looking for ignition-math6 -- found version 6.15.1
[184.867s] -- Looking for ignition-msgs5 -- found version 5.8.1
[184.882s] -- Gazebo version: 11.10
[184.882s] -- Checking for module 'tbb'
[184.911s] --   Found tbb, version 2021.5.0
[184.991s] -- Found gazebo_msgs: 3.9.0 (/opt/ros/humble/share/gazebo_msgs/cmake)
[185.132s] -- Found conveyorbelt_msgs: 0.0.0 (/home/chino/fabrica_ws/install/conveyorbelt_msgs/share/conveyorbelt_msgs/cmake)
[185.195s] -- Added test 'copyright' to check source files copyright and LICENSE
[185.202s] -- Added test 'cppcheck' to perform static code analysis on C / C++ code
[185.204s] -- Configured cppcheck include dirs: /home/chino/fabrica_ws/src/IFRA_ConveyorBelt/ros2_conveyorbelt/include
[185.205s] -- Configured cppcheck exclude dirs and/or files: 
[185.209s] -- Added test 'cpplint' to check C / C++ code against the Google style
[185.210s] -- Configured cpplint exclude dirs and/or files: 
[185.213s] -- Added test 'flake8' to check Python code syntax and style conventions
[185.217s] -- Added test 'lint_cmake' to check CMake code style
[185.223s] -- Added test 'pep257' to check Python code against some of the docstring style conventions in PEP 257
[185.228s] -- Added test 'uncrustify' to check C / C++ code style
[185.228s] -- Configured uncrustify additional arguments: 
[185.230s] -- Added test 'xmllint' to check XML markup files
[185.244s] -- Configuring done
[185.390s] -- Generating done
[185.404s] -- Build files have been written to: /home/chino/fabrica_ws/build/ros2_conveyorbelt
[185.434s] Invoked command in '/home/chino/fabrica_ws/build/ros2_conveyorbelt' returned '0': AMENT_PREFIX_PATH=/home/chino/fabrica_ws/install/conveyorbelt_msgs:${AMENT_PREFIX_PATH} CMAKE_PREFIX_PATH=/home/chino/fabrica_ws/install/conveyorbelt_msgs:/home/chino/fabrica_ws/install/banda:/opt/ros/humble LD_LIBRARY_PATH=/home/chino/fabrica_ws/install/conveyorbelt_msgs/lib:/usr/lib/x86_64-linux-gnu/gazebo-11/plugins:/opt/ros/humble/opt/rviz_ogre_vendor/lib:/opt/ros/humble/lib/x86_64-linux-gnu:/opt/ros/humble/lib:/usr/share/gazebo/../../lib/x86_64-linux-gnu/gazebo-11/plugins PYTHONPATH=/home/chino/fabrica_ws/install/conveyorbelt_msgs/local/lib/python3.10/dist-packages:${PYTHONPATH} /usr/bin/cmake /home/chino/fabrica_ws/src/IFRA_ConveyorBelt/ros2_conveyorbelt -DCMAKE_INSTALL_PREFIX=/home/chino/fabrica_ws/install/ros2_conveyorbelt
[185.436s] Invoking command in '/home/chino/fabrica_ws/build/ros2_conveyorbelt': AMENT_PREFIX_PATH=/home/chino/fabrica_ws/install/conveyorbelt_msgs:${AMENT_PREFIX_PATH} CMAKE_PREFIX_PATH=/home/chino/fabrica_ws/install/conveyorbelt_msgs:/home/chino/fabrica_ws/install/banda:/opt/ros/humble LD_LIBRARY_PATH=/home/chino/fabrica_ws/install/conveyorbelt_msgs/lib:/usr/lib/x86_64-linux-gnu/gazebo-11/plugins:/opt/ros/humble/opt/rviz_ogre_vendor/lib:/opt/ros/humble/lib/x86_64-linux-gnu:/opt/ros/humble/lib:/usr/share/gazebo/../../lib/x86_64-linux-gnu/gazebo-11/plugins PYTHONPATH=/home/chino/fabrica_ws/install/conveyorbelt_msgs/local/lib/python3.10/dist-packages:${PYTHONPATH} /usr/bin/cmake --build /home/chino/fabrica_ws/build/ros2_conveyorbelt -- -j16 -l16
[185.539s] [ 50%] [32mBuilding CXX object CMakeFiles/ros2_conveyorbelt_plugin.dir/src/ros2_conveyorbelt_plugin.cpp.o[0m
[213.754s] [100%] [32m[1mLinking CXX shared library libros2_conveyorbelt_plugin.so[0m
[215.593s] [100%] Built target ros2_conveyorbelt_plugin
[215.617s] Invoked command in '/home/chino/fabrica_ws/build/ros2_conveyorbelt' returned '0': AMENT_PREFIX_PATH=/home/chino/fabrica_ws/install/conveyorbelt_msgs:${AMENT_PREFIX_PATH} CMAKE_PREFIX_PATH=/home/chino/fabrica_ws/install/conveyorbelt_msgs:/home/chino/fabrica_ws/install/banda:/opt/ros/humble LD_LIBRARY_PATH=/home/chino/fabrica_ws/install/conveyorbelt_msgs/lib:/usr/lib/x86_64-linux-gnu/gazebo-11/plugins:/opt/ros/humble/opt/rviz_ogre_vendor/lib:/opt/ros/humble/lib/x86_64-linux-gnu:/opt/ros/humble/lib:/usr/share/gazebo/../../lib/x86_64-linux-gnu/gazebo-11/plugins PYTHONPATH=/home/chino/fabrica_ws/install/conveyorbelt_msgs/local/lib/python3.10/dist-packages:${PYTHONPATH} /usr/bin/cmake --build /home/chino/fabrica_ws/build/ros2_conveyorbelt -- -j16 -l16
[215.621s] Invoking command in '/home/chino/fabrica_ws/build/ros2_conveyorbelt': AMENT_PREFIX_PATH=/home/chino/fabrica_ws/install/conveyorbelt_msgs:${AMENT_PREFIX_PATH} CMAKE_PREFIX_PATH=/home/chino/fabrica_ws/install/conveyorbelt_msgs:/home/chino/fabrica_ws/install/banda:/opt/ros/humble LD_LIBRARY_PATH=/home/chino/fabrica_ws/install/conveyorbelt_msgs/lib:/usr/lib/x86_64-linux-gnu/gazebo-11/plugins:/opt/ros/humble/opt/rviz_ogre_vendor/lib:/opt/ros/humble/lib/x86_64-linux-gnu:/opt/ros/humble/lib:/usr/share/gazebo/../../lib/x86_64-linux-gnu/gazebo-11/plugins PYTHONPATH=/home/chino/fabrica_ws/install/conveyorbelt_msgs/local/lib/python3.10/dist-packages:${PYTHONPATH} /usr/bin/cmake --install /home/chino/fabrica_ws/build/ros2_conveyorbelt
[215.635s] -- Install configuration: ""
[215.639s] -- Installing: /home/chino/fabrica_ws/install/ros2_conveyorbelt/share/ros2_conveyorbelt/environment/library_path.sh
[215.639s] -- Installing: /home/chino/fabrica_ws/install/ros2_conveyorbelt/share/ros2_conveyorbelt/environment/library_path.dsv
[215.641s] -- Installing: /home/chino/fabrica_ws/install/ros2_conveyorbelt/lib/libros2_conveyorbelt_plugin.so
[215.653s] -- Set runtime path of "/home/chino/fabrica_ws/install/ros2_conveyorbelt/lib/libros2_conveyorbelt_plugin.so" to ""
[215.653s] -- Installing: /home/chino/fabrica_ws/install/ros2_conveyorbelt/share/ros2_conveyorbelt/python
[215.654s] -- Installing: /home/chino/fabrica_ws/install/ros2_conveyorbelt/share/ros2_conveyorbelt/python/SpawnObject.py
[215.656s] -- Installing: /home/chino/fabrica_ws/install/ros2_conveyorbelt/lib/ros2_conveyorbelt/SpawnObject.py
[215.659s] -- Installing: /home/chino/fabrica_ws/install/ros2_conveyorbelt/share/ament_index/resource_index/package_run_dependencies/ros2_conveyorbelt
[215.660s] -- Installing: /home/chino/fabrica_ws/install/ros2_conveyorbelt/share/ament_index/resource_index/parent_prefix_path/ros2_conveyorbelt
[215.661s] -- Installing: /home/chino/fabrica_ws/install/ros2_conveyorbelt/share/ros2_conveyorbelt/environment/ament_prefix_path.sh
[215.661s] -- Installing: /home/chino/fabrica_ws/install/ros2_conveyorbelt/share/ros2_conveyorbelt/environment/ament_prefix_path.dsv
[215.662s] -- Installing: /home/chino/fabrica_ws/install/ros2_conveyorbelt/share/ros2_conveyorbelt/environment/path.sh
[215.662s] -- Installing: /home/chino/fabrica_ws/install/ros2_conveyorbelt/share/ros2_conveyorbelt/environment/path.dsv
[215.663s] -- Installing: /home/chino/fabrica_ws/install/ros2_conveyorbelt/share/ros2_conveyorbelt/local_setup.bash
[215.663s] -- Installing: /home/chino/fabrica_ws/install/ros2_conveyorbelt/share/ros2_conveyorbelt/local_setup.sh
[215.664s] -- Installing: /home/chino/fabrica_ws/install/ros2_conveyorbelt/share/ros2_conveyorbelt/local_setup.zsh
[215.664s] -- Installing: /home/chino/fabrica_ws/install/ros2_conveyorbelt/share/ros2_conveyorbelt/local_setup.dsv
[215.665s] -- Installing: /home/chino/fabrica_ws/install/ros2_conveyorbelt/share/ros2_conveyorbelt/package.dsv
[215.667s] -- Installing: /home/chino/fabrica_ws/install/ros2_conveyorbelt/share/ament_index/resource_index/packages/ros2_conveyorbelt
[215.668s] -- Installing: /home/chino/fabrica_ws/install/ros2_conveyorbelt/share/ros2_conveyorbelt/cmake/ament_cmake_export_libraries-extras.cmake
[215.668s] -- Installing: /home/chino/fabrica_ws/install/ros2_conveyorbelt/share/ros2_conveyorbelt/cmake/ros2_conveyorbeltConfig.cmake
[215.669s] -- Installing: /home/chino/fabrica_ws/install/ros2_conveyorbelt/share/ros2_conveyorbelt/cmake/ros2_conveyorbeltConfig-version.cmake
[215.669s] -- Installing: /home/chino/fabrica_ws/install/ros2_conveyorbelt/share/ros2_conveyorbelt/package.xml
[215.675s] Invoked command in '/home/chino/fabrica_ws/build/ros2_conveyorbelt' returned '0': AMENT_PREFIX_PATH=/home/chino/fabrica_ws/install/conveyorbelt_msgs:${AMENT_PREFIX_PATH} CMAKE_PREFIX_PATH=/home/chino/fabrica_ws/install/conveyorbelt_msgs:/home/chino/fabrica_ws/install/banda:/opt/ros/humble LD_LIBRARY_PATH=/home/chino/fabrica_ws/install/conveyorbelt_msgs/lib:/usr/lib/x86_64-linux-gnu/gazebo-11/plugins:/opt/ros/humble/opt/rviz_ogre_vendor/lib:/opt/ros/humble/lib/x86_64-linux-gnu:/opt/ros/humble/lib:/usr/share/gazebo/../../lib/x86_64-linux-gnu/gazebo-11/plugins PYTHONPATH=/home/chino/fabrica_ws/install/conveyorbelt_msgs/local/lib/python3.10/dist-packages:${PYTHONPATH} /usr/bin/cmake --install /home/chino/fabrica_ws/build/ros2_conveyorbelt
