/home/chino/fabrica_ws/install/banda/lib/python3.10/site-packages/banda/__init__.py
/home/chino/fabrica_ws/install/banda/lib/python3.10/site-packages/banda/__pycache__/__init__.cpython-310.pyc
/home/chino/fabrica_ws/install/banda/share/ament_index/resource_index/packages/banda
/home/chino/fabrica_ws/install/banda/share/banda/package.xml
/home/chino/fabrica_ws/install/banda/share/banda/launch/display.launch.py
/home/chino/fabrica_ws/install/banda/share/banda/launch/gazebo.launch.py
/home/chino/fabrica_ws/install/banda/share/banda/xacro/gazebo.xacro
/home/chino/fabrica_ws/install/banda/share/banda/xacro/banda_transportadora.xacro
/home/chino/fabrica_ws/install/banda/share/banda/xacro/materials.xacro
/home/chino/fabrica_ws/install/banda/share/banda/meshes/support_L.stl
/home/chino/fabrica_ws/install/banda/share/banda/meshes/iron_bar.stl
/home/chino/fabrica_ws/install/banda/share/banda/meshes/band.stl
/home/chino/fabrica_ws/install/banda/share/banda/meshes/iron_bar2.stl
/home/chino/fabrica_ws/install/banda/share/banda/meshes/art2.stl
/home/chino/fabrica_ws/install/banda/share/banda/meshes/body.stl
/home/chino/fabrica_ws/install/banda/share/banda/meshes/support_R.stl
/home/chino/fabrica_ws/install/banda/share/banda/meshes/art1.stl
/home/chino/fabrica_ws/install/banda/share/banda/rviz/banda.rviz
/home/chino/fabrica_ws/install/banda/share/banda/urdf/test_box.urdf
/home/chino/fabrica_ws/install/banda/lib/python3.10/site-packages/banda-0.0.0-py3.10.egg-info/dependency_links.txt
/home/chino/fabrica_ws/install/banda/lib/python3.10/site-packages/banda-0.0.0-py3.10.egg-info/SOURCES.txt
/home/chino/fabrica_ws/install/banda/lib/python3.10/site-packages/banda-0.0.0-py3.10.egg-info/entry_points.txt
/home/chino/fabrica_ws/install/banda/lib/python3.10/site-packages/banda-0.0.0-py3.10.egg-info/top_level.txt
/home/chino/fabrica_ws/install/banda/lib/python3.10/site-packages/banda-0.0.0-py3.10.egg-info/requires.txt
/home/chino/fabrica_ws/install/banda/lib/python3.10/site-packages/banda-0.0.0-py3.10.egg-info/PKG-INFO
/home/chino/fabrica_ws/install/banda/lib/python3.10/site-packages/banda-0.0.0-py3.10.egg-info/zip-safe
