running egg_info
writing ../../build/banda/banda.egg-info/PKG-INFO
writing dependency_links to ../../build/banda/banda.egg-info/dependency_links.txt
writing entry points to ../../build/banda/banda.egg-info/entry_points.txt
writing requirements to ../../build/banda/banda.egg-info/requires.txt
writing top-level names to ../../build/banda/banda.egg-info/top_level.txt
reading manifest file '../../build/banda/banda.egg-info/SOURCES.txt'
adding license file 'LICENSE'
writing manifest file '../../build/banda/banda.egg-info/SOURCES.txt'
running build
running build_py
running install
running install_lib
running install_data
copying launch/gazebo.launch.py -> /home/chino/fabrica_ws/install/banda/share/banda/launch
copying xacro/gazebo.xacro -> /home/chino/fabrica_ws/install/banda/share/banda/xacro
copying xacro/banda_transportadora.xacro -> /home/chino/fabrica_ws/install/banda/share/banda/xacro
running install_egg_info
removing '/home/chino/fabrica_ws/install/banda/lib/python3.10/site-packages/banda-0.0.0-py3.10.egg-info' (and everything under it)
Copying ../../build/banda/banda.egg-info to /home/chino/fabrica_ws/install/banda/lib/python3.10/site-packages/banda-0.0.0-py3.10.egg-info
running install_scripts
writing list of installed files to '/home/chino/fabrica_ws/build/banda/install.log'
