[1.670s] Invoking command in '/home/chino/fabrica_ws/src/banda': PYTHONPATH=/home/chino/fabrica_ws/build/banda/prefix_override:/usr/lib/python3/dist-packages/colcon_core/task/python/colcon_distutils_commands:/home/chino/fabrica_ws/install/banda/lib/python3.10/site-packages:${PYTHONPATH} /usr/bin/python3 -W ignore:setup.py install is deprecated -W ignore:easy_install command is deprecated setup.py egg_info --egg-base ../../build/banda build --build-base /home/chino/fabrica_ws/build/banda/build install --record /home/chino/fabrica_ws/build/banda/install.log --single-version-externally-managed install_data
[2.147s] running egg_info
[2.147s] writing ../../build/banda/banda.egg-info/PKG-INFO
[2.148s] writing dependency_links to ../../build/banda/banda.egg-info/dependency_links.txt
[2.148s] writing entry points to ../../build/banda/banda.egg-info/entry_points.txt
[2.149s] writing requirements to ../../build/banda/banda.egg-info/requires.txt
[2.149s] writing top-level names to ../../build/banda/banda.egg-info/top_level.txt
[2.152s] reading manifest file '../../build/banda/banda.egg-info/SOURCES.txt'
[2.153s] adding license file 'LICENSE'
[2.154s] writing manifest file '../../build/banda/banda.egg-info/SOURCES.txt'
[2.155s] running build
[2.155s] running build_py
[2.155s] running install
[2.156s] running install_lib
[2.158s] running install_data
[2.158s] copying launch/gazebo.launch.py -> /home/chino/fabrica_ws/install/banda/share/banda/launch
[2.158s] copying xacro/gazebo.xacro -> /home/chino/fabrica_ws/install/banda/share/banda/xacro
[2.160s] copying xacro/banda_transportadora.xacro -> /home/chino/fabrica_ws/install/banda/share/banda/xacro
[2.161s] running install_egg_info
[2.164s] removing '/home/chino/fabrica_ws/install/banda/lib/python3.10/site-packages/banda-0.0.0-py3.10.egg-info' (and everything under it)
[2.166s] Copying ../../build/banda/banda.egg-info to /home/chino/fabrica_ws/install/banda/lib/python3.10/site-packages/banda-0.0.0-py3.10.egg-info
[2.170s] running install_scripts
[2.206s] writing list of installed files to '/home/chino/fabrica_ws/build/banda/install.log'
[2.244s] Invoked command in '/home/chino/fabrica_ws/src/banda' returned '0': PYTHONPATH=/home/chino/fabrica_ws/build/banda/prefix_override:/usr/lib/python3/dist-packages/colcon_core/task/python/colcon_distutils_commands:/home/chino/fabrica_ws/install/banda/lib/python3.10/site-packages:${PYTHONPATH} /usr/bin/python3 -W ignore:setup.py install is deprecated -W ignore:easy_install command is deprecated setup.py egg_info --egg-base ../../build/banda build --build-base /home/chino/fabrica_ws/build/banda/build install --record /home/chino/fabrica_ws/build/banda/install.log --single-version-externally-managed install_data
