[2.405s] Invoking command in '/home/chino/fabrica_ws/src/banda': PYTHONPATH=/home/chino/fabrica_ws/build/banda/prefix_override:/usr/lib/python3/dist-packages/colcon_core/task/python/colcon_distutils_commands:/home/chino/fabrica_ws/install/banda/lib/python3.10/site-packages:${PYTHONPATH} /usr/bin/python3 -W ignore:setup.py install is deprecated -W ignore:easy_install command is deprecated setup.py egg_info --egg-base ../../build/banda build --build-base /home/chino/fabrica_ws/build/banda/build install --record /home/chino/fabrica_ws/build/banda/install.log --single-version-externally-managed install_data
[3.216s] running egg_info
[3.220s] writing ../../build/banda/banda.egg-info/PKG-INFO
[3.222s] writing dependency_links to ../../build/banda/banda.egg-info/dependency_links.txt
[3.223s] writing entry points to ../../build/banda/banda.egg-info/entry_points.txt
[3.223s] writing requirements to ../../build/banda/banda.egg-info/requires.txt
[3.223s] writing top-level names to ../../build/banda/banda.egg-info/top_level.txt
[3.229s] reading manifest file '../../build/banda/banda.egg-info/SOURCES.txt'
[3.229s] adding license file 'LICENSE'
[3.231s] writing manifest file '../../build/banda/banda.egg-info/SOURCES.txt'
[3.232s] running build
[3.233s] running build_py
[3.233s] running install
[3.234s] running install_lib
[3.240s] running install_data
[3.240s] copying xacro/gazebo.xacro -> /home/chino/fabrica_ws/install/banda/share/banda/xacro
[3.241s] copying xacro/banda_transportadora.xacro -> /home/chino/fabrica_ws/install/banda/share/banda/xacro
[3.243s] running install_egg_info
[3.248s] removing '/home/chino/fabrica_ws/install/banda/lib/python3.10/site-packages/banda-0.0.0-py3.10.egg-info' (and everything under it)
[3.250s] Copying ../../build/banda/banda.egg-info to /home/chino/fabrica_ws/install/banda/lib/python3.10/site-packages/banda-0.0.0-py3.10.egg-info
[3.257s] running install_scripts
[3.321s] writing list of installed files to '/home/chino/fabrica_ws/build/banda/install.log'
[3.425s] Invoked command in '/home/chino/fabrica_ws/src/banda' returned '0': PYTHONPATH=/home/chino/fabrica_ws/build/banda/prefix_override:/usr/lib/python3/dist-packages/colcon_core/task/python/colcon_distutils_commands:/home/chino/fabrica_ws/install/banda/lib/python3.10/site-packages:${PYTHONPATH} /usr/bin/python3 -W ignore:setup.py install is deprecated -W ignore:easy_install command is deprecated setup.py egg_info --egg-base ../../build/banda build --build-base /home/chino/fabrica_ws/build/banda/build install --record /home/chino/fabrica_ws/build/banda/install.log --single-version-externally-managed install_data
