[2.800s] Invoking command in '/home/chino/fabrica_ws/src/banda': PYTHONPATH=/home/chino/fabrica_ws/build/banda/prefix_override:/usr/lib/python3/dist-packages/colcon_core/task/python/colcon_distutils_commands:/home/chino/fabrica_ws/install/banda/lib/python3.10/site-packages:${PYTHONPATH} /usr/bin/python3 -W ignore:setup.py install is deprecated -W ignore:easy_install command is deprecated setup.py egg_info --egg-base ../../build/banda build --build-base /home/chino/fabrica_ws/build/banda/build install --record /home/chino/fabrica_ws/build/banda/install.log --single-version-externally-managed install_data
[4.158s] running egg_info
[4.160s] writing ../../build/banda/banda.egg-info/PKG-INFO
[4.161s] writing dependency_links to ../../build/banda/banda.egg-info/dependency_links.txt
[4.164s] writing entry points to ../../build/banda/banda.egg-info/entry_points.txt
[4.164s] writing requirements to ../../build/banda/banda.egg-info/requires.txt
[4.164s] writing top-level names to ../../build/banda/banda.egg-info/top_level.txt
[4.175s] reading manifest file '../../build/banda/banda.egg-info/SOURCES.txt'
[4.176s] adding license file 'LICENSE'
[4.178s] writing manifest file '../../build/banda/banda.egg-info/SOURCES.txt'
[4.179s] running build
[4.179s] running build_py
[4.180s] running install
[4.181s] running install_lib
[4.188s] running install_data
[4.189s] copying xacro/gazebo.xacro -> /home/chino/fabrica_ws/install/banda/share/banda/xacro
[4.191s] running install_egg_info
[4.207s] removing '/home/chino/fabrica_ws/install/banda/lib/python3.10/site-packages/banda-0.0.0-py3.10.egg-info' (and everything under it)
[4.208s] Copying ../../build/banda/banda.egg-info to /home/chino/fabrica_ws/install/banda/lib/python3.10/site-packages/banda-0.0.0-py3.10.egg-info
[4.217s] running install_scripts
[4.333s] writing list of installed files to '/home/chino/fabrica_ws/build/banda/install.log'
[4.430s] Invoked command in '/home/chino/fabrica_ws/src/banda' returned '0': PYTHONPATH=/home/chino/fabrica_ws/build/banda/prefix_override:/usr/lib/python3/dist-packages/colcon_core/task/python/colcon_distutils_commands:/home/chino/fabrica_ws/install/banda/lib/python3.10/site-packages:${PYTHONPATH} /usr/bin/python3 -W ignore:setup.py install is deprecated -W ignore:easy_install command is deprecated setup.py egg_info --egg-base ../../build/banda build --build-base /home/chino/fabrica_ws/build/banda/build install --record /home/chino/fabrica_ws/build/banda/install.log --single-version-externally-managed install_data
