[0.050s] Invoking command in '/home/chino/fabrica_ws/build/conveyorbelt_msgs': CMAKE_PREFIX_PATH=${CMAKE_PREFIX_PATH}:/home/chino/fabrica_ws/install/banda:/opt/ros/humble /usr/bin/cmake --build /home/chino/fabrica_ws/build/conveyorbelt_msgs -- -j16 -l16
[0.824s] [  2%] Built target conveyorbelt_msgs__cpp
[0.825s] [ 12%] Built target conveyorbelt_msgs__rosidl_generator_c
[0.827s] [ 12%] Built target ament_cmake_python_copy_conveyorbelt_msgs
[0.828s] [ 23%] Built target conveyorbelt_msgs__rosidl_typesupport_cpp
[0.829s] [ 43%] Built target conveyorbelt_msgs__rosidl_typesupport_fastrtps_cpp
[0.833s] [ 43%] Built target conveyorbelt_msgs__rosidl_typesupport_c
[0.834s] [ 64%] Built target conveyorbelt_msgs__rosidl_typesupport_introspection_c
[0.836s] [ 64%] Built target conveyorbelt_msgs__rosidl_typesupport_introspection_cpp
[0.838s] [ 74%] Built target conveyorbelt_msgs__rosidl_typesupport_fastrtps_c
[0.840s] [ 74%] Built target conveyorbelt_msgs
[0.842s] [ 76%] Built target conveyorbelt_msgs__py
[0.843s] [ 84%] Built target conveyorbelt_msgs__rosidl_generator_py
[0.845s] [ 89%] Built target conveyorbelt_msgs__rosidl_typesupport_fastrtps_c__pyext
[0.847s] [ 94%] Built target conveyorbelt_msgs__rosidl_typesupport_introspection_c__pyext
[0.848s] [100%] Built target conveyorbelt_msgs__rosidl_typesupport_c__pyext
[0.982s] running egg_info
[0.984s] writing conveyorbelt_msgs.egg-info/PKG-INFO
[0.985s] writing dependency_links to conveyorbelt_msgs.egg-info/dependency_links.txt
[0.986s] writing top-level names to conveyorbelt_msgs.egg-info/top_level.txt
[0.993s] reading manifest file 'conveyorbelt_msgs.egg-info/SOURCES.txt'
[0.994s] writing manifest file 'conveyorbelt_msgs.egg-info/SOURCES.txt'
[1.070s] [100%] Built target ament_cmake_python_build_conveyorbelt_msgs_egg
[1.103s] Invoked command in '/home/chino/fabrica_ws/build/conveyorbelt_msgs' returned '0': CMAKE_PREFIX_PATH=${CMAKE_PREFIX_PATH}:/home/chino/fabrica_ws/install/banda:/opt/ros/humble /usr/bin/cmake --build /home/chino/fabrica_ws/build/conveyorbelt_msgs -- -j16 -l16
[1.107s] Invoking command in '/home/chino/fabrica_ws/build/conveyorbelt_msgs': CMAKE_PREFIX_PATH=${CMAKE_PREFIX_PATH}:/home/chino/fabrica_ws/install/banda:/opt/ros/humble /usr/bin/cmake --install /home/chino/fabrica_ws/build/conveyorbelt_msgs
[1.126s] -- Install configuration: ""
[1.127s] -- Up-to-date: /home/chino/fabrica_ws/install/conveyorbelt_msgs/share/conveyorbelt_msgs/msg
[1.127s] -- Up-to-date: /home/chino/fabrica_ws/install/conveyorbelt_msgs/share/conveyorbelt_msgs/msg/ConveyorBeltState.msg
[1.128s] -- Up-to-date: /home/chino/fabrica_ws/install/conveyorbelt_msgs/share/conveyorbelt_msgs/srv
[1.128s] -- Up-to-date: /home/chino/fabrica_ws/install/conveyorbelt_msgs/share/conveyorbelt_msgs/srv/ConveyorBeltControl.srv
[1.129s] -- Up-to-date: /home/chino/fabrica_ws/install/conveyorbelt_msgs/share/ament_index/resource_index/rosidl_interfaces/conveyorbelt_msgs
[1.130s] -- Up-to-date: /home/chino/fabrica_ws/install/conveyorbelt_msgs/include/conveyorbelt_msgs/conveyorbelt_msgs
[1.130s] -- Up-to-date: /home/chino/fabrica_ws/install/conveyorbelt_msgs/include/conveyorbelt_msgs/conveyorbelt_msgs/srv
[1.131s] -- Up-to-date: /home/chino/fabrica_ws/install/conveyorbelt_msgs/include/conveyorbelt_msgs/conveyorbelt_msgs/srv/conveyor_belt_control.h
[1.131s] -- Up-to-date: /home/chino/fabrica_ws/install/conveyorbelt_msgs/include/conveyorbelt_msgs/conveyorbelt_msgs/srv/detail
[1.132s] -- Up-to-date: /home/chino/fabrica_ws/install/conveyorbelt_msgs/include/conveyorbelt_msgs/conveyorbelt_msgs/srv/detail/conveyor_belt_control__struct.h
[1.132s] -- Up-to-date: /home/chino/fabrica_ws/install/conveyorbelt_msgs/include/conveyorbelt_msgs/conveyorbelt_msgs/srv/detail/conveyor_belt_control__type_support.h
[1.133s] -- Up-to-date: /home/chino/fabrica_ws/install/conveyorbelt_msgs/include/conveyorbelt_msgs/conveyorbelt_msgs/srv/detail/conveyor_belt_control__functions.c
[1.133s] -- Up-to-date: /home/chino/fabrica_ws/install/conveyorbelt_msgs/include/conveyorbelt_msgs/conveyorbelt_msgs/srv/detail/conveyor_belt_control__functions.h
[1.134s] -- Up-to-date: /home/chino/fabrica_ws/install/conveyorbelt_msgs/include/conveyorbelt_msgs/conveyorbelt_msgs/msg
[1.134s] -- Up-to-date: /home/chino/fabrica_ws/install/conveyorbelt_msgs/include/conveyorbelt_msgs/conveyorbelt_msgs/msg/conveyor_belt_state.h
[1.135s] -- Up-to-date: /home/chino/fabrica_ws/install/conveyorbelt_msgs/include/conveyorbelt_msgs/conveyorbelt_msgs/msg/rosidl_generator_c__visibility_control.h
[1.135s] -- Up-to-date: /home/chino/fabrica_ws/install/conveyorbelt_msgs/include/conveyorbelt_msgs/conveyorbelt_msgs/msg/detail
[1.136s] -- Up-to-date: /home/chino/fabrica_ws/install/conveyorbelt_msgs/include/conveyorbelt_msgs/conveyorbelt_msgs/msg/detail/conveyor_belt_state__struct.h
[1.136s] -- Up-to-date: /home/chino/fabrica_ws/install/conveyorbelt_msgs/include/conveyorbelt_msgs/conveyorbelt_msgs/msg/detail/conveyor_belt_state__functions.h
[1.136s] -- Up-to-date: /home/chino/fabrica_ws/install/conveyorbelt_msgs/include/conveyorbelt_msgs/conveyorbelt_msgs/msg/detail/conveyor_belt_state__functions.c
[1.137s] -- Up-to-date: /home/chino/fabrica_ws/install/conveyorbelt_msgs/include/conveyorbelt_msgs/conveyorbelt_msgs/msg/detail/conveyor_belt_state__type_support.h
[1.137s] -- Up-to-date: /home/chino/fabrica_ws/install/conveyorbelt_msgs/share/conveyorbelt_msgs/environment/library_path.sh
[1.138s] -- Up-to-date: /home/chino/fabrica_ws/install/conveyorbelt_msgs/share/conveyorbelt_msgs/environment/library_path.dsv
[1.138s] -- Up-to-date: /home/chino/fabrica_ws/install/conveyorbelt_msgs/lib/libconveyorbelt_msgs__rosidl_generator_c.so
[1.139s] -- Up-to-date: /home/chino/fabrica_ws/install/conveyorbelt_msgs/include/conveyorbelt_msgs/conveyorbelt_msgs
[1.139s] -- Up-to-date: /home/chino/fabrica_ws/install/conveyorbelt_msgs/include/conveyorbelt_msgs/conveyorbelt_msgs/srv
[1.140s] -- Up-to-date: /home/chino/fabrica_ws/install/conveyorbelt_msgs/include/conveyorbelt_msgs/conveyorbelt_msgs/srv/detail
[1.140s] -- Up-to-date: /home/chino/fabrica_ws/install/conveyorbelt_msgs/include/conveyorbelt_msgs/conveyorbelt_msgs/srv/detail/conveyor_belt_control__rosidl_typesupport_fastrtps_c.h
[1.141s] -- Up-to-date: /home/chino/fabrica_ws/install/conveyorbelt_msgs/include/conveyorbelt_msgs/conveyorbelt_msgs/msg
[1.141s] -- Up-to-date: /home/chino/fabrica_ws/install/conveyorbelt_msgs/include/conveyorbelt_msgs/conveyorbelt_msgs/msg/rosidl_typesupport_fastrtps_c__visibility_control.h
[1.142s] -- Up-to-date: /home/chino/fabrica_ws/install/conveyorbelt_msgs/include/conveyorbelt_msgs/conveyorbelt_msgs/msg/detail
[1.142s] -- Up-to-date: /home/chino/fabrica_ws/install/conveyorbelt_msgs/include/conveyorbelt_msgs/conveyorbelt_msgs/msg/detail/conveyor_belt_state__rosidl_typesupport_fastrtps_c.h
[1.143s] -- Up-to-date: /home/chino/fabrica_ws/install/conveyorbelt_msgs/lib/libconveyorbelt_msgs__rosidl_typesupport_fastrtps_c.so
[1.143s] -- Up-to-date: /home/chino/fabrica_ws/install/conveyorbelt_msgs/include/conveyorbelt_msgs/conveyorbelt_msgs
[1.144s] -- Up-to-date: /home/chino/fabrica_ws/install/conveyorbelt_msgs/include/conveyorbelt_msgs/conveyorbelt_msgs/srv
[1.144s] -- Up-to-date: /home/chino/fabrica_ws/install/conveyorbelt_msgs/include/conveyorbelt_msgs/conveyorbelt_msgs/srv/detail
[1.144s] -- Up-to-date: /home/chino/fabrica_ws/install/conveyorbelt_msgs/include/conveyorbelt_msgs/conveyorbelt_msgs/srv/detail/conveyor_belt_control__rosidl_typesupport_introspection_c.h
[1.144s] -- Up-to-date: /home/chino/fabrica_ws/install/conveyorbelt_msgs/include/conveyorbelt_msgs/conveyorbelt_msgs/srv/detail/conveyor_belt_control__type_support.c
[1.145s] -- Up-to-date: /home/chino/fabrica_ws/install/conveyorbelt_msgs/include/conveyorbelt_msgs/conveyorbelt_msgs/msg
[1.146s] -- Up-to-date: /home/chino/fabrica_ws/install/conveyorbelt_msgs/include/conveyorbelt_msgs/conveyorbelt_msgs/msg/rosidl_typesupport_introspection_c__visibility_control.h
[1.146s] -- Up-to-date: /home/chino/fabrica_ws/install/conveyorbelt_msgs/include/conveyorbelt_msgs/conveyorbelt_msgs/msg/detail
[1.146s] -- Up-to-date: /home/chino/fabrica_ws/install/conveyorbelt_msgs/include/conveyorbelt_msgs/conveyorbelt_msgs/msg/detail/conveyor_belt_state__type_support.c
[1.147s] -- Up-to-date: /home/chino/fabrica_ws/install/conveyorbelt_msgs/include/conveyorbelt_msgs/conveyorbelt_msgs/msg/detail/conveyor_belt_state__rosidl_typesupport_introspection_c.h
[1.147s] -- Up-to-date: /home/chino/fabrica_ws/install/conveyorbelt_msgs/lib/libconveyorbelt_msgs__rosidl_typesupport_introspection_c.so
[1.147s] -- Up-to-date: /home/chino/fabrica_ws/install/conveyorbelt_msgs/lib/libconveyorbelt_msgs__rosidl_typesupport_c.so
[1.147s] -- Up-to-date: /home/chino/fabrica_ws/install/conveyorbelt_msgs/include/conveyorbelt_msgs/conveyorbelt_msgs
[1.148s] -- Up-to-date: /home/chino/fabrica_ws/install/conveyorbelt_msgs/include/conveyorbelt_msgs/conveyorbelt_msgs/srv
[1.148s] -- Up-to-date: /home/chino/fabrica_ws/install/conveyorbelt_msgs/include/conveyorbelt_msgs/conveyorbelt_msgs/srv/detail
[1.148s] -- Up-to-date: /home/chino/fabrica_ws/install/conveyorbelt_msgs/include/conveyorbelt_msgs/conveyorbelt_msgs/srv/detail/conveyor_belt_control__type_support.hpp
[1.148s] -- Up-to-date: /home/chino/fabrica_ws/install/conveyorbelt_msgs/include/conveyorbelt_msgs/conveyorbelt_msgs/srv/detail/conveyor_belt_control__builder.hpp
[1.149s] -- Up-to-date: /home/chino/fabrica_ws/install/conveyorbelt_msgs/include/conveyorbelt_msgs/conveyorbelt_msgs/srv/detail/conveyor_belt_control__struct.hpp
[1.149s] -- Up-to-date: /home/chino/fabrica_ws/install/conveyorbelt_msgs/include/conveyorbelt_msgs/conveyorbelt_msgs/srv/detail/conveyor_belt_control__traits.hpp
[1.149s] -- Up-to-date: /home/chino/fabrica_ws/install/conveyorbelt_msgs/include/conveyorbelt_msgs/conveyorbelt_msgs/srv/conveyor_belt_control.hpp
[1.149s] -- Up-to-date: /home/chino/fabrica_ws/install/conveyorbelt_msgs/include/conveyorbelt_msgs/conveyorbelt_msgs/msg
[1.150s] -- Up-to-date: /home/chino/fabrica_ws/install/conveyorbelt_msgs/include/conveyorbelt_msgs/conveyorbelt_msgs/msg/conveyor_belt_state.hpp
[1.150s] -- Up-to-date: /home/chino/fabrica_ws/install/conveyorbelt_msgs/include/conveyorbelt_msgs/conveyorbelt_msgs/msg/detail
[1.150s] -- Up-to-date: /home/chino/fabrica_ws/install/conveyorbelt_msgs/include/conveyorbelt_msgs/conveyorbelt_msgs/msg/detail/conveyor_belt_state__type_support.hpp
[1.151s] -- Up-to-date: /home/chino/fabrica_ws/install/conveyorbelt_msgs/include/conveyorbelt_msgs/conveyorbelt_msgs/msg/detail/conveyor_belt_state__traits.hpp
[1.151s] -- Up-to-date: /home/chino/fabrica_ws/install/conveyorbelt_msgs/include/conveyorbelt_msgs/conveyorbelt_msgs/msg/detail/conveyor_belt_state__struct.hpp
[1.151s] -- Up-to-date: /home/chino/fabrica_ws/install/conveyorbelt_msgs/include/conveyorbelt_msgs/conveyorbelt_msgs/msg/detail/conveyor_belt_state__builder.hpp
[1.151s] -- Up-to-date: /home/chino/fabrica_ws/install/conveyorbelt_msgs/include/conveyorbelt_msgs/conveyorbelt_msgs/msg/rosidl_generator_cpp__visibility_control.hpp
[1.151s] -- Up-to-date: /home/chino/fabrica_ws/install/conveyorbelt_msgs/include/conveyorbelt_msgs/conveyorbelt_msgs
[1.152s] -- Up-to-date: /home/chino/fabrica_ws/install/conveyorbelt_msgs/include/conveyorbelt_msgs/conveyorbelt_msgs/srv
[1.152s] -- Up-to-date: /home/chino/fabrica_ws/install/conveyorbelt_msgs/include/conveyorbelt_msgs/conveyorbelt_msgs/srv/detail
[1.152s] -- Up-to-date: /home/chino/fabrica_ws/install/conveyorbelt_msgs/include/conveyorbelt_msgs/conveyorbelt_msgs/srv/detail/dds_fastrtps
[1.152s] -- Up-to-date: /home/chino/fabrica_ws/install/conveyorbelt_msgs/include/conveyorbelt_msgs/conveyorbelt_msgs/srv/detail/conveyor_belt_control__rosidl_typesupport_fastrtps_cpp.hpp
[1.153s] -- Up-to-date: /home/chino/fabrica_ws/install/conveyorbelt_msgs/include/conveyorbelt_msgs/conveyorbelt_msgs/msg
[1.153s] -- Up-to-date: /home/chino/fabrica_ws/install/conveyorbelt_msgs/include/conveyorbelt_msgs/conveyorbelt_msgs/msg/rosidl_typesupport_fastrtps_cpp__visibility_control.h
[1.154s] -- Up-to-date: /home/chino/fabrica_ws/install/conveyorbelt_msgs/include/conveyorbelt_msgs/conveyorbelt_msgs/msg/detail
[1.155s] -- Up-to-date: /home/chino/fabrica_ws/install/conveyorbelt_msgs/include/conveyorbelt_msgs/conveyorbelt_msgs/msg/detail/dds_fastrtps
[1.155s] -- Up-to-date: /home/chino/fabrica_ws/install/conveyorbelt_msgs/include/conveyorbelt_msgs/conveyorbelt_msgs/msg/detail/conveyor_belt_state__rosidl_typesupport_fastrtps_cpp.hpp
[1.156s] -- Up-to-date: /home/chino/fabrica_ws/install/conveyorbelt_msgs/lib/libconveyorbelt_msgs__rosidl_typesupport_fastrtps_cpp.so
[1.156s] -- Up-to-date: /home/chino/fabrica_ws/install/conveyorbelt_msgs/include/conveyorbelt_msgs/conveyorbelt_msgs
[1.156s] -- Up-to-date: /home/chino/fabrica_ws/install/conveyorbelt_msgs/include/conveyorbelt_msgs/conveyorbelt_msgs/srv
[1.156s] -- Up-to-date: /home/chino/fabrica_ws/install/conveyorbelt_msgs/include/conveyorbelt_msgs/conveyorbelt_msgs/srv/detail
[1.156s] -- Up-to-date: /home/chino/fabrica_ws/install/conveyorbelt_msgs/include/conveyorbelt_msgs/conveyorbelt_msgs/srv/detail/conveyor_belt_control__type_support.cpp
[1.156s] -- Up-to-date: /home/chino/fabrica_ws/install/conveyorbelt_msgs/include/conveyorbelt_msgs/conveyorbelt_msgs/srv/detail/conveyor_belt_control__rosidl_typesupport_introspection_cpp.hpp
[1.156s] -- Up-to-date: /home/chino/fabrica_ws/install/conveyorbelt_msgs/include/conveyorbelt_msgs/conveyorbelt_msgs/msg
[1.156s] -- Up-to-date: /home/chino/fabrica_ws/install/conveyorbelt_msgs/include/conveyorbelt_msgs/conveyorbelt_msgs/msg/detail
[1.156s] -- Up-to-date: /home/chino/fabrica_ws/install/conveyorbelt_msgs/include/conveyorbelt_msgs/conveyorbelt_msgs/msg/detail/conveyor_belt_state__type_support.cpp
[1.157s] -- Up-to-date: /home/chino/fabrica_ws/install/conveyorbelt_msgs/include/conveyorbelt_msgs/conveyorbelt_msgs/msg/detail/conveyor_belt_state__rosidl_typesupport_introspection_cpp.hpp
[1.157s] -- Up-to-date: /home/chino/fabrica_ws/install/conveyorbelt_msgs/lib/libconveyorbelt_msgs__rosidl_typesupport_introspection_cpp.so
[1.157s] -- Up-to-date: /home/chino/fabrica_ws/install/conveyorbelt_msgs/lib/libconveyorbelt_msgs__rosidl_typesupport_cpp.so
[1.157s] -- Up-to-date: /home/chino/fabrica_ws/install/conveyorbelt_msgs/share/conveyorbelt_msgs/environment/pythonpath.sh
[1.157s] -- Up-to-date: /home/chino/fabrica_ws/install/conveyorbelt_msgs/share/conveyorbelt_msgs/environment/pythonpath.dsv
[1.157s] -- Up-to-date: /home/chino/fabrica_ws/install/conveyorbelt_msgs/local/lib/python3.10/dist-packages/conveyorbelt_msgs-0.0.0-py3.10.egg-info
[1.157s] -- Installing: /home/chino/fabrica_ws/install/conveyorbelt_msgs/local/lib/python3.10/dist-packages/conveyorbelt_msgs-0.0.0-py3.10.egg-info/dependency_links.txt
[1.158s] -- Installing: /home/chino/fabrica_ws/install/conveyorbelt_msgs/local/lib/python3.10/dist-packages/conveyorbelt_msgs-0.0.0-py3.10.egg-info/SOURCES.txt
[1.158s] -- Installing: /home/chino/fabrica_ws/install/conveyorbelt_msgs/local/lib/python3.10/dist-packages/conveyorbelt_msgs-0.0.0-py3.10.egg-info/top_level.txt
[1.158s] -- Installing: /home/chino/fabrica_ws/install/conveyorbelt_msgs/local/lib/python3.10/dist-packages/conveyorbelt_msgs-0.0.0-py3.10.egg-info/PKG-INFO
[1.158s] -- Up-to-date: /home/chino/fabrica_ws/install/conveyorbelt_msgs/local/lib/python3.10/dist-packages/conveyorbelt_msgs
[1.158s] -- Up-to-date: /home/chino/fabrica_ws/install/conveyorbelt_msgs/local/lib/python3.10/dist-packages/conveyorbelt_msgs/conveyorbelt_msgs_s__rosidl_typesupport_c.cpython-310-x86_64-linux-gnu.so
[1.158s] -- Up-to-date: /home/chino/fabrica_ws/install/conveyorbelt_msgs/local/lib/python3.10/dist-packages/conveyorbelt_msgs/_conveyorbelt_msgs_s.ep.rosidl_typesupport_introspection_c.c
[1.159s] -- Up-to-date: /home/chino/fabrica_ws/install/conveyorbelt_msgs/local/lib/python3.10/dist-packages/conveyorbelt_msgs/conveyorbelt_msgs_s__rosidl_typesupport_fastrtps_c.cpython-310-x86_64-linux-gnu.so
[1.159s] -- Up-to-date: /home/chino/fabrica_ws/install/conveyorbelt_msgs/local/lib/python3.10/dist-packages/conveyorbelt_msgs/srv
[1.159s] -- Up-to-date: /home/chino/fabrica_ws/install/conveyorbelt_msgs/local/lib/python3.10/dist-packages/conveyorbelt_msgs/srv/_conveyor_belt_control_s.c
[1.159s] -- Up-to-date: /home/chino/fabrica_ws/install/conveyorbelt_msgs/local/lib/python3.10/dist-packages/conveyorbelt_msgs/srv/_conveyor_belt_control.py
[1.159s] -- Up-to-date: /home/chino/fabrica_ws/install/conveyorbelt_msgs/local/lib/python3.10/dist-packages/conveyorbelt_msgs/srv/__init__.py
[1.160s] -- Up-to-date: /home/chino/fabrica_ws/install/conveyorbelt_msgs/local/lib/python3.10/dist-packages/conveyorbelt_msgs/__init__.py
[1.160s] -- Up-to-date: /home/chino/fabrica_ws/install/conveyorbelt_msgs/local/lib/python3.10/dist-packages/conveyorbelt_msgs/msg
[1.160s] -- Up-to-date: /home/chino/fabrica_ws/install/conveyorbelt_msgs/local/lib/python3.10/dist-packages/conveyorbelt_msgs/msg/_conveyor_belt_state.py
[1.160s] -- Up-to-date: /home/chino/fabrica_ws/install/conveyorbelt_msgs/local/lib/python3.10/dist-packages/conveyorbelt_msgs/msg/__init__.py
[1.160s] -- Up-to-date: /home/chino/fabrica_ws/install/conveyorbelt_msgs/local/lib/python3.10/dist-packages/conveyorbelt_msgs/msg/_conveyor_belt_state_s.c
[1.160s] -- Up-to-date: /home/chino/fabrica_ws/install/conveyorbelt_msgs/local/lib/python3.10/dist-packages/conveyorbelt_msgs/libconveyorbelt_msgs__rosidl_generator_py.so
[1.160s] -- Up-to-date: /home/chino/fabrica_ws/install/conveyorbelt_msgs/local/lib/python3.10/dist-packages/conveyorbelt_msgs/conveyorbelt_msgs_s__rosidl_typesupport_introspection_c.cpython-310-x86_64-linux-gnu.so
[1.160s] -- Up-to-date: /home/chino/fabrica_ws/install/conveyorbelt_msgs/local/lib/python3.10/dist-packages/conveyorbelt_msgs/_conveyorbelt_msgs_s.ep.rosidl_typesupport_fastrtps_c.c
[1.160s] -- Up-to-date: /home/chino/fabrica_ws/install/conveyorbelt_msgs/local/lib/python3.10/dist-packages/conveyorbelt_msgs/_conveyorbelt_msgs_s.ep.rosidl_typesupport_c.c
[1.226s] Listing '/home/chino/fabrica_ws/install/conveyorbelt_msgs/local/lib/python3.10/dist-packages/conveyorbelt_msgs'...
[1.226s] Listing '/home/chino/fabrica_ws/install/conveyorbelt_msgs/local/lib/python3.10/dist-packages/conveyorbelt_msgs/msg'...
[1.226s] Listing '/home/chino/fabrica_ws/install/conveyorbelt_msgs/local/lib/python3.10/dist-packages/conveyorbelt_msgs/srv'...
[1.237s] -- Up-to-date: /home/chino/fabrica_ws/install/conveyorbelt_msgs/local/lib/python3.10/dist-packages/conveyorbelt_msgs/conveyorbelt_msgs_s__rosidl_typesupport_fastrtps_c.cpython-310-x86_64-linux-gnu.so
[1.237s] -- Up-to-date: /home/chino/fabrica_ws/install/conveyorbelt_msgs/local/lib/python3.10/dist-packages/conveyorbelt_msgs/conveyorbelt_msgs_s__rosidl_typesupport_introspection_c.cpython-310-x86_64-linux-gnu.so
[1.238s] -- Up-to-date: /home/chino/fabrica_ws/install/conveyorbelt_msgs/local/lib/python3.10/dist-packages/conveyorbelt_msgs/conveyorbelt_msgs_s__rosidl_typesupport_c.cpython-310-x86_64-linux-gnu.so
[1.239s] -- Up-to-date: /home/chino/fabrica_ws/install/conveyorbelt_msgs/lib/libconveyorbelt_msgs__rosidl_generator_py.so
[1.239s] -- Up-to-date: /home/chino/fabrica_ws/install/conveyorbelt_msgs/share/conveyorbelt_msgs/msg/ConveyorBeltState.idl
[1.240s] -- Up-to-date: /home/chino/fabrica_ws/install/conveyorbelt_msgs/share/conveyorbelt_msgs/srv/ConveyorBeltControl.idl
[1.241s] -- Up-to-date: /home/chino/fabrica_ws/install/conveyorbelt_msgs/share/conveyorbelt_msgs/msg/ConveyorBeltState.msg
[1.242s] -- Up-to-date: /home/chino/fabrica_ws/install/conveyorbelt_msgs/share/conveyorbelt_msgs/srv/ConveyorBeltControl.srv
[1.242s] -- Up-to-date: /home/chino/fabrica_ws/install/conveyorbelt_msgs/share/conveyorbelt_msgs/srv/ConveyorBeltControl_Request.msg
[1.243s] -- Up-to-date: /home/chino/fabrica_ws/install/conveyorbelt_msgs/share/conveyorbelt_msgs/srv/ConveyorBeltControl_Response.msg
[1.243s] -- Up-to-date: /home/chino/fabrica_ws/install/conveyorbelt_msgs/share/ament_index/resource_index/package_run_dependencies/conveyorbelt_msgs
[1.243s] -- Up-to-date: /home/chino/fabrica_ws/install/conveyorbelt_msgs/share/ament_index/resource_index/parent_prefix_path/conveyorbelt_msgs
[1.243s] -- Up-to-date: /home/chino/fabrica_ws/install/conveyorbelt_msgs/share/conveyorbelt_msgs/environment/ament_prefix_path.sh
[1.244s] -- Up-to-date: /home/chino/fabrica_ws/install/conveyorbelt_msgs/share/conveyorbelt_msgs/environment/ament_prefix_path.dsv
[1.244s] -- Up-to-date: /home/chino/fabrica_ws/install/conveyorbelt_msgs/share/conveyorbelt_msgs/environment/path.sh
[1.244s] -- Up-to-date: /home/chino/fabrica_ws/install/conveyorbelt_msgs/share/conveyorbelt_msgs/environment/path.dsv
[1.245s] -- Up-to-date: /home/chino/fabrica_ws/install/conveyorbelt_msgs/share/conveyorbelt_msgs/local_setup.bash
[1.245s] -- Up-to-date: /home/chino/fabrica_ws/install/conveyorbelt_msgs/share/conveyorbelt_msgs/local_setup.sh
[1.246s] -- Up-to-date: /home/chino/fabrica_ws/install/conveyorbelt_msgs/share/conveyorbelt_msgs/local_setup.zsh
[1.246s] -- Up-to-date: /home/chino/fabrica_ws/install/conveyorbelt_msgs/share/conveyorbelt_msgs/local_setup.dsv
[1.246s] -- Installing: /home/chino/fabrica_ws/install/conveyorbelt_msgs/share/conveyorbelt_msgs/package.dsv
[1.247s] -- Up-to-date: /home/chino/fabrica_ws/install/conveyorbelt_msgs/share/ament_index/resource_index/packages/conveyorbelt_msgs
[1.247s] -- Up-to-date: /home/chino/fabrica_ws/install/conveyorbelt_msgs/share/conveyorbelt_msgs/cmake/export_conveyorbelt_msgs__rosidl_generator_cExport.cmake
[1.248s] -- Up-to-date: /home/chino/fabrica_ws/install/conveyorbelt_msgs/share/conveyorbelt_msgs/cmake/export_conveyorbelt_msgs__rosidl_generator_cExport-noconfig.cmake
[1.248s] -- Up-to-date: /home/chino/fabrica_ws/install/conveyorbelt_msgs/share/conveyorbelt_msgs/cmake/export_conveyorbelt_msgs__rosidl_typesupport_fastrtps_cExport.cmake
[1.249s] -- Up-to-date: /home/chino/fabrica_ws/install/conveyorbelt_msgs/share/conveyorbelt_msgs/cmake/export_conveyorbelt_msgs__rosidl_typesupport_fastrtps_cExport-noconfig.cmake
[1.249s] -- Up-to-date: /home/chino/fabrica_ws/install/conveyorbelt_msgs/share/conveyorbelt_msgs/cmake/conveyorbelt_msgs__rosidl_typesupport_introspection_cExport.cmake
[1.250s] -- Up-to-date: /home/chino/fabrica_ws/install/conveyorbelt_msgs/share/conveyorbelt_msgs/cmake/conveyorbelt_msgs__rosidl_typesupport_introspection_cExport-noconfig.cmake
[1.250s] -- Up-to-date: /home/chino/fabrica_ws/install/conveyorbelt_msgs/share/conveyorbelt_msgs/cmake/conveyorbelt_msgs__rosidl_typesupport_cExport.cmake
[1.251s] -- Up-to-date: /home/chino/fabrica_ws/install/conveyorbelt_msgs/share/conveyorbelt_msgs/cmake/conveyorbelt_msgs__rosidl_typesupport_cExport-noconfig.cmake
[1.251s] -- Up-to-date: /home/chino/fabrica_ws/install/conveyorbelt_msgs/share/conveyorbelt_msgs/cmake/export_conveyorbelt_msgs__rosidl_generator_cppExport.cmake
[1.252s] -- Up-to-date: /home/chino/fabrica_ws/install/conveyorbelt_msgs/share/conveyorbelt_msgs/cmake/export_conveyorbelt_msgs__rosidl_typesupport_fastrtps_cppExport.cmake
[1.253s] -- Up-to-date: /home/chino/fabrica_ws/install/conveyorbelt_msgs/share/conveyorbelt_msgs/cmake/export_conveyorbelt_msgs__rosidl_typesupport_fastrtps_cppExport-noconfig.cmake
[1.253s] -- Up-to-date: /home/chino/fabrica_ws/install/conveyorbelt_msgs/share/conveyorbelt_msgs/cmake/conveyorbelt_msgs__rosidl_typesupport_introspection_cppExport.cmake
[1.253s] -- Up-to-date: /home/chino/fabrica_ws/install/conveyorbelt_msgs/share/conveyorbelt_msgs/cmake/conveyorbelt_msgs__rosidl_typesupport_introspection_cppExport-noconfig.cmake
[1.254s] -- Up-to-date: /home/chino/fabrica_ws/install/conveyorbelt_msgs/share/conveyorbelt_msgs/cmake/conveyorbelt_msgs__rosidl_typesupport_cppExport.cmake
[1.254s] -- Up-to-date: /home/chino/fabrica_ws/install/conveyorbelt_msgs/share/conveyorbelt_msgs/cmake/conveyorbelt_msgs__rosidl_typesupport_cppExport-noconfig.cmake
[1.254s] -- Up-to-date: /home/chino/fabrica_ws/install/conveyorbelt_msgs/share/conveyorbelt_msgs/cmake/export_conveyorbelt_msgs__rosidl_generator_pyExport.cmake
[1.254s] -- Up-to-date: /home/chino/fabrica_ws/install/conveyorbelt_msgs/share/conveyorbelt_msgs/cmake/export_conveyorbelt_msgs__rosidl_generator_pyExport-noconfig.cmake
[1.254s] -- Up-to-date: /home/chino/fabrica_ws/install/conveyorbelt_msgs/share/conveyorbelt_msgs/cmake/rosidl_cmake-extras.cmake
[1.254s] -- Up-to-date: /home/chino/fabrica_ws/install/conveyorbelt_msgs/share/conveyorbelt_msgs/cmake/ament_cmake_export_include_directories-extras.cmake
[1.255s] -- Up-to-date: /home/chino/fabrica_ws/install/conveyorbelt_msgs/share/conveyorbelt_msgs/cmake/ament_cmake_export_libraries-extras.cmake
[1.255s] -- Up-to-date: /home/chino/fabrica_ws/install/conveyorbelt_msgs/share/conveyorbelt_msgs/cmake/ament_cmake_export_targets-extras.cmake
[1.255s] -- Up-to-date: /home/chino/fabrica_ws/install/conveyorbelt_msgs/share/conveyorbelt_msgs/cmake/rosidl_cmake_export_typesupport_targets-extras.cmake
[1.255s] -- Up-to-date: /home/chino/fabrica_ws/install/conveyorbelt_msgs/share/conveyorbelt_msgs/cmake/ament_cmake_export_dependencies-extras.cmake
[1.256s] -- Up-to-date: /home/chino/fabrica_ws/install/conveyorbelt_msgs/share/conveyorbelt_msgs/cmake/rosidl_cmake_export_typesupport_libraries-extras.cmake
[1.257s] -- Up-to-date: /home/chino/fabrica_ws/install/conveyorbelt_msgs/share/conveyorbelt_msgs/cmake/conveyorbelt_msgsConfig.cmake
[1.257s] -- Up-to-date: /home/chino/fabrica_ws/install/conveyorbelt_msgs/share/conveyorbelt_msgs/cmake/conveyorbelt_msgsConfig-version.cmake
[1.258s] -- Up-to-date: /home/chino/fabrica_ws/install/conveyorbelt_msgs/share/conveyorbelt_msgs/package.xml
[1.261s] Invoked command in '/home/chino/fabrica_ws/build/conveyorbelt_msgs' returned '0': CMAKE_PREFIX_PATH=${CMAKE_PREFIX_PATH}:/home/chino/fabrica_ws/install/banda:/opt/ros/humble /usr/bin/cmake --install /home/chino/fabrica_ws/build/conveyorbelt_msgs
