[1.777s] Invoking command in '/home/chino/fabrica_ws/src/banda': PYTHONPATH=/home/chino/fabrica_ws/build/banda/prefix_override:/usr/lib/python3/dist-packages/colcon_core/task/python/colcon_distutils_commands:/home/chino/fabrica_ws/install/banda/lib/python3.10/site-packages:${PYTHONPATH} /usr/bin/python3 -W ignore:setup.py install is deprecated -W ignore:easy_install command is deprecated setup.py egg_info --egg-base ../../build/banda build --build-base /home/chino/fabrica_ws/build/banda/build install --record /home/chino/fabrica_ws/build/banda/install.log --single-version-externally-managed install_data
[2.307s] running egg_info
[2.307s] creating ../../build/banda/banda.egg-info
[2.309s] writing ../../build/banda/banda.egg-info/PKG-INFO
[2.310s] writing dependency_links to ../../build/banda/banda.egg-info/dependency_links.txt
[2.311s] writing entry points to ../../build/banda/banda.egg-info/entry_points.txt
[2.311s] writing requirements to ../../build/banda/banda.egg-info/requires.txt
[2.311s] writing top-level names to ../../build/banda/banda.egg-info/top_level.txt
[2.311s] writing manifest file '../../build/banda/banda.egg-info/SOURCES.txt'
[2.314s] reading manifest file '../../build/banda/banda.egg-info/SOURCES.txt'
[2.315s] adding license file 'LICENSE'
[2.316s] writing manifest file '../../build/banda/banda.egg-info/SOURCES.txt'
[2.316s] running build
[2.317s] running build_py
[2.317s] creating /home/chino/fabrica_ws/build/banda/build
[2.318s] creating /home/chino/fabrica_ws/build/banda/build/lib
[2.318s] creating /home/chino/fabrica_ws/build/banda/build/lib/banda
[2.320s] copying banda/__init__.py -> /home/chino/fabrica_ws/build/banda/build/lib/banda
[2.320s] running install
[2.321s] running install_lib
[2.322s] creating /home/chino/fabrica_ws/install/banda/lib/python3.10/site-packages/banda
[2.323s] copying /home/chino/fabrica_ws/build/banda/build/lib/banda/__init__.py -> /home/chino/fabrica_ws/install/banda/lib/python3.10/site-packages/banda
[2.324s] byte-compiling /home/chino/fabrica_ws/install/banda/lib/python3.10/site-packages/banda/__init__.py to __init__.cpython-310.pyc
[2.326s] running install_data
[2.326s] creating /home/chino/fabrica_ws/install/banda/share/ament_index
[2.327s] creating /home/chino/fabrica_ws/install/banda/share/ament_index/resource_index
[2.328s] creating /home/chino/fabrica_ws/install/banda/share/ament_index/resource_index/packages
[2.329s] copying resource/banda -> /home/chino/fabrica_ws/install/banda/share/ament_index/resource_index/packages
[2.329s] copying package.xml -> /home/chino/fabrica_ws/install/banda/share/banda
[2.330s] creating /home/chino/fabrica_ws/install/banda/share/banda/launch
[2.331s] copying launch/display.launch.py -> /home/chino/fabrica_ws/install/banda/share/banda/launch
[2.332s] copying launch/gazebo.launch.py -> /home/chino/fabrica_ws/install/banda/share/banda/launch
[2.332s] creating /home/chino/fabrica_ws/install/banda/share/banda/xacro
[2.333s] copying xacro/gazebo.xacro -> /home/chino/fabrica_ws/install/banda/share/banda/xacro
[2.334s] copying xacro/banda_transportadora.xacro -> /home/chino/fabrica_ws/install/banda/share/banda/xacro
[2.335s] copying xacro/materials.xacro -> /home/chino/fabrica_ws/install/banda/share/banda/xacro
[2.335s] creating /home/chino/fabrica_ws/install/banda/share/banda/meshes
[2.336s] copying meshes/support_L.stl -> /home/chino/fabrica_ws/install/banda/share/banda/meshes
[2.346s] copying meshes/iron_bar.stl -> /home/chino/fabrica_ws/install/banda/share/banda/meshes
[2.347s] copying meshes/band.stl -> /home/chino/fabrica_ws/install/banda/share/banda/meshes
[2.348s] copying meshes/iron_bar2.stl -> /home/chino/fabrica_ws/install/banda/share/banda/meshes
[2.349s] copying meshes/art2.stl -> /home/chino/fabrica_ws/install/banda/share/banda/meshes
[2.350s] copying meshes/body.stl -> /home/chino/fabrica_ws/install/banda/share/banda/meshes
[2.360s] copying meshes/support_R.stl -> /home/chino/fabrica_ws/install/banda/share/banda/meshes
[2.372s] copying meshes/art1.stl -> /home/chino/fabrica_ws/install/banda/share/banda/meshes
[2.376s] creating /home/chino/fabrica_ws/install/banda/share/banda/rviz
[2.377s] copying rviz/banda.rviz -> /home/chino/fabrica_ws/install/banda/share/banda/rviz
[2.377s] running install_egg_info
[2.381s] Copying ../../build/banda/banda.egg-info to /home/chino/fabrica_ws/install/banda/lib/python3.10/site-packages/banda-0.0.0-py3.10.egg-info
[2.384s] running install_scripts
[2.427s] writing list of installed files to '/home/chino/fabrica_ws/build/banda/install.log'
[2.470s] Invoked command in '/home/chino/fabrica_ws/src/banda' returned '0': PYTHONPATH=/home/chino/fabrica_ws/build/banda/prefix_override:/usr/lib/python3/dist-packages/colcon_core/task/python/colcon_distutils_commands:/home/chino/fabrica_ws/install/banda/lib/python3.10/site-packages:${PYTHONPATH} /usr/bin/python3 -W ignore:setup.py install is deprecated -W ignore:easy_install command is deprecated setup.py egg_info --egg-base ../../build/banda build --build-base /home/chino/fabrica_ws/build/banda/build install --record /home/chino/fabrica_ws/build/banda/install.log --single-version-externally-managed install_data
