[0.490s] Invoking command in '/home/chino/fabrica_ws/build/ros2_conveyorbelt': CMAKE_PREFIX_PATH=/home/chino/fabrica_ws/install/conveyorbelt_msgs:/home/chino/fabrica_ws/install/ros2_conveyorbelt:/home/chino/fabrica_ws/install/conveyorbelt_gazebo:/home/chino/fabrica_ws/install/banda:/opt/ros/humble LD_LIBRARY_PATH=/home/chino/fabrica_ws/install/conveyorbelt_msgs/lib:/home/chino/fabrica_ws/install/ros2_conveyorbelt/lib:/usr/lib/x86_64-linux-gnu/gazebo-11/plugins:/opt/ros/humble/opt/rviz_ogre_vendor/lib:/opt/ros/humble/lib/x86_64-linux-gnu:/opt/ros/humble/lib:/usr/share/gazebo/../../lib/x86_64-linux-gnu/gazebo-11/plugins /usr/bin/cmake --build /home/chino/fabrica_ws/build/ros2_conveyorbelt -- -j16 -l16
[0.606s] [35m[1mConsolidate compiler generated dependencies of target ros2_conveyorbelt_plugin[0m
[0.701s] [100%] Built target ros2_conveyorbelt_plugin
[0.724s] Invoked command in '/home/chino/fabrica_ws/build/ros2_conveyorbelt' returned '0': CMAKE_PREFIX_PATH=/home/chino/fabrica_ws/install/conveyorbelt_msgs:/home/chino/fabrica_ws/install/ros2_conveyorbelt:/home/chino/fabrica_ws/install/conveyorbelt_gazebo:/home/chino/fabrica_ws/install/banda:/opt/ros/humble LD_LIBRARY_PATH=/home/chino/fabrica_ws/install/conveyorbelt_msgs/lib:/home/chino/fabrica_ws/install/ros2_conveyorbelt/lib:/usr/lib/x86_64-linux-gnu/gazebo-11/plugins:/opt/ros/humble/opt/rviz_ogre_vendor/lib:/opt/ros/humble/lib/x86_64-linux-gnu:/opt/ros/humble/lib:/usr/share/gazebo/../../lib/x86_64-linux-gnu/gazebo-11/plugins /usr/bin/cmake --build /home/chino/fabrica_ws/build/ros2_conveyorbelt -- -j16 -l16
[0.729s] Invoking command in '/home/chino/fabrica_ws/build/ros2_conveyorbelt': CMAKE_PREFIX_PATH=/home/chino/fabrica_ws/install/conveyorbelt_msgs:/home/chino/fabrica_ws/install/ros2_conveyorbelt:/home/chino/fabrica_ws/install/conveyorbelt_gazebo:/home/chino/fabrica_ws/install/banda:/opt/ros/humble LD_LIBRARY_PATH=/home/chino/fabrica_ws/install/conveyorbelt_msgs/lib:/home/chino/fabrica_ws/install/ros2_conveyorbelt/lib:/usr/lib/x86_64-linux-gnu/gazebo-11/plugins:/opt/ros/humble/opt/rviz_ogre_vendor/lib:/opt/ros/humble/lib/x86_64-linux-gnu:/opt/ros/humble/lib:/usr/share/gazebo/../../lib/x86_64-linux-gnu/gazebo-11/plugins /usr/bin/cmake --install /home/chino/fabrica_ws/build/ros2_conveyorbelt
[0.743s] -- Install configuration: ""
[0.744s] -- Up-to-date: /home/chino/fabrica_ws/install/ros2_conveyorbelt/share/ros2_conveyorbelt/environment/library_path.sh
[0.744s] -- Up-to-date: /home/chino/fabrica_ws/install/ros2_conveyorbelt/share/ros2_conveyorbelt/environment/library_path.dsv
[0.745s] -- Up-to-date: /home/chino/fabrica_ws/install/ros2_conveyorbelt/lib/libros2_conveyorbelt_plugin.so
[0.745s] -- Up-to-date: /home/chino/fabrica_ws/install/ros2_conveyorbelt/share/ros2_conveyorbelt/python
[0.746s] -- Up-to-date: /home/chino/fabrica_ws/install/ros2_conveyorbelt/share/ros2_conveyorbelt/python/SpawnObject.py
[0.747s] -- Up-to-date: /home/chino/fabrica_ws/install/ros2_conveyorbelt/lib/ros2_conveyorbelt/SpawnObject.py
[0.748s] -- Up-to-date: /home/chino/fabrica_ws/install/ros2_conveyorbelt/share/ament_index/resource_index/package_run_dependencies/ros2_conveyorbelt
[0.749s] -- Up-to-date: /home/chino/fabrica_ws/install/ros2_conveyorbelt/share/ament_index/resource_index/parent_prefix_path/ros2_conveyorbelt
[0.749s] -- Up-to-date: /home/chino/fabrica_ws/install/ros2_conveyorbelt/share/ros2_conveyorbelt/environment/ament_prefix_path.sh
[0.749s] -- Up-to-date: /home/chino/fabrica_ws/install/ros2_conveyorbelt/share/ros2_conveyorbelt/environment/ament_prefix_path.dsv
[0.749s] -- Up-to-date: /home/chino/fabrica_ws/install/ros2_conveyorbelt/share/ros2_conveyorbelt/environment/path.sh
[0.749s] -- Up-to-date: /home/chino/fabrica_ws/install/ros2_conveyorbelt/share/ros2_conveyorbelt/environment/path.dsv
[0.750s] -- Up-to-date: /home/chino/fabrica_ws/install/ros2_conveyorbelt/share/ros2_conveyorbelt/local_setup.bash
[0.750s] -- Up-to-date: /home/chino/fabrica_ws/install/ros2_conveyorbelt/share/ros2_conveyorbelt/local_setup.sh
[0.750s] -- Up-to-date: /home/chino/fabrica_ws/install/ros2_conveyorbelt/share/ros2_conveyorbelt/local_setup.zsh
[0.751s] -- Up-to-date: /home/chino/fabrica_ws/install/ros2_conveyorbelt/share/ros2_conveyorbelt/local_setup.dsv
[0.751s] -- Installing: /home/chino/fabrica_ws/install/ros2_conveyorbelt/share/ros2_conveyorbelt/package.dsv
[0.751s] -- Up-to-date: /home/chino/fabrica_ws/install/ros2_conveyorbelt/share/ament_index/resource_index/packages/ros2_conveyorbelt
[0.751s] -- Up-to-date: /home/chino/fabrica_ws/install/ros2_conveyorbelt/share/ros2_conveyorbelt/cmake/ament_cmake_export_libraries-extras.cmake
[0.752s] -- Up-to-date: /home/chino/fabrica_ws/install/ros2_conveyorbelt/share/ros2_conveyorbelt/cmake/ros2_conveyorbeltConfig.cmake
[0.752s] -- Up-to-date: /home/chino/fabrica_ws/install/ros2_conveyorbelt/share/ros2_conveyorbelt/cmake/ros2_conveyorbeltConfig-version.cmake
[0.752s] -- Up-to-date: /home/chino/fabrica_ws/install/ros2_conveyorbelt/share/ros2_conveyorbelt/package.xml
[0.757s] Invoked command in '/home/chino/fabrica_ws/build/ros2_conveyorbelt' returned '0': CMAKE_PREFIX_PATH=/home/chino/fabrica_ws/install/conveyorbelt_msgs:/home/chino/fabrica_ws/install/ros2_conveyorbelt:/home/chino/fabrica_ws/install/conveyorbelt_gazebo:/home/chino/fabrica_ws/install/banda:/opt/ros/humble LD_LIBRARY_PATH=/home/chino/fabrica_ws/install/conveyorbelt_msgs/lib:/home/chino/fabrica_ws/install/ros2_conveyorbelt/lib:/usr/lib/x86_64-linux-gnu/gazebo-11/plugins:/opt/ros/humble/opt/rviz_ogre_vendor/lib:/opt/ros/humble/lib/x86_64-linux-gnu:/opt/ros/humble/lib:/usr/share/gazebo/../../lib/x86_64-linux-gnu/gazebo-11/plugins /usr/bin/cmake --install /home/chino/fabrica_ws/build/ros2_conveyorbelt
