[0.648s] Invoking command in '/home/chino/fabrica_ws/build/conveyorbelt_gazebo': CMAKE_PREFIX_PATH=${CMAKE_PREFIX_PATH}:/home/chino/fabrica_ws/install/banda:/opt/ros/humble /usr/bin/cmake --build /home/chino/fabrica_ws/build/conveyorbelt_gazebo -- -j16 -l16
[0.729s] Invoked command in '/home/chino/fabrica_ws/build/conveyorbelt_gazebo' returned '0': CMAKE_PREFIX_PATH=${CMAKE_PREFIX_PATH}:/home/chino/fabrica_ws/install/banda:/opt/ros/humble /usr/bin/cmake --build /home/chino/fabrica_ws/build/conveyorbelt_gazebo -- -j16 -l16
[0.751s] Invoking command in '/home/chino/fabrica_ws/build/conveyorbelt_gazebo': CMAKE_PREFIX_PATH=${CMAKE_PREFIX_PATH}:/home/chino/fabrica_ws/install/banda:/opt/ros/humble /usr/bin/cmake --install /home/chino/fabrica_ws/build/conveyorbelt_gazebo
[0.766s] -- Install configuration: ""
[0.767s] -- Up-to-date: /home/chino/fabrica_ws/install/conveyorbelt_gazebo/share/conveyorbelt_gazebo/launch
[0.767s] -- Up-to-date: /home/chino/fabrica_ws/install/conveyorbelt_gazebo/share/conveyorbelt_gazebo/launch/conveyorbelt.launch.py
[0.768s] -- Up-to-date: /home/chino/fabrica_ws/install/conveyorbelt_gazebo/share/conveyorbelt_gazebo/models
[0.768s] -- Up-to-date: /home/chino/fabrica_ws/install/conveyorbelt_gazebo/share/conveyorbelt_gazebo/models/conveyor_belt
[0.769s] -- Up-to-date: /home/chino/fabrica_ws/install/conveyorbelt_gazebo/share/conveyorbelt_gazebo/models/conveyor_belt/meshes
[0.770s] -- Up-to-date: /home/chino/fabrica_ws/install/conveyorbelt_gazebo/share/conveyorbelt_gazebo/models/conveyor_belt/meshes/conveyor_belt.dae
[0.770s] -- Up-to-date: /home/chino/fabrica_ws/install/conveyorbelt_gazebo/share/conveyorbelt_gazebo/models/conveyor_belt/meshes/conveyor_belt.stl
[0.770s] -- Up-to-date: /home/chino/fabrica_ws/install/conveyorbelt_gazebo/share/conveyorbelt_gazebo/models/conveyor_belt/model.config
[0.771s] -- Up-to-date: /home/chino/fabrica_ws/install/conveyorbelt_gazebo/share/conveyorbelt_gazebo/models/conveyor_belt/model.sdf
[0.771s] -- Up-to-date: /home/chino/fabrica_ws/install/conveyorbelt_gazebo/share/conveyorbelt_gazebo/worlds
[0.771s] -- Up-to-date: /home/chino/fabrica_ws/install/conveyorbelt_gazebo/share/conveyorbelt_gazebo/worlds/conveyorbelt.world
[0.771s] -- Up-to-date: /home/chino/fabrica_ws/install/conveyorbelt_gazebo/share/conveyorbelt_gazebo/urdf
[0.771s] -- Up-to-date: /home/chino/fabrica_ws/install/conveyorbelt_gazebo/share/conveyorbelt_gazebo/urdf/box.urdf
[0.771s] -- Up-to-date: /home/chino/fabrica_ws/install/conveyorbelt_gazebo/share/ament_index/resource_index/package_run_dependencies/conveyorbelt_gazebo
[0.772s] -- Up-to-date: /home/chino/fabrica_ws/install/conveyorbelt_gazebo/share/ament_index/resource_index/parent_prefix_path/conveyorbelt_gazebo
[0.772s] -- Up-to-date: /home/chino/fabrica_ws/install/conveyorbelt_gazebo/share/conveyorbelt_gazebo/environment/ament_prefix_path.sh
[0.772s] -- Up-to-date: /home/chino/fabrica_ws/install/conveyorbelt_gazebo/share/conveyorbelt_gazebo/environment/ament_prefix_path.dsv
[0.772s] -- Up-to-date: /home/chino/fabrica_ws/install/conveyorbelt_gazebo/share/conveyorbelt_gazebo/environment/path.sh
[0.772s] -- Up-to-date: /home/chino/fabrica_ws/install/conveyorbelt_gazebo/share/conveyorbelt_gazebo/environment/path.dsv
[0.773s] -- Up-to-date: /home/chino/fabrica_ws/install/conveyorbelt_gazebo/share/conveyorbelt_gazebo/local_setup.bash
[0.773s] -- Up-to-date: /home/chino/fabrica_ws/install/conveyorbelt_gazebo/share/conveyorbelt_gazebo/local_setup.sh
[0.773s] -- Up-to-date: /home/chino/fabrica_ws/install/conveyorbelt_gazebo/share/conveyorbelt_gazebo/local_setup.zsh
[0.773s] -- Up-to-date: /home/chino/fabrica_ws/install/conveyorbelt_gazebo/share/conveyorbelt_gazebo/local_setup.dsv
[0.773s] -- Installing: /home/chino/fabrica_ws/install/conveyorbelt_gazebo/share/conveyorbelt_gazebo/package.dsv
[0.773s] -- Up-to-date: /home/chino/fabrica_ws/install/conveyorbelt_gazebo/share/ament_index/resource_index/packages/conveyorbelt_gazebo
[0.773s] -- Up-to-date: /home/chino/fabrica_ws/install/conveyorbelt_gazebo/share/conveyorbelt_gazebo/cmake/conveyorbelt_gazeboConfig.cmake
[0.773s] -- Up-to-date: /home/chino/fabrica_ws/install/conveyorbelt_gazebo/share/conveyorbelt_gazebo/cmake/conveyorbelt_gazeboConfig-version.cmake
[0.773s] -- Up-to-date: /home/chino/fabrica_ws/install/conveyorbelt_gazebo/share/conveyorbelt_gazebo/package.xml
[0.777s] Invoked command in '/home/chino/fabrica_ws/build/conveyorbelt_gazebo' returned '0': CMAKE_PREFIX_PATH=${CMAKE_PREFIX_PATH}:/home/chino/fabrica_ws/install/banda:/opt/ros/humble /usr/bin/cmake --install /home/chino/fabrica_ws/build/conveyorbelt_gazebo
