[0.603s] DEBUG:colcon:Command line arguments: ['/usr/bin/colcon', 'build']
[0.603s] DEBUG:colcon:Parsed command line arguments: Namespace(log_base=None, log_level=None, verb_name='build', build_base='build', install_base='install', merge_install=False, symlink_install=False, test_result_base=None, continue_on_error=False, executor='parallel', parallel_workers=16, event_handlers=None, ignore_user_meta=False, metas=['./colcon.meta'], base_paths=['.'], packages_ignore=None, packages_ignore_regex=None, paths=None, packages_up_to=None, packages_up_to_regex=None, packages_above=None, packages_above_and_dependencies=None, packages_above_depth=None, packages_select_by_dep=None, packages_skip_by_dep=None, packages_skip_up_to=None, packages_select_build_failed=False, packages_skip_build_finished=False, packages_select_test_failures=False, packages_skip_test_passed=False, packages_select=None, packages_skip=None, packages_select_regex=None, packages_skip_regex=None, packages_start=None, packages_end=None, allow_overriding=[], cmake_args=None, cmake_target=None, cmake_target_skip_unavailable=False, cmake_clean_cache=False, cmake_clean_first=False, cmake_force_configure=False, ament_cmake_args=None, catkin_cmake_args=None, catkin_skip_building_tests=False, verb_parser=<colcon_defaults.argument_parser.defaults.DefaultArgumentsDecorator object at 0x710a51a51cf0>, verb_extension=<colcon_core.verb.build.BuildVerb object at 0x710a51be3340>, main=<bound method BuildVerb.main of <colcon_core.verb.build.BuildVerb object at 0x710a51be3340>>)
[0.953s] Level 1:colcon.colcon_core.package_discovery:discover_packages(colcon_meta) check parameters
[0.953s] Level 1:colcon.colcon_core.package_discovery:discover_packages(recursive) check parameters
[0.953s] Level 1:colcon.colcon_core.package_discovery:discover_packages(ignore) check parameters
[0.953s] Level 1:colcon.colcon_core.package_discovery:discover_packages(path) check parameters
[0.953s] Level 1:colcon.colcon_core.package_discovery:discover_packages(colcon_meta) discover
[0.953s] Level 1:colcon.colcon_core.package_discovery:discover_packages(recursive) discover
[0.954s] INFO:colcon.colcon_core.package_discovery:Crawling recursively for packages in '/home/chino/fabrica_ws'
[0.954s] Level 1:colcon.colcon_core.package_identification:_identify(.) by extensions ['ignore', 'ignore_ament_install']
[0.954s] Level 1:colcon.colcon_core.package_identification:_identify(.) by extension 'ignore'
[0.954s] Level 1:colcon.colcon_core.package_identification:_identify(.) by extension 'ignore_ament_install'
[0.955s] Level 1:colcon.colcon_core.package_identification:_identify(.) by extensions ['colcon_pkg']
[0.955s] Level 1:colcon.colcon_core.package_identification:_identify(.) by extension 'colcon_pkg'
[0.955s] Level 1:colcon.colcon_core.package_identification:_identify(.) by extensions ['colcon_meta']
[0.955s] Level 1:colcon.colcon_core.package_identification:_identify(.) by extension 'colcon_meta'
[0.955s] Level 1:colcon.colcon_core.package_identification:_identify(.) by extensions ['ros']
[0.955s] Level 1:colcon.colcon_core.package_identification:_identify(.) by extension 'ros'
[0.975s] Level 1:colcon.colcon_core.package_identification:_identify(.) by extensions ['cmake', 'python']
[0.976s] Level 1:colcon.colcon_core.package_identification:_identify(.) by extension 'cmake'
[0.976s] Level 1:colcon.colcon_core.package_identification:_identify(.) by extension 'python'
[0.976s] Level 1:colcon.colcon_core.package_identification:_identify(.) by extensions ['python_setup_py']
[0.976s] Level 1:colcon.colcon_core.package_identification:_identify(.) by extension 'python_setup_py'
[0.976s] Level 1:colcon.colcon_core.package_identification:_identify(build) by extensions ['ignore', 'ignore_ament_install']
[0.977s] Level 1:colcon.colcon_core.package_identification:_identify(build) by extension 'ignore'
[0.977s] Level 1:colcon.colcon_core.package_identification:_identify(build) ignored
[0.977s] Level 1:colcon.colcon_core.package_identification:_identify(install) by extensions ['ignore', 'ignore_ament_install']
[0.977s] Level 1:colcon.colcon_core.package_identification:_identify(install) by extension 'ignore'
[0.977s] Level 1:colcon.colcon_core.package_identification:_identify(install) ignored
[0.978s] Level 1:colcon.colcon_core.package_identification:_identify(log) by extensions ['ignore', 'ignore_ament_install']
[0.978s] Level 1:colcon.colcon_core.package_identification:_identify(log) by extension 'ignore'
[0.978s] Level 1:colcon.colcon_core.package_identification:_identify(log) ignored
[0.978s] Level 1:colcon.colcon_core.package_identification:_identify(src) by extensions ['ignore', 'ignore_ament_install']
[0.979s] Level 1:colcon.colcon_core.package_identification:_identify(src) by extension 'ignore'
[0.979s] Level 1:colcon.colcon_core.package_identification:_identify(src) by extension 'ignore_ament_install'
[0.979s] Level 1:colcon.colcon_core.package_identification:_identify(src) by extensions ['colcon_pkg']
[0.979s] Level 1:colcon.colcon_core.package_identification:_identify(src) by extension 'colcon_pkg'
[0.979s] Level 1:colcon.colcon_core.package_identification:_identify(src) by extensions ['colcon_meta']
[0.979s] Level 1:colcon.colcon_core.package_identification:_identify(src) by extension 'colcon_meta'
[0.979s] Level 1:colcon.colcon_core.package_identification:_identify(src) by extensions ['ros']
[0.980s] Level 1:colcon.colcon_core.package_identification:_identify(src) by extension 'ros'
[0.980s] Level 1:colcon.colcon_core.package_identification:_identify(src) by extensions ['cmake', 'python']
[0.980s] Level 1:colcon.colcon_core.package_identification:_identify(src) by extension 'cmake'
[0.980s] Level 1:colcon.colcon_core.package_identification:_identify(src) by extension 'python'
[0.980s] Level 1:colcon.colcon_core.package_identification:_identify(src) by extensions ['python_setup_py']
[0.980s] Level 1:colcon.colcon_core.package_identification:_identify(src) by extension 'python_setup_py'
[0.981s] Level 1:colcon.colcon_core.package_identification:_identify(src/IFRA_ConveyorBelt) by extensions ['ignore', 'ignore_ament_install']
[0.981s] Level 1:colcon.colcon_core.package_identification:_identify(src/IFRA_ConveyorBelt) by extension 'ignore'
[0.981s] Level 1:colcon.colcon_core.package_identification:_identify(src/IFRA_ConveyorBelt) by extension 'ignore_ament_install'
[0.981s] Level 1:colcon.colcon_core.package_identification:_identify(src/IFRA_ConveyorBelt) by extensions ['colcon_pkg']
[0.981s] Level 1:colcon.colcon_core.package_identification:_identify(src/IFRA_ConveyorBelt) by extension 'colcon_pkg'
[0.981s] Level 1:colcon.colcon_core.package_identification:_identify(src/IFRA_ConveyorBelt) by extensions ['colcon_meta']
[0.982s] Level 1:colcon.colcon_core.package_identification:_identify(src/IFRA_ConveyorBelt) by extension 'colcon_meta'
[0.982s] Level 1:colcon.colcon_core.package_identification:_identify(src/IFRA_ConveyorBelt) by extensions ['ros']
[0.982s] Level 1:colcon.colcon_core.package_identification:_identify(src/IFRA_ConveyorBelt) by extension 'ros'
[0.982s] Level 1:colcon.colcon_core.package_identification:_identify(src/IFRA_ConveyorBelt) by extensions ['cmake', 'python']
[0.982s] Level 1:colcon.colcon_core.package_identification:_identify(src/IFRA_ConveyorBelt) by extension 'cmake'
[0.982s] Level 1:colcon.colcon_core.package_identification:_identify(src/IFRA_ConveyorBelt) by extension 'python'
[0.982s] Level 1:colcon.colcon_core.package_identification:_identify(src/IFRA_ConveyorBelt) by extensions ['python_setup_py']
[0.983s] Level 1:colcon.colcon_core.package_identification:_identify(src/IFRA_ConveyorBelt) by extension 'python_setup_py'
[0.983s] Level 1:colcon.colcon_core.package_identification:_identify(src/IFRA_ConveyorBelt/conveyorbelt_gazebo) by extensions ['ignore', 'ignore_ament_install']
[0.983s] Level 1:colcon.colcon_core.package_identification:_identify(src/IFRA_ConveyorBelt/conveyorbelt_gazebo) by extension 'ignore'
[0.983s] Level 1:colcon.colcon_core.package_identification:_identify(src/IFRA_ConveyorBelt/conveyorbelt_gazebo) by extension 'ignore_ament_install'
[0.983s] Level 1:colcon.colcon_core.package_identification:_identify(src/IFRA_ConveyorBelt/conveyorbelt_gazebo) by extensions ['colcon_pkg']
[0.984s] Level 1:colcon.colcon_core.package_identification:_identify(src/IFRA_ConveyorBelt/conveyorbelt_gazebo) by extension 'colcon_pkg'
[0.984s] Level 1:colcon.colcon_core.package_identification:_identify(src/IFRA_ConveyorBelt/conveyorbelt_gazebo) by extensions ['colcon_meta']
[0.984s] Level 1:colcon.colcon_core.package_identification:_identify(src/IFRA_ConveyorBelt/conveyorbelt_gazebo) by extension 'colcon_meta'
[0.984s] Level 1:colcon.colcon_core.package_identification:_identify(src/IFRA_ConveyorBelt/conveyorbelt_gazebo) by extensions ['ros']
[0.984s] Level 1:colcon.colcon_core.package_identification:_identify(src/IFRA_ConveyorBelt/conveyorbelt_gazebo) by extension 'ros'
[0.989s] DEBUG:colcon.colcon_core.package_identification:Package 'src/IFRA_ConveyorBelt/conveyorbelt_gazebo' with type 'ros.ament_cmake' and name 'conveyorbelt_gazebo'
[0.990s] Level 1:colcon.colcon_core.package_identification:_identify(src/IFRA_ConveyorBelt/conveyorbelt_msgs) by extensions ['ignore', 'ignore_ament_install']
[0.990s] Level 1:colcon.colcon_core.package_identification:_identify(src/IFRA_ConveyorBelt/conveyorbelt_msgs) by extension 'ignore'
[0.990s] Level 1:colcon.colcon_core.package_identification:_identify(src/IFRA_ConveyorBelt/conveyorbelt_msgs) by extension 'ignore_ament_install'
[0.990s] Level 1:colcon.colcon_core.package_identification:_identify(src/IFRA_ConveyorBelt/conveyorbelt_msgs) by extensions ['colcon_pkg']
[0.990s] Level 1:colcon.colcon_core.package_identification:_identify(src/IFRA_ConveyorBelt/conveyorbelt_msgs) by extension 'colcon_pkg'
[0.990s] Level 1:colcon.colcon_core.package_identification:_identify(src/IFRA_ConveyorBelt/conveyorbelt_msgs) by extensions ['colcon_meta']
[0.991s] Level 1:colcon.colcon_core.package_identification:_identify(src/IFRA_ConveyorBelt/conveyorbelt_msgs) by extension 'colcon_meta'
[0.991s] Level 1:colcon.colcon_core.package_identification:_identify(src/IFRA_ConveyorBelt/conveyorbelt_msgs) by extensions ['ros']
[0.991s] Level 1:colcon.colcon_core.package_identification:_identify(src/IFRA_ConveyorBelt/conveyorbelt_msgs) by extension 'ros'
[0.992s] DEBUG:colcon.colcon_core.package_identification:Package 'src/IFRA_ConveyorBelt/conveyorbelt_msgs' with type 'ros.ament_cmake' and name 'conveyorbelt_msgs'
[0.992s] Level 1:colcon.colcon_core.package_identification:_identify(src/IFRA_ConveyorBelt/ros2_conveyorbelt) by extensions ['ignore', 'ignore_ament_install']
[0.992s] Level 1:colcon.colcon_core.package_identification:_identify(src/IFRA_ConveyorBelt/ros2_conveyorbelt) by extension 'ignore'
[0.993s] Level 1:colcon.colcon_core.package_identification:_identify(src/IFRA_ConveyorBelt/ros2_conveyorbelt) by extension 'ignore_ament_install'
[0.993s] Level 1:colcon.colcon_core.package_identification:_identify(src/IFRA_ConveyorBelt/ros2_conveyorbelt) by extensions ['colcon_pkg']
[0.993s] Level 1:colcon.colcon_core.package_identification:_identify(src/IFRA_ConveyorBelt/ros2_conveyorbelt) by extension 'colcon_pkg'
[0.993s] Level 1:colcon.colcon_core.package_identification:_identify(src/IFRA_ConveyorBelt/ros2_conveyorbelt) by extensions ['colcon_meta']
[0.993s] Level 1:colcon.colcon_core.package_identification:_identify(src/IFRA_ConveyorBelt/ros2_conveyorbelt) by extension 'colcon_meta'
[0.993s] Level 1:colcon.colcon_core.package_identification:_identify(src/IFRA_ConveyorBelt/ros2_conveyorbelt) by extensions ['ros']
[0.993s] Level 1:colcon.colcon_core.package_identification:_identify(src/IFRA_ConveyorBelt/ros2_conveyorbelt) by extension 'ros'
[1.008s] DEBUG:colcon.colcon_core.package_identification:Package 'src/IFRA_ConveyorBelt/ros2_conveyorbelt' with type 'ros.ament_cmake' and name 'ros2_conveyorbelt'
[1.008s] Level 1:colcon.colcon_core.package_identification:_identify(src/banda) by extensions ['ignore', 'ignore_ament_install']
[1.009s] Level 1:colcon.colcon_core.package_identification:_identify(src/banda) by extension 'ignore'
[1.009s] Level 1:colcon.colcon_core.package_identification:_identify(src/banda) by extension 'ignore_ament_install'
[1.009s] Level 1:colcon.colcon_core.package_identification:_identify(src/banda) by extensions ['colcon_pkg']
[1.009s] Level 1:colcon.colcon_core.package_identification:_identify(src/banda) by extension 'colcon_pkg'
[1.009s] Level 1:colcon.colcon_core.package_identification:_identify(src/banda) by extensions ['colcon_meta']
[1.009s] Level 1:colcon.colcon_core.package_identification:_identify(src/banda) by extension 'colcon_meta'
[1.010s] Level 1:colcon.colcon_core.package_identification:_identify(src/banda) by extensions ['ros']
[1.010s] Level 1:colcon.colcon_core.package_identification:_identify(src/banda) by extension 'ros'
[1.011s] DEBUG:colcon.colcon_core.package_identification:Package 'src/banda' with type 'ros.ament_python' and name 'banda'
[1.011s] Level 1:colcon.colcon_core.package_discovery:discover_packages(recursive) using defaults
[1.011s] Level 1:colcon.colcon_core.package_discovery:discover_packages(ignore) discover
[1.011s] Level 1:colcon.colcon_core.package_discovery:discover_packages(ignore) using defaults
[1.011s] Level 1:colcon.colcon_core.package_discovery:discover_packages(path) discover
[1.011s] Level 1:colcon.colcon_core.package_discovery:discover_packages(path) using defaults
[1.047s] Level 1:colcon.colcon_core.package_discovery:discover_packages(prefix_path) check parameters
[1.047s] Level 1:colcon.colcon_core.package_discovery:discover_packages(prefix_path) discover
[1.051s] DEBUG:colcon.colcon_installed_package_information.package_discovery:Found 5 installed packages in /home/chino/fabrica_ws/install
[1.055s] DEBUG:colcon.colcon_installed_package_information.package_discovery:Found 507 installed packages in /opt/ros/humble
[1.061s] Level 1:colcon.colcon_core.package_discovery:discover_packages(prefix_path) using defaults
[1.178s] Level 5:colcon.colcon_core.verb:set package 'banda' build argument 'cmake_args' from command line to 'None'
[1.178s] Level 5:colcon.colcon_core.verb:set package 'banda' build argument 'cmake_target' from command line to 'None'
[1.178s] Level 5:colcon.colcon_core.verb:set package 'banda' build argument 'cmake_target_skip_unavailable' from command line to 'False'
[1.178s] Level 5:colcon.colcon_core.verb:set package 'banda' build argument 'cmake_clean_cache' from command line to 'False'
[1.178s] Level 5:colcon.colcon_core.verb:set package 'banda' build argument 'cmake_clean_first' from command line to 'False'
[1.178s] Level 5:colcon.colcon_core.verb:set package 'banda' build argument 'cmake_force_configure' from command line to 'False'
[1.178s] Level 5:colcon.colcon_core.verb:set package 'banda' build argument 'ament_cmake_args' from command line to 'None'
[1.178s] Level 5:colcon.colcon_core.verb:set package 'banda' build argument 'catkin_cmake_args' from command line to 'None'
[1.178s] Level 5:colcon.colcon_core.verb:set package 'banda' build argument 'catkin_skip_building_tests' from command line to 'False'
[1.178s] DEBUG:colcon.colcon_core.verb:Building package 'banda' with the following arguments: {'ament_cmake_args': None, 'build_base': '/home/chino/fabrica_ws/build/banda', 'catkin_cmake_args': None, 'catkin_skip_building_tests': False, 'cmake_args': None, 'cmake_clean_cache': False, 'cmake_clean_first': False, 'cmake_force_configure': False, 'cmake_target': None, 'cmake_target_skip_unavailable': False, 'install_base': '/home/chino/fabrica_ws/install/banda', 'merge_install': False, 'path': '/home/chino/fabrica_ws/src/banda', 'symlink_install': False, 'test_result_base': None}
[1.179s] Level 5:colcon.colcon_core.verb:set package 'conveyorbelt_gazebo' build argument 'cmake_args' from command line to 'None'
[1.179s] Level 5:colcon.colcon_core.verb:set package 'conveyorbelt_gazebo' build argument 'cmake_target' from command line to 'None'
[1.179s] Level 5:colcon.colcon_core.verb:set package 'conveyorbelt_gazebo' build argument 'cmake_target_skip_unavailable' from command line to 'False'
[1.179s] Level 5:colcon.colcon_core.verb:set package 'conveyorbelt_gazebo' build argument 'cmake_clean_cache' from command line to 'False'
[1.180s] Level 5:colcon.colcon_core.verb:set package 'conveyorbelt_gazebo' build argument 'cmake_clean_first' from command line to 'False'
[1.180s] Level 5:colcon.colcon_core.verb:set package 'conveyorbelt_gazebo' build argument 'cmake_force_configure' from command line to 'False'
[1.180s] Level 5:colcon.colcon_core.verb:set package 'conveyorbelt_gazebo' build argument 'ament_cmake_args' from command line to 'None'
[1.180s] Level 5:colcon.colcon_core.verb:set package 'conveyorbelt_gazebo' build argument 'catkin_cmake_args' from command line to 'None'
[1.180s] Level 5:colcon.colcon_core.verb:set package 'conveyorbelt_gazebo' build argument 'catkin_skip_building_tests' from command line to 'False'
[1.180s] DEBUG:colcon.colcon_core.verb:Building package 'conveyorbelt_gazebo' with the following arguments: {'ament_cmake_args': None, 'build_base': '/home/chino/fabrica_ws/build/conveyorbelt_gazebo', 'catkin_cmake_args': None, 'catkin_skip_building_tests': False, 'cmake_args': None, 'cmake_clean_cache': False, 'cmake_clean_first': False, 'cmake_force_configure': False, 'cmake_target': None, 'cmake_target_skip_unavailable': False, 'install_base': '/home/chino/fabrica_ws/install/conveyorbelt_gazebo', 'merge_install': False, 'path': '/home/chino/fabrica_ws/src/IFRA_ConveyorBelt/conveyorbelt_gazebo', 'symlink_install': False, 'test_result_base': None}
[1.181s] Level 5:colcon.colcon_core.verb:set package 'conveyorbelt_msgs' build argument 'cmake_args' from command line to 'None'
[1.181s] Level 5:colcon.colcon_core.verb:set package 'conveyorbelt_msgs' build argument 'cmake_target' from command line to 'None'
[1.181s] Level 5:colcon.colcon_core.verb:set package 'conveyorbelt_msgs' build argument 'cmake_target_skip_unavailable' from command line to 'False'
[1.181s] Level 5:colcon.colcon_core.verb:set package 'conveyorbelt_msgs' build argument 'cmake_clean_cache' from command line to 'False'
[1.181s] Level 5:colcon.colcon_core.verb:set package 'conveyorbelt_msgs' build argument 'cmake_clean_first' from command line to 'False'
[1.181s] Level 5:colcon.colcon_core.verb:set package 'conveyorbelt_msgs' build argument 'cmake_force_configure' from command line to 'False'
[1.181s] Level 5:colcon.colcon_core.verb:set package 'conveyorbelt_msgs' build argument 'ament_cmake_args' from command line to 'None'
[1.181s] Level 5:colcon.colcon_core.verb:set package 'conveyorbelt_msgs' build argument 'catkin_cmake_args' from command line to 'None'
[1.181s] Level 5:colcon.colcon_core.verb:set package 'conveyorbelt_msgs' build argument 'catkin_skip_building_tests' from command line to 'False'
[1.181s] DEBUG:colcon.colcon_core.verb:Building package 'conveyorbelt_msgs' with the following arguments: {'ament_cmake_args': None, 'build_base': '/home/chino/fabrica_ws/build/conveyorbelt_msgs', 'catkin_cmake_args': None, 'catkin_skip_building_tests': False, 'cmake_args': None, 'cmake_clean_cache': False, 'cmake_clean_first': False, 'cmake_force_configure': False, 'cmake_target': None, 'cmake_target_skip_unavailable': False, 'install_base': '/home/chino/fabrica_ws/install/conveyorbelt_msgs', 'merge_install': False, 'path': '/home/chino/fabrica_ws/src/IFRA_ConveyorBelt/conveyorbelt_msgs', 'symlink_install': False, 'test_result_base': None}
[1.182s] Level 5:colcon.colcon_core.verb:set package 'ros2_conveyorbelt' build argument 'cmake_args' from command line to 'None'
[1.182s] Level 5:colcon.colcon_core.verb:set package 'ros2_conveyorbelt' build argument 'cmake_target' from command line to 'None'
[1.182s] Level 5:colcon.colcon_core.verb:set package 'ros2_conveyorbelt' build argument 'cmake_target_skip_unavailable' from command line to 'False'
[1.182s] Level 5:colcon.colcon_core.verb:set package 'ros2_conveyorbelt' build argument 'cmake_clean_cache' from command line to 'False'
[1.182s] Level 5:colcon.colcon_core.verb:set package 'ros2_conveyorbelt' build argument 'cmake_clean_first' from command line to 'False'
[1.182s] Level 5:colcon.colcon_core.verb:set package 'ros2_conveyorbelt' build argument 'cmake_force_configure' from command line to 'False'
[1.182s] Level 5:colcon.colcon_core.verb:set package 'ros2_conveyorbelt' build argument 'ament_cmake_args' from command line to 'None'
[1.182s] Level 5:colcon.colcon_core.verb:set package 'ros2_conveyorbelt' build argument 'catkin_cmake_args' from command line to 'None'
[1.182s] Level 5:colcon.colcon_core.verb:set package 'ros2_conveyorbelt' build argument 'catkin_skip_building_tests' from command line to 'False'
[1.182s] DEBUG:colcon.colcon_core.verb:Building package 'ros2_conveyorbelt' with the following arguments: {'ament_cmake_args': None, 'build_base': '/home/chino/fabrica_ws/build/ros2_conveyorbelt', 'catkin_cmake_args': None, 'catkin_skip_building_tests': False, 'cmake_args': None, 'cmake_clean_cache': False, 'cmake_clean_first': False, 'cmake_force_configure': False, 'cmake_target': None, 'cmake_target_skip_unavailable': False, 'install_base': '/home/chino/fabrica_ws/install/ros2_conveyorbelt', 'merge_install': False, 'path': '/home/chino/fabrica_ws/src/IFRA_ConveyorBelt/ros2_conveyorbelt', 'symlink_install': False, 'test_result_base': None}
[1.183s] INFO:colcon.colcon_core.executor:Executing jobs using 'parallel' executor
[1.185s] DEBUG:colcon.colcon_parallel_executor.executor.parallel:run_until_complete
[1.186s] INFO:colcon.colcon_ros.task.ament_cmake.build:Building ROS package in '/home/chino/fabrica_ws/src/IFRA_ConveyorBelt/conveyorbelt_msgs' with build type 'ament_cmake'
[1.186s] INFO:colcon.colcon_cmake.task.cmake.build:Building CMake package in '/home/chino/fabrica_ws/src/IFRA_ConveyorBelt/conveyorbelt_msgs'
[1.192s] INFO:colcon.colcon_core.plugin_system:Skipping extension 'colcon_core.shell.bat': Not used on non-Windows systems
[1.192s] INFO:colcon.colcon_core.shell:Skip shell extension 'powershell' for command environment: Not usable outside of PowerShell
[1.192s] DEBUG:colcon.colcon_core.shell:Skip shell extension 'dsv' for command environment
[1.201s] INFO:colcon.colcon_ros.task.ament_python.build:Building ROS package in '/home/chino/fabrica_ws/src/banda' with build type 'ament_python'
[1.202s] Level 1:colcon.colcon_core.shell:create_environment_hook('banda', 'ament_prefix_path')
[1.203s] INFO:colcon.colcon_core.shell:Creating environment hook '/home/chino/fabrica_ws/install/banda/share/banda/hook/ament_prefix_path.ps1'
[1.204s] INFO:colcon.colcon_core.shell:Creating environment descriptor '/home/chino/fabrica_ws/install/banda/share/banda/hook/ament_prefix_path.dsv'
[1.205s] INFO:colcon.colcon_core.shell:Creating environment hook '/home/chino/fabrica_ws/install/banda/share/banda/hook/ament_prefix_path.sh'
[1.207s] INFO:colcon.colcon_core.shell:Skip shell extension 'powershell' for command environment: Not usable outside of PowerShell
[1.207s] DEBUG:colcon.colcon_core.shell:Skip shell extension 'dsv' for command environment
[1.215s] INFO:colcon.colcon_ros.task.ament_cmake.build:Building ROS package in '/home/chino/fabrica_ws/src/IFRA_ConveyorBelt/conveyorbelt_gazebo' with build type 'ament_cmake'
[1.216s] INFO:colcon.colcon_cmake.task.cmake.build:Building CMake package in '/home/chino/fabrica_ws/src/IFRA_ConveyorBelt/conveyorbelt_gazebo'
[1.216s] INFO:colcon.colcon_core.shell:Skip shell extension 'powershell' for command environment: Not usable outside of PowerShell
[1.216s] DEBUG:colcon.colcon_core.shell:Skip shell extension 'dsv' for command environment
[1.236s] DEBUG:colcon.colcon_core.event_handler.log_command:Invoking command in '/home/chino/fabrica_ws/build/conveyorbelt_msgs': CMAKE_PREFIX_PATH=${CMAKE_PREFIX_PATH}:/home/chino/fabrica_ws/install/banda:/opt/ros/humble /usr/bin/cmake --build /home/chino/fabrica_ws/build/conveyorbelt_msgs -- -j16 -l16
[1.764s] INFO:colcon.colcon_core.task.python.build:Building Python package in '/home/chino/fabrica_ws/src/banda'
[1.765s] INFO:colcon.colcon_core.shell:Skip shell extension 'powershell' for command environment: Not usable outside of PowerShell
[1.765s] DEBUG:colcon.colcon_core.shell:Skip shell extension 'dsv' for command environment
[1.797s] DEBUG:colcon.colcon_core.event_handler.log_command:Invoking command in '/home/chino/fabrica_ws/build/conveyorbelt_gazebo': CMAKE_PREFIX_PATH=${CMAKE_PREFIX_PATH}:/home/chino/fabrica_ws/install/banda:/opt/ros/humble /usr/bin/cmake --build /home/chino/fabrica_ws/build/conveyorbelt_gazebo -- -j16 -l16
[0.985s] DEBUG:colcon.colcon_core.event_handler.log_command:Invoked command in '/home/chino/fabrica_ws/build/conveyorbelt_gazebo' returned '0': CMAKE_PREFIX_PATH=${CMAKE_PREFIX_PATH}:/home/chino/fabrica_ws/install/banda:/opt/ros/humble /usr/bin/cmake --build /home/chino/fabrica_ws/build/conveyorbelt_gazebo -- -j16 -l16
[1.006s] DEBUG:colcon.colcon_core.event_handler.log_command:Invoking command in '/home/chino/fabrica_ws/build/conveyorbelt_gazebo': CMAKE_PREFIX_PATH=${CMAKE_PREFIX_PATH}:/home/chino/fabrica_ws/install/banda:/opt/ros/humble /usr/bin/cmake --install /home/chino/fabrica_ws/build/conveyorbelt_gazebo
[1.032s] Level 1:colcon.colcon_core.environment:create_environment_scripts_only(conveyorbelt_gazebo)
[1.034s] DEBUG:colcon.colcon_core.event_handler.log_command:Invoked command in '/home/chino/fabrica_ws/build/conveyorbelt_gazebo' returned '0': CMAKE_PREFIX_PATH=${CMAKE_PREFIX_PATH}:/home/chino/fabrica_ws/install/banda:/opt/ros/humble /usr/bin/cmake --install /home/chino/fabrica_ws/build/conveyorbelt_gazebo
[1.038s] Level 1:colcon.colcon_core.environment:checking '/home/chino/fabrica_ws/install/conveyorbelt_gazebo' for CMake module files
[1.039s] Level 1:colcon.colcon_core.environment:checking '/home/chino/fabrica_ws/install/conveyorbelt_gazebo' for CMake config files
[1.040s] Level 1:colcon.colcon_core.shell:create_environment_hook('conveyorbelt_gazebo', 'cmake_prefix_path')
[1.040s] INFO:colcon.colcon_core.shell:Creating environment hook '/home/chino/fabrica_ws/install/conveyorbelt_gazebo/share/conveyorbelt_gazebo/hook/cmake_prefix_path.ps1'
[1.042s] INFO:colcon.colcon_core.shell:Creating environment descriptor '/home/chino/fabrica_ws/install/conveyorbelt_gazebo/share/conveyorbelt_gazebo/hook/cmake_prefix_path.dsv'
[1.042s] INFO:colcon.colcon_core.shell:Creating environment hook '/home/chino/fabrica_ws/install/conveyorbelt_gazebo/share/conveyorbelt_gazebo/hook/cmake_prefix_path.sh'
[1.044s] Level 1:colcon.colcon_core.environment:checking '/home/chino/fabrica_ws/install/conveyorbelt_gazebo/bin'
[1.044s] Level 1:colcon.colcon_core.environment:checking '/home/chino/fabrica_ws/install/conveyorbelt_gazebo/lib/pkgconfig/conveyorbelt_gazebo.pc'
[1.044s] Level 1:colcon.colcon_core.environment:checking '/home/chino/fabrica_ws/install/conveyorbelt_gazebo/lib/python3.10/site-packages'
[1.045s] Level 1:colcon.colcon_core.environment:checking '/home/chino/fabrica_ws/install/conveyorbelt_gazebo/bin'
[1.046s] INFO:colcon.colcon_core.shell:Creating package script '/home/chino/fabrica_ws/install/conveyorbelt_gazebo/share/conveyorbelt_gazebo/package.ps1'
[1.047s] INFO:colcon.colcon_core.shell:Creating package descriptor '/home/chino/fabrica_ws/install/conveyorbelt_gazebo/share/conveyorbelt_gazebo/package.dsv'
[1.048s] INFO:colcon.colcon_core.shell:Creating package script '/home/chino/fabrica_ws/install/conveyorbelt_gazebo/share/conveyorbelt_gazebo/package.sh'
[1.049s] INFO:colcon.colcon_core.shell:Creating package script '/home/chino/fabrica_ws/install/conveyorbelt_gazebo/share/conveyorbelt_gazebo/package.bash'
[1.051s] INFO:colcon.colcon_core.shell:Creating package script '/home/chino/fabrica_ws/install/conveyorbelt_gazebo/share/conveyorbelt_gazebo/package.zsh'
[1.052s] Level 1:colcon.colcon_core.environment:create_file_with_runtime_dependencies(/home/chino/fabrica_ws/install/conveyorbelt_gazebo/share/colcon-core/packages/conveyorbelt_gazebo)
[1.053s] Level 1:colcon.colcon_core.environment:create_environment_scripts_only(conveyorbelt_gazebo)
[1.054s] Level 1:colcon.colcon_core.environment:checking '/home/chino/fabrica_ws/install/conveyorbelt_gazebo' for CMake module files
[1.055s] Level 1:colcon.colcon_core.environment:checking '/home/chino/fabrica_ws/install/conveyorbelt_gazebo' for CMake config files
[1.055s] Level 1:colcon.colcon_core.shell:create_environment_hook('conveyorbelt_gazebo', 'cmake_prefix_path')
[1.056s] INFO:colcon.colcon_core.shell:Creating environment hook '/home/chino/fabrica_ws/install/conveyorbelt_gazebo/share/conveyorbelt_gazebo/hook/cmake_prefix_path.ps1'
[1.057s] INFO:colcon.colcon_core.shell:Creating environment descriptor '/home/chino/fabrica_ws/install/conveyorbelt_gazebo/share/conveyorbelt_gazebo/hook/cmake_prefix_path.dsv'
[1.057s] INFO:colcon.colcon_core.shell:Creating environment hook '/home/chino/fabrica_ws/install/conveyorbelt_gazebo/share/conveyorbelt_gazebo/hook/cmake_prefix_path.sh'
[1.058s] Level 1:colcon.colcon_core.environment:checking '/home/chino/fabrica_ws/install/conveyorbelt_gazebo/bin'
[1.059s] Level 1:colcon.colcon_core.environment:checking '/home/chino/fabrica_ws/install/conveyorbelt_gazebo/lib/pkgconfig/conveyorbelt_gazebo.pc'
[1.059s] Level 1:colcon.colcon_core.environment:checking '/home/chino/fabrica_ws/install/conveyorbelt_gazebo/lib/python3.10/site-packages'
[1.060s] Level 1:colcon.colcon_core.environment:checking '/home/chino/fabrica_ws/install/conveyorbelt_gazebo/bin'
[1.060s] INFO:colcon.colcon_core.shell:Creating package script '/home/chino/fabrica_ws/install/conveyorbelt_gazebo/share/conveyorbelt_gazebo/package.ps1'
[1.061s] INFO:colcon.colcon_core.shell:Creating package descriptor '/home/chino/fabrica_ws/install/conveyorbelt_gazebo/share/conveyorbelt_gazebo/package.dsv'
[1.062s] INFO:colcon.colcon_core.shell:Creating package script '/home/chino/fabrica_ws/install/conveyorbelt_gazebo/share/conveyorbelt_gazebo/package.sh'
[1.063s] INFO:colcon.colcon_core.shell:Creating package script '/home/chino/fabrica_ws/install/conveyorbelt_gazebo/share/conveyorbelt_gazebo/package.bash'
[1.064s] INFO:colcon.colcon_core.shell:Creating package script '/home/chino/fabrica_ws/install/conveyorbelt_gazebo/share/conveyorbelt_gazebo/package.zsh'
[1.065s] Level 1:colcon.colcon_core.environment:create_file_with_runtime_dependencies(/home/chino/fabrica_ws/install/conveyorbelt_gazebo/share/colcon-core/packages/conveyorbelt_gazebo)
[1.091s] DEBUG:colcon.colcon_core.event_handler.log_command:Invoked command in '/home/chino/fabrica_ws/build/conveyorbelt_msgs' returned '0': CMAKE_PREFIX_PATH=${CMAKE_PREFIX_PATH}:/home/chino/fabrica_ws/install/banda:/opt/ros/humble /usr/bin/cmake --build /home/chino/fabrica_ws/build/conveyorbelt_msgs -- -j16 -l16
[1.095s] DEBUG:colcon.colcon_core.event_handler.log_command:Invoking command in '/home/chino/fabrica_ws/build/conveyorbelt_msgs': CMAKE_PREFIX_PATH=${CMAKE_PREFIX_PATH}:/home/chino/fabrica_ws/install/banda:/opt/ros/humble /usr/bin/cmake --install /home/chino/fabrica_ws/build/conveyorbelt_msgs
[1.228s] Level 1:colcon.colcon_core.environment:create_environment_scripts_only(conveyorbelt_msgs)
[1.229s] Level 1:colcon.colcon_core.environment:checking '/home/chino/fabrica_ws/install/conveyorbelt_msgs' for CMake module files
[1.230s] DEBUG:colcon.colcon_core.event_handler.log_command:Invoked command in '/home/chino/fabrica_ws/build/conveyorbelt_msgs' returned '0': CMAKE_PREFIX_PATH=${CMAKE_PREFIX_PATH}:/home/chino/fabrica_ws/install/banda:/opt/ros/humble /usr/bin/cmake --install /home/chino/fabrica_ws/build/conveyorbelt_msgs
[1.231s] Level 1:colcon.colcon_core.environment:checking '/home/chino/fabrica_ws/install/conveyorbelt_msgs' for CMake config files
[1.233s] Level 1:colcon.colcon_core.shell:create_environment_hook('conveyorbelt_msgs', 'cmake_prefix_path')
[1.233s] INFO:colcon.colcon_core.shell:Creating environment hook '/home/chino/fabrica_ws/install/conveyorbelt_msgs/share/conveyorbelt_msgs/hook/cmake_prefix_path.ps1'
[1.234s] INFO:colcon.colcon_core.shell:Creating environment descriptor '/home/chino/fabrica_ws/install/conveyorbelt_msgs/share/conveyorbelt_msgs/hook/cmake_prefix_path.dsv'
[1.235s] INFO:colcon.colcon_core.shell:Creating environment hook '/home/chino/fabrica_ws/install/conveyorbelt_msgs/share/conveyorbelt_msgs/hook/cmake_prefix_path.sh'
[1.236s] Level 1:colcon.colcon_core.environment:checking '/home/chino/fabrica_ws/install/conveyorbelt_msgs/lib'
[1.237s] Level 1:colcon.colcon_core.shell:create_environment_hook('conveyorbelt_msgs', 'ld_library_path_lib')
[1.237s] INFO:colcon.colcon_core.shell:Creating environment hook '/home/chino/fabrica_ws/install/conveyorbelt_msgs/share/conveyorbelt_msgs/hook/ld_library_path_lib.ps1'
[1.238s] INFO:colcon.colcon_core.shell:Creating environment descriptor '/home/chino/fabrica_ws/install/conveyorbelt_msgs/share/conveyorbelt_msgs/hook/ld_library_path_lib.dsv'
[1.239s] INFO:colcon.colcon_core.shell:Creating environment hook '/home/chino/fabrica_ws/install/conveyorbelt_msgs/share/conveyorbelt_msgs/hook/ld_library_path_lib.sh'
[1.240s] Level 1:colcon.colcon_core.environment:checking '/home/chino/fabrica_ws/install/conveyorbelt_msgs/bin'
[1.241s] Level 1:colcon.colcon_core.environment:checking '/home/chino/fabrica_ws/install/conveyorbelt_msgs/lib/pkgconfig/conveyorbelt_msgs.pc'
[1.241s] Level 1:colcon.colcon_core.environment:checking '/home/chino/fabrica_ws/install/conveyorbelt_msgs/lib/python3.10/site-packages'
[1.242s] Level 1:colcon.colcon_core.environment:checking '/home/chino/fabrica_ws/install/conveyorbelt_msgs/bin'
[1.243s] INFO:colcon.colcon_core.shell:Creating package script '/home/chino/fabrica_ws/install/conveyorbelt_msgs/share/conveyorbelt_msgs/package.ps1'
[1.244s] INFO:colcon.colcon_core.shell:Creating package descriptor '/home/chino/fabrica_ws/install/conveyorbelt_msgs/share/conveyorbelt_msgs/package.dsv'
[1.245s] INFO:colcon.colcon_core.shell:Creating package script '/home/chino/fabrica_ws/install/conveyorbelt_msgs/share/conveyorbelt_msgs/package.sh'
[1.246s] INFO:colcon.colcon_core.shell:Creating package script '/home/chino/fabrica_ws/install/conveyorbelt_msgs/share/conveyorbelt_msgs/package.bash'
[1.247s] INFO:colcon.colcon_core.shell:Creating package script '/home/chino/fabrica_ws/install/conveyorbelt_msgs/share/conveyorbelt_msgs/package.zsh'
[1.248s] Level 1:colcon.colcon_core.environment:create_file_with_runtime_dependencies(/home/chino/fabrica_ws/install/conveyorbelt_msgs/share/colcon-core/packages/conveyorbelt_msgs)
[1.249s] Level 1:colcon.colcon_core.environment:create_environment_scripts_only(conveyorbelt_msgs)
[1.250s] Level 1:colcon.colcon_core.environment:checking '/home/chino/fabrica_ws/install/conveyorbelt_msgs' for CMake module files
[1.251s] Level 1:colcon.colcon_core.environment:checking '/home/chino/fabrica_ws/install/conveyorbelt_msgs' for CMake config files
[1.252s] Level 1:colcon.colcon_core.shell:create_environment_hook('conveyorbelt_msgs', 'cmake_prefix_path')
[1.253s] INFO:colcon.colcon_core.shell:Creating environment hook '/home/chino/fabrica_ws/install/conveyorbelt_msgs/share/conveyorbelt_msgs/hook/cmake_prefix_path.ps1'
[1.254s] INFO:colcon.colcon_core.shell:Creating environment descriptor '/home/chino/fabrica_ws/install/conveyorbelt_msgs/share/conveyorbelt_msgs/hook/cmake_prefix_path.dsv'
[1.255s] INFO:colcon.colcon_core.shell:Creating environment hook '/home/chino/fabrica_ws/install/conveyorbelt_msgs/share/conveyorbelt_msgs/hook/cmake_prefix_path.sh'
[1.256s] Level 1:colcon.colcon_core.environment:checking '/home/chino/fabrica_ws/install/conveyorbelt_msgs/lib'
[1.256s] Level 1:colcon.colcon_core.shell:create_environment_hook('conveyorbelt_msgs', 'ld_library_path_lib')
[1.257s] INFO:colcon.colcon_core.shell:Creating environment hook '/home/chino/fabrica_ws/install/conveyorbelt_msgs/share/conveyorbelt_msgs/hook/ld_library_path_lib.ps1'
[1.258s] INFO:colcon.colcon_core.shell:Creating environment descriptor '/home/chino/fabrica_ws/install/conveyorbelt_msgs/share/conveyorbelt_msgs/hook/ld_library_path_lib.dsv'
[1.259s] INFO:colcon.colcon_core.shell:Creating environment hook '/home/chino/fabrica_ws/install/conveyorbelt_msgs/share/conveyorbelt_msgs/hook/ld_library_path_lib.sh'
[1.260s] Level 1:colcon.colcon_core.environment:checking '/home/chino/fabrica_ws/install/conveyorbelt_msgs/bin'
[1.260s] Level 1:colcon.colcon_core.environment:checking '/home/chino/fabrica_ws/install/conveyorbelt_msgs/lib/pkgconfig/conveyorbelt_msgs.pc'
[1.260s] Level 1:colcon.colcon_core.environment:checking '/home/chino/fabrica_ws/install/conveyorbelt_msgs/lib/python3.10/site-packages'
[1.261s] Level 1:colcon.colcon_core.environment:checking '/home/chino/fabrica_ws/install/conveyorbelt_msgs/bin'
[1.262s] INFO:colcon.colcon_core.shell:Creating package script '/home/chino/fabrica_ws/install/conveyorbelt_msgs/share/conveyorbelt_msgs/package.ps1'
[1.263s] INFO:colcon.colcon_core.shell:Creating package descriptor '/home/chino/fabrica_ws/install/conveyorbelt_msgs/share/conveyorbelt_msgs/package.dsv'
[1.264s] INFO:colcon.colcon_core.shell:Creating package script '/home/chino/fabrica_ws/install/conveyorbelt_msgs/share/conveyorbelt_msgs/package.sh'
[1.265s] INFO:colcon.colcon_core.shell:Creating package script '/home/chino/fabrica_ws/install/conveyorbelt_msgs/share/conveyorbelt_msgs/package.bash'
[1.266s] INFO:colcon.colcon_core.shell:Creating package script '/home/chino/fabrica_ws/install/conveyorbelt_msgs/share/conveyorbelt_msgs/package.zsh'
[1.267s] Level 1:colcon.colcon_core.environment:create_file_with_runtime_dependencies(/home/chino/fabrica_ws/install/conveyorbelt_msgs/share/colcon-core/packages/conveyorbelt_msgs)
[1.268s] INFO:colcon.colcon_ros.task.ament_cmake.build:Building ROS package in '/home/chino/fabrica_ws/src/IFRA_ConveyorBelt/ros2_conveyorbelt' with build type 'ament_cmake'
[1.269s] INFO:colcon.colcon_cmake.task.cmake.build:Building CMake package in '/home/chino/fabrica_ws/src/IFRA_ConveyorBelt/ros2_conveyorbelt'
[1.270s] INFO:colcon.colcon_core.shell:Skip shell extension 'powershell' for command environment: Not usable outside of PowerShell
[1.270s] DEBUG:colcon.colcon_core.shell:Skip shell extension 'dsv' for command environment
[1.649s] DEBUG:colcon.colcon_core.event_handler.log_command:Invoking command in '/home/chino/fabrica_ws/src/banda': PYTHONPATH=/home/chino/fabrica_ws/build/banda/prefix_override:/usr/lib/python3/dist-packages/colcon_core/task/python/colcon_distutils_commands:/home/chino/fabrica_ws/install/banda/lib/python3.10/site-packages:${PYTHONPATH} /usr/bin/python3 -W ignore:setup.py install is deprecated -W ignore:easy_install command is deprecated setup.py egg_info --egg-base ../../build/banda build --build-base /home/chino/fabrica_ws/build/banda/build install --record /home/chino/fabrica_ws/build/banda/install.log --single-version-externally-managed install_data
[1.723s] DEBUG:colcon.colcon_core.event_handler.log_command:Invoking command in '/home/chino/fabrica_ws/build/ros2_conveyorbelt': CMAKE_PREFIX_PATH=/home/chino/fabrica_ws/install/conveyorbelt_msgs:/home/chino/fabrica_ws/install/ros2_conveyorbelt:/home/chino/fabrica_ws/install/conveyorbelt_gazebo:/home/chino/fabrica_ws/install/banda:/opt/ros/humble LD_LIBRARY_PATH=/home/chino/fabrica_ws/install/conveyorbelt_msgs/lib:/home/chino/fabrica_ws/install/ros2_conveyorbelt/lib:/usr/lib/x86_64-linux-gnu/gazebo-11/plugins:/opt/ros/humble/opt/rviz_ogre_vendor/lib:/opt/ros/humble/lib/x86_64-linux-gnu:/opt/ros/humble/lib:/usr/share/gazebo/../../lib/x86_64-linux-gnu/gazebo-11/plugins /usr/bin/cmake --build /home/chino/fabrica_ws/build/ros2_conveyorbelt -- -j16 -l16
[1.884s] DEBUG:colcon.colcon_core.event_handler.log_command:Invoked command in '/home/chino/fabrica_ws/build/ros2_conveyorbelt' returned '0': CMAKE_PREFIX_PATH=/home/chino/fabrica_ws/install/conveyorbelt_msgs:/home/chino/fabrica_ws/install/ros2_conveyorbelt:/home/chino/fabrica_ws/install/conveyorbelt_gazebo:/home/chino/fabrica_ws/install/banda:/opt/ros/humble LD_LIBRARY_PATH=/home/chino/fabrica_ws/install/conveyorbelt_msgs/lib:/home/chino/fabrica_ws/install/ros2_conveyorbelt/lib:/usr/lib/x86_64-linux-gnu/gazebo-11/plugins:/opt/ros/humble/opt/rviz_ogre_vendor/lib:/opt/ros/humble/lib/x86_64-linux-gnu:/opt/ros/humble/lib:/usr/share/gazebo/../../lib/x86_64-linux-gnu/gazebo-11/plugins /usr/bin/cmake --build /home/chino/fabrica_ws/build/ros2_conveyorbelt -- -j16 -l16
[1.889s] DEBUG:colcon.colcon_core.event_handler.log_command:Invoking command in '/home/chino/fabrica_ws/build/ros2_conveyorbelt': CMAKE_PREFIX_PATH=/home/chino/fabrica_ws/install/conveyorbelt_msgs:/home/chino/fabrica_ws/install/ros2_conveyorbelt:/home/chino/fabrica_ws/install/conveyorbelt_gazebo:/home/chino/fabrica_ws/install/banda:/opt/ros/humble LD_LIBRARY_PATH=/home/chino/fabrica_ws/install/conveyorbelt_msgs/lib:/home/chino/fabrica_ws/install/ros2_conveyorbelt/lib:/usr/lib/x86_64-linux-gnu/gazebo-11/plugins:/opt/ros/humble/opt/rviz_ogre_vendor/lib:/opt/ros/humble/lib/x86_64-linux-gnu:/opt/ros/humble/lib:/usr/share/gazebo/../../lib/x86_64-linux-gnu/gazebo-11/plugins /usr/bin/cmake --install /home/chino/fabrica_ws/build/ros2_conveyorbelt
[1.914s] Level 1:colcon.colcon_core.environment:create_environment_scripts_only(ros2_conveyorbelt)
[1.915s] Level 1:colcon.colcon_core.environment:checking '/home/chino/fabrica_ws/install/ros2_conveyorbelt' for CMake module files
[1.918s] DEBUG:colcon.colcon_core.event_handler.log_command:Invoked command in '/home/chino/fabrica_ws/build/ros2_conveyorbelt' returned '0': CMAKE_PREFIX_PATH=/home/chino/fabrica_ws/install/conveyorbelt_msgs:/home/chino/fabrica_ws/install/ros2_conveyorbelt:/home/chino/fabrica_ws/install/conveyorbelt_gazebo:/home/chino/fabrica_ws/install/banda:/opt/ros/humble LD_LIBRARY_PATH=/home/chino/fabrica_ws/install/conveyorbelt_msgs/lib:/home/chino/fabrica_ws/install/ros2_conveyorbelt/lib:/usr/lib/x86_64-linux-gnu/gazebo-11/plugins:/opt/ros/humble/opt/rviz_ogre_vendor/lib:/opt/ros/humble/lib/x86_64-linux-gnu:/opt/ros/humble/lib:/usr/share/gazebo/../../lib/x86_64-linux-gnu/gazebo-11/plugins /usr/bin/cmake --install /home/chino/fabrica_ws/build/ros2_conveyorbelt
[1.918s] Level 1:colcon.colcon_core.environment:checking '/home/chino/fabrica_ws/install/ros2_conveyorbelt' for CMake config files
[1.919s] Level 1:colcon.colcon_core.shell:create_environment_hook('ros2_conveyorbelt', 'cmake_prefix_path')
[1.920s] INFO:colcon.colcon_core.shell:Creating environment hook '/home/chino/fabrica_ws/install/ros2_conveyorbelt/share/ros2_conveyorbelt/hook/cmake_prefix_path.ps1'
[1.921s] INFO:colcon.colcon_core.shell:Creating environment descriptor '/home/chino/fabrica_ws/install/ros2_conveyorbelt/share/ros2_conveyorbelt/hook/cmake_prefix_path.dsv'
[1.922s] INFO:colcon.colcon_core.shell:Creating environment hook '/home/chino/fabrica_ws/install/ros2_conveyorbelt/share/ros2_conveyorbelt/hook/cmake_prefix_path.sh'
[1.923s] Level 1:colcon.colcon_core.environment:checking '/home/chino/fabrica_ws/install/ros2_conveyorbelt/lib'
[1.923s] Level 1:colcon.colcon_core.shell:create_environment_hook('ros2_conveyorbelt', 'ld_library_path_lib')
[1.924s] INFO:colcon.colcon_core.shell:Creating environment hook '/home/chino/fabrica_ws/install/ros2_conveyorbelt/share/ros2_conveyorbelt/hook/ld_library_path_lib.ps1'
[1.924s] INFO:colcon.colcon_core.shell:Creating environment descriptor '/home/chino/fabrica_ws/install/ros2_conveyorbelt/share/ros2_conveyorbelt/hook/ld_library_path_lib.dsv'
[1.925s] INFO:colcon.colcon_core.shell:Creating environment hook '/home/chino/fabrica_ws/install/ros2_conveyorbelt/share/ros2_conveyorbelt/hook/ld_library_path_lib.sh'
[1.926s] Level 1:colcon.colcon_core.environment:checking '/home/chino/fabrica_ws/install/ros2_conveyorbelt/bin'
[1.926s] Level 1:colcon.colcon_core.environment:checking '/home/chino/fabrica_ws/install/ros2_conveyorbelt/lib/pkgconfig/ros2_conveyorbelt.pc'
[1.927s] Level 1:colcon.colcon_core.environment:checking '/home/chino/fabrica_ws/install/ros2_conveyorbelt/lib/python3.10/site-packages'
[1.928s] Level 1:colcon.colcon_core.environment:checking '/home/chino/fabrica_ws/install/ros2_conveyorbelt/bin'
[1.928s] INFO:colcon.colcon_core.shell:Creating package script '/home/chino/fabrica_ws/install/ros2_conveyorbelt/share/ros2_conveyorbelt/package.ps1'
[1.929s] INFO:colcon.colcon_core.shell:Creating package descriptor '/home/chino/fabrica_ws/install/ros2_conveyorbelt/share/ros2_conveyorbelt/package.dsv'
[1.931s] INFO:colcon.colcon_core.shell:Creating package script '/home/chino/fabrica_ws/install/ros2_conveyorbelt/share/ros2_conveyorbelt/package.sh'
[1.932s] INFO:colcon.colcon_core.shell:Creating package script '/home/chino/fabrica_ws/install/ros2_conveyorbelt/share/ros2_conveyorbelt/package.bash'
[1.933s] INFO:colcon.colcon_core.shell:Creating package script '/home/chino/fabrica_ws/install/ros2_conveyorbelt/share/ros2_conveyorbelt/package.zsh'
[1.933s] Level 1:colcon.colcon_core.environment:create_file_with_runtime_dependencies(/home/chino/fabrica_ws/install/ros2_conveyorbelt/share/colcon-core/packages/ros2_conveyorbelt)
[1.935s] Level 1:colcon.colcon_core.environment:create_environment_scripts_only(ros2_conveyorbelt)
[1.935s] Level 1:colcon.colcon_core.environment:checking '/home/chino/fabrica_ws/install/ros2_conveyorbelt' for CMake module files
[1.936s] Level 1:colcon.colcon_core.environment:checking '/home/chino/fabrica_ws/install/ros2_conveyorbelt' for CMake config files
[1.937s] Level 1:colcon.colcon_core.shell:create_environment_hook('ros2_conveyorbelt', 'cmake_prefix_path')
[1.937s] INFO:colcon.colcon_core.shell:Creating environment hook '/home/chino/fabrica_ws/install/ros2_conveyorbelt/share/ros2_conveyorbelt/hook/cmake_prefix_path.ps1'
[1.938s] INFO:colcon.colcon_core.shell:Creating environment descriptor '/home/chino/fabrica_ws/install/ros2_conveyorbelt/share/ros2_conveyorbelt/hook/cmake_prefix_path.dsv'
[1.939s] INFO:colcon.colcon_core.shell:Creating environment hook '/home/chino/fabrica_ws/install/ros2_conveyorbelt/share/ros2_conveyorbelt/hook/cmake_prefix_path.sh'
[1.940s] Level 1:colcon.colcon_core.environment:checking '/home/chino/fabrica_ws/install/ros2_conveyorbelt/lib'
[1.940s] Level 1:colcon.colcon_core.shell:create_environment_hook('ros2_conveyorbelt', 'ld_library_path_lib')
[1.941s] INFO:colcon.colcon_core.shell:Creating environment hook '/home/chino/fabrica_ws/install/ros2_conveyorbelt/share/ros2_conveyorbelt/hook/ld_library_path_lib.ps1'
[1.942s] INFO:colcon.colcon_core.shell:Creating environment descriptor '/home/chino/fabrica_ws/install/ros2_conveyorbelt/share/ros2_conveyorbelt/hook/ld_library_path_lib.dsv'
[1.943s] INFO:colcon.colcon_core.shell:Creating environment hook '/home/chino/fabrica_ws/install/ros2_conveyorbelt/share/ros2_conveyorbelt/hook/ld_library_path_lib.sh'
[1.943s] Level 1:colcon.colcon_core.environment:checking '/home/chino/fabrica_ws/install/ros2_conveyorbelt/bin'
[1.944s] Level 1:colcon.colcon_core.environment:checking '/home/chino/fabrica_ws/install/ros2_conveyorbelt/lib/pkgconfig/ros2_conveyorbelt.pc'
[1.944s] Level 1:colcon.colcon_core.environment:checking '/home/chino/fabrica_ws/install/ros2_conveyorbelt/lib/python3.10/site-packages'
[1.945s] Level 1:colcon.colcon_core.environment:checking '/home/chino/fabrica_ws/install/ros2_conveyorbelt/bin'
[1.945s] INFO:colcon.colcon_core.shell:Creating package script '/home/chino/fabrica_ws/install/ros2_conveyorbelt/share/ros2_conveyorbelt/package.ps1'
[1.947s] INFO:colcon.colcon_core.shell:Creating package descriptor '/home/chino/fabrica_ws/install/ros2_conveyorbelt/share/ros2_conveyorbelt/package.dsv'
[1.948s] INFO:colcon.colcon_core.shell:Creating package script '/home/chino/fabrica_ws/install/ros2_conveyorbelt/share/ros2_conveyorbelt/package.sh'
[1.948s] INFO:colcon.colcon_core.shell:Creating package script '/home/chino/fabrica_ws/install/ros2_conveyorbelt/share/ros2_conveyorbelt/package.bash'
[1.949s] INFO:colcon.colcon_core.shell:Creating package script '/home/chino/fabrica_ws/install/ros2_conveyorbelt/share/ros2_conveyorbelt/package.zsh'
[1.950s] Level 1:colcon.colcon_core.environment:create_file_with_runtime_dependencies(/home/chino/fabrica_ws/install/ros2_conveyorbelt/share/colcon-core/packages/ros2_conveyorbelt)
[2.233s] Level 1:colcon.colcon_core.environment:checking '/home/chino/fabrica_ws/install/banda' for CMake module files
[2.235s] DEBUG:colcon.colcon_core.event_handler.log_command:Invoked command in '/home/chino/fabrica_ws/src/banda' returned '0': PYTHONPATH=/home/chino/fabrica_ws/build/banda/prefix_override:/usr/lib/python3/dist-packages/colcon_core/task/python/colcon_distutils_commands:/home/chino/fabrica_ws/install/banda/lib/python3.10/site-packages:${PYTHONPATH} /usr/bin/python3 -W ignore:setup.py install is deprecated -W ignore:easy_install command is deprecated setup.py egg_info --egg-base ../../build/banda build --build-base /home/chino/fabrica_ws/build/banda/build install --record /home/chino/fabrica_ws/build/banda/install.log --single-version-externally-managed install_data
[2.236s] Level 1:colcon.colcon_core.environment:checking '/home/chino/fabrica_ws/install/banda' for CMake config files
[2.237s] Level 1:colcon.colcon_core.environment:checking '/home/chino/fabrica_ws/install/banda/lib'
[2.237s] Level 1:colcon.colcon_core.environment:checking '/home/chino/fabrica_ws/install/banda/bin'
[2.237s] Level 1:colcon.colcon_core.environment:checking '/home/chino/fabrica_ws/install/banda/lib/pkgconfig/banda.pc'
[2.238s] Level 1:colcon.colcon_core.environment:checking '/home/chino/fabrica_ws/install/banda/lib/python3.10/site-packages'
[2.238s] Level 1:colcon.colcon_core.shell:create_environment_hook('banda', 'pythonpath')
[2.238s] INFO:colcon.colcon_core.shell:Creating environment hook '/home/chino/fabrica_ws/install/banda/share/banda/hook/pythonpath.ps1'
[2.239s] INFO:colcon.colcon_core.shell:Creating environment descriptor '/home/chino/fabrica_ws/install/banda/share/banda/hook/pythonpath.dsv'
[2.240s] INFO:colcon.colcon_core.shell:Creating environment hook '/home/chino/fabrica_ws/install/banda/share/banda/hook/pythonpath.sh'
[2.241s] Level 1:colcon.colcon_core.environment:checking '/home/chino/fabrica_ws/install/banda/bin'
[2.242s] Level 1:colcon.colcon_core.environment:create_environment_scripts_only(banda)
[2.242s] INFO:colcon.colcon_core.shell:Creating package script '/home/chino/fabrica_ws/install/banda/share/banda/package.ps1'
[2.243s] INFO:colcon.colcon_core.shell:Creating package descriptor '/home/chino/fabrica_ws/install/banda/share/banda/package.dsv'
[2.244s] INFO:colcon.colcon_core.shell:Creating package script '/home/chino/fabrica_ws/install/banda/share/banda/package.sh'
[2.245s] INFO:colcon.colcon_core.shell:Creating package script '/home/chino/fabrica_ws/install/banda/share/banda/package.bash'
[2.246s] INFO:colcon.colcon_core.shell:Creating package script '/home/chino/fabrica_ws/install/banda/share/banda/package.zsh'
[2.246s] Level 1:colcon.colcon_core.environment:create_file_with_runtime_dependencies(/home/chino/fabrica_ws/install/banda/share/colcon-core/packages/banda)
[2.247s] DEBUG:colcon.colcon_parallel_executor.executor.parallel:closing loop
[2.249s] DEBUG:colcon.colcon_parallel_executor.executor.parallel:loop closed
[2.249s] DEBUG:colcon.colcon_parallel_executor.executor.parallel:run_until_complete finished with '0'
[2.250s] DEBUG:colcon.colcon_core.event_reactor:joining thread
[2.472s] INFO:colcon.colcon_core.plugin_system:Skipping extension 'colcon_notification.desktop_notification.notify_send': Could not find 'notify-send'
[2.472s] INFO:colcon.colcon_core.plugin_system:Skipping extension 'colcon_notification.desktop_notification.terminal_notifier': Not used on non-Darwin systems
[2.472s] INFO:colcon.colcon_core.plugin_system:Skipping extension 'colcon_notification.desktop_notification.win32': Not used on non-Windows systems
[2.472s] INFO:colcon.colcon_notification.desktop_notification:Sending desktop notification using 'notify2'
[2.473s] DEBUG:colcon.colcon_notification.desktop_notification.notify2:Failed to initialize notify2: org.freedesktop.DBus.Error.FileNotFound: Failed to connect to socket /run/user/1000/bus: No such file or directory
[2.473s] DEBUG:colcon.colcon_core.event_reactor:joined thread
[2.474s] INFO:colcon.colcon_core.shell:Creating prefix script '/home/chino/fabrica_ws/install/local_setup.ps1'
[2.475s] INFO:colcon.colcon_core.shell:Creating prefix util module '/home/chino/fabrica_ws/install/_local_setup_util_ps1.py'
[2.478s] INFO:colcon.colcon_core.shell:Creating prefix chain script '/home/chino/fabrica_ws/install/setup.ps1'
[2.480s] INFO:colcon.colcon_core.shell:Creating prefix script '/home/chino/fabrica_ws/install/local_setup.sh'
[2.481s] INFO:colcon.colcon_core.shell:Creating prefix util module '/home/chino/fabrica_ws/install/_local_setup_util_sh.py'
[2.482s] INFO:colcon.colcon_core.shell:Creating prefix chain script '/home/chino/fabrica_ws/install/setup.sh'
[2.484s] INFO:colcon.colcon_core.shell:Creating prefix script '/home/chino/fabrica_ws/install/local_setup.bash'
[2.485s] INFO:colcon.colcon_core.shell:Creating prefix chain script '/home/chino/fabrica_ws/install/setup.bash'
[2.487s] INFO:colcon.colcon_core.shell:Creating prefix script '/home/chino/fabrica_ws/install/local_setup.zsh'
[2.488s] INFO:colcon.colcon_core.shell:Creating prefix chain script '/home/chino/fabrica_ws/install/setup.zsh'
