[1.407s] Invoking command in '/home/chino/fabrica_ws/src/banda': PYTHONPATH=/home/chino/fabrica_ws/build/banda/prefix_override:/usr/lib/python3/dist-packages/colcon_core/task/python/colcon_distutils_commands:/home/chino/fabrica_ws/install/banda/lib/python3.10/site-packages:${PYTHONPATH} /usr/bin/python3 -W ignore:setup.py install is deprecated -W ignore:easy_install command is deprecated setup.py egg_info --egg-base ../../build/banda build --build-base /home/chino/fabrica_ws/build/banda/build install --record /home/chino/fabrica_ws/build/banda/install.log --single-version-externally-managed install_data
[1.946s] running egg_info
[1.947s] writing ../../build/banda/banda.egg-info/PKG-INFO
[1.947s] writing dependency_links to ../../build/banda/banda.egg-info/dependency_links.txt
[1.948s] writing entry points to ../../build/banda/banda.egg-info/entry_points.txt
[1.948s] writing requirements to ../../build/banda/banda.egg-info/requires.txt
[1.949s] writing top-level names to ../../build/banda/banda.egg-info/top_level.txt
[1.952s] reading manifest file '../../build/banda/banda.egg-info/SOURCES.txt'
[1.952s] adding license file 'LICENSE'
[1.955s] writing manifest file '../../build/banda/banda.egg-info/SOURCES.txt'
[1.955s] running build
[1.956s] running build_py
[1.956s] running install
[1.956s] running install_lib
[1.957s] running install_data
[1.958s] copying launch/display.launch.py -> /home/chino/fabrica_ws/install/banda/share/banda/launch
[1.958s] copying launch/gazebo.launch.py -> /home/chino/fabrica_ws/install/banda/share/banda/launch
[1.959s] running install_egg_info
[1.963s] removing '/home/chino/fabrica_ws/install/banda/lib/python3.10/site-packages/banda-0.0.0-py3.10.egg-info' (and everything under it)
[1.964s] Copying ../../build/banda/banda.egg-info to /home/chino/fabrica_ws/install/banda/lib/python3.10/site-packages/banda-0.0.0-py3.10.egg-info
[1.967s] running install_scripts
[2.005s] writing list of installed files to '/home/chino/fabrica_ws/build/banda/install.log'
[2.052s] Invoked command in '/home/chino/fabrica_ws/src/banda' returned '0': PYTHONPATH=/home/chino/fabrica_ws/build/banda/prefix_override:/usr/lib/python3/dist-packages/colcon_core/task/python/colcon_distutils_commands:/home/chino/fabrica_ws/install/banda/lib/python3.10/site-packages:${PYTHONPATH} /usr/bin/python3 -W ignore:setup.py install is deprecated -W ignore:easy_install command is deprecated setup.py egg_info --egg-base ../../build/banda build --build-base /home/chino/fabrica_ws/build/banda/build install --record /home/chino/fabrica_ws/build/banda/install.log --single-version-externally-managed install_data
