[0.571s] Invoking command in '/home/chino/fabrica_ws/build/ros2_conveyorbelt': CMAKE_PREFIX_PATH=/home/chino/fabrica_ws/install/conveyorbelt_msgs:/home/chino/fabrica_ws/install/ros2_conveyorbelt:/home/chino/fabrica_ws/install/conveyorbelt_gazebo:/home/chino/fabrica_ws/install/banda:/opt/ros/humble LD_LIBRARY_PATH=/home/chino/fabrica_ws/install/conveyorbelt_msgs/lib:/home/chino/fabrica_ws/install/ros2_conveyorbelt/lib:/usr/lib/x86_64-linux-gnu/gazebo-11/plugins:/opt/ros/humble/opt/rviz_ogre_vendor/lib:/opt/ros/humble/lib/x86_64-linux-gnu:/opt/ros/humble/lib:/usr/share/gazebo/../../lib/x86_64-linux-gnu/gazebo-11/plugins /usr/bin/cmake --build /home/chino/fabrica_ws/build/ros2_conveyorbelt -- -j16 -l16
[0.744s] [100%] Built target ros2_conveyorbelt_plugin
[0.776s] Invoked command in '/home/chino/fabrica_ws/build/ros2_conveyorbelt' returned '0': CMAKE_PREFIX_PATH=/home/chino/fabrica_ws/install/conveyorbelt_msgs:/home/chino/fabrica_ws/install/ros2_conveyorbelt:/home/chino/fabrica_ws/install/conveyorbelt_gazebo:/home/chino/fabrica_ws/install/banda:/opt/ros/humble LD_LIBRARY_PATH=/home/chino/fabrica_ws/install/conveyorbelt_msgs/lib:/home/chino/fabrica_ws/install/ros2_conveyorbelt/lib:/usr/lib/x86_64-linux-gnu/gazebo-11/plugins:/opt/ros/humble/opt/rviz_ogre_vendor/lib:/opt/ros/humble/lib/x86_64-linux-gnu:/opt/ros/humble/lib:/usr/share/gazebo/../../lib/x86_64-linux-gnu/gazebo-11/plugins /usr/bin/cmake --build /home/chino/fabrica_ws/build/ros2_conveyorbelt -- -j16 -l16
[0.781s] Invoking command in '/home/chino/fabrica_ws/build/ros2_conveyorbelt': CMAKE_PREFIX_PATH=/home/chino/fabrica_ws/install/conveyorbelt_msgs:/home/chino/fabrica_ws/install/ros2_conveyorbelt:/home/chino/fabrica_ws/install/conveyorbelt_gazebo:/home/chino/fabrica_ws/install/banda:/opt/ros/humble LD_LIBRARY_PATH=/home/chino/fabrica_ws/install/conveyorbelt_msgs/lib:/home/chino/fabrica_ws/install/ros2_conveyorbelt/lib:/usr/lib/x86_64-linux-gnu/gazebo-11/plugins:/opt/ros/humble/opt/rviz_ogre_vendor/lib:/opt/ros/humble/lib/x86_64-linux-gnu:/opt/ros/humble/lib:/usr/share/gazebo/../../lib/x86_64-linux-gnu/gazebo-11/plugins /usr/bin/cmake --install /home/chino/fabrica_ws/build/ros2_conveyorbelt
[0.804s] -- Install configuration: ""
[0.805s] -- Up-to-date: /home/chino/fabrica_ws/install/ros2_conveyorbelt/share/ros2_conveyorbelt/environment/library_path.sh
[0.805s] -- Up-to-date: /home/chino/fabrica_ws/install/ros2_conveyorbelt/share/ros2_conveyorbelt/environment/library_path.dsv
[0.805s] -- Up-to-date: /home/chino/fabrica_ws/install/ros2_conveyorbelt/lib/libros2_conveyorbelt_plugin.so
[0.806s] -- Up-to-date: /home/chino/fabrica_ws/install/ros2_conveyorbelt/share/ros2_conveyorbelt/python
[0.807s] -- Up-to-date: /home/chino/fabrica_ws/install/ros2_conveyorbelt/share/ros2_conveyorbelt/python/SpawnObject.py
[0.808s] -- Up-to-date: /home/chino/fabrica_ws/install/ros2_conveyorbelt/lib/ros2_conveyorbelt/SpawnObject.py
[0.809s] -- Up-to-date: /home/chino/fabrica_ws/install/ros2_conveyorbelt/share/ament_index/resource_index/package_run_dependencies/ros2_conveyorbelt
[0.809s] -- Up-to-date: /home/chino/fabrica_ws/install/ros2_conveyorbelt/share/ament_index/resource_index/parent_prefix_path/ros2_conveyorbelt
[0.810s] -- Up-to-date: /home/chino/fabrica_ws/install/ros2_conveyorbelt/share/ros2_conveyorbelt/environment/ament_prefix_path.sh
[0.810s] -- Up-to-date: /home/chino/fabrica_ws/install/ros2_conveyorbelt/share/ros2_conveyorbelt/environment/ament_prefix_path.dsv
[0.810s] -- Up-to-date: /home/chino/fabrica_ws/install/ros2_conveyorbelt/share/ros2_conveyorbelt/environment/path.sh
[0.811s] -- Up-to-date: /home/chino/fabrica_ws/install/ros2_conveyorbelt/share/ros2_conveyorbelt/environment/path.dsv
[0.812s] -- Up-to-date: /home/chino/fabrica_ws/install/ros2_conveyorbelt/share/ros2_conveyorbelt/local_setup.bash
[0.812s] -- Up-to-date: /home/chino/fabrica_ws/install/ros2_conveyorbelt/share/ros2_conveyorbelt/local_setup.sh
[0.812s] -- Up-to-date: /home/chino/fabrica_ws/install/ros2_conveyorbelt/share/ros2_conveyorbelt/local_setup.zsh
[0.812s] -- Up-to-date: /home/chino/fabrica_ws/install/ros2_conveyorbelt/share/ros2_conveyorbelt/local_setup.dsv
[0.813s] -- Installing: /home/chino/fabrica_ws/install/ros2_conveyorbelt/share/ros2_conveyorbelt/package.dsv
[0.813s] -- Up-to-date: /home/chino/fabrica_ws/install/ros2_conveyorbelt/share/ament_index/resource_index/packages/ros2_conveyorbelt
[0.814s] -- Up-to-date: /home/chino/fabrica_ws/install/ros2_conveyorbelt/share/ros2_conveyorbelt/cmake/ament_cmake_export_libraries-extras.cmake
[0.814s] -- Up-to-date: /home/chino/fabrica_ws/install/ros2_conveyorbelt/share/ros2_conveyorbelt/cmake/ros2_conveyorbeltConfig.cmake
[0.814s] -- Up-to-date: /home/chino/fabrica_ws/install/ros2_conveyorbelt/share/ros2_conveyorbelt/cmake/ros2_conveyorbeltConfig-version.cmake
[0.814s] -- Up-to-date: /home/chino/fabrica_ws/install/ros2_conveyorbelt/share/ros2_conveyorbelt/package.xml
[0.820s] Invoked command in '/home/chino/fabrica_ws/build/ros2_conveyorbelt' returned '0': CMAKE_PREFIX_PATH=/home/chino/fabrica_ws/install/conveyorbelt_msgs:/home/chino/fabrica_ws/install/ros2_conveyorbelt:/home/chino/fabrica_ws/install/conveyorbelt_gazebo:/home/chino/fabrica_ws/install/banda:/opt/ros/humble LD_LIBRARY_PATH=/home/chino/fabrica_ws/install/conveyorbelt_msgs/lib:/home/chino/fabrica_ws/install/ros2_conveyorbelt/lib:/usr/lib/x86_64-linux-gnu/gazebo-11/plugins:/opt/ros/humble/opt/rviz_ogre_vendor/lib:/opt/ros/humble/lib/x86_64-linux-gnu:/opt/ros/humble/lib:/usr/share/gazebo/../../lib/x86_64-linux-gnu/gazebo-11/plugins /usr/bin/cmake --install /home/chino/fabrica_ws/build/ros2_conveyorbelt
