[1.330s] Invoking command in '/home/chino/fabrica_ws/src/banda': PYTHONPATH=/home/chino/fabrica_ws/build/banda/prefix_override:/usr/lib/python3/dist-packages/colcon_core/task/python/colcon_distutils_commands:/home/chino/fabrica_ws/install/banda/lib/python3.10/site-packages:${PYTHONPATH} /usr/bin/python3 -W ignore:setup.py install is deprecated -W ignore:easy_install command is deprecated setup.py egg_info --egg-base ../../build/banda build --build-base /home/chino/fabrica_ws/build/banda/build install --record /home/chino/fabrica_ws/build/banda/install.log --single-version-externally-managed install_data
[1.821s] running egg_info
[1.822s] writing ../../build/banda/banda.egg-info/PKG-INFO
[1.823s] writing dependency_links to ../../build/banda/banda.egg-info/dependency_links.txt
[1.824s] writing entry points to ../../build/banda/banda.egg-info/entry_points.txt
[1.824s] writing requirements to ../../build/banda/banda.egg-info/requires.txt
[1.824s] writing top-level names to ../../build/banda/banda.egg-info/top_level.txt
[1.827s] reading manifest file '../../build/banda/banda.egg-info/SOURCES.txt'
[1.828s] adding license file 'LICENSE'
[1.829s] writing manifest file '../../build/banda/banda.egg-info/SOURCES.txt'
[1.829s] running build
[1.830s] running build_py
[1.830s] running install
[1.830s] running install_lib
[1.833s] running install_data
[1.833s] copying xacro/gazebo.xacro -> /home/chino/fabrica_ws/install/banda/share/banda/xacro
[1.834s] running install_egg_info
[1.837s] removing '/home/chino/fabrica_ws/install/banda/lib/python3.10/site-packages/banda-0.0.0-py3.10.egg-info' (and everything under it)
[1.838s] Copying ../../build/banda/banda.egg-info to /home/chino/fabrica_ws/install/banda/lib/python3.10/site-packages/banda-0.0.0-py3.10.egg-info
[1.842s] running install_scripts
[1.877s] writing list of installed files to '/home/chino/fabrica_ws/build/banda/install.log'
[1.916s] Invoked command in '/home/chino/fabrica_ws/src/banda' returned '0': PYTHONPATH=/home/chino/fabrica_ws/build/banda/prefix_override:/usr/lib/python3/dist-packages/colcon_core/task/python/colcon_distutils_commands:/home/chino/fabrica_ws/install/banda/lib/python3.10/site-packages:${PYTHONPATH} /usr/bin/python3 -W ignore:setup.py install is deprecated -W ignore:easy_install command is deprecated setup.py egg_info --egg-base ../../build/banda build --build-base /home/chino/fabrica_ws/build/banda/build install --record /home/chino/fabrica_ws/build/banda/install.log --single-version-externally-managed install_data
