[1.734s] Invoking command in '/home/chino/fabrica_ws/src/banda': PYTHONPATH=/home/chino/fabrica_ws/build/banda/prefix_override:/usr/lib/python3/dist-packages/colcon_core/task/python/colcon_distutils_commands:/home/chino/fabrica_ws/install/banda/lib/python3.10/site-packages:${PYTHONPATH} /usr/bin/python3 -W ignore:setup.py install is deprecated -W ignore:easy_install command is deprecated setup.py egg_info --egg-base ../../build/banda build --build-base /home/chino/fabrica_ws/build/banda/build install --record /home/chino/fabrica_ws/build/banda/install.log --single-version-externally-managed install_data
[2.370s] running egg_info
[2.371s] writing ../../build/banda/banda.egg-info/PKG-INFO
[2.372s] writing dependency_links to ../../build/banda/banda.egg-info/dependency_links.txt
[2.373s] writing entry points to ../../build/banda/banda.egg-info/entry_points.txt
[2.373s] writing requirements to ../../build/banda/banda.egg-info/requires.txt
[2.374s] writing top-level names to ../../build/banda/banda.egg-info/top_level.txt
[2.378s] reading manifest file '../../build/banda/banda.egg-info/SOURCES.txt'
[2.379s] adding license file 'LICENSE'
[2.381s] writing manifest file '../../build/banda/banda.egg-info/SOURCES.txt'
[2.381s] running build
[2.382s] running build_py
[2.382s] running install
[2.383s] running install_lib
[2.387s] running install_data
[2.388s] running install_egg_info
[2.392s] removing '/home/chino/fabrica_ws/install/banda/lib/python3.10/site-packages/banda-0.0.0-py3.10.egg-info' (and everything under it)
[2.393s] Copying ../../build/banda/banda.egg-info to /home/chino/fabrica_ws/install/banda/lib/python3.10/site-packages/banda-0.0.0-py3.10.egg-info
[2.397s] running install_scripts
[2.439s] writing list of installed files to '/home/chino/fabrica_ws/build/banda/install.log'
[2.484s] Invoked command in '/home/chino/fabrica_ws/src/banda' returned '0': PYTHONPATH=/home/chino/fabrica_ws/build/banda/prefix_override:/usr/lib/python3/dist-packages/colcon_core/task/python/colcon_distutils_commands:/home/chino/fabrica_ws/install/banda/lib/python3.10/site-packages:${PYTHONPATH} /usr/bin/python3 -W ignore:setup.py install is deprecated -W ignore:easy_install command is deprecated setup.py egg_info --egg-base ../../build/banda build --build-base /home/chino/fabrica_ws/build/banda/build install --record /home/chino/fabrica_ws/build/banda/install.log --single-version-externally-managed install_data
