[0.768s] DEBUG:colcon:Command line arguments: ['/usr/bin/colcon', 'build']
[0.769s] DEBUG:colcon:Parsed command line arguments: Namespace(log_base=None, log_level=None, verb_name='build', build_base='build', install_base='install', merge_install=False, symlink_install=False, test_result_base=None, continue_on_error=False, executor='parallel', parallel_workers=16, event_handlers=None, ignore_user_meta=False, metas=['./colcon.meta'], base_paths=['.'], packages_ignore=None, packages_ignore_regex=None, paths=None, packages_up_to=None, packages_up_to_regex=None, packages_above=None, packages_above_and_dependencies=None, packages_above_depth=None, packages_select_by_dep=None, packages_skip_by_dep=None, packages_skip_up_to=None, packages_select_build_failed=False, packages_skip_build_finished=False, packages_select_test_failures=False, packages_skip_test_passed=False, packages_select=None, packages_skip=None, packages_select_regex=None, packages_skip_regex=None, packages_start=None, packages_end=None, allow_overriding=[], cmake_args=None, cmake_target=None, cmake_target_skip_unavailable=False, cmake_clean_cache=False, cmake_clean_first=False, cmake_force_configure=False, ament_cmake_args=None, catkin_cmake_args=None, catkin_skip_building_tests=False, verb_parser=<colcon_defaults.argument_parser.defaults.DefaultArgumentsDecorator object at 0x7717ff665cf0>, verb_extension=<colcon_core.verb.build.BuildVerb object at 0x7717ff7d7340>, main=<bound method BuildVerb.main of <colcon_core.verb.build.BuildVerb object at 0x7717ff7d7340>>)
[1.324s] Level 1:colcon.colcon_core.package_discovery:discover_packages(colcon_meta) check parameters
[1.324s] Level 1:colcon.colcon_core.package_discovery:discover_packages(recursive) check parameters
[1.324s] Level 1:colcon.colcon_core.package_discovery:discover_packages(ignore) check parameters
[1.324s] Level 1:colcon.colcon_core.package_discovery:discover_packages(path) check parameters
[1.324s] Level 1:colcon.colcon_core.package_discovery:discover_packages(colcon_meta) discover
[1.324s] Level 1:colcon.colcon_core.package_discovery:discover_packages(recursive) discover
[1.324s] INFO:colcon.colcon_core.package_discovery:Crawling recursively for packages in '/home/chino/fabrica_ws'
[1.325s] Level 1:colcon.colcon_core.package_identification:_identify(.) by extensions ['ignore', 'ignore_ament_install']
[1.325s] Level 1:colcon.colcon_core.package_identification:_identify(.) by extension 'ignore'
[1.325s] Level 1:colcon.colcon_core.package_identification:_identify(.) by extension 'ignore_ament_install'
[1.325s] Level 1:colcon.colcon_core.package_identification:_identify(.) by extensions ['colcon_pkg']
[1.326s] Level 1:colcon.colcon_core.package_identification:_identify(.) by extension 'colcon_pkg'
[1.326s] Level 1:colcon.colcon_core.package_identification:_identify(.) by extensions ['colcon_meta']
[1.326s] Level 1:colcon.colcon_core.package_identification:_identify(.) by extension 'colcon_meta'
[1.326s] Level 1:colcon.colcon_core.package_identification:_identify(.) by extensions ['ros']
[1.326s] Level 1:colcon.colcon_core.package_identification:_identify(.) by extension 'ros'
[1.372s] Level 1:colcon.colcon_core.package_identification:_identify(.) by extensions ['cmake', 'python']
[1.372s] Level 1:colcon.colcon_core.package_identification:_identify(.) by extension 'cmake'
[1.372s] Level 1:colcon.colcon_core.package_identification:_identify(.) by extension 'python'
[1.372s] Level 1:colcon.colcon_core.package_identification:_identify(.) by extensions ['python_setup_py']
[1.373s] Level 1:colcon.colcon_core.package_identification:_identify(.) by extension 'python_setup_py'
[1.373s] Level 1:colcon.colcon_core.package_identification:_identify(build) by extensions ['ignore', 'ignore_ament_install']
[1.374s] Level 1:colcon.colcon_core.package_identification:_identify(build) by extension 'ignore'
[1.374s] Level 1:colcon.colcon_core.package_identification:_identify(build) ignored
[1.374s] Level 1:colcon.colcon_core.package_identification:_identify(install) by extensions ['ignore', 'ignore_ament_install']
[1.375s] Level 1:colcon.colcon_core.package_identification:_identify(install) by extension 'ignore'
[1.375s] Level 1:colcon.colcon_core.package_identification:_identify(install) ignored
[1.375s] Level 1:colcon.colcon_core.package_identification:_identify(log) by extensions ['ignore', 'ignore_ament_install']
[1.376s] Level 1:colcon.colcon_core.package_identification:_identify(log) by extension 'ignore'
[1.376s] Level 1:colcon.colcon_core.package_identification:_identify(log) ignored
[1.377s] Level 1:colcon.colcon_core.package_identification:_identify(src) by extensions ['ignore', 'ignore_ament_install']
[1.377s] Level 1:colcon.colcon_core.package_identification:_identify(src) by extension 'ignore'
[1.377s] Level 1:colcon.colcon_core.package_identification:_identify(src) by extension 'ignore_ament_install'
[1.377s] Level 1:colcon.colcon_core.package_identification:_identify(src) by extensions ['colcon_pkg']
[1.378s] Level 1:colcon.colcon_core.package_identification:_identify(src) by extension 'colcon_pkg'
[1.378s] Level 1:colcon.colcon_core.package_identification:_identify(src) by extensions ['colcon_meta']
[1.378s] Level 1:colcon.colcon_core.package_identification:_identify(src) by extension 'colcon_meta'
[1.378s] Level 1:colcon.colcon_core.package_identification:_identify(src) by extensions ['ros']
[1.379s] Level 1:colcon.colcon_core.package_identification:_identify(src) by extension 'ros'
[1.379s] Level 1:colcon.colcon_core.package_identification:_identify(src) by extensions ['cmake', 'python']
[1.379s] Level 1:colcon.colcon_core.package_identification:_identify(src) by extension 'cmake'
[1.379s] Level 1:colcon.colcon_core.package_identification:_identify(src) by extension 'python'
[1.380s] Level 1:colcon.colcon_core.package_identification:_identify(src) by extensions ['python_setup_py']
[1.380s] Level 1:colcon.colcon_core.package_identification:_identify(src) by extension 'python_setup_py'
[1.381s] Level 1:colcon.colcon_core.package_identification:_identify(src/IFRA_ConveyorBelt) by extensions ['ignore', 'ignore_ament_install']
[1.381s] Level 1:colcon.colcon_core.package_identification:_identify(src/IFRA_ConveyorBelt) by extension 'ignore'
[1.381s] Level 1:colcon.colcon_core.package_identification:_identify(src/IFRA_ConveyorBelt) by extension 'ignore_ament_install'
[1.382s] Level 1:colcon.colcon_core.package_identification:_identify(src/IFRA_ConveyorBelt) by extensions ['colcon_pkg']
[1.382s] Level 1:colcon.colcon_core.package_identification:_identify(src/IFRA_ConveyorBelt) by extension 'colcon_pkg'
[1.382s] Level 1:colcon.colcon_core.package_identification:_identify(src/IFRA_ConveyorBelt) by extensions ['colcon_meta']
[1.383s] Level 1:colcon.colcon_core.package_identification:_identify(src/IFRA_ConveyorBelt) by extension 'colcon_meta'
[1.383s] Level 1:colcon.colcon_core.package_identification:_identify(src/IFRA_ConveyorBelt) by extensions ['ros']
[1.383s] Level 1:colcon.colcon_core.package_identification:_identify(src/IFRA_ConveyorBelt) by extension 'ros'
[1.383s] Level 1:colcon.colcon_core.package_identification:_identify(src/IFRA_ConveyorBelt) by extensions ['cmake', 'python']
[1.384s] Level 1:colcon.colcon_core.package_identification:_identify(src/IFRA_ConveyorBelt) by extension 'cmake'
[1.384s] Level 1:colcon.colcon_core.package_identification:_identify(src/IFRA_ConveyorBelt) by extension 'python'
[1.384s] Level 1:colcon.colcon_core.package_identification:_identify(src/IFRA_ConveyorBelt) by extensions ['python_setup_py']
[1.384s] Level 1:colcon.colcon_core.package_identification:_identify(src/IFRA_ConveyorBelt) by extension 'python_setup_py'
[1.385s] Level 1:colcon.colcon_core.package_identification:_identify(src/IFRA_ConveyorBelt/conveyorbelt_gazebo) by extensions ['ignore', 'ignore_ament_install']
[1.385s] Level 1:colcon.colcon_core.package_identification:_identify(src/IFRA_ConveyorBelt/conveyorbelt_gazebo) by extension 'ignore'
[1.386s] Level 1:colcon.colcon_core.package_identification:_identify(src/IFRA_ConveyorBelt/conveyorbelt_gazebo) by extension 'ignore_ament_install'
[1.386s] Level 1:colcon.colcon_core.package_identification:_identify(src/IFRA_ConveyorBelt/conveyorbelt_gazebo) by extensions ['colcon_pkg']
[1.386s] Level 1:colcon.colcon_core.package_identification:_identify(src/IFRA_ConveyorBelt/conveyorbelt_gazebo) by extension 'colcon_pkg'
[1.386s] Level 1:colcon.colcon_core.package_identification:_identify(src/IFRA_ConveyorBelt/conveyorbelt_gazebo) by extensions ['colcon_meta']
[1.387s] Level 1:colcon.colcon_core.package_identification:_identify(src/IFRA_ConveyorBelt/conveyorbelt_gazebo) by extension 'colcon_meta'
[1.387s] Level 1:colcon.colcon_core.package_identification:_identify(src/IFRA_ConveyorBelt/conveyorbelt_gazebo) by extensions ['ros']
[1.387s] Level 1:colcon.colcon_core.package_identification:_identify(src/IFRA_ConveyorBelt/conveyorbelt_gazebo) by extension 'ros'
[1.395s] DEBUG:colcon.colcon_core.package_identification:Package 'src/IFRA_ConveyorBelt/conveyorbelt_gazebo' with type 'ros.ament_cmake' and name 'conveyorbelt_gazebo'
[1.396s] Level 1:colcon.colcon_core.package_identification:_identify(src/IFRA_ConveyorBelt/conveyorbelt_msgs) by extensions ['ignore', 'ignore_ament_install']
[1.396s] Level 1:colcon.colcon_core.package_identification:_identify(src/IFRA_ConveyorBelt/conveyorbelt_msgs) by extension 'ignore'
[1.397s] Level 1:colcon.colcon_core.package_identification:_identify(src/IFRA_ConveyorBelt/conveyorbelt_msgs) by extension 'ignore_ament_install'
[1.397s] Level 1:colcon.colcon_core.package_identification:_identify(src/IFRA_ConveyorBelt/conveyorbelt_msgs) by extensions ['colcon_pkg']
[1.397s] Level 1:colcon.colcon_core.package_identification:_identify(src/IFRA_ConveyorBelt/conveyorbelt_msgs) by extension 'colcon_pkg'
[1.398s] Level 1:colcon.colcon_core.package_identification:_identify(src/IFRA_ConveyorBelt/conveyorbelt_msgs) by extensions ['colcon_meta']
[1.398s] Level 1:colcon.colcon_core.package_identification:_identify(src/IFRA_ConveyorBelt/conveyorbelt_msgs) by extension 'colcon_meta'
[1.398s] Level 1:colcon.colcon_core.package_identification:_identify(src/IFRA_ConveyorBelt/conveyorbelt_msgs) by extensions ['ros']
[1.398s] Level 1:colcon.colcon_core.package_identification:_identify(src/IFRA_ConveyorBelt/conveyorbelt_msgs) by extension 'ros'
[1.400s] DEBUG:colcon.colcon_core.package_identification:Package 'src/IFRA_ConveyorBelt/conveyorbelt_msgs' with type 'ros.ament_cmake' and name 'conveyorbelt_msgs'
[1.401s] Level 1:colcon.colcon_core.package_identification:_identify(src/IFRA_ConveyorBelt/ros2_conveyorbelt) by extensions ['ignore', 'ignore_ament_install']
[1.402s] Level 1:colcon.colcon_core.package_identification:_identify(src/IFRA_ConveyorBelt/ros2_conveyorbelt) by extension 'ignore'
[1.402s] Level 1:colcon.colcon_core.package_identification:_identify(src/IFRA_ConveyorBelt/ros2_conveyorbelt) by extension 'ignore_ament_install'
[1.402s] Level 1:colcon.colcon_core.package_identification:_identify(src/IFRA_ConveyorBelt/ros2_conveyorbelt) by extensions ['colcon_pkg']
[1.402s] Level 1:colcon.colcon_core.package_identification:_identify(src/IFRA_ConveyorBelt/ros2_conveyorbelt) by extension 'colcon_pkg'
[1.403s] Level 1:colcon.colcon_core.package_identification:_identify(src/IFRA_ConveyorBelt/ros2_conveyorbelt) by extensions ['colcon_meta']
[1.403s] Level 1:colcon.colcon_core.package_identification:_identify(src/IFRA_ConveyorBelt/ros2_conveyorbelt) by extension 'colcon_meta'
[1.403s] Level 1:colcon.colcon_core.package_identification:_identify(src/IFRA_ConveyorBelt/ros2_conveyorbelt) by extensions ['ros']
[1.403s] Level 1:colcon.colcon_core.package_identification:_identify(src/IFRA_ConveyorBelt/ros2_conveyorbelt) by extension 'ros'
[1.428s] DEBUG:colcon.colcon_core.package_identification:Package 'src/IFRA_ConveyorBelt/ros2_conveyorbelt' with type 'ros.ament_cmake' and name 'ros2_conveyorbelt'
[1.429s] Level 1:colcon.colcon_core.package_identification:_identify(src/banda) by extensions ['ignore', 'ignore_ament_install']
[1.429s] Level 1:colcon.colcon_core.package_identification:_identify(src/banda) by extension 'ignore'
[1.429s] Level 1:colcon.colcon_core.package_identification:_identify(src/banda) by extension 'ignore_ament_install'
[1.430s] Level 1:colcon.colcon_core.package_identification:_identify(src/banda) by extensions ['colcon_pkg']
[1.430s] Level 1:colcon.colcon_core.package_identification:_identify(src/banda) by extension 'colcon_pkg'
[1.431s] Level 1:colcon.colcon_core.package_identification:_identify(src/banda) by extensions ['colcon_meta']
[1.431s] Level 1:colcon.colcon_core.package_identification:_identify(src/banda) by extension 'colcon_meta'
[1.431s] Level 1:colcon.colcon_core.package_identification:_identify(src/banda) by extensions ['ros']
[1.431s] Level 1:colcon.colcon_core.package_identification:_identify(src/banda) by extension 'ros'
[1.433s] DEBUG:colcon.colcon_core.package_identification:Package 'src/banda' with type 'ros.ament_python' and name 'banda'
[1.434s] Level 1:colcon.colcon_core.package_discovery:discover_packages(recursive) using defaults
[1.434s] Level 1:colcon.colcon_core.package_discovery:discover_packages(ignore) discover
[1.434s] Level 1:colcon.colcon_core.package_discovery:discover_packages(ignore) using defaults
[1.435s] Level 1:colcon.colcon_core.package_discovery:discover_packages(path) discover
[1.435s] Level 1:colcon.colcon_core.package_discovery:discover_packages(path) using defaults
[1.506s] Level 1:colcon.colcon_core.package_discovery:discover_packages(prefix_path) check parameters
[1.507s] Level 1:colcon.colcon_core.package_discovery:discover_packages(prefix_path) discover
[1.513s] DEBUG:colcon.colcon_installed_package_information.package_discovery:Found 5 installed packages in /home/chino/fabrica_ws/install
[1.518s] DEBUG:colcon.colcon_installed_package_information.package_discovery:Found 507 installed packages in /opt/ros/humble
[1.524s] Level 1:colcon.colcon_core.package_discovery:discover_packages(prefix_path) using defaults
[1.655s] Level 5:colcon.colcon_core.verb:set package 'banda' build argument 'cmake_args' from command line to 'None'
[1.655s] Level 5:colcon.colcon_core.verb:set package 'banda' build argument 'cmake_target' from command line to 'None'
[1.656s] Level 5:colcon.colcon_core.verb:set package 'banda' build argument 'cmake_target_skip_unavailable' from command line to 'False'
[1.656s] Level 5:colcon.colcon_core.verb:set package 'banda' build argument 'cmake_clean_cache' from command line to 'False'
[1.656s] Level 5:colcon.colcon_core.verb:set package 'banda' build argument 'cmake_clean_first' from command line to 'False'
[1.656s] Level 5:colcon.colcon_core.verb:set package 'banda' build argument 'cmake_force_configure' from command line to 'False'
[1.656s] Level 5:colcon.colcon_core.verb:set package 'banda' build argument 'ament_cmake_args' from command line to 'None'
[1.656s] Level 5:colcon.colcon_core.verb:set package 'banda' build argument 'catkin_cmake_args' from command line to 'None'
[1.656s] Level 5:colcon.colcon_core.verb:set package 'banda' build argument 'catkin_skip_building_tests' from command line to 'False'
[1.656s] DEBUG:colcon.colcon_core.verb:Building package 'banda' with the following arguments: {'ament_cmake_args': None, 'build_base': '/home/chino/fabrica_ws/build/banda', 'catkin_cmake_args': None, 'catkin_skip_building_tests': False, 'cmake_args': None, 'cmake_clean_cache': False, 'cmake_clean_first': False, 'cmake_force_configure': False, 'cmake_target': None, 'cmake_target_skip_unavailable': False, 'install_base': '/home/chino/fabrica_ws/install/banda', 'merge_install': False, 'path': '/home/chino/fabrica_ws/src/banda', 'symlink_install': False, 'test_result_base': None}
[1.657s] Level 5:colcon.colcon_core.verb:set package 'conveyorbelt_gazebo' build argument 'cmake_args' from command line to 'None'
[1.657s] Level 5:colcon.colcon_core.verb:set package 'conveyorbelt_gazebo' build argument 'cmake_target' from command line to 'None'
[1.657s] Level 5:colcon.colcon_core.verb:set package 'conveyorbelt_gazebo' build argument 'cmake_target_skip_unavailable' from command line to 'False'
[1.657s] Level 5:colcon.colcon_core.verb:set package 'conveyorbelt_gazebo' build argument 'cmake_clean_cache' from command line to 'False'
[1.657s] Level 5:colcon.colcon_core.verb:set package 'conveyorbelt_gazebo' build argument 'cmake_clean_first' from command line to 'False'
[1.657s] Level 5:colcon.colcon_core.verb:set package 'conveyorbelt_gazebo' build argument 'cmake_force_configure' from command line to 'False'
[1.657s] Level 5:colcon.colcon_core.verb:set package 'conveyorbelt_gazebo' build argument 'ament_cmake_args' from command line to 'None'
[1.657s] Level 5:colcon.colcon_core.verb:set package 'conveyorbelt_gazebo' build argument 'catkin_cmake_args' from command line to 'None'
[1.657s] Level 5:colcon.colcon_core.verb:set package 'conveyorbelt_gazebo' build argument 'catkin_skip_building_tests' from command line to 'False'
[1.657s] DEBUG:colcon.colcon_core.verb:Building package 'conveyorbelt_gazebo' with the following arguments: {'ament_cmake_args': None, 'build_base': '/home/chino/fabrica_ws/build/conveyorbelt_gazebo', 'catkin_cmake_args': None, 'catkin_skip_building_tests': False, 'cmake_args': None, 'cmake_clean_cache': False, 'cmake_clean_first': False, 'cmake_force_configure': False, 'cmake_target': None, 'cmake_target_skip_unavailable': False, 'install_base': '/home/chino/fabrica_ws/install/conveyorbelt_gazebo', 'merge_install': False, 'path': '/home/chino/fabrica_ws/src/IFRA_ConveyorBelt/conveyorbelt_gazebo', 'symlink_install': False, 'test_result_base': None}
[1.658s] Level 5:colcon.colcon_core.verb:set package 'conveyorbelt_msgs' build argument 'cmake_args' from command line to 'None'
[1.658s] Level 5:colcon.colcon_core.verb:set package 'conveyorbelt_msgs' build argument 'cmake_target' from command line to 'None'
[1.658s] Level 5:colcon.colcon_core.verb:set package 'conveyorbelt_msgs' build argument 'cmake_target_skip_unavailable' from command line to 'False'
[1.658s] Level 5:colcon.colcon_core.verb:set package 'conveyorbelt_msgs' build argument 'cmake_clean_cache' from command line to 'False'
[1.658s] Level 5:colcon.colcon_core.verb:set package 'conveyorbelt_msgs' build argument 'cmake_clean_first' from command line to 'False'
[1.659s] Level 5:colcon.colcon_core.verb:set package 'conveyorbelt_msgs' build argument 'cmake_force_configure' from command line to 'False'
[1.659s] Level 5:colcon.colcon_core.verb:set package 'conveyorbelt_msgs' build argument 'ament_cmake_args' from command line to 'None'
[1.659s] Level 5:colcon.colcon_core.verb:set package 'conveyorbelt_msgs' build argument 'catkin_cmake_args' from command line to 'None'
[1.659s] Level 5:colcon.colcon_core.verb:set package 'conveyorbelt_msgs' build argument 'catkin_skip_building_tests' from command line to 'False'
[1.659s] DEBUG:colcon.colcon_core.verb:Building package 'conveyorbelt_msgs' with the following arguments: {'ament_cmake_args': None, 'build_base': '/home/chino/fabrica_ws/build/conveyorbelt_msgs', 'catkin_cmake_args': None, 'catkin_skip_building_tests': False, 'cmake_args': None, 'cmake_clean_cache': False, 'cmake_clean_first': False, 'cmake_force_configure': False, 'cmake_target': None, 'cmake_target_skip_unavailable': False, 'install_base': '/home/chino/fabrica_ws/install/conveyorbelt_msgs', 'merge_install': False, 'path': '/home/chino/fabrica_ws/src/IFRA_ConveyorBelt/conveyorbelt_msgs', 'symlink_install': False, 'test_result_base': None}
[1.660s] Level 5:colcon.colcon_core.verb:set package 'ros2_conveyorbelt' build argument 'cmake_args' from command line to 'None'
[1.660s] Level 5:colcon.colcon_core.verb:set package 'ros2_conveyorbelt' build argument 'cmake_target' from command line to 'None'
[1.660s] Level 5:colcon.colcon_core.verb:set package 'ros2_conveyorbelt' build argument 'cmake_target_skip_unavailable' from command line to 'False'
[1.660s] Level 5:colcon.colcon_core.verb:set package 'ros2_conveyorbelt' build argument 'cmake_clean_cache' from command line to 'False'
[1.660s] Level 5:colcon.colcon_core.verb:set package 'ros2_conveyorbelt' build argument 'cmake_clean_first' from command line to 'False'
[1.660s] Level 5:colcon.colcon_core.verb:set package 'ros2_conveyorbelt' build argument 'cmake_force_configure' from command line to 'False'
[1.660s] Level 5:colcon.colcon_core.verb:set package 'ros2_conveyorbelt' build argument 'ament_cmake_args' from command line to 'None'
[1.660s] Level 5:colcon.colcon_core.verb:set package 'ros2_conveyorbelt' build argument 'catkin_cmake_args' from command line to 'None'
[1.660s] Level 5:colcon.colcon_core.verb:set package 'ros2_conveyorbelt' build argument 'catkin_skip_building_tests' from command line to 'False'
[1.660s] DEBUG:colcon.colcon_core.verb:Building package 'ros2_conveyorbelt' with the following arguments: {'ament_cmake_args': None, 'build_base': '/home/chino/fabrica_ws/build/ros2_conveyorbelt', 'catkin_cmake_args': None, 'catkin_skip_building_tests': False, 'cmake_args': None, 'cmake_clean_cache': False, 'cmake_clean_first': False, 'cmake_force_configure': False, 'cmake_target': None, 'cmake_target_skip_unavailable': False, 'install_base': '/home/chino/fabrica_ws/install/ros2_conveyorbelt', 'merge_install': False, 'path': '/home/chino/fabrica_ws/src/IFRA_ConveyorBelt/ros2_conveyorbelt', 'symlink_install': False, 'test_result_base': None}
[1.661s] INFO:colcon.colcon_core.executor:Executing jobs using 'parallel' executor
[1.663s] DEBUG:colcon.colcon_parallel_executor.executor.parallel:run_until_complete
[1.663s] INFO:colcon.colcon_ros.task.ament_cmake.build:Building ROS package in '/home/chino/fabrica_ws/src/IFRA_ConveyorBelt/conveyorbelt_msgs' with build type 'ament_cmake'
[1.664s] INFO:colcon.colcon_cmake.task.cmake.build:Building CMake package in '/home/chino/fabrica_ws/src/IFRA_ConveyorBelt/conveyorbelt_msgs'
[1.671s] INFO:colcon.colcon_core.plugin_system:Skipping extension 'colcon_core.shell.bat': Not used on non-Windows systems
[1.672s] INFO:colcon.colcon_core.shell:Skip shell extension 'powershell' for command environment: Not usable outside of PowerShell
[1.672s] DEBUG:colcon.colcon_core.shell:Skip shell extension 'dsv' for command environment
[1.683s] INFO:colcon.colcon_ros.task.ament_python.build:Building ROS package in '/home/chino/fabrica_ws/src/banda' with build type 'ament_python'
[1.683s] Level 1:colcon.colcon_core.shell:create_environment_hook('banda', 'ament_prefix_path')
[1.684s] INFO:colcon.colcon_core.shell:Creating environment hook '/home/chino/fabrica_ws/install/banda/share/banda/hook/ament_prefix_path.ps1'
[1.686s] INFO:colcon.colcon_core.shell:Creating environment descriptor '/home/chino/fabrica_ws/install/banda/share/banda/hook/ament_prefix_path.dsv'
[1.687s] INFO:colcon.colcon_core.shell:Creating environment hook '/home/chino/fabrica_ws/install/banda/share/banda/hook/ament_prefix_path.sh'
[1.690s] INFO:colcon.colcon_core.shell:Skip shell extension 'powershell' for command environment: Not usable outside of PowerShell
[1.690s] DEBUG:colcon.colcon_core.shell:Skip shell extension 'dsv' for command environment
[1.699s] INFO:colcon.colcon_ros.task.ament_cmake.build:Building ROS package in '/home/chino/fabrica_ws/src/IFRA_ConveyorBelt/conveyorbelt_gazebo' with build type 'ament_cmake'
[1.699s] INFO:colcon.colcon_cmake.task.cmake.build:Building CMake package in '/home/chino/fabrica_ws/src/IFRA_ConveyorBelt/conveyorbelt_gazebo'
[1.700s] INFO:colcon.colcon_core.shell:Skip shell extension 'powershell' for command environment: Not usable outside of PowerShell
[1.700s] DEBUG:colcon.colcon_core.shell:Skip shell extension 'dsv' for command environment
[1.725s] DEBUG:colcon.colcon_core.event_handler.log_command:Invoking command in '/home/chino/fabrica_ws/build/conveyorbelt_msgs': CMAKE_PREFIX_PATH=${CMAKE_PREFIX_PATH}:/home/chino/fabrica_ws/install/banda:/opt/ros/humble /usr/bin/cmake --build /home/chino/fabrica_ws/build/conveyorbelt_msgs -- -j16 -l16
[2.436s] INFO:colcon.colcon_core.task.python.build:Building Python package in '/home/chino/fabrica_ws/src/banda'
[2.437s] INFO:colcon.colcon_core.shell:Skip shell extension 'powershell' for command environment: Not usable outside of PowerShell
[2.437s] DEBUG:colcon.colcon_core.shell:Skip shell extension 'dsv' for command environment
[2.473s] DEBUG:colcon.colcon_core.event_handler.log_command:Invoking command in '/home/chino/fabrica_ws/build/conveyorbelt_gazebo': CMAKE_PREFIX_PATH=${CMAKE_PREFIX_PATH}:/home/chino/fabrica_ws/install/banda:/opt/ros/humble /usr/bin/cmake --build /home/chino/fabrica_ws/build/conveyorbelt_gazebo -- -j16 -l16
[2.539s] DEBUG:colcon.colcon_core.event_handler.log_command:Invoked command in '/home/chino/fabrica_ws/build/conveyorbelt_gazebo' returned '0': CMAKE_PREFIX_PATH=${CMAKE_PREFIX_PATH}:/home/chino/fabrica_ws/install/banda:/opt/ros/humble /usr/bin/cmake --build /home/chino/fabrica_ws/build/conveyorbelt_gazebo -- -j16 -l16
[2.564s] DEBUG:colcon.colcon_core.event_handler.log_command:Invoking command in '/home/chino/fabrica_ws/build/conveyorbelt_gazebo': CMAKE_PREFIX_PATH=${CMAKE_PREFIX_PATH}:/home/chino/fabrica_ws/install/banda:/opt/ros/humble /usr/bin/cmake --install /home/chino/fabrica_ws/build/conveyorbelt_gazebo
[2.594s] Level 1:colcon.colcon_core.environment:create_environment_scripts_only(conveyorbelt_gazebo)
[2.598s] DEBUG:colcon.colcon_core.event_handler.log_command:Invoked command in '/home/chino/fabrica_ws/build/conveyorbelt_gazebo' returned '0': CMAKE_PREFIX_PATH=${CMAKE_PREFIX_PATH}:/home/chino/fabrica_ws/install/banda:/opt/ros/humble /usr/bin/cmake --install /home/chino/fabrica_ws/build/conveyorbelt_gazebo
[2.606s] Level 1:colcon.colcon_core.environment:checking '/home/chino/fabrica_ws/install/conveyorbelt_gazebo' for CMake module files
[2.607s] Level 1:colcon.colcon_core.environment:checking '/home/chino/fabrica_ws/install/conveyorbelt_gazebo' for CMake config files
[2.609s] Level 1:colcon.colcon_core.shell:create_environment_hook('conveyorbelt_gazebo', 'cmake_prefix_path')
[2.609s] INFO:colcon.colcon_core.shell:Creating environment hook '/home/chino/fabrica_ws/install/conveyorbelt_gazebo/share/conveyorbelt_gazebo/hook/cmake_prefix_path.ps1'
[2.610s] INFO:colcon.colcon_core.shell:Creating environment descriptor '/home/chino/fabrica_ws/install/conveyorbelt_gazebo/share/conveyorbelt_gazebo/hook/cmake_prefix_path.dsv'
[2.611s] INFO:colcon.colcon_core.shell:Creating environment hook '/home/chino/fabrica_ws/install/conveyorbelt_gazebo/share/conveyorbelt_gazebo/hook/cmake_prefix_path.sh'
[2.613s] Level 1:colcon.colcon_core.environment:checking '/home/chino/fabrica_ws/install/conveyorbelt_gazebo/bin'
[2.613s] Level 1:colcon.colcon_core.environment:checking '/home/chino/fabrica_ws/install/conveyorbelt_gazebo/lib/pkgconfig/conveyorbelt_gazebo.pc'
[2.614s] Level 1:colcon.colcon_core.environment:checking '/home/chino/fabrica_ws/install/conveyorbelt_gazebo/lib/python3.10/site-packages'
[2.614s] Level 1:colcon.colcon_core.environment:checking '/home/chino/fabrica_ws/install/conveyorbelt_gazebo/bin'
[2.615s] INFO:colcon.colcon_core.shell:Creating package script '/home/chino/fabrica_ws/install/conveyorbelt_gazebo/share/conveyorbelt_gazebo/package.ps1'
[2.617s] INFO:colcon.colcon_core.shell:Creating package descriptor '/home/chino/fabrica_ws/install/conveyorbelt_gazebo/share/conveyorbelt_gazebo/package.dsv'
[2.618s] INFO:colcon.colcon_core.shell:Creating package script '/home/chino/fabrica_ws/install/conveyorbelt_gazebo/share/conveyorbelt_gazebo/package.sh'
[2.619s] INFO:colcon.colcon_core.shell:Creating package script '/home/chino/fabrica_ws/install/conveyorbelt_gazebo/share/conveyorbelt_gazebo/package.bash'
[2.622s] INFO:colcon.colcon_core.shell:Creating package script '/home/chino/fabrica_ws/install/conveyorbelt_gazebo/share/conveyorbelt_gazebo/package.zsh'
[2.625s] Level 1:colcon.colcon_core.environment:create_file_with_runtime_dependencies(/home/chino/fabrica_ws/install/conveyorbelt_gazebo/share/colcon-core/packages/conveyorbelt_gazebo)
[2.627s] Level 1:colcon.colcon_core.environment:create_environment_scripts_only(conveyorbelt_gazebo)
[2.627s] Level 1:colcon.colcon_core.environment:checking '/home/chino/fabrica_ws/install/conveyorbelt_gazebo' for CMake module files
[2.629s] Level 1:colcon.colcon_core.environment:checking '/home/chino/fabrica_ws/install/conveyorbelt_gazebo' for CMake config files
[2.630s] Level 1:colcon.colcon_core.shell:create_environment_hook('conveyorbelt_gazebo', 'cmake_prefix_path')
[2.630s] INFO:colcon.colcon_core.shell:Creating environment hook '/home/chino/fabrica_ws/install/conveyorbelt_gazebo/share/conveyorbelt_gazebo/hook/cmake_prefix_path.ps1'
[2.632s] INFO:colcon.colcon_core.shell:Creating environment descriptor '/home/chino/fabrica_ws/install/conveyorbelt_gazebo/share/conveyorbelt_gazebo/hook/cmake_prefix_path.dsv'
[2.633s] INFO:colcon.colcon_core.shell:Creating environment hook '/home/chino/fabrica_ws/install/conveyorbelt_gazebo/share/conveyorbelt_gazebo/hook/cmake_prefix_path.sh'
[2.635s] Level 1:colcon.colcon_core.environment:checking '/home/chino/fabrica_ws/install/conveyorbelt_gazebo/bin'
[2.635s] Level 1:colcon.colcon_core.environment:checking '/home/chino/fabrica_ws/install/conveyorbelt_gazebo/lib/pkgconfig/conveyorbelt_gazebo.pc'
[2.635s] Level 1:colcon.colcon_core.environment:checking '/home/chino/fabrica_ws/install/conveyorbelt_gazebo/lib/python3.10/site-packages'
[2.637s] Level 1:colcon.colcon_core.environment:checking '/home/chino/fabrica_ws/install/conveyorbelt_gazebo/bin'
[2.637s] INFO:colcon.colcon_core.shell:Creating package script '/home/chino/fabrica_ws/install/conveyorbelt_gazebo/share/conveyorbelt_gazebo/package.ps1'
[2.639s] INFO:colcon.colcon_core.shell:Creating package descriptor '/home/chino/fabrica_ws/install/conveyorbelt_gazebo/share/conveyorbelt_gazebo/package.dsv'
[2.639s] INFO:colcon.colcon_core.shell:Creating package script '/home/chino/fabrica_ws/install/conveyorbelt_gazebo/share/conveyorbelt_gazebo/package.sh'
[2.640s] INFO:colcon.colcon_core.shell:Creating package script '/home/chino/fabrica_ws/install/conveyorbelt_gazebo/share/conveyorbelt_gazebo/package.bash'
[2.641s] INFO:colcon.colcon_core.shell:Creating package script '/home/chino/fabrica_ws/install/conveyorbelt_gazebo/share/conveyorbelt_gazebo/package.zsh'
[2.642s] Level 1:colcon.colcon_core.environment:create_file_with_runtime_dependencies(/home/chino/fabrica_ws/install/conveyorbelt_gazebo/share/colcon-core/packages/conveyorbelt_gazebo)
[2.681s] DEBUG:colcon.colcon_core.event_handler.log_command:Invoked command in '/home/chino/fabrica_ws/build/conveyorbelt_msgs' returned '0': CMAKE_PREFIX_PATH=${CMAKE_PREFIX_PATH}:/home/chino/fabrica_ws/install/banda:/opt/ros/humble /usr/bin/cmake --build /home/chino/fabrica_ws/build/conveyorbelt_msgs -- -j16 -l16
[2.687s] DEBUG:colcon.colcon_core.event_handler.log_command:Invoking command in '/home/chino/fabrica_ws/build/conveyorbelt_msgs': CMAKE_PREFIX_PATH=${CMAKE_PREFIX_PATH}:/home/chino/fabrica_ws/install/banda:/opt/ros/humble /usr/bin/cmake --install /home/chino/fabrica_ws/build/conveyorbelt_msgs
[2.841s] Level 1:colcon.colcon_core.environment:create_environment_scripts_only(conveyorbelt_msgs)
[2.842s] Level 1:colcon.colcon_core.environment:checking '/home/chino/fabrica_ws/install/conveyorbelt_msgs' for CMake module files
[2.842s] DEBUG:colcon.colcon_core.event_handler.log_command:Invoked command in '/home/chino/fabrica_ws/build/conveyorbelt_msgs' returned '0': CMAKE_PREFIX_PATH=${CMAKE_PREFIX_PATH}:/home/chino/fabrica_ws/install/banda:/opt/ros/humble /usr/bin/cmake --install /home/chino/fabrica_ws/build/conveyorbelt_msgs
[2.844s] Level 1:colcon.colcon_core.environment:checking '/home/chino/fabrica_ws/install/conveyorbelt_msgs' for CMake config files
[2.847s] Level 1:colcon.colcon_core.shell:create_environment_hook('conveyorbelt_msgs', 'cmake_prefix_path')
[2.847s] INFO:colcon.colcon_core.shell:Creating environment hook '/home/chino/fabrica_ws/install/conveyorbelt_msgs/share/conveyorbelt_msgs/hook/cmake_prefix_path.ps1'
[2.848s] INFO:colcon.colcon_core.shell:Creating environment descriptor '/home/chino/fabrica_ws/install/conveyorbelt_msgs/share/conveyorbelt_msgs/hook/cmake_prefix_path.dsv'
[2.849s] INFO:colcon.colcon_core.shell:Creating environment hook '/home/chino/fabrica_ws/install/conveyorbelt_msgs/share/conveyorbelt_msgs/hook/cmake_prefix_path.sh'
[2.851s] Level 1:colcon.colcon_core.environment:checking '/home/chino/fabrica_ws/install/conveyorbelt_msgs/lib'
[2.851s] Level 1:colcon.colcon_core.shell:create_environment_hook('conveyorbelt_msgs', 'ld_library_path_lib')
[2.852s] INFO:colcon.colcon_core.shell:Creating environment hook '/home/chino/fabrica_ws/install/conveyorbelt_msgs/share/conveyorbelt_msgs/hook/ld_library_path_lib.ps1'
[2.853s] INFO:colcon.colcon_core.shell:Creating environment descriptor '/home/chino/fabrica_ws/install/conveyorbelt_msgs/share/conveyorbelt_msgs/hook/ld_library_path_lib.dsv'
[2.853s] INFO:colcon.colcon_core.shell:Creating environment hook '/home/chino/fabrica_ws/install/conveyorbelt_msgs/share/conveyorbelt_msgs/hook/ld_library_path_lib.sh'
[2.854s] Level 1:colcon.colcon_core.environment:checking '/home/chino/fabrica_ws/install/conveyorbelt_msgs/bin'
[2.854s] Level 1:colcon.colcon_core.environment:checking '/home/chino/fabrica_ws/install/conveyorbelt_msgs/lib/pkgconfig/conveyorbelt_msgs.pc'
[2.855s] Level 1:colcon.colcon_core.environment:checking '/home/chino/fabrica_ws/install/conveyorbelt_msgs/lib/python3.10/site-packages'
[2.855s] Level 1:colcon.colcon_core.environment:checking '/home/chino/fabrica_ws/install/conveyorbelt_msgs/bin'
[2.856s] INFO:colcon.colcon_core.shell:Creating package script '/home/chino/fabrica_ws/install/conveyorbelt_msgs/share/conveyorbelt_msgs/package.ps1'
[2.857s] INFO:colcon.colcon_core.shell:Creating package descriptor '/home/chino/fabrica_ws/install/conveyorbelt_msgs/share/conveyorbelt_msgs/package.dsv'
[2.858s] INFO:colcon.colcon_core.shell:Creating package script '/home/chino/fabrica_ws/install/conveyorbelt_msgs/share/conveyorbelt_msgs/package.sh'
[2.859s] INFO:colcon.colcon_core.shell:Creating package script '/home/chino/fabrica_ws/install/conveyorbelt_msgs/share/conveyorbelt_msgs/package.bash'
[2.860s] INFO:colcon.colcon_core.shell:Creating package script '/home/chino/fabrica_ws/install/conveyorbelt_msgs/share/conveyorbelt_msgs/package.zsh'
[2.861s] Level 1:colcon.colcon_core.environment:create_file_with_runtime_dependencies(/home/chino/fabrica_ws/install/conveyorbelt_msgs/share/colcon-core/packages/conveyorbelt_msgs)
[2.862s] Level 1:colcon.colcon_core.environment:create_environment_scripts_only(conveyorbelt_msgs)
[2.862s] Level 1:colcon.colcon_core.environment:checking '/home/chino/fabrica_ws/install/conveyorbelt_msgs' for CMake module files
[2.863s] Level 1:colcon.colcon_core.environment:checking '/home/chino/fabrica_ws/install/conveyorbelt_msgs' for CMake config files
[2.865s] Level 1:colcon.colcon_core.shell:create_environment_hook('conveyorbelt_msgs', 'cmake_prefix_path')
[2.866s] INFO:colcon.colcon_core.shell:Creating environment hook '/home/chino/fabrica_ws/install/conveyorbelt_msgs/share/conveyorbelt_msgs/hook/cmake_prefix_path.ps1'
[2.866s] INFO:colcon.colcon_core.shell:Creating environment descriptor '/home/chino/fabrica_ws/install/conveyorbelt_msgs/share/conveyorbelt_msgs/hook/cmake_prefix_path.dsv'
[2.867s] INFO:colcon.colcon_core.shell:Creating environment hook '/home/chino/fabrica_ws/install/conveyorbelt_msgs/share/conveyorbelt_msgs/hook/cmake_prefix_path.sh'
[2.869s] Level 1:colcon.colcon_core.environment:checking '/home/chino/fabrica_ws/install/conveyorbelt_msgs/lib'
[2.869s] Level 1:colcon.colcon_core.shell:create_environment_hook('conveyorbelt_msgs', 'ld_library_path_lib')
[2.869s] INFO:colcon.colcon_core.shell:Creating environment hook '/home/chino/fabrica_ws/install/conveyorbelt_msgs/share/conveyorbelt_msgs/hook/ld_library_path_lib.ps1'
[2.871s] INFO:colcon.colcon_core.shell:Creating environment descriptor '/home/chino/fabrica_ws/install/conveyorbelt_msgs/share/conveyorbelt_msgs/hook/ld_library_path_lib.dsv'
[2.872s] INFO:colcon.colcon_core.shell:Creating environment hook '/home/chino/fabrica_ws/install/conveyorbelt_msgs/share/conveyorbelt_msgs/hook/ld_library_path_lib.sh'
[2.872s] Level 1:colcon.colcon_core.environment:checking '/home/chino/fabrica_ws/install/conveyorbelt_msgs/bin'
[2.873s] Level 1:colcon.colcon_core.environment:checking '/home/chino/fabrica_ws/install/conveyorbelt_msgs/lib/pkgconfig/conveyorbelt_msgs.pc'
[2.873s] Level 1:colcon.colcon_core.environment:checking '/home/chino/fabrica_ws/install/conveyorbelt_msgs/lib/python3.10/site-packages'
[2.874s] Level 1:colcon.colcon_core.environment:checking '/home/chino/fabrica_ws/install/conveyorbelt_msgs/bin'
[2.874s] INFO:colcon.colcon_core.shell:Creating package script '/home/chino/fabrica_ws/install/conveyorbelt_msgs/share/conveyorbelt_msgs/package.ps1'
[2.875s] INFO:colcon.colcon_core.shell:Creating package descriptor '/home/chino/fabrica_ws/install/conveyorbelt_msgs/share/conveyorbelt_msgs/package.dsv'
[2.876s] INFO:colcon.colcon_core.shell:Creating package script '/home/chino/fabrica_ws/install/conveyorbelt_msgs/share/conveyorbelt_msgs/package.sh'
[2.877s] INFO:colcon.colcon_core.shell:Creating package script '/home/chino/fabrica_ws/install/conveyorbelt_msgs/share/conveyorbelt_msgs/package.bash'
[2.878s] INFO:colcon.colcon_core.shell:Creating package script '/home/chino/fabrica_ws/install/conveyorbelt_msgs/share/conveyorbelt_msgs/package.zsh'
[2.879s] Level 1:colcon.colcon_core.environment:create_file_with_runtime_dependencies(/home/chino/fabrica_ws/install/conveyorbelt_msgs/share/colcon-core/packages/conveyorbelt_msgs)
[2.880s] INFO:colcon.colcon_ros.task.ament_cmake.build:Building ROS package in '/home/chino/fabrica_ws/src/IFRA_ConveyorBelt/ros2_conveyorbelt' with build type 'ament_cmake'
[2.881s] INFO:colcon.colcon_cmake.task.cmake.build:Building CMake package in '/home/chino/fabrica_ws/src/IFRA_ConveyorBelt/ros2_conveyorbelt'
[2.882s] INFO:colcon.colcon_core.shell:Skip shell extension 'powershell' for command environment: Not usable outside of PowerShell
[2.882s] DEBUG:colcon.colcon_core.shell:Skip shell extension 'dsv' for command environment
[3.347s] DEBUG:colcon.colcon_core.event_handler.log_command:Invoking command in '/home/chino/fabrica_ws/src/banda': PYTHONPATH=/home/chino/fabrica_ws/build/banda/prefix_override:/usr/lib/python3/dist-packages/colcon_core/task/python/colcon_distutils_commands:/home/chino/fabrica_ws/install/banda/lib/python3.10/site-packages:${PYTHONPATH} /usr/bin/python3 -W ignore:setup.py install is deprecated -W ignore:easy_install command is deprecated setup.py egg_info --egg-base ../../build/banda build --build-base /home/chino/fabrica_ws/build/banda/build install --record /home/chino/fabrica_ws/build/banda/install.log --single-version-externally-managed install_data
[3.401s] DEBUG:colcon.colcon_core.event_handler.log_command:Invoking command in '/home/chino/fabrica_ws/build/ros2_conveyorbelt': CMAKE_PREFIX_PATH=/home/chino/fabrica_ws/install/conveyorbelt_msgs:/home/chino/fabrica_ws/install/ros2_conveyorbelt:/home/chino/fabrica_ws/install/conveyorbelt_gazebo:/home/chino/fabrica_ws/install/banda:/opt/ros/humble LD_LIBRARY_PATH=/home/chino/fabrica_ws/install/conveyorbelt_msgs/lib:/home/chino/fabrica_ws/install/ros2_conveyorbelt/lib:/usr/lib/x86_64-linux-gnu/gazebo-11/plugins:/opt/ros/humble/opt/rviz_ogre_vendor/lib:/opt/ros/humble/lib/x86_64-linux-gnu:/opt/ros/humble/lib:/usr/share/gazebo/../../lib/x86_64-linux-gnu/gazebo-11/plugins /usr/bin/cmake --build /home/chino/fabrica_ws/build/ros2_conveyorbelt -- -j16 -l16
[3.684s] DEBUG:colcon.colcon_core.event_handler.log_command:Invoked command in '/home/chino/fabrica_ws/build/ros2_conveyorbelt' returned '0': CMAKE_PREFIX_PATH=/home/chino/fabrica_ws/install/conveyorbelt_msgs:/home/chino/fabrica_ws/install/ros2_conveyorbelt:/home/chino/fabrica_ws/install/conveyorbelt_gazebo:/home/chino/fabrica_ws/install/banda:/opt/ros/humble LD_LIBRARY_PATH=/home/chino/fabrica_ws/install/conveyorbelt_msgs/lib:/home/chino/fabrica_ws/install/ros2_conveyorbelt/lib:/usr/lib/x86_64-linux-gnu/gazebo-11/plugins:/opt/ros/humble/opt/rviz_ogre_vendor/lib:/opt/ros/humble/lib/x86_64-linux-gnu:/opt/ros/humble/lib:/usr/share/gazebo/../../lib/x86_64-linux-gnu/gazebo-11/plugins /usr/bin/cmake --build /home/chino/fabrica_ws/build/ros2_conveyorbelt -- -j16 -l16
[3.689s] DEBUG:colcon.colcon_core.event_handler.log_command:Invoking command in '/home/chino/fabrica_ws/build/ros2_conveyorbelt': CMAKE_PREFIX_PATH=/home/chino/fabrica_ws/install/conveyorbelt_msgs:/home/chino/fabrica_ws/install/ros2_conveyorbelt:/home/chino/fabrica_ws/install/conveyorbelt_gazebo:/home/chino/fabrica_ws/install/banda:/opt/ros/humble LD_LIBRARY_PATH=/home/chino/fabrica_ws/install/conveyorbelt_msgs/lib:/home/chino/fabrica_ws/install/ros2_conveyorbelt/lib:/usr/lib/x86_64-linux-gnu/gazebo-11/plugins:/opt/ros/humble/opt/rviz_ogre_vendor/lib:/opt/ros/humble/lib/x86_64-linux-gnu:/opt/ros/humble/lib:/usr/share/gazebo/../../lib/x86_64-linux-gnu/gazebo-11/plugins /usr/bin/cmake --install /home/chino/fabrica_ws/build/ros2_conveyorbelt
[3.714s] Level 1:colcon.colcon_core.environment:create_environment_scripts_only(ros2_conveyorbelt)
[3.715s] Level 1:colcon.colcon_core.environment:checking '/home/chino/fabrica_ws/install/ros2_conveyorbelt' for CMake module files
[3.716s] DEBUG:colcon.colcon_core.event_handler.log_command:Invoked command in '/home/chino/fabrica_ws/build/ros2_conveyorbelt' returned '0': CMAKE_PREFIX_PATH=/home/chino/fabrica_ws/install/conveyorbelt_msgs:/home/chino/fabrica_ws/install/ros2_conveyorbelt:/home/chino/fabrica_ws/install/conveyorbelt_gazebo:/home/chino/fabrica_ws/install/banda:/opt/ros/humble LD_LIBRARY_PATH=/home/chino/fabrica_ws/install/conveyorbelt_msgs/lib:/home/chino/fabrica_ws/install/ros2_conveyorbelt/lib:/usr/lib/x86_64-linux-gnu/gazebo-11/plugins:/opt/ros/humble/opt/rviz_ogre_vendor/lib:/opt/ros/humble/lib/x86_64-linux-gnu:/opt/ros/humble/lib:/usr/share/gazebo/../../lib/x86_64-linux-gnu/gazebo-11/plugins /usr/bin/cmake --install /home/chino/fabrica_ws/build/ros2_conveyorbelt
[3.717s] Level 1:colcon.colcon_core.environment:checking '/home/chino/fabrica_ws/install/ros2_conveyorbelt' for CMake config files
[3.718s] Level 1:colcon.colcon_core.shell:create_environment_hook('ros2_conveyorbelt', 'cmake_prefix_path')
[3.719s] INFO:colcon.colcon_core.shell:Creating environment hook '/home/chino/fabrica_ws/install/ros2_conveyorbelt/share/ros2_conveyorbelt/hook/cmake_prefix_path.ps1'
[3.720s] INFO:colcon.colcon_core.shell:Creating environment descriptor '/home/chino/fabrica_ws/install/ros2_conveyorbelt/share/ros2_conveyorbelt/hook/cmake_prefix_path.dsv'
[3.721s] INFO:colcon.colcon_core.shell:Creating environment hook '/home/chino/fabrica_ws/install/ros2_conveyorbelt/share/ros2_conveyorbelt/hook/cmake_prefix_path.sh'
[3.722s] Level 1:colcon.colcon_core.environment:checking '/home/chino/fabrica_ws/install/ros2_conveyorbelt/lib'
[3.722s] Level 1:colcon.colcon_core.shell:create_environment_hook('ros2_conveyorbelt', 'ld_library_path_lib')
[3.723s] INFO:colcon.colcon_core.shell:Creating environment hook '/home/chino/fabrica_ws/install/ros2_conveyorbelt/share/ros2_conveyorbelt/hook/ld_library_path_lib.ps1'
[3.724s] INFO:colcon.colcon_core.shell:Creating environment descriptor '/home/chino/fabrica_ws/install/ros2_conveyorbelt/share/ros2_conveyorbelt/hook/ld_library_path_lib.dsv'
[3.725s] INFO:colcon.colcon_core.shell:Creating environment hook '/home/chino/fabrica_ws/install/ros2_conveyorbelt/share/ros2_conveyorbelt/hook/ld_library_path_lib.sh'
[3.726s] Level 1:colcon.colcon_core.environment:checking '/home/chino/fabrica_ws/install/ros2_conveyorbelt/bin'
[3.726s] Level 1:colcon.colcon_core.environment:checking '/home/chino/fabrica_ws/install/ros2_conveyorbelt/lib/pkgconfig/ros2_conveyorbelt.pc'
[3.727s] Level 1:colcon.colcon_core.environment:checking '/home/chino/fabrica_ws/install/ros2_conveyorbelt/lib/python3.10/site-packages'
[3.727s] Level 1:colcon.colcon_core.environment:checking '/home/chino/fabrica_ws/install/ros2_conveyorbelt/bin'
[3.728s] INFO:colcon.colcon_core.shell:Creating package script '/home/chino/fabrica_ws/install/ros2_conveyorbelt/share/ros2_conveyorbelt/package.ps1'
[3.729s] INFO:colcon.colcon_core.shell:Creating package descriptor '/home/chino/fabrica_ws/install/ros2_conveyorbelt/share/ros2_conveyorbelt/package.dsv'
[3.730s] INFO:colcon.colcon_core.shell:Creating package script '/home/chino/fabrica_ws/install/ros2_conveyorbelt/share/ros2_conveyorbelt/package.sh'
[3.731s] INFO:colcon.colcon_core.shell:Creating package script '/home/chino/fabrica_ws/install/ros2_conveyorbelt/share/ros2_conveyorbelt/package.bash'
[3.732s] INFO:colcon.colcon_core.shell:Creating package script '/home/chino/fabrica_ws/install/ros2_conveyorbelt/share/ros2_conveyorbelt/package.zsh'
[3.733s] Level 1:colcon.colcon_core.environment:create_file_with_runtime_dependencies(/home/chino/fabrica_ws/install/ros2_conveyorbelt/share/colcon-core/packages/ros2_conveyorbelt)
[3.735s] Level 1:colcon.colcon_core.environment:create_environment_scripts_only(ros2_conveyorbelt)
[3.736s] Level 1:colcon.colcon_core.environment:checking '/home/chino/fabrica_ws/install/ros2_conveyorbelt' for CMake module files
[3.737s] Level 1:colcon.colcon_core.environment:checking '/home/chino/fabrica_ws/install/ros2_conveyorbelt' for CMake config files
[3.737s] Level 1:colcon.colcon_core.shell:create_environment_hook('ros2_conveyorbelt', 'cmake_prefix_path')
[3.738s] INFO:colcon.colcon_core.shell:Creating environment hook '/home/chino/fabrica_ws/install/ros2_conveyorbelt/share/ros2_conveyorbelt/hook/cmake_prefix_path.ps1'
[3.739s] INFO:colcon.colcon_core.shell:Creating environment descriptor '/home/chino/fabrica_ws/install/ros2_conveyorbelt/share/ros2_conveyorbelt/hook/cmake_prefix_path.dsv'
[3.739s] INFO:colcon.colcon_core.shell:Creating environment hook '/home/chino/fabrica_ws/install/ros2_conveyorbelt/share/ros2_conveyorbelt/hook/cmake_prefix_path.sh'
[3.741s] Level 1:colcon.colcon_core.environment:checking '/home/chino/fabrica_ws/install/ros2_conveyorbelt/lib'
[3.741s] Level 1:colcon.colcon_core.shell:create_environment_hook('ros2_conveyorbelt', 'ld_library_path_lib')
[3.741s] INFO:colcon.colcon_core.shell:Creating environment hook '/home/chino/fabrica_ws/install/ros2_conveyorbelt/share/ros2_conveyorbelt/hook/ld_library_path_lib.ps1'
[3.742s] INFO:colcon.colcon_core.shell:Creating environment descriptor '/home/chino/fabrica_ws/install/ros2_conveyorbelt/share/ros2_conveyorbelt/hook/ld_library_path_lib.dsv'
[3.743s] INFO:colcon.colcon_core.shell:Creating environment hook '/home/chino/fabrica_ws/install/ros2_conveyorbelt/share/ros2_conveyorbelt/hook/ld_library_path_lib.sh'
[3.744s] Level 1:colcon.colcon_core.environment:checking '/home/chino/fabrica_ws/install/ros2_conveyorbelt/bin'
[3.744s] Level 1:colcon.colcon_core.environment:checking '/home/chino/fabrica_ws/install/ros2_conveyorbelt/lib/pkgconfig/ros2_conveyorbelt.pc'
[3.744s] Level 1:colcon.colcon_core.environment:checking '/home/chino/fabrica_ws/install/ros2_conveyorbelt/lib/python3.10/site-packages'
[3.745s] Level 1:colcon.colcon_core.environment:checking '/home/chino/fabrica_ws/install/ros2_conveyorbelt/bin'
[3.746s] INFO:colcon.colcon_core.shell:Creating package script '/home/chino/fabrica_ws/install/ros2_conveyorbelt/share/ros2_conveyorbelt/package.ps1'
[3.747s] INFO:colcon.colcon_core.shell:Creating package descriptor '/home/chino/fabrica_ws/install/ros2_conveyorbelt/share/ros2_conveyorbelt/package.dsv'
[3.748s] INFO:colcon.colcon_core.shell:Creating package script '/home/chino/fabrica_ws/install/ros2_conveyorbelt/share/ros2_conveyorbelt/package.sh'
[3.749s] INFO:colcon.colcon_core.shell:Creating package script '/home/chino/fabrica_ws/install/ros2_conveyorbelt/share/ros2_conveyorbelt/package.bash'
[3.750s] INFO:colcon.colcon_core.shell:Creating package script '/home/chino/fabrica_ws/install/ros2_conveyorbelt/share/ros2_conveyorbelt/package.zsh'
[3.751s] Level 1:colcon.colcon_core.environment:create_file_with_runtime_dependencies(/home/chino/fabrica_ws/install/ros2_conveyorbelt/share/colcon-core/packages/ros2_conveyorbelt)
[3.973s] Level 1:colcon.colcon_core.environment:checking '/home/chino/fabrica_ws/install/banda' for CMake module files
[3.975s] DEBUG:colcon.colcon_core.event_handler.log_command:Invoked command in '/home/chino/fabrica_ws/src/banda' returned '0': PYTHONPATH=/home/chino/fabrica_ws/build/banda/prefix_override:/usr/lib/python3/dist-packages/colcon_core/task/python/colcon_distutils_commands:/home/chino/fabrica_ws/install/banda/lib/python3.10/site-packages:${PYTHONPATH} /usr/bin/python3 -W ignore:setup.py install is deprecated -W ignore:easy_install command is deprecated setup.py egg_info --egg-base ../../build/banda build --build-base /home/chino/fabrica_ws/build/banda/build install --record /home/chino/fabrica_ws/build/banda/install.log --single-version-externally-managed install_data
[3.976s] Level 1:colcon.colcon_core.environment:checking '/home/chino/fabrica_ws/install/banda' for CMake config files
[3.978s] Level 1:colcon.colcon_core.environment:checking '/home/chino/fabrica_ws/install/banda/lib'
[3.978s] Level 1:colcon.colcon_core.environment:checking '/home/chino/fabrica_ws/install/banda/bin'
[3.978s] Level 1:colcon.colcon_core.environment:checking '/home/chino/fabrica_ws/install/banda/lib/pkgconfig/banda.pc'
[3.979s] Level 1:colcon.colcon_core.environment:checking '/home/chino/fabrica_ws/install/banda/lib/python3.10/site-packages'
[3.979s] Level 1:colcon.colcon_core.shell:create_environment_hook('banda', 'pythonpath')
[3.979s] INFO:colcon.colcon_core.shell:Creating environment hook '/home/chino/fabrica_ws/install/banda/share/banda/hook/pythonpath.ps1'
[3.980s] INFO:colcon.colcon_core.shell:Creating environment descriptor '/home/chino/fabrica_ws/install/banda/share/banda/hook/pythonpath.dsv'
[3.982s] INFO:colcon.colcon_core.shell:Creating environment hook '/home/chino/fabrica_ws/install/banda/share/banda/hook/pythonpath.sh'
[3.983s] Level 1:colcon.colcon_core.environment:checking '/home/chino/fabrica_ws/install/banda/bin'
[3.983s] Level 1:colcon.colcon_core.environment:create_environment_scripts_only(banda)
[3.984s] INFO:colcon.colcon_core.shell:Creating package script '/home/chino/fabrica_ws/install/banda/share/banda/package.ps1'
[3.985s] INFO:colcon.colcon_core.shell:Creating package descriptor '/home/chino/fabrica_ws/install/banda/share/banda/package.dsv'
[3.986s] INFO:colcon.colcon_core.shell:Creating package script '/home/chino/fabrica_ws/install/banda/share/banda/package.sh'
[3.987s] INFO:colcon.colcon_core.shell:Creating package script '/home/chino/fabrica_ws/install/banda/share/banda/package.bash'
[3.988s] INFO:colcon.colcon_core.shell:Creating package script '/home/chino/fabrica_ws/install/banda/share/banda/package.zsh'
[3.989s] Level 1:colcon.colcon_core.environment:create_file_with_runtime_dependencies(/home/chino/fabrica_ws/install/banda/share/colcon-core/packages/banda)
[3.990s] DEBUG:colcon.colcon_parallel_executor.executor.parallel:closing loop
[3.992s] DEBUG:colcon.colcon_parallel_executor.executor.parallel:loop closed
[3.992s] DEBUG:colcon.colcon_parallel_executor.executor.parallel:run_until_complete finished with '0'
[3.992s] DEBUG:colcon.colcon_core.event_reactor:joining thread
[4.195s] INFO:colcon.colcon_core.plugin_system:Skipping extension 'colcon_notification.desktop_notification.notify_send': Could not find 'notify-send'
[4.195s] INFO:colcon.colcon_core.plugin_system:Skipping extension 'colcon_notification.desktop_notification.terminal_notifier': Not used on non-Darwin systems
[4.195s] INFO:colcon.colcon_core.plugin_system:Skipping extension 'colcon_notification.desktop_notification.win32': Not used on non-Windows systems
[4.195s] INFO:colcon.colcon_notification.desktop_notification:Sending desktop notification using 'notify2'
[4.196s] DEBUG:colcon.colcon_notification.desktop_notification.notify2:Failed to initialize notify2: org.freedesktop.DBus.Error.FileNotFound: Failed to connect to socket /run/user/1000/bus: No such file or directory
[4.196s] DEBUG:colcon.colcon_core.event_reactor:joined thread
[4.197s] INFO:colcon.colcon_core.shell:Creating prefix script '/home/chino/fabrica_ws/install/local_setup.ps1'
[4.199s] INFO:colcon.colcon_core.shell:Creating prefix util module '/home/chino/fabrica_ws/install/_local_setup_util_ps1.py'
[4.202s] INFO:colcon.colcon_core.shell:Creating prefix chain script '/home/chino/fabrica_ws/install/setup.ps1'
[4.204s] INFO:colcon.colcon_core.shell:Creating prefix script '/home/chino/fabrica_ws/install/local_setup.sh'
[4.206s] INFO:colcon.colcon_core.shell:Creating prefix util module '/home/chino/fabrica_ws/install/_local_setup_util_sh.py'
[4.207s] INFO:colcon.colcon_core.shell:Creating prefix chain script '/home/chino/fabrica_ws/install/setup.sh'
[4.209s] INFO:colcon.colcon_core.shell:Creating prefix script '/home/chino/fabrica_ws/install/local_setup.bash'
[4.211s] INFO:colcon.colcon_core.shell:Creating prefix chain script '/home/chino/fabrica_ws/install/setup.bash'
[4.213s] INFO:colcon.colcon_core.shell:Creating prefix script '/home/chino/fabrica_ws/install/local_setup.zsh'
[4.214s] INFO:colcon.colcon_core.shell:Creating prefix chain script '/home/chino/fabrica_ws/install/setup.zsh'
